Copyright 1986-2022 Xilinx, Inc. All Rights Reserved. Copyright 2022-2023 Advanced Micro Devices, Inc. All Rights Reserved.
---------------------------------------------------------------------------------------------------------------------------------------------
| Tool Version : Vivado v.2023.2 (win64) Build 4029153 Fri Oct 13 20:14:34 MDT 2023
| Date         : Tue Feb 11 13:33:45 2025
| Host         : DESKTOP-U9NB2CD running 64-bit major release  (build 9200)
| Command      : report_utilization -file top_utilization_synth.rpt -pb top_utilization_synth.pb
| Design       : top
| Device       : xcku3p-ffva676-2-i
| Speed File   : -2
| Design State : Synthesized
---------------------------------------------------------------------------------------------------------------------------------------------

Utilization Design Information

Table of Contents
-----------------
1. CLB Logic
1.1 Summary of Registers by Type
2. BLOCKRAM
3. ARITHMETIC
4. I/O
5. CLOCK
6. ADVANCED
7. CONFIGURATION
8. Primitives
9. Black Boxes
10. Instantiated Netlists

1. CLB Logic
------------

+----------------------------+------+-------+------------+-----------+-------+
|          Site Type         | Used | Fixed | Prohibited | Available | Util% |
+----------------------------+------+-------+------------+-----------+-------+
| CLB LUTs*                  | 5728 |     0 |          0 |    162720 |  3.52 |
|   LUT as Logic             | 4893 |     0 |          0 |    162720 |  3.01 |
|   LUT as Memory            |  835 |     0 |          0 |     99840 |  0.84 |
|     LUT as Distributed RAM |   24 |     0 |            |           |       |
|     LUT as Shift Register  |  811 |     0 |            |           |       |
| CLB Registers              | 8667 |     0 |          0 |    325440 |  2.66 |
|   Register as Flip Flop    | 8667 |     0 |          0 |    325440 |  2.66 |
|   Register as Latch        |    0 |     0 |          0 |    325440 |  0.00 |
| CARRY8                     |  116 |     0 |          0 |     27120 |  0.43 |
| F7 Muxes                   |  144 |     0 |          0 |    108480 |  0.13 |
| F8 Muxes                   |    0 |     0 |          0 |     54240 |  0.00 |
| F9 Muxes                   |    0 |     0 |          0 |     27120 |  0.00 |
+----------------------------+------+-------+------------+-----------+-------+
* Warning! The Final LUT count, after physical optimizations and full implementation, is typically lower. Run opt_design after synthesis, if not already completed, for a more realistic count.
Warning! LUT value is adjusted to account for LUT combining.


1.1 Summary of Registers by Type
--------------------------------

+-------+--------------+-------------+--------------+
| Total | Clock Enable | Synchronous | Asynchronous |
+-------+--------------+-------------+--------------+
| 0     |            _ |           - |            - |
| 0     |            _ |           - |          Set |
| 0     |            _ |           - |        Reset |
| 0     |            _ |         Set |            - |
| 0     |            _ |       Reset |            - |
| 0     |          Yes |           - |            - |
| 7     |          Yes |           - |          Set |
| 7565  |          Yes |           - |        Reset |
| 0     |          Yes |         Set |            - |
| 1095  |          Yes |       Reset |            - |
+-------+--------------+-------------+--------------+


2. BLOCKRAM
-----------

+----------------+------+-------+------------+-----------+-------+
|    Site Type   | Used | Fixed | Prohibited | Available | Util% |
+----------------+------+-------+------------+-----------+-------+
| Block RAM Tile |    0 |     0 |          0 |       360 |  0.00 |
|   RAMB36/FIFO* |    0 |     0 |          0 |       360 |  0.00 |
|   RAMB18       |    0 |     0 |          0 |       720 |  0.00 |
| URAM           |    0 |     0 |          0 |        48 |  0.00 |
+----------------+------+-------+------------+-----------+-------+
* Note: Each Block RAM Tile only has one FIFO logic available and therefore can accommodate only one FIFO36E2 or one FIFO18E2. However, if a FIFO18E2 occupies a Block RAM Tile, that tile can still accommodate a RAMB18E2


3. ARITHMETIC
-------------

+----------------+------+-------+------------+-----------+-------+
|    Site Type   | Used | Fixed | Prohibited | Available | Util% |
+----------------+------+-------+------------+-----------+-------+
| DSPs           |   29 |     0 |          0 |      1368 |  2.12 |
|   DSP48E2 only |   29 |       |            |           |       |
+----------------+------+-------+------------+-----------+-------+


4. I/O
------

+------------+------+-------+------------+-----------+-------+
|  Site Type | Used | Fixed | Prohibited | Available | Util% |
+------------+------+-------+------------+-----------+-------+
| Bonded IOB |   31 |     0 |          0 |       256 | 12.11 |
+------------+------+-------+------------+-----------+-------+


5. CLOCK
--------

+----------------------+------+-------+------------+-----------+-------+
|       Site Type      | Used | Fixed | Prohibited | Available | Util% |
+----------------------+------+-------+------------+-----------+-------+
| GLOBAL CLOCK BUFFERs |    1 |     0 |          0 |       256 |  0.39 |
|   BUFGCE             |    1 |     0 |          0 |       112 |  0.89 |
|   BUFGCE_DIV         |    0 |     0 |          0 |        16 |  0.00 |
|   BUFG_GT            |    0 |     0 |          0 |        96 |  0.00 |
|   BUFGCTRL*          |    0 |     0 |          0 |        32 |  0.00 |
| PLL                  |    0 |     0 |          0 |         8 |  0.00 |
| MMCM                 |    0 |     0 |          0 |         4 |  0.00 |
+----------------------+------+-------+------------+-----------+-------+
* Note: Each used BUFGCTRL counts as two GLOBAL CLOCK BUFFERs. This table does not include global clocking resources, only buffer cell usage. See the Clock Utilization Report (report_clock_utilization) for detailed accounting of global clocking resource availability.


6. ADVANCED
-----------

+-----------------+------+-------+------------+-----------+-------+
|    Site Type    | Used | Fixed | Prohibited | Available | Util% |
+-----------------+------+-------+------------+-----------+-------+
| CMACE4          |    0 |     0 |          0 |         1 |  0.00 |
| GTYE4_CHANNEL   |    0 |     0 |          0 |        16 |  0.00 |
| GTYE4_COMMON    |    0 |     0 |          0 |         4 |  0.00 |
| OBUFDS_GTE4     |    0 |     0 |          0 |         8 |  0.00 |
| OBUFDS_GTE4_ADV |    0 |     0 |          0 |         8 |  0.00 |
| PCIE40E4        |    0 |     0 |          0 |         1 |  0.00 |
| SYSMONE4        |    0 |     0 |          0 |         1 |  0.00 |
+-----------------+------+-------+------------+-----------+-------+


7. CONFIGURATION
----------------

+-------------+------+-------+------------+-----------+-------+
|  Site Type  | Used | Fixed | Prohibited | Available | Util% |
+-------------+------+-------+------------+-----------+-------+
| BSCANE2     |    0 |     0 |          0 |         4 |  0.00 |
| DNA_PORTE2  |    0 |     0 |          0 |         1 |  0.00 |
| EFUSE_USR   |    0 |     0 |          0 |         1 |  0.00 |
| FRAME_ECCE4 |    0 |     0 |          0 |         1 |  0.00 |
| ICAPE3      |    0 |     0 |          0 |         2 |  0.00 |
| MASTER_JTAG |    0 |     0 |          0 |         1 |  0.00 |
| STARTUPE3   |    0 |     0 |          0 |         1 |  0.00 |
+-------------+------+-------+------------+-----------+-------+


8. Primitives
-------------

+----------+------+---------------------+
| Ref Name | Used | Functional Category |
+----------+------+---------------------+
| FDCE     | 7565 |            Register |
| LUT2     | 4449 |                 CLB |
| LUT6     | 1511 |                 CLB |
| FDRE     | 1095 |            Register |
| SRL16E   |  575 |                 CLB |
| LUT3     |  477 |                 CLB |
| LUT4     |  468 |                 CLB |
| LUT5     |  432 |                 CLB |
| SRLC32E  |  236 |                 CLB |
| MUXF7    |  144 |                 CLB |
| CARRY8   |  116 |                 CLB |
| LUT1     |   43 |                 CLB |
| RAMD32   |   36 |                 CLB |
| DSP48E2  |   29 |          Arithmetic |
| INBUF    |   22 |                 I/O |
| IBUFCTRL |   22 |              Others |
| OBUFT    |   18 |                 I/O |
| RAMS32   |   12 |                 CLB |
| OBUF     |    9 |                 I/O |
| FDPE     |    7 |            Register |
| BUFGCE   |    1 |               Clock |
+----------+------+---------------------+


9. Black Boxes
--------------

+-------------------+------+
|      Ref Name     | Used |
+-------------------+------+
| dsp_macro_add_22b |    4 |
| sqrt_cordic       |    2 |
| dsp_msub          |    2 |
| dsp_macro_simd    |    2 |
| dsp_mac           |    2 |
| dsp_acum          |    2 |
| sys_clk_mmcm      |    1 |
| output_buffer_ram |    1 |
| input_data_fifo   |    1 |
+-------------------+------+


10. Instantiated Netlists
-------------------------

+----------+------+
| Ref Name | Used |
+----------+------+


