Copyright 1986-2022 Xilinx, Inc. All Rights Reserved. Copyright 2022-2023 Advanced Micro Devices, Inc. All Rights Reserved.
-------------------------------------------------------------------------------------------------------------------------------------------------
| Tool Version     : Vivado v.2023.2 (win64) Build 4029153 Fri Oct 13 20:14:34 MDT 2023
| Date             : Mon Feb 17 17:13:09 2025
| Host             : DESKTOP-U9NB2CD running 64-bit major release  (build 9200)
| Command          : report_power -file top_power_routed.rpt -pb top_power_summary_routed.pb -rpx top_power_routed.rpx
| Design           : top
| Device           : xcku3p-ffva676-2-i
| Design State     : routed
| Grade            : industrial
| Process          : typical
| Characterization : Production
-------------------------------------------------------------------------------------------------------------------------------------------------

Power Report

Table of Contents
-----------------
1. Summary
1.1 On-Chip Components
1.2 Power Supply Summary
1.3 Confidence Level
2. Settings
2.1 Environment
2.2 Clock Constraints
3. Detailed Reports
3.1 By Hierarchy

1. Summary
----------

+--------------------------+--------------+
| Total On-Chip Power (W)  | 0.754        |
| Design Power Budget (W)  | Unspecified* |
| Power Budget Margin (W)  | NA           |
| Dynamic (W)              | 0.299        |
| Device Static (W)        | 0.455        |
| Effective TJA (C/W)      | 1.7          |
| Max Ambient (C)          | 98.7         |
| Junction Temperature (C) | 26.3         |
| Confidence Level         | Low          |
| Setting File             | ---          |
| Simulation Activity File | ---          |
| Design Nets Matched      | NA           |
+--------------------------+--------------+
* Specify Design Power Budget using, set_operating_conditions -design_power_budget <value in Watts>


1.1 On-Chip Components
----------------------

+--------------------------+-----------+----------+-----------+-----------------+
| On-Chip                  | Power (W) | Used     | Available | Utilization (%) |
+--------------------------+-----------+----------+-----------+-----------------+
| Clocks                   |     0.047 |        6 |       --- |             --- |
| CLB Logic                |     0.013 |    34979 |       --- |             --- |
|   LUT as Logic           |     0.007 |     9321 |    162720 |            5.73 |
|   LUT as Shift Register  |     0.004 |     1557 |     99840 |            1.56 |
|   Register               |     0.001 |    16496 |    325440 |            5.07 |
|   LUT as Distributed RAM |    <0.001 |      156 |     99840 |            0.16 |
|   CARRY8                 |    <0.001 |      312 |     27120 |            1.15 |
|   Others                 |     0.000 |     2223 |       --- |             --- |
|   F7/F8 Muxes            |     0.000 |      783 |    216960 |            0.36 |
| Signals                  |     0.021 |    26237 |       --- |             --- |
| Block RAM                |     0.102 |      301 |       360 |           83.61 |
| MMCM                     |     0.098 |        0 |       --- |             --- |
| DSPs                     |     0.006 |       41 |      1368 |            3.00 |
| I/O                      |     0.012 |       33 |       256 |           12.89 |
| Static Power             |     0.455 |          |           |                 |
| Total                    |     0.754 |          |           |                 |
+--------------------------+-----------+----------+-----------+-----------------+


1.2 Power Supply Summary
------------------------

+------------+-------------+-----------+-------------+------------+-------------+-------------+------------+
| Source     | Voltage (V) | Total (A) | Dynamic (A) | Static (A) | Powerup (A) | Budget (A)  | Margin (A) |
+------------+-------------+-----------+-------------+------------+-------------+-------------+------------+
| Vccint     |       0.850 |     0.363 |       0.220 |      0.143 |       NA    | Unspecified | NA         |
| Vccint_io  |       0.850 |     0.036 |       0.001 |      0.035 |       NA    | Unspecified | NA         |
| Vccbram    |       0.850 |     0.005 |       0.003 |      0.002 |       NA    | Unspecified | NA         |
| Vccaux     |       1.800 |     0.183 |       0.054 |      0.128 |       NA    | Unspecified | NA         |
| Vccaux_io  |       1.800 |     0.036 |       0.004 |      0.031 |       NA    | Unspecified | NA         |
| Vcco33     |       3.300 |     0.000 |       0.000 |      0.000 |       NA    | Unspecified | NA         |
| Vcco25     |       2.500 |     0.000 |       0.000 |      0.000 |       NA    | Unspecified | NA         |
| Vcco18     |       1.800 |     0.002 |       0.002 |      0.000 |       NA    | Unspecified | NA         |
| Vcco15     |       1.500 |     0.000 |       0.000 |      0.000 |       NA    | Unspecified | NA         |
| Vcco135    |       1.350 |     0.000 |       0.000 |      0.000 |       NA    | Unspecified | NA         |
| Vcco12     |       1.200 |     0.000 |       0.000 |      0.000 |       NA    | Unspecified | NA         |
| Vcco10     |       1.000 |     0.000 |       0.000 |      0.000 |       NA    | Unspecified | NA         |
| Vccadc     |       1.800 |     0.008 |       0.000 |      0.008 |       NA    | Unspecified | NA         |
| MGTYAVcc   |       0.900 |     0.000 |       0.000 |      0.000 |       NA    | Unspecified | NA         |
| MGTYAVtt   |       1.200 |     0.000 |       0.000 |      0.000 |       NA    | Unspecified | NA         |
| MGTYVccaux |       1.800 |     0.000 |       0.000 |      0.000 |       NA    | Unspecified | NA         |
+------------+-------------+-----------+-------------+------------+-------------+-------------+------------+


1.3 Confidence Level
--------------------

+-----------------------------+------------+--------------------------------------------------------+------------------------------------------------------------------------------------------------------------+
| User Input Data             | Confidence | Details                                                | Action                                                                                                     |
+-----------------------------+------------+--------------------------------------------------------+------------------------------------------------------------------------------------------------------------+
| Design implementation state | High       | Design is routed                                       |                                                                                                            |
| Clock nodes activity        | High       | User specified more than 95% of clocks                 |                                                                                                            |
| I/O nodes activity          | Low        | More than 75% of inputs are missing user specification | Provide missing input activity with simulation results or by editing the "By Resource Type -> I/Os" view   |
| Internal nodes activity     | Medium     | User specified less than 25% of internal nodes         | Provide missing internal nodes activity with simulation results or by editing the "By Resource Type" views |
| Device models               | High       | Device models are Production                           |                                                                                                            |
|                             |            |                                                        |                                                                                                            |
| Overall confidence level    | Low        |                                                        |                                                                                                            |
+-----------------------------+------------+--------------------------------------------------------+------------------------------------------------------------------------------------------------------------+


2. Settings
-----------

2.1 Environment
---------------

+-----------------------+--------------------------+
| Ambient Temp (C)      | 25.0                     |
| ThetaJA (C/W)         | 1.7                      |
| Airflow (LFM)         | 250                      |
| Heat Sink             | medium (Medium Profile)  |
| ThetaSA (C/W)         | 2.8                      |
| Board Selection       | medium (10"x10")         |
| # of Board Layers     | 12to15 (12 to 15 Layers) |
| Board Temperature (C) | 25.0                     |
+-----------------------+--------------------------+


2.2 Clock Constraints
---------------------

+-----------------------------------------------------------------------------------------------------+--------------------------------------------------------------------+-----------------+
| Clock                                                                                               | Domain                                                             | Constraint (ns) |
+-----------------------------------------------------------------------------------------------------+--------------------------------------------------------------------+-----------------+
| clk_out1_sys_clk_mmcm                                                                               | clocking_gen.sys_clk/inst/clk_out1_sys_clk_mmcm                    |            10.0 |
| dbg_hub/inst/BSCANID.u_xsdbm_id/SWITCH_N_EXT_BSCAN.bscan_inst/SERIES7_BSCAN.bscan_inst/INTERNAL_TCK | dbg_hub/inst/BSCANID.u_xsdbm_id/SWITCH_N_EXT_BSCAN.bscan_inst/DRCK |            50.0 |
| ftdi_clk                                                                                            | ftdi_clk_i                                                         |            10.0 |
| sysclk_p                                                                                            | sysclk_p                                                           |             5.0 |
+-----------------------------------------------------------------------------------------------------+--------------------------------------------------------------------+-----------------+


3. Detailed Reports
-------------------

3.1 By Hierarchy
----------------

+----------------------------------------------+-----------+
| Name                                         | Power (W) |
+----------------------------------------------+-----------+
| top                                          |     0.299 |
|   clocking_gen.sys_clk                       |     0.100 |
|     inst                                     |     0.100 |
|       clkin1_ibufds                          |     0.002 |
|   dbg_hub                                    |     0.002 |
|     inst                                     |     0.002 |
|       BSCANID.u_xsdbm_id                     |     0.002 |
|   ft600_send_recv                            |     0.007 |
|   gen_image_statistics.image_statistics_core |     0.007 |
|     gradient_core                            |     0.001 |
|     statistics_core_gradient                 |     0.002 |
|     statistics_core_laplacian                |     0.002 |
|   ila_gen.ila                                |     0.135 |
|     U0                                       |     0.135 |
|       ila_core_inst                          |     0.135 |
|   input_memory_fifo                          |     0.002 |
|     input_cdc_fifo                           |     0.002 |
|       U0                                     |     0.002 |
|   lossy_comp_core                            |     0.035 |
|     core_0                                   |     0.011 |
|       col_dct                                |     0.002 |
|       pixel_divider                          |     0.001 |
|       pixel_transpose                        |     0.005 |
|       quantizer                              |     0.001 |
|       row_dct                                |     0.001 |
|     core_1                                   |     0.011 |
|       col_dct                                |     0.002 |
|       pixel_divider                          |     0.001 |
|       pixel_transpose                        |     0.005 |
|       quantizer                              |     0.001 |
|       row_dct                                |     0.001 |
|     core_2                                   |     0.012 |
|       col_dct                                |     0.002 |
|       pixel_divider                          |     0.001 |
|       pixel_transpose                        |     0.005 |
|       quantizer                              |     0.001 |
|       row_dct                                |     0.001 |
|   output_memory                              |     0.005 |
|     output_memory                            |     0.004 |
|       U0                                     |     0.004 |
|   rgb_to_ycrcb                               |     0.002 |
+----------------------------------------------+-----------+


