Copyright 1986-2022 Xilinx, Inc. All Rights Reserved. Copyright 2022-2023 Advanced Micro Devices, Inc. All Rights Reserved.
---------------------------------------------------------------------------------------------------------------------------------------------
| Tool Version : Vivado v.2023.2 (win64) Build 4029153 Fri Oct 13 20:14:34 MDT 2023
| Date         : Mon Feb 17 17:11:15 2025
| Host         : DESKTOP-U9NB2CD running 64-bit major release  (build 9200)
| Command      : report_utilization -file top_utilization_placed.rpt -pb top_utilization_placed.pb
| Design       : top
| Device       : xcku3p-ffva676-2-i
| Speed File   : -2
| Design State : Fully Placed
---------------------------------------------------------------------------------------------------------------------------------------------

Utilization Design Information

Table of Contents
-----------------
1. CLB Logic
1.1 Summary of Registers by Type
2. CLB Logic Distribution
3. BLOCKRAM
4. ARITHMETIC
5. I/O
6. CLOCK
7. ADVANCED
8. CONFIGURATION
9. Primitives
10. Black Boxes
11. Instantiated Netlists

1. CLB Logic
------------

+----------------------------+-------+-------+------------+-----------+-------+
|          Site Type         |  Used | Fixed | Prohibited | Available | Util% |
+----------------------------+-------+-------+------------+-----------+-------+
| CLB LUTs                   | 11034 |     0 |          0 |    162720 |  6.78 |
|   LUT as Logic             |  9321 |     0 |          0 |    162720 |  5.73 |
|   LUT as Memory            |  1713 |     0 |          0 |     99840 |  1.72 |
|     LUT as Distributed RAM |   156 |     0 |            |           |       |
|     LUT as Shift Register  |  1557 |     0 |            |           |       |
| CLB Registers              | 16496 |     0 |          0 |    325440 |  5.07 |
|   Register as Flip Flop    | 16496 |     0 |          0 |    325440 |  5.07 |
|   Register as Latch        |     0 |     0 |          0 |    325440 |  0.00 |
| CARRY8                     |   312 |     0 |          0 |     27120 |  1.15 |
| F7 Muxes                   |   603 |     0 |          0 |    108480 |  0.56 |
| F8 Muxes                   |   180 |     0 |          0 |     54240 |  0.33 |
| F9 Muxes                   |     0 |     0 |          0 |     27120 |  0.00 |
+----------------------------+-------+-------+------------+-----------+-------+
* Warning! LUT value is adjusted to account for LUT combining.


1.1 Summary of Registers by Type
--------------------------------

+-------+--------------+-------------+--------------+
| Total | Clock Enable | Synchronous | Asynchronous |
+-------+--------------+-------------+--------------+
| 0     |            _ |           - |            - |
| 0     |            _ |           - |          Set |
| 0     |            _ |           - |        Reset |
| 0     |            _ |         Set |            - |
| 0     |            _ |       Reset |            - |
| 0     |          Yes |           - |            - |
| 50    |          Yes |           - |          Set |
| 7769  |          Yes |           - |        Reset |
| 34    |          Yes |         Set |            - |
| 8643  |          Yes |       Reset |            - |
+-------+--------------+-------------+--------------+


2. CLB Logic Distribution
-------------------------

+--------------------------------------------+-------+-------+------------+-----------+-------+
|                  Site Type                 |  Used | Fixed | Prohibited | Available | Util% |
+--------------------------------------------+-------+-------+------------+-----------+-------+
| CLB                                        |  2554 |     0 |          0 |     27120 |  9.42 |
|   CLBL                                     |  1366 |     0 |            |           |       |
|   CLBM                                     |  1188 |     0 |            |           |       |
| LUT as Logic                               |  9321 |     0 |          0 |    162720 |  5.73 |
|   using O5 output only                     |   122 |       |            |           |       |
|   using O6 output only                     |  5944 |       |            |           |       |
|   using O5 and O6                          |  3255 |       |            |           |       |
| LUT as Memory                              |  1713 |     0 |          0 |     99840 |  1.72 |
|   LUT as Distributed RAM                   |   156 |     0 |            |           |       |
|     using O5 output only                   |     0 |       |            |           |       |
|     using O6 output only                   |   112 |       |            |           |       |
|     using O5 and O6                        |    44 |       |            |           |       |
|   LUT as Shift Register                    |  1557 |     0 |            |           |       |
|     using O5 output only                   |     0 |       |            |           |       |
|     using O6 output only                   |   725 |       |            |           |       |
|     using O5 and O6                        |   832 |       |            |           |       |
| CLB Registers                              | 16496 |     0 |          0 |    325440 |  5.07 |
|   Register driven from within the CLB      |  9545 |       |            |           |       |
|   Register driven from outside the CLB     |  6951 |       |            |           |       |
|     LUT in front of the register is unused |  5586 |       |            |           |       |
|     LUT in front of the register is used   |  1365 |       |            |           |       |
| Unique Control Sets                        |   331 |       |          0 |     54240 |  0.61 |
+--------------------------------------------+-------+-------+------------+-----------+-------+
* * Note: Available Control Sets calculated as Slices * 2, Review the Control Sets Report for more information regarding control sets.


3. BLOCKRAM
-----------

+-------------------+------+-------+------------+-----------+-------+
|     Site Type     | Used | Fixed | Prohibited | Available | Util% |
+-------------------+------+-------+------------+-----------+-------+
| Block RAM Tile    |  301 |     0 |          0 |       360 | 83.61 |
|   RAMB36/FIFO*    |  301 |     0 |          0 |       360 | 83.61 |
|     RAMB36E2 only |  301 |       |            |           |       |
|   RAMB18          |    0 |     0 |          0 |       720 |  0.00 |
| URAM              |    0 |     0 |          0 |        48 |  0.00 |
+-------------------+------+-------+------------+-----------+-------+
* Note: Each Block RAM Tile only has one FIFO logic available and therefore can accommodate only one FIFO36E2 or one FIFO18E2. However, if a FIFO18E2 occupies a Block RAM Tile, that tile can still accommodate a RAMB18E2


4. ARITHMETIC
-------------

+----------------+------+-------+------------+-----------+-------+
|    Site Type   | Used | Fixed | Prohibited | Available | Util% |
+----------------+------+-------+------------+-----------+-------+
| DSPs           |   41 |     0 |          0 |      1368 |  3.00 |
|   DSP48E2 only |   41 |       |            |           |       |
+----------------+------+-------+------------+-----------+-------+


5. I/O
------

+------------------+------+-------+------------+-----------+-------+
|     Site Type    | Used | Fixed | Prohibited | Available | Util% |
+------------------+------+-------+------------+-----------+-------+
| Bonded IOB       |   33 |    33 |          0 |       256 | 12.89 |
| HPIOB_M          |   15 |    15 |          0 |        96 | 15.63 |
|   INPUT          |    3 |       |            |           |       |
|   OUTPUT         |    6 |       |            |           |       |
|   BIDIR          |    6 |       |            |           |       |
| HPIOB_S          |   14 |    14 |          0 |        96 | 14.58 |
|   INPUT          |    2 |       |            |           |       |
|   OUTPUT         |    3 |       |            |           |       |
|   BIDIR          |    9 |       |            |           |       |
| HDIOB_M          |    0 |     0 |          0 |        24 |  0.00 |
| HDIOB_S          |    0 |     0 |          0 |        24 |  0.00 |
| HPIOB_SNGL       |    4 |     4 |          0 |        16 | 25.00 |
|   INPUT          |    1 |       |            |           |       |
|   OUTPUT         |    0 |       |            |           |       |
|   BIDIR          |    3 |       |            |           |       |
| HPIOBDIFFINBUF   |    1 |     1 |          0 |        96 |  1.04 |
|   DIFFINBUF      |    1 |     1 |            |           |       |
| HPIOBDIFFOUTBUF  |    0 |     0 |          0 |        96 |  0.00 |
| HDIOBDIFFINBUF   |    0 |     0 |          0 |        48 |  0.00 |
| BITSLICE_CONTROL |    0 |     0 |          0 |        32 |  0.00 |
| BITSLICE_RX_TX   |    0 |     0 |          0 |      1248 |  0.00 |
| BITSLICE_TX      |    0 |     0 |          0 |        32 |  0.00 |
| RIU_OR           |    0 |     0 |          0 |        16 |  0.00 |
+------------------+------+-------+------------+-----------+-------+


6. CLOCK
--------

+----------------------+------+-------+------------+-----------+-------+
|       Site Type      | Used | Fixed | Prohibited | Available | Util% |
+----------------------+------+-------+------------+-----------+-------+
| GLOBAL CLOCK BUFFERs |    3 |     0 |          0 |       256 |  1.17 |
|   BUFGCE             |    3 |     0 |          0 |       112 |  2.68 |
|   BUFGCE_DIV         |    0 |     0 |          0 |        16 |  0.00 |
|   BUFG_GT            |    0 |     0 |          0 |        96 |  0.00 |
|   BUFGCTRL*          |    0 |     0 |          0 |        32 |  0.00 |
| PLL                  |    0 |     0 |          0 |         8 |  0.00 |
| MMCM                 |    1 |     0 |          0 |         4 | 25.00 |
+----------------------+------+-------+------------+-----------+-------+
* Note: Each used BUFGCTRL counts as two GLOBAL CLOCK BUFFERs. This table does not include global clocking resources, only buffer cell usage. See the Clock Utilization Report (report_clock_utilization) for detailed accounting of global clocking resource availability.


7. ADVANCED
-----------

+-----------------+------+-------+------------+-----------+-------+
|    Site Type    | Used | Fixed | Prohibited | Available | Util% |
+-----------------+------+-------+------------+-----------+-------+
| CMACE4          |    0 |     0 |          0 |         1 |  0.00 |
| GTYE4_CHANNEL   |    0 |     0 |          0 |        16 |  0.00 |
| GTYE4_COMMON    |    0 |     0 |          0 |         4 |  0.00 |
| OBUFDS_GTE4     |    0 |     0 |          0 |         8 |  0.00 |
| OBUFDS_GTE4_ADV |    0 |     0 |          0 |         8 |  0.00 |
| PCIE40E4        |    0 |     0 |          0 |         1 |  0.00 |
| SYSMONE4        |    0 |     0 |          0 |         1 |  0.00 |
+-----------------+------+-------+------------+-----------+-------+


8. CONFIGURATION
----------------

+-------------+------+-------+------------+-----------+-------+
|  Site Type  | Used | Fixed | Prohibited | Available | Util% |
+-------------+------+-------+------------+-----------+-------+
| BSCANE2     |    1 |     0 |          0 |         4 | 25.00 |
| DNA_PORTE2  |    0 |     0 |          0 |         1 |  0.00 |
| EFUSE_USR   |    0 |     0 |          0 |         1 |  0.00 |
| FRAME_ECCE4 |    0 |     0 |          0 |         1 |  0.00 |
| ICAPE3      |    0 |     0 |          0 |         2 |  0.00 |
| MASTER_JTAG |    0 |     0 |          0 |         1 |  0.00 |
| STARTUPE3   |    0 |     0 |          0 |         1 |  0.00 |
+-------------+------+-------+------------+-----------+-------+


9. Primitives
-------------

+------------+------+---------------------+
|  Ref Name  | Used | Functional Category |
+------------+------+---------------------+
| FDRE       | 8643 |            Register |
| FDCE       | 7769 |            Register |
| LUT2       | 4955 |                 CLB |
| LUT6       | 4236 |                 CLB |
| SRL16E     | 1554 |                 CLB |
| LUT4       | 1249 |                 CLB |
| LUT3       |  979 |                 CLB |
| LUT5       |  955 |                 CLB |
| SRLC32E    |  833 |                 CLB |
| MUXF7      |  603 |                 CLB |
| CARRY8     |  312 |                 CLB |
| RAMB36E2   |  301 |            BLOCKRAM |
| LUT1       |  202 |                 CLB |
| MUXF8      |  180 |                 CLB |
| RAMD64E    |  112 |                 CLB |
| RAMD32     |   72 |                 CLB |
| FDPE       |   50 |            Register |
| DSP48E2    |   41 |          Arithmetic |
| FDSE       |   34 |            Register |
| IBUFCTRL   |   23 |              Others |
| INBUF      |   22 |                 I/O |
| OBUFT      |   18 |                 I/O |
| RAMS32     |   16 |                 CLB |
| OBUF       |    9 |                 I/O |
| BUFGCE     |    3 |               Clock |
| SRLC16E    |    2 |                 CLB |
| MMCME4_ADV |    1 |               Clock |
| DIFFINBUF  |    1 |                 I/O |
| BSCANE2    |    1 |       Configuration |
+------------+------+---------------------+


10. Black Boxes
---------------

+----------+------+
| Ref Name | Used |
+----------+------+


11. Instantiated Netlists
-------------------------

+-------------------+------+
|      Ref Name     | Used |
+-------------------+------+
| dsp_macro_add_22b |    4 |
| sqrt_cordic       |    2 |
| dsp_msub          |    2 |
| dsp_macro_simd    |    2 |
| dsp_mac           |    2 |
| dsp_acum          |    2 |
| sys_clk_mmcm      |    1 |
| output_buffer_ram |    1 |
| input_data_fifo   |    1 |
| ila_0             |    1 |
| dbg_hub           |    1 |
+-------------------+------+


