
*** Running vivado
    with args -log input_data_fifo.vds -m64 -product Vivado -mode batch -messageDb vivado.pb -notrace -source input_data_fifo.tcl


ECHO is off.
ECHO is off.

****** Vivado v2023.2 (64-bit)
  **** SW Build 4029153 on Fri Oct 13 20:14:34 MDT 2023
  **** IP Build 4028589 on Sat Oct 14 00:45:43 MDT 2023
  **** SharedData Build 4025554 on Tue Oct 10 17:18:54 MDT 2023
    ** Copyright 1986-2022 Xilinx, Inc. All Rights Reserved.
    ** Copyright 2022-2023 Advanced Micro Devices, Inc. All Rights Reserved.

source input_data_fifo.tcl -notrace
create_project: Time (s): cpu = 00:00:05 ; elapsed = 00:00:06 . Memory (MB): peak = 484.008 ; gain = 179.590
INFO: [IP_Flow 19-6924] IPCACHE: Running cache check for IP inst: input_data_fifo
INFO: [IP_Flow 19-6922] IPCACHE: Exporting cached entry 418939139b5f0b8e to dir: C:/Users/johnh/Desktop/DICE/Hardware/FPGA/DICE/dice.runs/input_data_fifo_synth_1
INFO: [IP_Flow 19-6928] IPCACHE: copied cached file c:/Users/johnh/Desktop/DICE/Hardware/FPGA/DICE/dice.cache/ip/2023.2/4/1/418939139b5f0b8e/input_data_fifo.dcp to C:/Users/johnh/Desktop/DICE/Hardware/FPGA/DICE/dice.runs/input_data_fifo_synth_1/input_data_fifo.dcp.
INFO: [IP_Flow 19-6928] IPCACHE: copied cached file c:/Users/johnh/Desktop/DICE/Hardware/FPGA/DICE/dice.cache/ip/2023.2/4/1/418939139b5f0b8e/input_data_fifo_sim_netlist.v to C:/Users/johnh/Desktop/DICE/Hardware/FPGA/DICE/dice.runs/input_data_fifo_synth_1/input_data_fifo_sim_netlist.v.
INFO: [IP_Flow 19-6928] IPCACHE: copied cached file c:/Users/johnh/Desktop/DICE/Hardware/FPGA/DICE/dice.cache/ip/2023.2/4/1/418939139b5f0b8e/input_data_fifo_sim_netlist.vhdl to C:/Users/johnh/Desktop/DICE/Hardware/FPGA/DICE/dice.runs/input_data_fifo_synth_1/input_data_fifo_sim_netlist.vhdl.
INFO: [IP_Flow 19-6928] IPCACHE: copied cached file c:/Users/johnh/Desktop/DICE/Hardware/FPGA/DICE/dice.cache/ip/2023.2/4/1/418939139b5f0b8e/input_data_fifo_stub.v to C:/Users/johnh/Desktop/DICE/Hardware/FPGA/DICE/dice.runs/input_data_fifo_synth_1/input_data_fifo_stub.v.
INFO: [IP_Flow 19-6928] IPCACHE: copied cached file c:/Users/johnh/Desktop/DICE/Hardware/FPGA/DICE/dice.cache/ip/2023.2/4/1/418939139b5f0b8e/input_data_fifo_stub.vhdl to C:/Users/johnh/Desktop/DICE/Hardware/FPGA/DICE/dice.runs/input_data_fifo_synth_1/input_data_fifo_stub.vhdl.
INFO: [IP_Flow 19-4838] Using cached IP synthesis design for IP input_data_fifo, cache-ID = 418939139b5f0b8e.
INFO: [Common 17-206] Exiting Vivado at Fri May 30 04:39:52 2025...
