Vivado Simulator v2023.2
Copyright 1986-2022 Xilinx, Inc. All Rights Reserved.
Copyright 2022-2023 Advanced Micro Devices, Inc. All Rights Reserved.
Running: C:/Xilinx/Vivado/2023.2/bin/unwrapped/win64.o/xelab.exe --incr --debug typical --relax --mt 2 -L xil_defaultlib -L xbip_utils_v3_0_11 -L c_reg_fd_v12_0_7 -L xbip_dsp48_wrapper_v3_0_5 -L xbip_pipe_v3_0_7 -L xbip_dsp48_addsub_v3_0_7 -L xbip_addsub_v3_0_7 -L c_addsub_v12_0_16 -L xbip_bram18k_v3_0_7 -L mult_gen_v12_0_19 -L axi_utils_v2_0_7 -L cordic_v6_0_20 -L dsp_macro_v1_0_4 -L secureip -L xpm --snapshot variance_sim_behav xil_defaultlib.variance_sim -log elaborate.log 
Using 2 slave threads.
Starting static elaboration
Completed static elaboration
Starting simulation data flow analysis
Completed simulation data flow analysis
Time Resolution for simulation is 1ps
Compiling package std.standard
Compiling package std.textio
Compiling package ieee.std_logic_1164
Compiling package ieee.numeric_std
Compiling package ieee.math_real
Compiling package unisim.vcomponents
Compiling package xbip_utils_v3_0_11.xbip_utils_v3_0_11_pkg
Compiling package dsp_macro_v1_0_4.dsp_macro_v1_0_4_viv_comp
Compiling package dsp_macro_v1_0_4.dsp_macro_v1_0_4_pkg
Compiling package ieee.vital_timing
Compiling package ieee.vital_primitives
Compiling package unisim.vpkg
Compiling package cordic_v6_0_20.cordic_v6_0_20_viv_comp
Compiling package xbip_pipe_v3_0_7.xbip_pipe_v3_0_7_viv_comp
Compiling package axi_utils_v2_0_7.axi_utils_v2_0_7_pkg
Compiling package axi_utils_v2_0_7.global_util_pkg
Compiling package axi_utils_v2_0_7.axi_utils_comps
Compiling package mult_gen_v12_0_19.mult_gen_v12_0_19_pkg
Compiling package ieee.std_logic_arith
Compiling package ieee.std_logic_signed
Compiling package cordic_v6_0_20.cordic_pack
Compiling package cordic_v6_0_20.cordic_hdl_comps
Compiling package c_addsub_v12_0_16.c_addsub_v12_0_16_viv_comp
Compiling package xbip_addsub_v3_0_7.xbip_addsub_v3_0_7_viv_comp
Compiling package c_addsub_v12_0_16.c_addsub_v12_0_16_pkg
Compiling package c_addsub_v12_0_16.c_addsub_v12_0_16_pkg_legacy
Compiling package c_reg_fd_v12_0_7.c_reg_fd_v12_0_7_viv_comp
Compiling architecture synth of entity xbip_pipe_v3_0_7.xbip_pipe_v3_0_7_viv [\xbip_pipe_v3_0_7_viv(c_has_sclr...]
Compiling architecture dsp48e2_v of entity unisim.DSP48E2 [\DSP48E2(acascreg=2,adreg=0,amul...]
Compiling architecture synth of entity xbip_dsp48_wrapper_v3_0_5.xbip_dsp48e2_wrapper_v3_0 [\xbip_dsp48e2_wrapper_v3_0(areg=...]
Compiling architecture synth of entity xbip_pipe_v3_0_7.xbip_pipe_v3_0_7_viv [\xbip_pipe_v3_0_7_viv(c_has_sclr...]
Compiling architecture synth of entity xbip_pipe_v3_0_7.xbip_pipe_v3_0_7_viv [\xbip_pipe_v3_0_7_viv(c_latency=...]
Compiling architecture synth of entity xbip_pipe_v3_0_7.xbip_pipe_v3_0_7_viv [\xbip_pipe_v3_0_7_viv(c_has_sclr...]
Compiling architecture synth of entity xbip_pipe_v3_0_7.xbip_pipe_v3_0_7_viv [\xbip_pipe_v3_0_7_viv(c_latency=...]
Compiling architecture synth of entity xbip_pipe_v3_0_7.xbip_pipe_v3_0_7_viv [\xbip_pipe_v3_0_7_viv(c_has_sclr...]
Compiling architecture synth of entity xbip_pipe_v3_0_7.xbip_pipe_v3_0_7_viv [\xbip_pipe_v3_0_7_viv(c_latency=...]
Compiling architecture synth of entity dsp_macro_v1_0_4.dsp_macro_synth [\dsp_macro_synth(c_xdevicefamily...]
Compiling architecture synth of entity dsp_macro_v1_0_4.dsp_macro_v1_0_4_viv [\dsp_macro_v1_0_4_viv(c_xdevicef...]
Compiling architecture xilinx of entity dsp_macro_v1_0_4.dsp_macro_v1_0_4 [\dsp_macro_v1_0_4(c_xdevicefamil...]
Compiling architecture dsp_mac_arch of entity xil_defaultlib.dsp_mac [dsp_mac_default]
Compiling architecture synth of entity xbip_pipe_v3_0_7.xbip_pipe_v3_0_7_viv [\xbip_pipe_v3_0_7_viv(c_latency=...]
Compiling architecture dsp48e2_v of entity unisim.DSP48E2 [\DSP48E2(acascreg=2,adreg=0,areg...]
Compiling architecture synth of entity xbip_dsp48_wrapper_v3_0_5.xbip_dsp48e2_wrapper_v3_0 [\xbip_dsp48e2_wrapper_v3_0(areg=...]
Compiling architecture synth of entity dsp_macro_v1_0_4.dsp_macro_synth [\dsp_macro_synth(c_xdevicefamily...]
Compiling architecture synth of entity dsp_macro_v1_0_4.dsp_macro_v1_0_4_viv [\dsp_macro_v1_0_4_viv(c_xdevicef...]
Compiling architecture xilinx of entity dsp_macro_v1_0_4.dsp_macro_v1_0_4 [\dsp_macro_v1_0_4(c_xdevicefamil...]
Compiling architecture dsp_acum_arch of entity xil_defaultlib.dsp_acum [dsp_acum_default]
Compiling architecture synth of entity xbip_pipe_v3_0_7.xbip_pipe_v3_0_7_viv [\xbip_pipe_v3_0_7_viv(c_has_sclr...]
Compiling architecture synth of entity dsp_macro_v1_0_4.dsp_macro_synth [\dsp_macro_synth(c_xdevicefamily...]
Compiling architecture synth of entity dsp_macro_v1_0_4.dsp_macro_v1_0_4_viv [\dsp_macro_v1_0_4_viv(c_xdevicef...]
Compiling architecture xilinx of entity dsp_macro_v1_0_4.dsp_macro_v1_0_4 [\dsp_macro_v1_0_4(c_xdevicefamil...]
Compiling architecture dsp_msub_arch of entity xil_defaultlib.dsp_msub [dsp_msub_default]
Compiling architecture behavioral of entity xil_defaultlib.data_delay_reg [\data_delay_reg(shift_depth=9,da...]
Compiling architecture behavioral of entity xil_defaultlib.data_delay_reg [\data_delay_reg(shift_depth=5,da...]
Compiling architecture synth of entity xbip_pipe_v3_0_7.xbip_pipe_v3_0_7_viv [\xbip_pipe_v3_0_7_viv(c_latency=...]
Compiling architecture synth of entity xbip_pipe_v3_0_7.xbip_pipe_v3_0_7_viv [\xbip_pipe_v3_0_7_viv(c_latency=...]
Compiling architecture struct_all of entity cordic_v6_0_20.delay [\delay(delay_len=1,family="kinte...]
Compiling architecture muxcy_v of entity unisim.MUXCY [muxcy_default]
Compiling architecture xorcy_v of entity unisim.XORCY [xorcy_default]
Compiling architecture rtl of entity c_addsub_v12_0_16.c_addsub_v12_0_16_lut6_legacy [\c_addsub_v12_0_16_lut6_legacy(c...]
Compiling architecture synth of entity c_addsub_v12_0_16.c_addsub_v12_0_16_fabric_legacy [\c_addsub_v12_0_16_fabric_legacy...]
Compiling architecture synth of entity c_addsub_v12_0_16.c_addsub_v12_0_16_legacy [\c_addsub_v12_0_16_legacy(c_fami...]
Compiling architecture synth of entity c_addsub_v12_0_16.c_addsub_v12_0_16_viv [\c_addsub_v12_0_16_viv(c_xdevice...]
Compiling architecture synth of entity cordic_v6_0_20.addsub [\addsub(family="kintexuplus",add...]
Compiling architecture struct_all of entity cordic_v6_0_20.delay [\delay(delay_len=1,family="kinte...]
Compiling architecture struct_all of entity cordic_v6_0_20.delay [\delay(delay_len=1,family="kinte...]
Compiling architecture synth of entity cordic_v6_0_20.cordic_sqrt_mod [\cordic_sqrt_mod(p_xdevicefamily...]
Compiling architecture struct_all of entity cordic_v6_0_20.delay [\delay(delay_len=0,family="kinte...]
Compiling architecture rtl of entity c_addsub_v12_0_16.c_addsub_v12_0_16_lut6_legacy [\c_addsub_v12_0_16_lut6_legacy(c...]
Compiling architecture synth of entity c_addsub_v12_0_16.c_addsub_v12_0_16_fabric_legacy [\c_addsub_v12_0_16_fabric_legacy...]
Compiling architecture synth of entity c_addsub_v12_0_16.c_addsub_v12_0_16_legacy [\c_addsub_v12_0_16_legacy(c_fami...]
Compiling architecture synth of entity c_addsub_v12_0_16.c_addsub_v12_0_16_viv [\c_addsub_v12_0_16_viv(c_xdevice...]
Compiling architecture synth of entity cordic_v6_0_20.addsub [\addsub(family="kintexuplus",add...]
Compiling architecture struct_all of entity cordic_v6_0_20.delay [\delay(delay_len=0,family="kinte...]
Compiling architecture struct_all of entity cordic_v6_0_20.delay [\delay(delay_len=2,family="kinte...]
Compiling architecture synth of entity cordic_v6_0_20.cordic_sqrt_mod [\cordic_sqrt_mod(p_xdevicefamily...]
Compiling architecture struct_all of entity cordic_v6_0_20.delay [\delay(delay_len=0,family="kinte...]
Compiling architecture rtl of entity c_addsub_v12_0_16.c_addsub_v12_0_16_lut6_legacy [\c_addsub_v12_0_16_lut6_legacy(c...]
Compiling architecture synth of entity c_addsub_v12_0_16.c_addsub_v12_0_16_fabric_legacy [\c_addsub_v12_0_16_fabric_legacy...]
Compiling architecture synth of entity c_addsub_v12_0_16.c_addsub_v12_0_16_legacy [\c_addsub_v12_0_16_legacy(c_fami...]
Compiling architecture synth of entity c_addsub_v12_0_16.c_addsub_v12_0_16_viv [\c_addsub_v12_0_16_viv(c_xdevice...]
Compiling architecture synth of entity cordic_v6_0_20.addsub [\addsub(family="kintexuplus",add...]
Compiling architecture struct_all of entity cordic_v6_0_20.delay [\delay(delay_len=0,family="kinte...]
Compiling architecture synth of entity cordic_v6_0_20.cordic_sqrt_mod [\cordic_sqrt_mod(p_xdevicefamily...]
Compiling architecture struct_all of entity cordic_v6_0_20.delay [\delay(delay_len=1,family="kinte...]
Compiling architecture rtl of entity c_addsub_v12_0_16.c_addsub_v12_0_16_lut6_legacy [\c_addsub_v12_0_16_lut6_legacy(c...]
Compiling architecture synth of entity c_addsub_v12_0_16.c_addsub_v12_0_16_fabric_legacy [\c_addsub_v12_0_16_fabric_legacy...]
Compiling architecture synth of entity c_addsub_v12_0_16.c_addsub_v12_0_16_legacy [\c_addsub_v12_0_16_legacy(c_fami...]
Compiling architecture synth of entity c_addsub_v12_0_16.c_addsub_v12_0_16_viv [\c_addsub_v12_0_16_viv(c_xdevice...]
Compiling architecture synth of entity cordic_v6_0_20.addsub [\addsub(family="kintexuplus",add...]
Compiling architecture struct_all of entity cordic_v6_0_20.delay [\delay(delay_len=1,family="kinte...]
Compiling architecture synth of entity cordic_v6_0_20.cordic_sqrt_mod [\cordic_sqrt_mod(p_xdevicefamily...]
Compiling architecture struct_all of entity cordic_v6_0_20.delay [\delay(delay_len=1,family="kinte...]
Compiling architecture rtl of entity c_addsub_v12_0_16.c_addsub_v12_0_16_lut6_legacy [\c_addsub_v12_0_16_lut6_legacy(c...]
Compiling architecture synth of entity c_addsub_v12_0_16.c_addsub_v12_0_16_fabric_legacy [\c_addsub_v12_0_16_fabric_legacy...]
Compiling architecture synth of entity c_addsub_v12_0_16.c_addsub_v12_0_16_legacy [\c_addsub_v12_0_16_legacy(c_fami...]
Compiling architecture synth of entity c_addsub_v12_0_16.c_addsub_v12_0_16_viv [\c_addsub_v12_0_16_viv(c_xdevice...]
Compiling architecture synth of entity cordic_v6_0_20.addsub [\addsub(family="kintexuplus",add...]
Compiling architecture struct_all of entity cordic_v6_0_20.delay [\delay(delay_len=1,family="kinte...]
Compiling architecture struct_all of entity cordic_v6_0_20.delay [\delay(delay_len=0,family="kinte...]
Compiling architecture synth of entity cordic_v6_0_20.cordic_sqrt_mod [\cordic_sqrt_mod(p_xdevicefamily...]
Compiling architecture struct_all of entity cordic_v6_0_20.delay [\delay(delay_len=0,family="kinte...]
Compiling architecture rtl of entity c_addsub_v12_0_16.c_addsub_v12_0_16_lut6_legacy [\c_addsub_v12_0_16_lut6_legacy(c...]
Compiling architecture synth of entity c_addsub_v12_0_16.c_addsub_v12_0_16_fabric_legacy [\c_addsub_v12_0_16_fabric_legacy...]
Compiling architecture synth of entity c_addsub_v12_0_16.c_addsub_v12_0_16_legacy [\c_addsub_v12_0_16_legacy(c_fami...]
Compiling architecture synth of entity c_addsub_v12_0_16.c_addsub_v12_0_16_viv [\c_addsub_v12_0_16_viv(c_xdevice...]
Compiling architecture synth of entity cordic_v6_0_20.addsub [\addsub(family="kintexuplus",add...]
Compiling architecture struct_all of entity cordic_v6_0_20.delay [\delay(delay_len=0,family="kinte...]
Compiling architecture struct_all of entity cordic_v6_0_20.delay [\delay(delay_len=3,family="kinte...]
Compiling architecture synth of entity cordic_v6_0_20.cordic_sqrt_mod [\cordic_sqrt_mod(p_xdevicefamily...]
Compiling architecture rtl of entity c_addsub_v12_0_16.c_addsub_v12_0_16_lut6_legacy [\c_addsub_v12_0_16_lut6_legacy(c...]
Compiling architecture synth of entity c_addsub_v12_0_16.c_addsub_v12_0_16_fabric_legacy [\c_addsub_v12_0_16_fabric_legacy...]
Compiling architecture synth of entity c_addsub_v12_0_16.c_addsub_v12_0_16_legacy [\c_addsub_v12_0_16_legacy(c_fami...]
Compiling architecture synth of entity c_addsub_v12_0_16.c_addsub_v12_0_16_viv [\c_addsub_v12_0_16_viv(c_xdevice...]
Compiling architecture synth of entity cordic_v6_0_20.addsub [\addsub(family="kintexuplus",add...]
Compiling architecture struct_all of entity cordic_v6_0_20.delay [\delay(delay_len=1,family="kinte...]
Compiling architecture synth of entity cordic_v6_0_20.cordic_sqrt_mod [\cordic_sqrt_mod(p_xdevicefamily...]
Compiling architecture struct_all of entity cordic_v6_0_20.delay [\delay(delay_len=0,family="kinte...]
Compiling architecture struct_all of entity cordic_v6_0_20.delay_bit [\delay_bit(delay_len=0,family="k...]
Compiling architecture struct_all of entity cordic_v6_0_20.delay_bit [\delay_bit(delay_len=4,family="k...]
Compiling architecture synth of entity cordic_v6_0_20.cordic_sqrt [\cordic_sqrt(p_xdevicefamily="ki...]
Compiling architecture synth of entity cordic_v6_0_20.cordic_v6_0_20_synth [\cordic_v6_0_20_synth(c_architec...]
Compiling architecture synth of entity cordic_v6_0_20.cordic_v6_0_20_viv [\cordic_v6_0_20_viv(c_architectu...]
Compiling architecture xilinx of entity cordic_v6_0_20.cordic_v6_0_20 [\cordic_v6_0_20(c_architecture=2...]
Compiling architecture sqrt_cordic_arch of entity xil_defaultlib.sqrt_cordic [sqrt_cordic_default]
Compiling architecture behavioral of entity xil_defaultlib.statistics_core [\statistics_core(variance_depth=...]
Compiling architecture sim of entity xil_defaultlib.variance_sim
Built simulation snapshot variance_sim_behav
