
*** Running vivado
    with args -log image_compressor.vdi -applog -m64 -product Vivado -messageDb vivado.pb -mode batch -source image_compressor.tcl -notrace


ECHO is off.
ECHO is off.

****** Vivado v2023.2 (64-bit)
  **** SW Build 4029153 on Fri Oct 13 20:14:34 MDT 2023
  **** IP Build 4028589 on Sat Oct 14 00:45:43 MDT 2023
  **** SharedData Build 4025554 on Tue Oct 10 17:18:54 MDT 2023
    ** Copyright 1986-2022 Xilinx, Inc. All Rights Reserved.
    ** Copyright 2022-2023 Advanced Micro Devices, Inc. All Rights Reserved.

source image_compressor.tcl -notrace
Command: link_design -top image_compressor -part xcku3p-ffva676-2-i
Design is defaulting to srcset: sources_1
Design is defaulting to constrset: constrs_1
INFO: [Device 21-403] Loading part xcku3p-ffva676-2-i
INFO: [Project 1-454] Reading design checkpoint 'c:/Users/johnh/Desktop/DICE/Hardware/FPGA/Image Compressor/image_dct/image_dct.gen/sources_1/ip/vio_0/vio_0.dcp' for cell 'test_io'
Netlist sorting complete. Time (s): cpu = 00:00:00 ; elapsed = 00:00:00.042 . Memory (MB): peak = 1591.258 ; gain = 0.000
INFO: [Netlist 29-17] Analyzing 124 Unisim elements for replacement
INFO: [Netlist 29-28] Unisim Transformation completed in 0 CPU seconds
INFO: [Project 1-479] Netlist was created with Vivado 2023.2
INFO: [Project 1-570] Preparing netlist for logic optimization
INFO: [Chipscope 16-324] Core: test_io UUID: 19c83f26-a782-5ac5-ad88-c24bee45becc 
Parsing XDC File [c:/Users/johnh/Desktop/DICE/Hardware/FPGA/Image Compressor/image_dct/image_dct.gen/sources_1/ip/vio_0/vio_0.xdc] for cell 'test_io'
Finished Parsing XDC File [c:/Users/johnh/Desktop/DICE/Hardware/FPGA/Image Compressor/image_dct/image_dct.gen/sources_1/ip/vio_0/vio_0.xdc] for cell 'test_io'
Parsing XDC File [C:/Users/johnh/Desktop/DICE/Hardware/FPGA/Image Compressor/image_dct/image_dct.srcs/constrs_1/new/test_const.xdc]
Finished Parsing XDC File [C:/Users/johnh/Desktop/DICE/Hardware/FPGA/Image Compressor/image_dct/image_dct.srcs/constrs_1/new/test_const.xdc]
INFO: [Opt 31-138] Pushed 0 inverter(s) to 0 load pin(s).
Netlist sorting complete. Time (s): cpu = 00:00:00 ; elapsed = 00:00:00.001 . Memory (MB): peak = 1729.641 ; gain = 0.000
INFO: [Project 1-111] Unisim Transformation Summary:
  A total of 12 instances were transformed.
  DSP48E2 => DSP48E2 (DSP_ALU, DSP_A_B_DATA, DSP_C_DATA, DSP_MULTIPLIER, DSP_M_DATA, DSP_OUTPUT, DSP_PREADD, DSP_PREADD_DATA): 8 instances
  IBUF => IBUF (IBUFCTRL, INBUF): 2 instances
  RAM32M => RAM32M (RAMD32(x6), RAMS32(x2)): 2 instances

Access is denied.
9 Infos, 0 Warnings, 0 Critical Warnings and 0 Errors encountered.
link_design completed successfully
link_design: Time (s): cpu = 00:00:09 ; elapsed = 00:00:27 . Memory (MB): peak = 1729.641 ; gain = 1161.305
Command: opt_design
Attempting to get a license for feature 'Implementation' and/or device 'xcku3p'
INFO: [Common 17-349] Got license for feature 'Implementation' and/or device 'xcku3p'
Running DRC as a precondition to command opt_design

Starting DRC Task
INFO: [DRC 23-27] Running DRC with 2 threads
INFO: [Project 1-461] DRC finished with 0 Errors
INFO: [Project 1-462] Please refer to the DRC report (report_drc) for more information.

Time (s): cpu = 00:00:01 ; elapsed = 00:00:01 . Memory (MB): peak = 1760.547 ; gain = 30.906

Starting Cache Timing Information Task
INFO: [Timing 38-35] Done setting XDC timing constraints.
Ending Cache Timing Information Task | Checksum: 18e283c2a

Time (s): cpu = 00:00:03 ; elapsed = 00:00:02 . Memory (MB): peak = 2037.457 ; gain = 276.910

Starting Logic Optimization Task

Phase 1 Initialization

Phase 1.1 Core Generation And Design Setup

Phase 1.1.1 Generate And Synthesize Debug Cores
INFO: [Chipscope 16-329] Generating Script for core instance : dbg_hub 
INFO: [IP_Flow 19-3806] Processing IP xilinx.com:ip:xsdbm:3.0 for cell dbg_hub_CV.
Done building netlist checker database: Time (s): cpu = 00:00:00 ; elapsed = 00:00:00.002 . Memory (MB): peak = 2431.895 ; gain = 0.000
Netlist sorting complete. Time (s): cpu = 00:00:00 ; elapsed = 00:00:00.022 . Memory (MB): peak = 2431.895 ; gain = 0.000
Phase 1.1.1 Generate And Synthesize Debug Cores | Checksum: 15d352341

Time (s): cpu = 00:00:01 ; elapsed = 00:01:40 . Memory (MB): peak = 2431.895 ; gain = 19.840
Phase 1.1 Core Generation And Design Setup | Checksum: 15d352341

Time (s): cpu = 00:00:01 ; elapsed = 00:01:40 . Memory (MB): peak = 2431.895 ; gain = 19.840

Phase 1.2 Setup Constraints And Sort Netlist
Phase 1.2 Setup Constraints And Sort Netlist | Checksum: 15d352341

Time (s): cpu = 00:00:01 ; elapsed = 00:01:40 . Memory (MB): peak = 2431.895 ; gain = 19.840
Phase 1 Initialization | Checksum: 15d352341

Time (s): cpu = 00:00:01 ; elapsed = 00:01:40 . Memory (MB): peak = 2431.895 ; gain = 19.840

Phase 2 Timer Update And Timing Data Collection

Phase 2.1 Timer Update
Phase 2.1 Timer Update | Checksum: 15d352341

Time (s): cpu = 00:00:02 ; elapsed = 00:01:41 . Memory (MB): peak = 2431.895 ; gain = 19.840

Phase 2.2 Timing Data Collection
Phase 2.2 Timing Data Collection | Checksum: 15d352341

Time (s): cpu = 00:00:02 ; elapsed = 00:01:41 . Memory (MB): peak = 2431.895 ; gain = 19.840
Phase 2 Timer Update And Timing Data Collection | Checksum: 15d352341

Time (s): cpu = 00:00:02 ; elapsed = 00:01:41 . Memory (MB): peak = 2431.895 ; gain = 19.840

Phase 3 Retarget
INFO: [Opt 31-138] Pushed 3 inverter(s) to 25 load pin(s).
INFO: [Opt 31-49] Retargeted 0 cell(s).
Phase 3 Retarget | Checksum: 10a808c59

Time (s): cpu = 00:00:02 ; elapsed = 00:01:41 . Memory (MB): peak = 2431.895 ; gain = 19.840
Retarget | Checksum: 10a808c59
INFO: [Opt 31-389] Phase Retarget created 3 cells and removed 12 cells
INFO: [Opt 31-1021] In phase Retarget, 111 netlist objects are constrained preventing optimization. Please run opt_design with -debug_log to get more detail. 

Phase 4 Constant propagation
INFO: [Opt 31-138] Pushed 0 inverter(s) to 0 load pin(s).
Phase 4 Constant propagation | Checksum: 10a808c59

Time (s): cpu = 00:00:02 ; elapsed = 00:01:41 . Memory (MB): peak = 2431.895 ; gain = 19.840
Constant propagation | Checksum: 10a808c59
INFO: [Opt 31-389] Phase Constant propagation created 0 cells and removed 0 cells
INFO: [Opt 31-1021] In phase Constant propagation, 111 netlist objects are constrained preventing optimization. Please run opt_design with -debug_log to get more detail. 

Phase 5 Sweep
Phase 5 Sweep | Checksum: e882adbe

Time (s): cpu = 00:00:02 ; elapsed = 00:01:41 . Memory (MB): peak = 2431.895 ; gain = 19.840
Sweep | Checksum: e882adbe
INFO: [Opt 31-389] Phase Sweep created 0 cells and removed 0 cells
INFO: [Opt 31-1021] In phase Sweep, 1037 netlist objects are constrained preventing optimization. Please run opt_design with -debug_log to get more detail. 

Phase 6 BUFG optimization
INFO: [Opt 31-1077] Phase BUFG optimization inserted 0 global clock buffer(s) for CLOCK_LOW_FANOUT.
Phase 6 BUFG optimization | Checksum: e882adbe

Time (s): cpu = 00:00:02 ; elapsed = 00:01:41 . Memory (MB): peak = 2431.895 ; gain = 19.840
BUFG optimization | Checksum: e882adbe
INFO: [Opt 31-662] Phase BUFG optimization created 0 cells of which 0 are BUFGs and removed 0 cells.

Phase 7 Shift Register Optimization
INFO: [Opt 31-1064] SRL Remap converted 0 SRLs to 0 registers and converted 0 registers of register chains to 0 SRLs
Phase 7 Shift Register Optimization | Checksum: e882adbe

Time (s): cpu = 00:00:02 ; elapsed = 00:01:41 . Memory (MB): peak = 2431.895 ; gain = 19.840
Shift Register Optimization | Checksum: e882adbe
INFO: [Opt 31-389] Phase Shift Register Optimization created 0 cells and removed 0 cells

Phase 8 Post Processing Netlist
Phase 8 Post Processing Netlist | Checksum: e882adbe

Time (s): cpu = 00:00:02 ; elapsed = 00:01:41 . Memory (MB): peak = 2431.895 ; gain = 19.840
Post Processing Netlist | Checksum: e882adbe
INFO: [Opt 31-389] Phase Post Processing Netlist created 0 cells and removed 0 cells
INFO: [Opt 31-1021] In phase Post Processing Netlist, 119 netlist objects are constrained preventing optimization. Please run opt_design with -debug_log to get more detail. 

Phase 9 Finalization

Phase 9.1 Finalizing Design Cores and Updating Shapes
Phase 9.1 Finalizing Design Cores and Updating Shapes | Checksum: 1cf83e595

Time (s): cpu = 00:00:02 ; elapsed = 00:01:41 . Memory (MB): peak = 2431.895 ; gain = 19.840

Phase 9.2 Verifying Netlist Connectivity

Starting Connectivity Check Task

Time (s): cpu = 00:00:00 ; elapsed = 00:00:00.005 . Memory (MB): peak = 2431.895 ; gain = 0.000
Phase 9.2 Verifying Netlist Connectivity | Checksum: 1cf83e595

Time (s): cpu = 00:00:02 ; elapsed = 00:01:41 . Memory (MB): peak = 2431.895 ; gain = 19.840
Phase 9 Finalization | Checksum: 1cf83e595

Time (s): cpu = 00:00:02 ; elapsed = 00:01:41 . Memory (MB): peak = 2431.895 ; gain = 19.840
Opt_design Change Summary
=========================


-------------------------------------------------------------------------------------------------------------------------
|  Phase                        |  #Cells created  |  #Cells Removed  |  #Constrained objects preventing optimizations  |
-------------------------------------------------------------------------------------------------------------------------
|  Retarget                     |               3  |              12  |                                            111  |
|  Constant propagation         |               0  |               0  |                                            111  |
|  Sweep                        |               0  |               0  |                                           1037  |
|  BUFG optimization            |               0  |               0  |                                              0  |
|  Shift Register Optimization  |               0  |               0  |                                              0  |
|  Post Processing Netlist      |               0  |               0  |                                            119  |
-------------------------------------------------------------------------------------------------------------------------


Ending Logic Optimization Task | Checksum: 1cf83e595

Time (s): cpu = 00:00:02 ; elapsed = 00:01:41 . Memory (MB): peak = 2431.895 ; gain = 19.840
INFO: [Constraints 18-11670] Building netlist checker database with flags, 0x8
Done building netlist checker database: Time (s): cpu = 00:00:00 ; elapsed = 00:00:00.002 . Memory (MB): peak = 2431.895 ; gain = 0.000

Starting Power Optimization Task
INFO: [Pwropt 34-132] Skipping clock gating for clocks with a period < 2.00 ns.
Ending Power Optimization Task | Checksum: 1cf83e595

Time (s): cpu = 00:00:00 ; elapsed = 00:00:00.009 . Memory (MB): peak = 2431.895 ; gain = 0.000

Starting Final Cleanup Task
Ending Final Cleanup Task | Checksum: 1cf83e595

Time (s): cpu = 00:00:00 ; elapsed = 00:00:00.001 . Memory (MB): peak = 2431.895 ; gain = 0.000

Starting Netlist Obfuscation Task
Netlist sorting complete. Time (s): cpu = 00:00:00 ; elapsed = 00:00:00.001 . Memory (MB): peak = 2431.895 ; gain = 0.000
Ending Netlist Obfuscation Task | Checksum: 1cf83e595

Time (s): cpu = 00:00:00 ; elapsed = 00:00:00.002 . Memory (MB): peak = 2431.895 ; gain = 0.000
INFO: [Common 17-83] Releasing license: Implementation
38 Infos, 0 Warnings, 0 Critical Warnings and 0 Errors encountered.
opt_design completed successfully
opt_design: Time (s): cpu = 00:00:09 ; elapsed = 00:01:46 . Memory (MB): peak = 2431.895 ; gain = 702.254
INFO: [runtcl-4] Executing : report_drc -file image_compressor_drc_opted.rpt -pb image_compressor_drc_opted.pb -rpx image_compressor_drc_opted.rpx
Command: report_drc -file image_compressor_drc_opted.rpt -pb image_compressor_drc_opted.pb -rpx image_compressor_drc_opted.rpx
INFO: [IP_Flow 19-1839] IP Catalog is up to date.
INFO: [DRC 23-27] Running DRC with 2 threads
INFO: [Vivado_Tcl 2-168] The results of DRC are in file C:/Users/johnh/Desktop/DICE/Hardware/FPGA/Image Compressor/image_dct/image_dct.runs/impl_1/image_compressor_drc_opted.rpt.
report_drc completed successfully
INFO: [Timing 38-35] Done setting XDC timing constraints.
INFO: [Timing 38-480] Writing timing data to binary archive.
Wrote PlaceDB: Time (s): cpu = 00:00:00 ; elapsed = 00:00:00.001 . Memory (MB): peak = 2474.824 ; gain = 0.000
Wrote PulsedLatchDB: Time (s): cpu = 00:00:00 ; elapsed = 00:00:00 . Memory (MB): peak = 2484.910 ; gain = 0.000
Writing XDEF routing.
Write ShapeDB Complete: Time (s): cpu = 00:00:00 ; elapsed = 00:00:00.008 . Memory (MB): peak = 2484.910 ; gain = 10.086
Writing XDEF routing logical nets.
Writing XDEF routing special nets.
Wrote RouteStorage: Time (s): cpu = 00:00:00 ; elapsed = 00:00:00.059 . Memory (MB): peak = 2484.910 ; gain = 0.000
Wrote Netlist Cache: Time (s): cpu = 00:00:00 ; elapsed = 00:00:00 . Memory (MB): peak = 2484.910 ; gain = 0.000
Wrote Device Cache: Time (s): cpu = 00:00:00 ; elapsed = 00:00:00.048 . Memory (MB): peak = 2484.910 ; gain = 0.000
Write Physdb Complete: Time (s): cpu = 00:00:00 ; elapsed = 00:00:00.128 . Memory (MB): peak = 2484.910 ; gain = 10.086
INFO: [Common 17-1381] The checkpoint 'C:/Users/johnh/Desktop/DICE/Hardware/FPGA/Image Compressor/image_dct/image_dct.runs/impl_1/image_compressor_opt.dcp' has been generated.
INFO: [Chipscope 16-240] Debug cores have already been implemented
Command: place_design
Attempting to get a license for feature 'Implementation' and/or device 'xcku3p'
INFO: [Common 17-349] Got license for feature 'Implementation' and/or device 'xcku3p'
INFO: [Common 17-83] Releasing license: Implementation
INFO: [DRC 23-27] Running DRC with 2 threads
INFO: [Vivado_Tcl 4-198] DRC finished with 0 Errors
INFO: [Vivado_Tcl 4-199] Please refer to the DRC report (report_drc) for more information.
Running DRC as a precondition to command place_design
INFO: [DRC 23-27] Running DRC with 2 threads
INFO: [Vivado_Tcl 4-198] DRC finished with 0 Errors
INFO: [Vivado_Tcl 4-199] Please refer to the DRC report (report_drc) for more information.
INFO: [Place 30-611] Multithreading enabled for place_design using a maximum of 2 CPUs

Starting Placer Task

Phase 1 Placer Initialization

Phase 1.1 Placer Initialization Netlist Sorting
Netlist sorting complete. Time (s): cpu = 00:00:00 ; elapsed = 00:00:00.002 . Memory (MB): peak = 2495.223 ; gain = 0.000
Phase 1.1 Placer Initialization Netlist Sorting | Checksum: e480901c

Time (s): cpu = 00:00:00 ; elapsed = 00:00:00.007 . Memory (MB): peak = 2495.223 ; gain = 0.000
Netlist sorting complete. Time (s): cpu = 00:00:00 ; elapsed = 00:00:00.002 . Memory (MB): peak = 2495.223 ; gain = 0.000

Phase 1.2 IO Placement/ Clock Placement/ Build Placer Device
Phase 1.2 IO Placement/ Clock Placement/ Build Placer Device | Checksum: 1455631cc

Time (s): cpu = 00:00:19 ; elapsed = 00:00:19 . Memory (MB): peak = 3875.633 ; gain = 1380.410

Phase 1.3 Build Placer Netlist Model
Phase 1.3 Build Placer Netlist Model | Checksum: 1ef4aa19f

Time (s): cpu = 00:00:20 ; elapsed = 00:00:20 . Memory (MB): peak = 3875.633 ; gain = 1380.410

Phase 1.4 Constrain Clocks/Macros
Phase 1.4 Constrain Clocks/Macros | Checksum: 1ef4aa19f

Time (s): cpu = 00:00:20 ; elapsed = 00:00:20 . Memory (MB): peak = 3875.633 ; gain = 1380.410
Phase 1 Placer Initialization | Checksum: 1ef4aa19f

Time (s): cpu = 00:00:20 ; elapsed = 00:00:20 . Memory (MB): peak = 3875.633 ; gain = 1380.410

Phase 2 Global Placement

Phase 2.1 Floorplanning

Phase 2.1.1 Partition Driven Placement

Phase 2.1.1.1 PBP: Partition Driven Placement
Phase 2.1.1.1 PBP: Partition Driven Placement | Checksum: 1a541a4ce

Time (s): cpu = 00:00:21 ; elapsed = 00:00:21 . Memory (MB): peak = 3875.633 ; gain = 1380.410

Phase 2.1.1.2 PBP: Clock Region Placement
INFO: [Place 30-3162] Check ILP status : ILP-based clock placer completed successfully.
Phase 2.1.1.2 PBP: Clock Region Placement | Checksum: 10f8033ba

Time (s): cpu = 00:00:21 ; elapsed = 00:00:21 . Memory (MB): peak = 3875.633 ; gain = 1380.410

Phase 2.1.1.3 PBP: Compute Congestion
Phase 2.1.1.3 PBP: Compute Congestion | Checksum: 10f8033ba

Time (s): cpu = 00:00:30 ; elapsed = 00:00:26 . Memory (MB): peak = 3875.633 ; gain = 1380.410

Phase 2.1.1.4 PBP: UpdateTiming
Phase 2.1.1.4 PBP: UpdateTiming | Checksum: 109412545

Time (s): cpu = 00:00:30 ; elapsed = 00:00:26 . Memory (MB): peak = 3875.633 ; gain = 1380.410

Phase 2.1.1.5 PBP: Add part constraints
Phase 2.1.1.5 PBP: Add part constraints | Checksum: 109412545

Time (s): cpu = 00:00:30 ; elapsed = 00:00:26 . Memory (MB): peak = 3875.633 ; gain = 1380.410
Phase 2.1.1 Partition Driven Placement | Checksum: 109412545

Time (s): cpu = 00:00:30 ; elapsed = 00:00:26 . Memory (MB): peak = 3875.633 ; gain = 1380.410
Phase 2.1 Floorplanning | Checksum: abf7c66f

Time (s): cpu = 00:00:30 ; elapsed = 00:00:26 . Memory (MB): peak = 3875.633 ; gain = 1380.410

Phase 2.2 Update Timing before SLR Path Opt
Phase 2.2 Update Timing before SLR Path Opt | Checksum: abf7c66f

Time (s): cpu = 00:00:30 ; elapsed = 00:00:26 . Memory (MB): peak = 3875.633 ; gain = 1380.410

Phase 2.3 Post-Processing in Floorplanning
Phase 2.3 Post-Processing in Floorplanning | Checksum: abf7c66f

Time (s): cpu = 00:00:30 ; elapsed = 00:00:26 . Memory (MB): peak = 3875.633 ; gain = 1380.410

Phase 2.4 Global Placement Core

Phase 2.4.1 UpdateTiming Before Physical Synthesis
Phase 2.4.1 UpdateTiming Before Physical Synthesis | Checksum: 19cb4539f

Time (s): cpu = 00:00:54 ; elapsed = 00:00:39 . Memory (MB): peak = 3875.633 ; gain = 1380.410

Phase 2.4.2 Physical Synthesis In Placer
INFO: [Physopt 32-1035] Found 0 LUTNM shape to break, 71 LUT instances to create LUTNM shape
INFO: [Physopt 32-1044] Break lutnm for timing: one critical 0, two critical 0, total 0, new lutff created 0
INFO: [Physopt 32-1138] End 1 Pass. Optimized 34 nets or LUTs. Breaked 0 LUT, combined 34 existing LUTs and moved 0 existing LUT
INFO: [Physopt 32-1030] Pass 1. Identified 1 candidate driver set for equivalent driver rewiring.
INFO: [Physopt 32-661] Optimized 1 net.  Re-placed 5 instances.
INFO: [Physopt 32-775] End 1 Pass. Optimized 1 net or cell. Created 0 new cell, deleted 0 existing cell and moved 5 existing cells
Netlist sorting complete. Time (s): cpu = 00:00:00 ; elapsed = 00:00:00.004 . Memory (MB): peak = 3875.633 ; gain = 0.000
INFO: [Physopt 32-65] No nets found for high-fanout optimization.
INFO: [Physopt 32-232] Optimized 0 net. Created 0 new instance.
INFO: [Physopt 32-775] End 1 Pass. Optimized 0 net or cell. Created 0 new cell, deleted 0 existing cell and moved 0 existing cell
INFO: [Physopt 32-670] No setup violation found.  DSP Register Optimization was not performed.
INFO: [Physopt 32-670] No setup violation found.  Shift Register to Pipeline Optimization was not performed.
INFO: [Physopt 32-670] No setup violation found.  Shift Register Optimization was not performed.
INFO: [Physopt 32-670] No setup violation found.  BRAM Register Optimization was not performed.
INFO: [Physopt 32-670] No setup violation found.  URAM Register Optimization was not performed.
INFO: [Physopt 32-949] No candidate nets found for dynamic/static region interface net replication
INFO: [Physopt 32-775] End 1 Pass. Optimized 0 net or cell. Created 0 new cell, deleted 0 existing cell and moved 0 existing cell
Netlist sorting complete. Time (s): cpu = 00:00:00 ; elapsed = 00:00:00.001 . Memory (MB): peak = 3875.633 ; gain = 0.000

Summary of Physical Synthesis Optimizations
============================================


-----------------------------------------------------------------------------------------------------------------------------------------------------------
|  Optimization                                     |  Added Cells  |  Removed Cells  |  Optimized Cells/Nets  |  Dont Touch  |  Iterations  |  Elapsed   |
-----------------------------------------------------------------------------------------------------------------------------------------------------------
|  LUT Combining                                    |            0  |             34  |                    34  |           0  |           1  |  00:00:00  |
|  Retime                                           |            0  |              0  |                     0  |           0  |           1  |  00:00:00  |
|  Equivalent Driver Rewiring                       |            0  |              0  |                     1  |           0  |           1  |  00:00:00  |
|  Very High Fanout                                 |            0  |              0  |                     0  |           0  |           1  |  00:00:00  |
|  DSP Register                                     |            0  |              0  |                     0  |           0  |           0  |  00:00:00  |
|  Shift Register to Pipeline                       |            0  |              0  |                     0  |           0  |           0  |  00:00:00  |
|  Shift Register                                   |            0  |              0  |                     0  |           0  |           0  |  00:00:00  |
|  BRAM Register                                    |            0  |              0  |                     0  |           0  |           0  |  00:00:00  |
|  URAM Register                                    |            0  |              0  |                     0  |           0  |           0  |  00:00:00  |
|  Dynamic/Static Region Interface Net Replication  |            0  |              0  |                     0  |           0  |           1  |  00:00:00  |
|  Total                                            |            0  |             34  |                    35  |           0  |           5  |  00:00:00  |
-----------------------------------------------------------------------------------------------------------------------------------------------------------


Phase 2.4.2 Physical Synthesis In Placer | Checksum: 1cb7f0852

Time (s): cpu = 00:00:54 ; elapsed = 00:00:39 . Memory (MB): peak = 3875.633 ; gain = 1380.410
Phase 2.4 Global Placement Core | Checksum: 1c7992fe7

Time (s): cpu = 00:01:03 ; elapsed = 00:00:44 . Memory (MB): peak = 3875.633 ; gain = 1380.410
Phase 2 Global Placement | Checksum: 1c7992fe7

Time (s): cpu = 00:01:03 ; elapsed = 00:00:44 . Memory (MB): peak = 3875.633 ; gain = 1380.410

Phase 3 Detail Placement

Phase 3.1 Commit Multi Column Macros
Phase 3.1 Commit Multi Column Macros | Checksum: 1affa40dc

Time (s): cpu = 00:01:12 ; elapsed = 00:00:49 . Memory (MB): peak = 3875.633 ; gain = 1380.410

Phase 3.2 Commit Most Macros & LUTRAMs
Phase 3.2 Commit Most Macros & LUTRAMs | Checksum: 22b071b19

Time (s): cpu = 00:01:12 ; elapsed = 00:00:49 . Memory (MB): peak = 3875.633 ; gain = 1380.410

Phase 3.3 Small Shape DP

Phase 3.3.1 Small Shape Clustering
Phase 3.3.1 Small Shape Clustering | Checksum: 21580db6a

Time (s): cpu = 00:01:30 ; elapsed = 00:00:59 . Memory (MB): peak = 3875.633 ; gain = 1380.410

Phase 3.3.2 Slice Area Swap

Phase 3.3.2.1 Slice Area Swap Initial
Phase 3.3.2.1 Slice Area Swap Initial | Checksum: 1caa91e43

Time (s): cpu = 00:01:39 ; elapsed = 00:01:03 . Memory (MB): peak = 3875.633 ; gain = 1380.410
Phase 3.3.2 Slice Area Swap | Checksum: 1caa91e43

Time (s): cpu = 00:01:39 ; elapsed = 00:01:04 . Memory (MB): peak = 3875.633 ; gain = 1380.410
Phase 3.3 Small Shape DP | Checksum: 1f6513af5

Time (s): cpu = 00:01:57 ; elapsed = 00:01:13 . Memory (MB): peak = 3875.633 ; gain = 1380.410

Phase 3.4 Re-assign LUT pins
Phase 3.4 Re-assign LUT pins | Checksum: 1f01b320f

Time (s): cpu = 00:01:57 ; elapsed = 00:01:13 . Memory (MB): peak = 3875.633 ; gain = 1380.410

Phase 3.5 Pipeline Register Optimization
Phase 3.5 Pipeline Register Optimization | Checksum: 12bcb3231

Time (s): cpu = 00:01:58 ; elapsed = 00:01:14 . Memory (MB): peak = 3875.633 ; gain = 1380.410
Phase 3 Detail Placement | Checksum: 12bcb3231

Time (s): cpu = 00:01:58 ; elapsed = 00:01:14 . Memory (MB): peak = 3875.633 ; gain = 1380.410

Phase 4 Post Placement Optimization and Clean-Up

Phase 4.1 Post Commit Optimization
INFO: [Timing 38-35] Done setting XDC timing constraints.

Phase 4.1.1 Post Placement Optimization
Post Placement Optimization Initialization | Checksum: 14883870a

Phase 4.1.1.1 BUFG Insertion

Starting Physical Synthesis Task

Phase 1 Physical Synthesis Initialization
INFO: [Physopt 32-721] Multithreading enabled for phys_opt_design using a maximum of 2 CPUs
INFO: [Physopt 32-619] Estimated Timing Summary | WNS=2.663 | TNS=0.000 |
Phase 1 Physical Synthesis Initialization | Checksum: 138b23dc0

Time (s): cpu = 00:00:00 ; elapsed = 00:00:00.152 . Memory (MB): peak = 3875.633 ; gain = 0.000
INFO: [Place 46-56] BUFG insertion identified 0 candidate nets. Inserted BUFG: 0, Replicated BUFG Driver: 0, Skipped due to Placement/Routing Conflicts: 0, Skipped due to Timing Degradation: 0, Skipped due to netlist editing failed: 0.
Ending Physical Synthesis Task | Checksum: 138b23dc0

Time (s): cpu = 00:00:00 ; elapsed = 00:00:00.192 . Memory (MB): peak = 3875.633 ; gain = 0.000
Phase 4.1.1.1 BUFG Insertion | Checksum: 14883870a

Time (s): cpu = 00:02:09 ; elapsed = 00:01:20 . Memory (MB): peak = 3875.633 ; gain = 1380.410

Phase 4.1.1.2 Post Placement Timing Optimization
INFO: [Place 30-746] Post Placement Timing Summary WNS=2.663. For the most accurate timing information please run report_timing.
Phase 4.1.1.2 Post Placement Timing Optimization | Checksum: 16520265b

Time (s): cpu = 00:02:09 ; elapsed = 00:01:20 . Memory (MB): peak = 3875.633 ; gain = 1380.410

Time (s): cpu = 00:02:09 ; elapsed = 00:01:20 . Memory (MB): peak = 3875.633 ; gain = 1380.410
Phase 4.1 Post Commit Optimization | Checksum: 16520265b

Time (s): cpu = 00:02:09 ; elapsed = 00:01:20 . Memory (MB): peak = 3875.633 ; gain = 1380.410
Netlist sorting complete. Time (s): cpu = 00:00:00 ; elapsed = 00:00:00.002 . Memory (MB): peak = 3875.633 ; gain = 0.000

Phase 4.2 Post Placement Cleanup
Phase 4.2 Post Placement Cleanup | Checksum: 179297d72

Time (s): cpu = 00:02:21 ; elapsed = 00:01:28 . Memory (MB): peak = 3875.633 ; gain = 1380.410

Phase 4.3 Placer Reporting

Phase 4.3.1 Print Estimated Congestion
INFO: [Place 30-612] Post-Placement Estimated Congestion 
 ________________________________________________________________________
|           | Global Congestion | Long Congestion   | Short Congestion  |
| Direction | Region Size       | Region Size       | Region Size       |
|___________|___________________|___________________|___________________|
|      North|                1x1|                1x1|                1x1|
|___________|___________________|___________________|___________________|
|      South|                1x1|                1x1|                1x1|
|___________|___________________|___________________|___________________|
|       East|                1x1|                1x1|                1x1|
|___________|___________________|___________________|___________________|
|       West|                1x1|                1x1|                1x1|
|___________|___________________|___________________|___________________|

Phase 4.3.1 Print Estimated Congestion | Checksum: 179297d72

Time (s): cpu = 00:02:21 ; elapsed = 00:01:28 . Memory (MB): peak = 3875.633 ; gain = 1380.410
Phase 4.3 Placer Reporting | Checksum: 179297d72

Time (s): cpu = 00:02:21 ; elapsed = 00:01:28 . Memory (MB): peak = 3875.633 ; gain = 1380.410

Phase 4.4 Final Placement Cleanup
Netlist sorting complete. Time (s): cpu = 00:00:00 ; elapsed = 00:00:00.001 . Memory (MB): peak = 3875.633 ; gain = 0.000

Time (s): cpu = 00:02:21 ; elapsed = 00:01:28 . Memory (MB): peak = 3875.633 ; gain = 1380.410
Phase 4 Post Placement Optimization and Clean-Up | Checksum: 1f09c7d58

Time (s): cpu = 00:02:21 ; elapsed = 00:01:28 . Memory (MB): peak = 3875.633 ; gain = 1380.410
Ending Placer Task | Checksum: 100766e49

Time (s): cpu = 00:02:21 ; elapsed = 00:01:28 . Memory (MB): peak = 3875.633 ; gain = 1380.410
78 Infos, 0 Warnings, 0 Critical Warnings and 0 Errors encountered.
place_design completed successfully
place_design: Time (s): cpu = 00:02:23 ; elapsed = 00:01:30 . Memory (MB): peak = 3875.633 ; gain = 1390.723
INFO: [runtcl-4] Executing : report_io -file image_compressor_io_placed.rpt
report_io: Time (s): cpu = 00:00:00 ; elapsed = 00:00:00.067 . Memory (MB): peak = 3875.633 ; gain = 0.000
INFO: [runtcl-4] Executing : report_utilization -file image_compressor_utilization_placed.rpt -pb image_compressor_utilization_placed.pb
INFO: [runtcl-4] Executing : report_control_sets -verbose -file image_compressor_control_sets_placed.rpt
report_control_sets: Time (s): cpu = 00:00:00 ; elapsed = 00:00:00.018 . Memory (MB): peak = 3875.633 ; gain = 0.000
INFO: [Timing 38-480] Writing timing data to binary archive.
Write ShapeDB Complete: Time (s): cpu = 00:00:00 ; elapsed = 00:00:00.016 . Memory (MB): peak = 3875.633 ; gain = 0.000
Wrote PlaceDB: Time (s): cpu = 00:00:01 ; elapsed = 00:00:00.277 . Memory (MB): peak = 3875.633 ; gain = 0.000
Wrote PulsedLatchDB: Time (s): cpu = 00:00:00 ; elapsed = 00:00:00 . Memory (MB): peak = 3875.633 ; gain = 0.000
Writing XDEF routing.
Writing XDEF routing logical nets.
Writing XDEF routing special nets.
Wrote RouteStorage: Time (s): cpu = 00:00:00 ; elapsed = 00:00:00.056 . Memory (MB): peak = 3875.633 ; gain = 0.000
Wrote Netlist Cache: Time (s): cpu = 00:00:00 ; elapsed = 00:00:00.013 . Memory (MB): peak = 3875.633 ; gain = 0.000
Wrote Device Cache: Time (s): cpu = 00:00:00 ; elapsed = 00:00:00.044 . Memory (MB): peak = 3875.633 ; gain = 0.000
Write Physdb Complete: Time (s): cpu = 00:00:01 ; elapsed = 00:00:00.408 . Memory (MB): peak = 3875.633 ; gain = 0.000
INFO: [Common 17-1381] The checkpoint 'C:/Users/johnh/Desktop/DICE/Hardware/FPGA/Image Compressor/image_dct/image_dct.runs/impl_1/image_compressor_placed.dcp' has been generated.
Command: phys_opt_design
Attempting to get a license for feature 'Implementation' and/or device 'xcku3p'
INFO: [Common 17-349] Got license for feature 'Implementation' and/or device 'xcku3p'

Starting Initial Update Timing Task

Time (s): cpu = 00:00:02 ; elapsed = 00:00:00.864 . Memory (MB): peak = 3875.633 ; gain = 0.000
INFO: [Vivado_Tcl 4-383] Design worst setup slack (WNS) is greater than or equal to 0.000 ns. Skipping all physical synthesis optimizations.
INFO: [Vivado_Tcl 4-232] No setup violation found. The netlist was not modified.
INFO: [Common 17-83] Releasing license: Implementation
87 Infos, 0 Warnings, 0 Critical Warnings and 0 Errors encountered.
phys_opt_design completed successfully
INFO: [Timing 38-480] Writing timing data to binary archive.
Write ShapeDB Complete: Time (s): cpu = 00:00:00 ; elapsed = 00:00:00.016 . Memory (MB): peak = 3875.633 ; gain = 0.000
Wrote PlaceDB: Time (s): cpu = 00:00:00 ; elapsed = 00:00:00.281 . Memory (MB): peak = 3875.633 ; gain = 0.000
Wrote PulsedLatchDB: Time (s): cpu = 00:00:00 ; elapsed = 00:00:00 . Memory (MB): peak = 3875.633 ; gain = 0.000
Writing XDEF routing.
Writing XDEF routing logical nets.
Writing XDEF routing special nets.
Wrote RouteStorage: Time (s): cpu = 00:00:01 ; elapsed = 00:00:00.056 . Memory (MB): peak = 3875.633 ; gain = 0.000
Wrote Netlist Cache: Time (s): cpu = 00:00:00 ; elapsed = 00:00:00.016 . Memory (MB): peak = 3875.633 ; gain = 0.000
Wrote Device Cache: Time (s): cpu = 00:00:00 ; elapsed = 00:00:00.044 . Memory (MB): peak = 3875.633 ; gain = 0.000
Write Physdb Complete: Time (s): cpu = 00:00:01 ; elapsed = 00:00:00.417 . Memory (MB): peak = 3875.633 ; gain = 0.000
INFO: [Common 17-1381] The checkpoint 'C:/Users/johnh/Desktop/DICE/Hardware/FPGA/Image Compressor/image_dct/image_dct.runs/impl_1/image_compressor_physopt.dcp' has been generated.
Command: route_design
Attempting to get a license for feature 'Implementation' and/or device 'xcku3p'
INFO: [Common 17-349] Got license for feature 'Implementation' and/or device 'xcku3p'
Running DRC as a precondition to command route_design
INFO: [DRC 23-27] Running DRC with 2 threads
INFO: [Vivado_Tcl 4-198] DRC finished with 0 Errors
INFO: [Vivado_Tcl 4-199] Please refer to the DRC report (report_drc) for more information.


Starting Routing Task
INFO: [Route 35-254] Multithreading enabled for route_design using a maximum of 8 CPUs

Phase 1 Build RT Design
Checksum: PlaceDB: 617bd4c9 ConstDB: 0 ShapeSum: 8af14269 RouteDB: 14095717
Nodegraph reading from file.  Time (s): cpu = 00:00:01 ; elapsed = 00:00:00.852 . Memory (MB): peak = 3875.633 ; gain = 0.000
Post Restoration Checksum: NetGraph: 70dd6c68 | NumContArr: d56b95f9 | Constraints: fbc0182c | Timing: c2a8fa9d
Phase 1 Build RT Design | Checksum: 304b2152a

Time (s): cpu = 00:00:05 ; elapsed = 00:00:04 . Memory (MB): peak = 3875.633 ; gain = 0.000

Phase 2 Router Initialization

Phase 2.1 Fix Topology Constraints
Phase 2.1 Fix Topology Constraints | Checksum: 304b2152a

Time (s): cpu = 00:00:05 ; elapsed = 00:00:04 . Memory (MB): peak = 3875.633 ; gain = 0.000

Phase 2.2 Pre Route Cleanup
Phase 2.2 Pre Route Cleanup | Checksum: 304b2152a

Time (s): cpu = 00:00:05 ; elapsed = 00:00:04 . Memory (MB): peak = 3875.633 ; gain = 0.000

Phase 2.3 Global Clock Net Routing
 Number of Nodes with overlaps = 0
Phase 2.3 Global Clock Net Routing | Checksum: 2c0b03b2f

Time (s): cpu = 00:00:06 ; elapsed = 00:00:05 . Memory (MB): peak = 3923.629 ; gain = 47.996

Phase 2.4 Update Timing
Phase 2.4 Update Timing | Checksum: 2e8131dfe

Time (s): cpu = 00:00:08 ; elapsed = 00:00:06 . Memory (MB): peak = 3923.629 ; gain = 47.996
INFO: [Route 35-416] Intermediate Timing Summary | WNS=2.740  | TNS=0.000  | WHS=-0.143 | THS=-0.688 |


Phase 2.5 Update Timing for Bus Skew

Phase 2.5.1 Update Timing
Phase 2.5.1 Update Timing | Checksum: 3054b07f8

Time (s): cpu = 00:00:11 ; elapsed = 00:00:08 . Memory (MB): peak = 3923.629 ; gain = 47.996
INFO: [Route 35-416] Intermediate Timing Summary | WNS=2.740  | TNS=0.000  | WHS=N/A    | THS=N/A    |

Phase 2.5 Update Timing for Bus Skew | Checksum: 2b82c4871

Time (s): cpu = 00:00:11 ; elapsed = 00:00:08 . Memory (MB): peak = 3923.629 ; gain = 47.996

Router Utilization Summary
  Global Vertical Routing Utilization    = 0.0010881 %
  Global Horizontal Routing Utilization  = 0.0067187 %
  Routable Net Status*
  *Does not include unroutable nets such as driverless and loadless.
  Run report_route_status for detailed report.
  Number of Failed Nets               = 5471
    (Failed Nets is the sum of unrouted and partially routed nets)
  Number of Unrouted Nets             = 4892
  Number of Partially Routed Nets     = 579
  Number of Node Overlaps             = 13

Phase 2 Router Initialization | Checksum: 2561a03ea

Time (s): cpu = 00:00:12 ; elapsed = 00:00:08 . Memory (MB): peak = 3964.512 ; gain = 88.879

Phase 3 Initial Routing

Phase 3.1 Global Routing
Phase 3.1 Global Routing | Checksum: 2561a03ea

Time (s): cpu = 00:00:12 ; elapsed = 00:00:08 . Memory (MB): peak = 3964.512 ; gain = 88.879

Phase 3.2 Initial Net Routing
Phase 3.2 Initial Net Routing | Checksum: 2342bd6c0

Time (s): cpu = 00:00:14 ; elapsed = 00:00:09 . Memory (MB): peak = 3964.512 ; gain = 88.879
Phase 3 Initial Routing | Checksum: 26c39a888

Time (s): cpu = 00:00:15 ; elapsed = 00:00:09 . Memory (MB): peak = 3964.512 ; gain = 88.879

Phase 4 Rip-up And Reroute

Phase 4.1 Global Iteration 0
 Number of Nodes with overlaps = 892
 Number of Nodes with overlaps = 51
 Number of Nodes with overlaps = 4
 Number of Nodes with overlaps = 1
 Number of Nodes with overlaps = 0
INFO: [Route 35-416] Intermediate Timing Summary | WNS=2.087  | TNS=0.000  | WHS=-0.010 | THS=-0.166 |

Phase 4.1 Global Iteration 0 | Checksum: 1e1216240

Time (s): cpu = 00:00:23 ; elapsed = 00:00:13 . Memory (MB): peak = 3964.512 ; gain = 88.879

Phase 4.2 Additional Iteration for Hold
Phase 4.2 Additional Iteration for Hold | Checksum: 203df6cb7

Time (s): cpu = 00:00:23 ; elapsed = 00:00:13 . Memory (MB): peak = 3964.512 ; gain = 88.879
Phase 4 Rip-up And Reroute | Checksum: 203df6cb7

Time (s): cpu = 00:00:23 ; elapsed = 00:00:13 . Memory (MB): peak = 3964.512 ; gain = 88.879

Phase 5 Delay and Skew Optimization

Phase 5.1 Delay CleanUp

Phase 5.1.1 Update Timing
Phase 5.1.1 Update Timing | Checksum: 28922dfcb

Time (s): cpu = 00:00:24 ; elapsed = 00:00:14 . Memory (MB): peak = 3964.512 ; gain = 88.879
INFO: [Route 35-416] Intermediate Timing Summary | WNS=2.087  | TNS=0.000  | WHS=0.012  | THS=0.000  |


Phase 5.1.2 Update Timing
Phase 5.1.2 Update Timing | Checksum: 299a20d90

Time (s): cpu = 00:00:25 ; elapsed = 00:00:14 . Memory (MB): peak = 3964.512 ; gain = 88.879
INFO: [Route 35-416] Intermediate Timing Summary | WNS=2.087  | TNS=0.000  | WHS=0.012  | THS=0.000  |

Phase 5.1 Delay CleanUp | Checksum: 27ce9518d

Time (s): cpu = 00:00:25 ; elapsed = 00:00:14 . Memory (MB): peak = 3964.512 ; gain = 88.879

Phase 5.2 Clock Skew Optimization
Phase 5.2 Clock Skew Optimization | Checksum: 27ce9518d

Time (s): cpu = 00:00:25 ; elapsed = 00:00:14 . Memory (MB): peak = 3964.512 ; gain = 88.879
Phase 5 Delay and Skew Optimization | Checksum: 27ce9518d

Time (s): cpu = 00:00:25 ; elapsed = 00:00:14 . Memory (MB): peak = 3964.512 ; gain = 88.879

Phase 6 Post Hold Fix

Phase 6.1 Hold Fix Iter

Phase 6.1.1 Update Timing
Phase 6.1.1 Update Timing | Checksum: 2939c31cb

Time (s): cpu = 00:00:26 ; elapsed = 00:00:14 . Memory (MB): peak = 3964.512 ; gain = 88.879
INFO: [Route 35-416] Intermediate Timing Summary | WNS=2.087  | TNS=0.000  | WHS=0.012  | THS=0.000  |

Phase 6.1 Hold Fix Iter | Checksum: 21ff83a13

Time (s): cpu = 00:00:26 ; elapsed = 00:00:14 . Memory (MB): peak = 3964.512 ; gain = 88.879
Phase 6 Post Hold Fix | Checksum: 21ff83a13

Time (s): cpu = 00:00:26 ; elapsed = 00:00:14 . Memory (MB): peak = 3964.512 ; gain = 88.879

Phase 7 Route finalize

Router Utilization Summary
  Global Vertical Routing Utilization    = 0.193197 %
  Global Horizontal Routing Utilization  = 0.292693 %
  Routable Net Status*
  *Does not include unroutable nets such as driverless and loadless.
  Run report_route_status for detailed report.
  Number of Failed Nets               = 0
    (Failed Nets is the sum of unrouted and partially routed nets)
  Number of Unrouted Nets             = 0
  Number of Partially Routed Nets     = 0
  Number of Node Overlaps             = 0

Phase 7 Route finalize | Checksum: 21ff83a13

Time (s): cpu = 00:00:26 ; elapsed = 00:00:14 . Memory (MB): peak = 3964.512 ; gain = 88.879

Phase 8 Verifying routed nets

 Verification completed successfully
Phase 8 Verifying routed nets | Checksum: 21ff83a13

Time (s): cpu = 00:00:26 ; elapsed = 00:00:14 . Memory (MB): peak = 3964.512 ; gain = 88.879

Phase 9 Depositing Routes
Phase 9 Depositing Routes | Checksum: 21ff83a13

Time (s): cpu = 00:00:26 ; elapsed = 00:00:15 . Memory (MB): peak = 3964.512 ; gain = 88.879

Phase 10 Resolve XTalk
Phase 10 Resolve XTalk | Checksum: 21ff83a13

Time (s): cpu = 00:00:27 ; elapsed = 00:00:15 . Memory (MB): peak = 3964.512 ; gain = 88.879

Phase 11 Post Router Timing
INFO: [Route 35-57] Estimated Timing Summary | WNS=2.087  | TNS=0.000  | WHS=0.012  | THS=0.000  |

INFO: [Route 35-327] The final timing numbers are based on the router estimated timing analysis. For a complete and accurate timing signoff, please run report_timing_summary.
Phase 11 Post Router Timing | Checksum: 21ff83a13

Time (s): cpu = 00:00:27 ; elapsed = 00:00:15 . Memory (MB): peak = 3964.512 ; gain = 88.879
INFO: [Route 35-16] Router Completed Successfully

Phase 12 Post-Route Event Processing
Phase 12 Post-Route Event Processing | Checksum: e8c42a47

Time (s): cpu = 00:00:27 ; elapsed = 00:00:15 . Memory (MB): peak = 3964.512 ; gain = 88.879
Ending Routing Task | Checksum: e8c42a47

Time (s): cpu = 00:00:27 ; elapsed = 00:00:15 . Memory (MB): peak = 3964.512 ; gain = 88.879

Routing Is Done.
INFO: [Common 17-83] Releasing license: Implementation
104 Infos, 0 Warnings, 0 Critical Warnings and 0 Errors encountered.
route_design completed successfully
route_design: Time (s): cpu = 00:00:30 ; elapsed = 00:00:17 . Memory (MB): peak = 3964.512 ; gain = 88.879
INFO: [runtcl-4] Executing : report_drc -file image_compressor_drc_routed.rpt -pb image_compressor_drc_routed.pb -rpx image_compressor_drc_routed.rpx
Command: report_drc -file image_compressor_drc_routed.rpt -pb image_compressor_drc_routed.pb -rpx image_compressor_drc_routed.rpx
INFO: [IP_Flow 19-1839] IP Catalog is up to date.
INFO: [DRC 23-27] Running DRC with 2 threads
INFO: [Vivado_Tcl 2-168] The results of DRC are in file C:/Users/johnh/Desktop/DICE/Hardware/FPGA/Image Compressor/image_dct/image_dct.runs/impl_1/image_compressor_drc_routed.rpt.
report_drc completed successfully
INFO: [runtcl-4] Executing : report_methodology -file image_compressor_methodology_drc_routed.rpt -pb image_compressor_methodology_drc_routed.pb -rpx image_compressor_methodology_drc_routed.rpx
Command: report_methodology -file image_compressor_methodology_drc_routed.rpt -pb image_compressor_methodology_drc_routed.pb -rpx image_compressor_methodology_drc_routed.rpx
INFO: [Timing 38-35] Done setting XDC timing constraints.
INFO: [DRC 23-133] Running Methodology with 2 threads
INFO: [Vivado_Tcl 2-1520] The results of Report Methodology are in file C:/Users/johnh/Desktop/DICE/Hardware/FPGA/Image Compressor/image_dct/image_dct.runs/impl_1/image_compressor_methodology_drc_routed.rpt.
report_methodology completed successfully
INFO: [runtcl-4] Executing : report_power -file image_compressor_power_routed.rpt -pb image_compressor_power_summary_routed.pb -rpx image_compressor_power_routed.rpx
Command: report_power -file image_compressor_power_routed.rpt -pb image_compressor_power_summary_routed.pb -rpx image_compressor_power_routed.rpx
INFO: [Timing 38-35] Done setting XDC timing constraints.
Running Vector-less Activity Propagation...

Finished Running Vector-less Activity Propagation
114 Infos, 0 Warnings, 0 Critical Warnings and 0 Errors encountered.
report_power completed successfully
INFO: [runtcl-4] Executing : report_route_status -file image_compressor_route_status.rpt -pb image_compressor_route_status.pb
INFO: [runtcl-4] Executing : report_timing_summary -max_paths 10 -report_unconstrained -file image_compressor_timing_summary_routed.rpt -pb image_compressor_timing_summary_routed.pb -rpx image_compressor_timing_summary_routed.rpx -warn_on_violation 
INFO: [Timing 38-91] UpdateTimingParams: Speed grade: -2, Temperature grade: I, Delay Type: min_max.
INFO: [Timing 38-191] Multithreading enabled for timing update using a maximum of 2 CPUs
WARNING: [Timing 38-436] There are set_bus_skew constraint(s) in this design. Please run report_bus_skew to ensure that bus skew requirements are met.
INFO: [runtcl-4] Executing : report_incremental_reuse -file image_compressor_incremental_reuse_routed.rpt
INFO: [Vivado_Tcl 4-1062] Incremental flow is disabled. No incremental reuse Info to report.
INFO: [runtcl-4] Executing : report_clock_utilization -file image_compressor_clock_utilization_routed.rpt
INFO: [runtcl-4] Executing : report_bus_skew -warn_on_violation -file image_compressor_bus_skew_routed.rpt -pb image_compressor_bus_skew_routed.pb -rpx image_compressor_bus_skew_routed.rpx
INFO: [Timing 38-91] UpdateTimingParams: Speed grade: -2, Temperature grade: I, Delay Type: min_max.
INFO: [Timing 38-191] Multithreading enabled for timing update using a maximum of 2 CPUs
INFO: [Timing 38-480] Writing timing data to binary archive.
Write ShapeDB Complete: Time (s): cpu = 00:00:01 ; elapsed = 00:00:00.021 . Memory (MB): peak = 3964.512 ; gain = 0.000
Wrote PlaceDB: Time (s): cpu = 00:00:01 ; elapsed = 00:00:00.303 . Memory (MB): peak = 3964.512 ; gain = 0.000
Wrote PulsedLatchDB: Time (s): cpu = 00:00:00 ; elapsed = 00:00:00 . Memory (MB): peak = 3964.512 ; gain = 0.000
Writing XDEF routing.
Writing XDEF routing logical nets.
Writing XDEF routing special nets.
Wrote RouteStorage: Time (s): cpu = 00:00:01 ; elapsed = 00:00:00.112 . Memory (MB): peak = 3964.512 ; gain = 0.000
Wrote Netlist Cache: Time (s): cpu = 00:00:00 ; elapsed = 00:00:00.015 . Memory (MB): peak = 3964.512 ; gain = 0.000
Wrote Device Cache: Time (s): cpu = 00:00:00 ; elapsed = 00:00:00.046 . Memory (MB): peak = 3964.512 ; gain = 0.000
Write Physdb Complete: Time (s): cpu = 00:00:02 ; elapsed = 00:00:00.498 . Memory (MB): peak = 3964.512 ; gain = 0.000
INFO: [Common 17-1381] The checkpoint 'C:/Users/johnh/Desktop/DICE/Hardware/FPGA/Image Compressor/image_dct/image_dct.runs/impl_1/image_compressor_routed.dcp' has been generated.
INFO: [Common 17-206] Exiting Vivado at Thu Jan 23 13:32:52 2025...
