
*** Running vivado
    with args -log ft600_16B_loopback.vdi -applog -m64 -product Vivado -messageDb vivado.pb -mode batch -source ft600_16B_loopback.tcl -notrace


ECHO is off.
ECHO is off.

****** Vivado v2023.2 (64-bit)
  **** SW Build 4029153 on Fri Oct 13 20:14:34 MDT 2023
  **** IP Build 4028589 on Sat Oct 14 00:45:43 MDT 2023
  **** SharedData Build 4025554 on Tue Oct 10 17:18:54 MDT 2023
    ** Copyright 1986-2022 Xilinx, Inc. All Rights Reserved.
    ** Copyright 2022-2023 Advanced Micro Devices, Inc. All Rights Reserved.

source ft600_16B_loopback.tcl -notrace
create_project: Time (s): cpu = 00:00:16 ; elapsed = 00:00:19 . Memory (MB): peak = 484.051 ; gain = 183.797
Command: link_design -top ft600_16B_loopback -part xcku3p-ffva676-2-i
Design is defaulting to srcset: sources_1
Design is defaulting to constrset: constrs_1
INFO: [Device 21-403] Loading part xcku3p-ffva676-2-i
Netlist sorting complete. Time (s): cpu = 00:00:00 ; elapsed = 00:00:00.003 . Memory (MB): peak = 1554.141 ; gain = 0.000
INFO: [Netlist 29-17] Analyzing 27 Unisim elements for replacement
INFO: [Netlist 29-28] Unisim Transformation completed in 0 CPU seconds
INFO: [Project 1-479] Netlist was created with Vivado 2023.2
INFO: [Project 1-570] Preparing netlist for logic optimization
Parsing XDC File [C:/Users/micha/OneDrive/Desktop/DICE/Hardware/FPGA/FT600_Ground_Up/Project/FT600_Ground_Up.srcs/constrs_2/new/total_constraints.xdc]
create_clock: Time (s): cpu = 00:00:08 ; elapsed = 00:00:09 . Memory (MB): peak = 1677.684 ; gain = 35.027
INFO: [Timing 38-35] Done setting XDC timing constraints. [C:/Users/micha/OneDrive/Desktop/DICE/Hardware/FPGA/FT600_Ground_Up/Project/FT600_Ground_Up.srcs/constrs_2/new/total_constraints.xdc:131]
get_clocks: Time (s): cpu = 00:00:13 ; elapsed = 00:00:11 . Memory (MB): peak = 1973.023 ; gain = 295.340
Finished Parsing XDC File [C:/Users/micha/OneDrive/Desktop/DICE/Hardware/FPGA/FT600_Ground_Up/Project/FT600_Ground_Up.srcs/constrs_2/new/total_constraints.xdc]
INFO: [Opt 31-138] Pushed 0 inverter(s) to 0 load pin(s).
Netlist sorting complete. Time (s): cpu = 00:00:00 ; elapsed = 00:00:00.001 . Memory (MB): peak = 1973.023 ; gain = 0.000
INFO: [Project 1-111] Unisim Transformation Summary:
  A total of 24 instances were transformed.
  IBUF => IBUF (IBUFCTRL, INBUF): 4 instances
  IOBUF => IOBUF (IBUFCTRL, INBUF, OBUFT): 18 instances
  RAM32M => RAM32M (inverted pins: WCLK) (RAMD32(x6), RAMS32(x2)): 1 instance 
  RAM32M16 => RAM32M16 (inverted pins: WCLK) (RAMD32(x14), RAMS32(x2)): 1 instance 

The system cannot find the path specified.
8 Infos, 0 Warnings, 0 Critical Warnings and 0 Errors encountered.
link_design completed successfully
link_design: Time (s): cpu = 00:00:40 ; elapsed = 00:00:46 . Memory (MB): peak = 1973.023 ; gain = 1488.973
Command: opt_design
Attempting to get a license for feature 'Implementation' and/or device 'xcku3p'
INFO: [Common 17-349] Got license for feature 'Implementation' and/or device 'xcku3p'
Running DRC as a precondition to command opt_design

Starting DRC Task
INFO: [DRC 23-27] Running DRC with 2 threads
INFO: [Project 1-461] DRC finished with 0 Errors
INFO: [Project 1-462] Please refer to the DRC report (report_drc) for more information.

Time (s): cpu = 00:00:05 ; elapsed = 00:00:03 . Memory (MB): peak = 1973.023 ; gain = 0.000

Starting Cache Timing Information Task
INFO: [Timing 38-35] Done setting XDC timing constraints.
Ending Cache Timing Information Task | Checksum: 18ad6c20d

Time (s): cpu = 00:00:04 ; elapsed = 00:00:03 . Memory (MB): peak = 1982.082 ; gain = 9.059

Starting Logic Optimization Task

Phase 1 Initialization

Phase 1.1 Core Generation And Design Setup
Phase 1.1 Core Generation And Design Setup | Checksum: 18ad6c20d

Time (s): cpu = 00:00:00 ; elapsed = 00:00:00.027 . Memory (MB): peak = 2355.406 ; gain = 0.000

Phase 1.2 Setup Constraints And Sort Netlist
Phase 1.2 Setup Constraints And Sort Netlist | Checksum: 18ad6c20d

Time (s): cpu = 00:00:00 ; elapsed = 00:00:00.032 . Memory (MB): peak = 2355.406 ; gain = 0.000
Phase 1 Initialization | Checksum: 18ad6c20d

Time (s): cpu = 00:00:00 ; elapsed = 00:00:00.035 . Memory (MB): peak = 2355.406 ; gain = 0.000

Phase 2 Timer Update And Timing Data Collection

Phase 2.1 Timer Update
Phase 2.1 Timer Update | Checksum: 18ad6c20d

Time (s): cpu = 00:00:00 ; elapsed = 00:00:00.060 . Memory (MB): peak = 2355.406 ; gain = 0.000

Phase 2.2 Timing Data Collection
Phase 2.2 Timing Data Collection | Checksum: 18ad6c20d

Time (s): cpu = 00:00:00 ; elapsed = 00:00:00.072 . Memory (MB): peak = 2355.406 ; gain = 0.000
Phase 2 Timer Update And Timing Data Collection | Checksum: 18ad6c20d

Time (s): cpu = 00:00:00 ; elapsed = 00:00:00.076 . Memory (MB): peak = 2355.406 ; gain = 0.000

Phase 3 Retarget
INFO: [Opt 31-138] Pushed 1 inverter(s) to 52 load pin(s).
INFO: [Opt 31-49] Retargeted 0 cell(s).
Phase 3 Retarget | Checksum: 11b51b60e

Time (s): cpu = 00:00:00 ; elapsed = 00:00:00.127 . Memory (MB): peak = 2355.406 ; gain = 0.000
Retarget | Checksum: 11b51b60e
INFO: [Opt 31-389] Phase Retarget created 0 cells and removed 1 cells

Phase 4 Constant propagation
INFO: [Opt 31-138] Pushed 0 inverter(s) to 0 load pin(s).
Phase 4 Constant propagation | Checksum: 11b51b60e

Time (s): cpu = 00:00:00 ; elapsed = 00:00:00.147 . Memory (MB): peak = 2355.406 ; gain = 0.000
Constant propagation | Checksum: 11b51b60e
INFO: [Opt 31-389] Phase Constant propagation created 0 cells and removed 0 cells

Phase 5 Sweep
Phase 5 Sweep | Checksum: cf6e688e

Time (s): cpu = 00:00:00 ; elapsed = 00:00:00.165 . Memory (MB): peak = 2355.406 ; gain = 0.000
Sweep | Checksum: cf6e688e
INFO: [Opt 31-389] Phase Sweep created 3 cells and removed 1 cells

Phase 6 BUFG optimization
INFO: [Opt 31-1077] Phase BUFG optimization inserted 0 global clock buffer(s) for CLOCK_LOW_FANOUT.
Phase 6 BUFG optimization | Checksum: cf6e688e

Time (s): cpu = 00:00:00 ; elapsed = 00:00:00.239 . Memory (MB): peak = 2355.406 ; gain = 0.000
BUFG optimization | Checksum: cf6e688e
INFO: [Opt 31-662] Phase BUFG optimization created 0 cells of which 0 are BUFGs and removed 0 cells.

Phase 7 Shift Register Optimization
INFO: [Opt 31-1064] SRL Remap converted 0 SRLs to 0 registers and converted 0 registers of register chains to 0 SRLs
Phase 7 Shift Register Optimization | Checksum: cf6e688e

Time (s): cpu = 00:00:00 ; elapsed = 00:00:00.248 . Memory (MB): peak = 2355.406 ; gain = 0.000
Shift Register Optimization | Checksum: cf6e688e
INFO: [Opt 31-389] Phase Shift Register Optimization created 0 cells and removed 0 cells

Phase 8 Post Processing Netlist
Phase 8 Post Processing Netlist | Checksum: cf6e688e

Time (s): cpu = 00:00:00 ; elapsed = 00:00:00.255 . Memory (MB): peak = 2355.406 ; gain = 0.000
Post Processing Netlist | Checksum: cf6e688e
INFO: [Opt 31-389] Phase Post Processing Netlist created 0 cells and removed 0 cells

Phase 9 Finalization

Phase 9.1 Finalizing Design Cores and Updating Shapes
Phase 9.1 Finalizing Design Cores and Updating Shapes | Checksum: a9877326

Time (s): cpu = 00:00:00 ; elapsed = 00:00:00.287 . Memory (MB): peak = 2355.406 ; gain = 0.000

Phase 9.2 Verifying Netlist Connectivity

Starting Connectivity Check Task

Time (s): cpu = 00:00:00 ; elapsed = 00:00:00.002 . Memory (MB): peak = 2355.406 ; gain = 0.000
Phase 9.2 Verifying Netlist Connectivity | Checksum: a9877326

Time (s): cpu = 00:00:00 ; elapsed = 00:00:00.295 . Memory (MB): peak = 2355.406 ; gain = 0.000
Phase 9 Finalization | Checksum: a9877326

Time (s): cpu = 00:00:00 ; elapsed = 00:00:00.298 . Memory (MB): peak = 2355.406 ; gain = 0.000
Opt_design Change Summary
=========================


-------------------------------------------------------------------------------------------------------------------------
|  Phase                        |  #Cells created  |  #Cells Removed  |  #Constrained objects preventing optimizations  |
-------------------------------------------------------------------------------------------------------------------------
|  Retarget                     |               0  |               1  |                                              0  |
|  Constant propagation         |               0  |               0  |                                              0  |
|  Sweep                        |               3  |               1  |                                              0  |
|  BUFG optimization            |               0  |               0  |                                              0  |
|  Shift Register Optimization  |               0  |               0  |                                              0  |
|  Post Processing Netlist      |               0  |               0  |                                              0  |
-------------------------------------------------------------------------------------------------------------------------


Ending Logic Optimization Task | Checksum: a9877326

Time (s): cpu = 00:00:00 ; elapsed = 00:00:00.312 . Memory (MB): peak = 2355.406 ; gain = 0.000
INFO: [Constraints 18-11670] Building netlist checker database with flags, 0x8
Done building netlist checker database: Time (s): cpu = 00:00:00 ; elapsed = 00:00:00 . Memory (MB): peak = 2355.406 ; gain = 0.000

Starting Power Optimization Task
INFO: [Pwropt 34-132] Skipping clock gating for clocks with a period < 2.00 ns.
Ending Power Optimization Task | Checksum: a9877326

Time (s): cpu = 00:00:00 ; elapsed = 00:00:00.022 . Memory (MB): peak = 2355.406 ; gain = 0.000

Starting Final Cleanup Task
Ending Final Cleanup Task | Checksum: a9877326

Time (s): cpu = 00:00:00 ; elapsed = 00:00:00.002 . Memory (MB): peak = 2355.406 ; gain = 0.000

Starting Netlist Obfuscation Task
Netlist sorting complete. Time (s): cpu = 00:00:00 ; elapsed = 00:00:00 . Memory (MB): peak = 2355.406 ; gain = 0.000
Ending Netlist Obfuscation Task | Checksum: a9877326

Time (s): cpu = 00:00:00 ; elapsed = 00:00:00.003 . Memory (MB): peak = 2355.406 ; gain = 0.000
INFO: [Common 17-83] Releasing license: Implementation
27 Infos, 0 Warnings, 0 Critical Warnings and 0 Errors encountered.
opt_design completed successfully
opt_design: Time (s): cpu = 00:00:16 ; elapsed = 00:00:13 . Memory (MB): peak = 2355.406 ; gain = 382.383
INFO: [runtcl-4] Executing : report_drc -file ft600_16B_loopback_drc_opted.rpt -pb ft600_16B_loopback_drc_opted.pb -rpx ft600_16B_loopback_drc_opted.rpx
Command: report_drc -file ft600_16B_loopback_drc_opted.rpt -pb ft600_16B_loopback_drc_opted.pb -rpx ft600_16B_loopback_drc_opted.rpx
INFO: [IP_Flow 19-234] Refreshing IP repositories
INFO: [IP_Flow 19-1704] No user IP repositories specified
INFO: [IP_Flow 19-2313] Loaded Vivado IP repository 'C:/Xilinx/Vivado/2023.2/data/ip'.
INFO: [DRC 23-27] Running DRC with 2 threads
INFO: [Vivado_Tcl 2-168] The results of DRC are in file C:/Users/micha/OneDrive/Desktop/DICE/Hardware/FPGA/FT600_Ground_Up/Project/FT600_Ground_Up.runs/impl_1/ft600_16B_loopback_drc_opted.rpt.
report_drc completed successfully
report_drc: Time (s): cpu = 00:00:06 ; elapsed = 00:00:05 . Memory (MB): peak = 2382.188 ; gain = 26.781
INFO: [Timing 38-480] Writing timing data to binary archive.
Write ShapeDB Complete: Time (s): cpu = 00:00:01 ; elapsed = 00:00:00.045 . Memory (MB): peak = 2382.188 ; gain = 0.000
Wrote PlaceDB: Time (s): cpu = 00:00:00 ; elapsed = 00:00:00.058 . Memory (MB): peak = 2382.188 ; gain = 0.000
Wrote PulsedLatchDB: Time (s): cpu = 00:00:00 ; elapsed = 00:00:00 . Memory (MB): peak = 2382.188 ; gain = 0.000
Writing XDEF routing.
Writing XDEF routing logical nets.
Writing XDEF routing special nets.
Wrote RouteStorage: Time (s): cpu = 00:00:00 ; elapsed = 00:00:00.148 . Memory (MB): peak = 2382.188 ; gain = 0.000
Wrote Netlist Cache: Time (s): cpu = 00:00:00 ; elapsed = 00:00:00.001 . Memory (MB): peak = 2382.188 ; gain = 0.000
Wrote Device Cache: Time (s): cpu = 00:00:00 ; elapsed = 00:00:00.192 . Memory (MB): peak = 2382.188 ; gain = 0.000
Write Physdb Complete: Time (s): cpu = 00:00:00 ; elapsed = 00:00:00.449 . Memory (MB): peak = 2382.188 ; gain = 0.000
INFO: [Common 17-1381] The checkpoint 'C:/Users/micha/OneDrive/Desktop/DICE/Hardware/FPGA/FT600_Ground_Up/Project/FT600_Ground_Up.runs/impl_1/ft600_16B_loopback_opt.dcp' has been generated.
Command: place_design
Attempting to get a license for feature 'Implementation' and/or device 'xcku3p'
INFO: [Common 17-349] Got license for feature 'Implementation' and/or device 'xcku3p'
INFO: [Common 17-83] Releasing license: Implementation
INFO: [DRC 23-27] Running DRC with 2 threads
INFO: [Vivado_Tcl 4-198] DRC finished with 0 Errors
INFO: [Vivado_Tcl 4-199] Please refer to the DRC report (report_drc) for more information.
Running DRC as a precondition to command place_design
INFO: [DRC 23-27] Running DRC with 2 threads
INFO: [Vivado_Tcl 4-198] DRC finished with 0 Errors
INFO: [Vivado_Tcl 4-199] Please refer to the DRC report (report_drc) for more information.
INFO: [Place 30-611] Multithreading enabled for place_design using a maximum of 2 CPUs

Starting Placer Task

Phase 1 Placer Initialization

Phase 1.1 Placer Initialization Netlist Sorting
Netlist sorting complete. Time (s): cpu = 00:00:00 ; elapsed = 00:00:00.001 . Memory (MB): peak = 2382.648 ; gain = 0.000
Phase 1.1 Placer Initialization Netlist Sorting | Checksum: 23dfc3f0

Time (s): cpu = 00:00:00 ; elapsed = 00:00:00.006 . Memory (MB): peak = 2382.648 ; gain = 0.000
Netlist sorting complete. Time (s): cpu = 00:00:00 ; elapsed = 00:00:00 . Memory (MB): peak = 2382.648 ; gain = 0.000

Phase 1.2 IO Placement/ Clock Placement/ Build Placer Device
INFO: [Timing 38-35] Done setting XDC timing constraints.
Phase 1.2 IO Placement/ Clock Placement/ Build Placer Device | Checksum: f0d087b9

Time (s): cpu = 00:01:02 ; elapsed = 00:01:09 . Memory (MB): peak = 3731.328 ; gain = 1348.680

Phase 1.3 Build Placer Netlist Model
Phase 1.3 Build Placer Netlist Model | Checksum: 1cf19e011

Time (s): cpu = 00:01:09 ; elapsed = 00:01:15 . Memory (MB): peak = 3731.328 ; gain = 1348.680

Phase 1.4 Constrain Clocks/Macros
Phase 1.4 Constrain Clocks/Macros | Checksum: 1cf19e011

Time (s): cpu = 00:01:09 ; elapsed = 00:01:15 . Memory (MB): peak = 3731.328 ; gain = 1348.680
Phase 1 Placer Initialization | Checksum: 1cf19e011

Time (s): cpu = 00:01:09 ; elapsed = 00:01:15 . Memory (MB): peak = 3731.328 ; gain = 1348.680

Phase 2 Global Placement

Phase 2.1 Floorplanning

Phase 2.1.1 Partition Driven Placement

Phase 2.1.1.1 PBP: Partition Driven Placement
Phase 2.1.1.1 PBP: Partition Driven Placement | Checksum: 12244fc95

Time (s): cpu = 00:01:09 ; elapsed = 00:01:16 . Memory (MB): peak = 3731.328 ; gain = 1348.680

Phase 2.1.1.2 PBP: Clock Region Placement
INFO: [Place 30-3162] Check ILP status : ILP-based clock placer completed successfully.
Phase 2.1.1.2 PBP: Clock Region Placement | Checksum: 12244fc95

Time (s): cpu = 00:01:09 ; elapsed = 00:01:16 . Memory (MB): peak = 3731.328 ; gain = 1348.680

Phase 2.1.1.3 PBP: Compute Congestion
Phase 2.1.1.3 PBP: Compute Congestion | Checksum: 12244fc95

Time (s): cpu = 00:01:41 ; elapsed = 00:01:33 . Memory (MB): peak = 3731.328 ; gain = 1348.680

Phase 2.1.1.4 PBP: UpdateTiming
Phase 2.1.1.4 PBP: UpdateTiming | Checksum: 18af9a148

Time (s): cpu = 00:01:41 ; elapsed = 00:01:33 . Memory (MB): peak = 3731.328 ; gain = 1348.680

Phase 2.1.1.5 PBP: Add part constraints
Phase 2.1.1.5 PBP: Add part constraints | Checksum: 18af9a148

Time (s): cpu = 00:01:41 ; elapsed = 00:01:33 . Memory (MB): peak = 3731.328 ; gain = 1348.680
Phase 2.1.1 Partition Driven Placement | Checksum: 18af9a148

Time (s): cpu = 00:01:41 ; elapsed = 00:01:33 . Memory (MB): peak = 3731.328 ; gain = 1348.680
Phase 2.1 Floorplanning | Checksum: 16cee5883

Time (s): cpu = 00:01:41 ; elapsed = 00:01:33 . Memory (MB): peak = 3731.328 ; gain = 1348.680

Phase 2.2 Update Timing before SLR Path Opt
Phase 2.2 Update Timing before SLR Path Opt | Checksum: 16cee5883

Time (s): cpu = 00:01:41 ; elapsed = 00:01:33 . Memory (MB): peak = 3731.328 ; gain = 1348.680

Phase 2.3 Post-Processing in Floorplanning
Phase 2.3 Post-Processing in Floorplanning | Checksum: 16cee5883

Time (s): cpu = 00:01:41 ; elapsed = 00:01:33 . Memory (MB): peak = 3731.328 ; gain = 1348.680

Phase 2.4 Global Placement Core

Phase 2.4.1 UpdateTiming Before Physical Synthesis
Phase 2.4.1 UpdateTiming Before Physical Synthesis | Checksum: 1dae29259

Time (s): cpu = 00:03:08 ; elapsed = 00:02:22 . Memory (MB): peak = 3731.328 ; gain = 1348.680

Phase 2.4.2 Physical Synthesis In Placer
INFO: [Physopt 32-1035] Found 0 LUTNM shape to break, 6 LUT instances to create LUTNM shape
INFO: [Physopt 32-1044] Break lutnm for timing: one critical 0, two critical 0, total 0, new lutff created 0
INFO: [Physopt 32-1138] End 1 Pass. Optimized 2 nets or LUTs. Breaked 0 LUT, combined 2 existing LUTs and moved 0 existing LUT
INFO: [Physopt 32-69] No nets found for rewiring optimization.
INFO: [Physopt 32-661] Optimized 0 net.  Re-placed 0 instance.
INFO: [Physopt 32-775] End 1 Pass. Optimized 0 net or cell. Created 0 new cell, deleted 0 existing cell and moved 0 existing cell
INFO: [Physopt 32-65] No nets found for high-fanout optimization.
INFO: [Physopt 32-232] Optimized 0 net. Created 0 new instance.
INFO: [Physopt 32-775] End 1 Pass. Optimized 0 net or cell. Created 0 new cell, deleted 0 existing cell and moved 0 existing cell
INFO: [Physopt 32-670] No setup violation found.  DSP Register Optimization was not performed.
INFO: [Physopt 32-670] No setup violation found.  Shift Register to Pipeline Optimization was not performed.
INFO: [Physopt 32-670] No setup violation found.  Shift Register Optimization was not performed.
INFO: [Physopt 32-670] No setup violation found.  BRAM Register Optimization was not performed.
INFO: [Physopt 32-670] No setup violation found.  URAM Register Optimization was not performed.
INFO: [Physopt 32-949] No candidate nets found for dynamic/static region interface net replication
INFO: [Physopt 32-775] End 1 Pass. Optimized 0 net or cell. Created 0 new cell, deleted 0 existing cell and moved 0 existing cell
Netlist sorting complete. Time (s): cpu = 00:00:00 ; elapsed = 00:00:00.001 . Memory (MB): peak = 3731.328 ; gain = 0.000

Summary of Physical Synthesis Optimizations
============================================


-----------------------------------------------------------------------------------------------------------------------------------------------------------
|  Optimization                                     |  Added Cells  |  Removed Cells  |  Optimized Cells/Nets  |  Dont Touch  |  Iterations  |  Elapsed   |
-----------------------------------------------------------------------------------------------------------------------------------------------------------
|  LUT Combining                                    |            0  |              2  |                     2  |           0  |           1  |  00:00:00  |
|  Retime                                           |            0  |              0  |                     0  |           0  |           1  |  00:00:00  |
|  Equivalent Driver Rewiring                       |            0  |              0  |                     0  |           0  |           1  |  00:00:00  |
|  Very High Fanout                                 |            0  |              0  |                     0  |           0  |           1  |  00:00:00  |
|  DSP Register                                     |            0  |              0  |                     0  |           0  |           0  |  00:00:00  |
|  Shift Register to Pipeline                       |            0  |              0  |                     0  |           0  |           0  |  00:00:00  |
|  Shift Register                                   |            0  |              0  |                     0  |           0  |           0  |  00:00:00  |
|  BRAM Register                                    |            0  |              0  |                     0  |           0  |           0  |  00:00:00  |
|  URAM Register                                    |            0  |              0  |                     0  |           0  |           0  |  00:00:00  |
|  Dynamic/Static Region Interface Net Replication  |            0  |              0  |                     0  |           0  |           1  |  00:00:00  |
|  Total                                            |            0  |              2  |                     2  |           0  |           5  |  00:00:00  |
-----------------------------------------------------------------------------------------------------------------------------------------------------------


Phase 2.4.2 Physical Synthesis In Placer | Checksum: c578201f

Time (s): cpu = 00:03:08 ; elapsed = 00:02:22 . Memory (MB): peak = 3731.328 ; gain = 1348.680
Phase 2.4 Global Placement Core | Checksum: 1720e7d36

Time (s): cpu = 00:03:39 ; elapsed = 00:02:38 . Memory (MB): peak = 3731.328 ; gain = 1348.680
Phase 2 Global Placement | Checksum: 1720e7d36

Time (s): cpu = 00:03:39 ; elapsed = 00:02:38 . Memory (MB): peak = 3731.328 ; gain = 1348.680

Phase 3 Detail Placement

Phase 3.1 Commit Multi Column Macros
Phase 3.1 Commit Multi Column Macros | Checksum: 14acad425

Time (s): cpu = 00:04:11 ; elapsed = 00:02:56 . Memory (MB): peak = 3731.328 ; gain = 1348.680

Phase 3.2 Commit Most Macros & LUTRAMs
Phase 3.2 Commit Most Macros & LUTRAMs | Checksum: cab6c904

Time (s): cpu = 00:04:11 ; elapsed = 00:02:57 . Memory (MB): peak = 3731.328 ; gain = 1348.680

Phase 3.3 Small Shape DP

Phase 3.3.1 Small Shape Clustering
Phase 3.3.1 Small Shape Clustering | Checksum: 131bb039e

Time (s): cpu = 00:05:18 ; elapsed = 00:03:33 . Memory (MB): peak = 3731.328 ; gain = 1348.680

Phase 3.3.2 Slice Area Swap

Phase 3.3.2.1 Slice Area Swap Initial
Phase 3.3.2.1 Slice Area Swap Initial | Checksum: c57d68c3

Time (s): cpu = 00:05:48 ; elapsed = 00:03:49 . Memory (MB): peak = 3731.328 ; gain = 1348.680
Phase 3.3.2 Slice Area Swap | Checksum: c57d68c3

Time (s): cpu = 00:05:48 ; elapsed = 00:03:49 . Memory (MB): peak = 3731.328 ; gain = 1348.680
Phase 3.3 Small Shape DP | Checksum: 118ddc1fb

Time (s): cpu = 00:06:45 ; elapsed = 00:04:21 . Memory (MB): peak = 3731.328 ; gain = 1348.680

Phase 3.4 Re-assign LUT pins
Phase 3.4 Re-assign LUT pins | Checksum: 199d3b577

Time (s): cpu = 00:06:45 ; elapsed = 00:04:21 . Memory (MB): peak = 3731.328 ; gain = 1348.680

Phase 3.5 Pipeline Register Optimization
Phase 3.5 Pipeline Register Optimization | Checksum: 14acdaa97

Time (s): cpu = 00:06:45 ; elapsed = 00:04:21 . Memory (MB): peak = 3731.328 ; gain = 1348.680
Phase 3 Detail Placement | Checksum: 14acdaa97

Time (s): cpu = 00:06:45 ; elapsed = 00:04:21 . Memory (MB): peak = 3731.328 ; gain = 1348.680

Phase 4 Post Placement Optimization and Clean-Up

Phase 4.1 Post Commit Optimization
INFO: [Timing 38-35] Done setting XDC timing constraints.

Phase 4.1.1 Post Placement Optimization
Post Placement Optimization Initialization | Checksum: 257eca86e

Phase 4.1.1.1 BUFG Insertion

Starting Physical Synthesis Task

Phase 1 Physical Synthesis Initialization
INFO: [Physopt 32-721] Multithreading enabled for phys_opt_design using a maximum of 2 CPUs
INFO: [Physopt 32-619] Estimated Timing Summary | WNS=3.185 | TNS=0.000 |
Phase 1 Physical Synthesis Initialization | Checksum: 2246a1234

Time (s): cpu = 00:00:00 ; elapsed = 00:00:00.088 . Memory (MB): peak = 3731.328 ; gain = 0.000
INFO: [Place 46-56] BUFG insertion identified 0 candidate nets. Inserted BUFG: 0, Replicated BUFG Driver: 0, Skipped due to Placement/Routing Conflicts: 0, Skipped due to Timing Degradation: 0, Skipped due to netlist editing failed: 0.
Ending Physical Synthesis Task | Checksum: 2246a1234

Time (s): cpu = 00:00:00 ; elapsed = 00:00:00.103 . Memory (MB): peak = 3731.328 ; gain = 0.000
Phase 4.1.1.1 BUFG Insertion | Checksum: 257eca86e

Time (s): cpu = 00:07:21 ; elapsed = 00:04:45 . Memory (MB): peak = 3731.328 ; gain = 1348.680

Phase 4.1.1.2 Post Placement Timing Optimization
INFO: [Place 30-746] Post Placement Timing Summary WNS=3.185. For the most accurate timing information please run report_timing.
Phase 4.1.1.2 Post Placement Timing Optimization | Checksum: 1c2bc9a79

Time (s): cpu = 00:07:21 ; elapsed = 00:04:45 . Memory (MB): peak = 3731.328 ; gain = 1348.680

Time (s): cpu = 00:07:21 ; elapsed = 00:04:45 . Memory (MB): peak = 3731.328 ; gain = 1348.680
Phase 4.1 Post Commit Optimization | Checksum: 1c2bc9a79

Time (s): cpu = 00:07:21 ; elapsed = 00:04:45 . Memory (MB): peak = 3731.328 ; gain = 1348.680
Netlist sorting complete. Time (s): cpu = 00:00:00 ; elapsed = 00:00:00 . Memory (MB): peak = 3731.328 ; gain = 0.000

Phase 4.2 Post Placement Cleanup
Phase 4.2 Post Placement Cleanup | Checksum: 281429155

Time (s): cpu = 00:08:04 ; elapsed = 00:05:13 . Memory (MB): peak = 3731.328 ; gain = 1348.680

Phase 4.3 Placer Reporting

Phase 4.3.1 Print Estimated Congestion
INFO: [Place 30-612] Post-Placement Estimated Congestion 
 ________________________________________________________________________
|           | Global Congestion | Long Congestion   | Short Congestion  |
| Direction | Region Size       | Region Size       | Region Size       |
|___________|___________________|___________________|___________________|
|      North|                1x1|                1x1|                1x1|
|___________|___________________|___________________|___________________|
|      South|                1x1|                1x1|                1x1|
|___________|___________________|___________________|___________________|
|       East|                1x1|                1x1|                1x1|
|___________|___________________|___________________|___________________|
|       West|                1x1|                1x1|                1x1|
|___________|___________________|___________________|___________________|

Phase 4.3.1 Print Estimated Congestion | Checksum: 281429155

Time (s): cpu = 00:08:04 ; elapsed = 00:05:13 . Memory (MB): peak = 3731.328 ; gain = 1348.680
Phase 4.3 Placer Reporting | Checksum: 281429155

Time (s): cpu = 00:08:04 ; elapsed = 00:05:13 . Memory (MB): peak = 3731.328 ; gain = 1348.680

Phase 4.4 Final Placement Cleanup
Netlist sorting complete. Time (s): cpu = 00:00:00 ; elapsed = 00:00:00 . Memory (MB): peak = 3731.328 ; gain = 0.000

Time (s): cpu = 00:08:04 ; elapsed = 00:05:14 . Memory (MB): peak = 3731.328 ; gain = 1348.680
Phase 4 Post Placement Optimization and Clean-Up | Checksum: 1c6a8eb6f

Time (s): cpu = 00:08:04 ; elapsed = 00:05:14 . Memory (MB): peak = 3731.328 ; gain = 1348.680
Ending Placer Task | Checksum: 1a2aeb3f4

Time (s): cpu = 00:08:04 ; elapsed = 00:05:14 . Memory (MB): peak = 3731.328 ; gain = 1348.680
68 Infos, 0 Warnings, 0 Critical Warnings and 0 Errors encountered.
place_design completed successfully
place_design: Time (s): cpu = 00:08:12 ; elapsed = 00:05:18 . Memory (MB): peak = 3731.328 ; gain = 1349.141
INFO: [runtcl-4] Executing : report_io -file ft600_16B_loopback_io_placed.rpt
report_io: Time (s): cpu = 00:00:00 ; elapsed = 00:00:00.295 . Memory (MB): peak = 3731.328 ; gain = 0.000
INFO: [runtcl-4] Executing : report_utilization -file ft600_16B_loopback_utilization_placed.rpt -pb ft600_16B_loopback_utilization_placed.pb
INFO: [runtcl-4] Executing : report_control_sets -verbose -file ft600_16B_loopback_control_sets_placed.rpt
report_control_sets: Time (s): cpu = 00:00:00 ; elapsed = 00:00:00.009 . Memory (MB): peak = 3731.328 ; gain = 0.000
INFO: [Timing 38-480] Writing timing data to binary archive.
Wrote PlaceDB: Time (s): cpu = 00:00:00 ; elapsed = 00:00:00.054 . Memory (MB): peak = 3731.328 ; gain = 0.000
Write ShapeDB Complete: Time (s): cpu = 00:00:00 ; elapsed = 00:00:00.097 . Memory (MB): peak = 3731.328 ; gain = 0.000
Wrote PulsedLatchDB: Time (s): cpu = 00:00:00 ; elapsed = 00:00:00.001 . Memory (MB): peak = 3731.328 ; gain = 0.000
Writing XDEF routing.
Writing XDEF routing logical nets.
Writing XDEF routing special nets.
Wrote RouteStorage: Time (s): cpu = 00:00:00 ; elapsed = 00:00:00.193 . Memory (MB): peak = 3731.328 ; gain = 0.000
Wrote Netlist Cache: Time (s): cpu = 00:00:00 ; elapsed = 00:00:00.002 . Memory (MB): peak = 3731.328 ; gain = 0.000
Wrote Device Cache: Time (s): cpu = 00:00:00 ; elapsed = 00:00:00.306 . Memory (MB): peak = 3731.328 ; gain = 0.000
Write Physdb Complete: Time (s): cpu = 00:00:00 ; elapsed = 00:00:00.658 . Memory (MB): peak = 3731.328 ; gain = 0.000
INFO: [Common 17-1381] The checkpoint 'C:/Users/micha/OneDrive/Desktop/DICE/Hardware/FPGA/FT600_Ground_Up/Project/FT600_Ground_Up.runs/impl_1/ft600_16B_loopback_placed.dcp' has been generated.
Command: phys_opt_design
Attempting to get a license for feature 'Implementation' and/or device 'xcku3p'
INFO: [Common 17-349] Got license for feature 'Implementation' and/or device 'xcku3p'

Starting Initial Update Timing Task

Time (s): cpu = 00:00:03 ; elapsed = 00:00:04 . Memory (MB): peak = 3731.328 ; gain = 0.000
INFO: [Vivado_Tcl 4-383] Design worst setup slack (WNS) is greater than or equal to 0.000 ns. Skipping all physical synthesis optimizations.
INFO: [Vivado_Tcl 4-232] No setup violation found. The netlist was not modified.
INFO: [Common 17-83] Releasing license: Implementation
77 Infos, 0 Warnings, 0 Critical Warnings and 0 Errors encountered.
phys_opt_design completed successfully
INFO: [Timing 38-480] Writing timing data to binary archive.
Write ShapeDB Complete: Time (s): cpu = 00:00:00 ; elapsed = 00:00:00.057 . Memory (MB): peak = 3731.328 ; gain = 0.000
Wrote PlaceDB: Time (s): cpu = 00:00:00 ; elapsed = 00:00:00.102 . Memory (MB): peak = 3731.328 ; gain = 0.000
Wrote PulsedLatchDB: Time (s): cpu = 00:00:00 ; elapsed = 00:00:00 . Memory (MB): peak = 3731.328 ; gain = 0.000
Writing XDEF routing.
Writing XDEF routing logical nets.
Writing XDEF routing special nets.
Wrote RouteStorage: Time (s): cpu = 00:00:00 ; elapsed = 00:00:00.155 . Memory (MB): peak = 3731.328 ; gain = 0.000
Wrote Netlist Cache: Time (s): cpu = 00:00:00 ; elapsed = 00:00:00.004 . Memory (MB): peak = 3731.328 ; gain = 0.000
Wrote Device Cache: Time (s): cpu = 00:00:00 ; elapsed = 00:00:00.138 . Memory (MB): peak = 3731.328 ; gain = 0.000
Write Physdb Complete: Time (s): cpu = 00:00:00 ; elapsed = 00:00:00.459 . Memory (MB): peak = 3731.328 ; gain = 0.000
INFO: [Common 17-1381] The checkpoint 'C:/Users/micha/OneDrive/Desktop/DICE/Hardware/FPGA/FT600_Ground_Up/Project/FT600_Ground_Up.runs/impl_1/ft600_16B_loopback_physopt.dcp' has been generated.
Command: route_design
Attempting to get a license for feature 'Implementation' and/or device 'xcku3p'
INFO: [Common 17-349] Got license for feature 'Implementation' and/or device 'xcku3p'
Running DRC as a precondition to command route_design
INFO: [DRC 23-27] Running DRC with 2 threads
INFO: [Vivado_Tcl 4-198] DRC finished with 0 Errors
INFO: [Vivado_Tcl 4-199] Please refer to the DRC report (report_drc) for more information.


Starting Routing Task
INFO: [Route 35-254] Multithreading enabled for route_design using a maximum of 8 CPUs

Phase 1 Build RT Design
Checksum: PlaceDB: d50906ed ConstDB: 0 ShapeSum: f1fb62b RouteDB: be85f6dc
Nodegraph reading from file.  Time (s): cpu = 00:00:02 ; elapsed = 00:00:03 . Memory (MB): peak = 3731.328 ; gain = 0.000
Post Restoration Checksum: NetGraph: 99306a96 | NumContArr: 7ffb687b | Constraints: fe8fb19d | Timing: c2a8fa9d
Phase 1 Build RT Design | Checksum: 2da647f4b

Time (s): cpu = 00:00:13 ; elapsed = 00:00:14 . Memory (MB): peak = 3731.328 ; gain = 0.000

Phase 2 Router Initialization

Phase 2.1 Fix Topology Constraints
Phase 2.1 Fix Topology Constraints | Checksum: 2da647f4b

Time (s): cpu = 00:00:13 ; elapsed = 00:00:14 . Memory (MB): peak = 3731.328 ; gain = 0.000

Phase 2.2 Pre Route Cleanup
Phase 2.2 Pre Route Cleanup | Checksum: 2da647f4b

Time (s): cpu = 00:00:13 ; elapsed = 00:00:14 . Memory (MB): peak = 3731.328 ; gain = 0.000

Phase 2.3 Global Clock Net Routing
 Number of Nodes with overlaps = 0
Phase 2.3 Global Clock Net Routing | Checksum: 2b6338fda

Time (s): cpu = 00:00:16 ; elapsed = 00:00:15 . Memory (MB): peak = 3802.484 ; gain = 71.156

Phase 2.4 Update Timing
Phase 2.4 Update Timing | Checksum: 257e2b946

Time (s): cpu = 00:00:16 ; elapsed = 00:00:15 . Memory (MB): peak = 3802.484 ; gain = 71.156
INFO: [Route 35-416] Intermediate Timing Summary | WNS=2.926  | TNS=0.000  | WHS=-0.004 | THS=-0.033 |


Router Utilization Summary
  Global Vertical Routing Utilization    = 0 %
  Global Horizontal Routing Utilization  = 0 %
  Routable Net Status*
  *Does not include unroutable nets such as driverless and loadless.
  Run report_route_status for detailed report.
  Number of Failed Nets               = 144
    (Failed Nets is the sum of unrouted and partially routed nets)
  Number of Unrouted Nets             = 127
  Number of Partially Routed Nets     = 17
  Number of Node Overlaps             = 0

Phase 2 Router Initialization | Checksum: 31c764361

Time (s): cpu = 00:00:19 ; elapsed = 00:00:17 . Memory (MB): peak = 3809.051 ; gain = 77.723

Phase 3 Initial Routing

Phase 3.1 Global Routing
Phase 3.1 Global Routing | Checksum: 31c764361

Time (s): cpu = 00:00:19 ; elapsed = 00:00:17 . Memory (MB): peak = 3809.051 ; gain = 77.723

Phase 3.2 Initial Net Routing
Phase 3.2 Initial Net Routing | Checksum: 1f7e54bd2

Time (s): cpu = 00:00:23 ; elapsed = 00:00:18 . Memory (MB): peak = 3809.051 ; gain = 77.723
Phase 3 Initial Routing | Checksum: 1f94aee00

Time (s): cpu = 00:00:23 ; elapsed = 00:00:18 . Memory (MB): peak = 3809.051 ; gain = 77.723

Phase 4 Rip-up And Reroute

Phase 4.1 Global Iteration 0
 Number of Nodes with overlaps = 4
 Number of Nodes with overlaps = 0
INFO: [Route 35-416] Intermediate Timing Summary | WNS=2.732  | TNS=0.000  | WHS=0.042  | THS=0.000  |

Phase 4.1 Global Iteration 0 | Checksum: 1c464192e

Time (s): cpu = 00:00:23 ; elapsed = 00:00:18 . Memory (MB): peak = 3809.051 ; gain = 77.723

Phase 4.2 Additional Iteration for Hold
Phase 4.2 Additional Iteration for Hold | Checksum: 1cd24223e

Time (s): cpu = 00:00:23 ; elapsed = 00:00:18 . Memory (MB): peak = 3809.051 ; gain = 77.723
Phase 4 Rip-up And Reroute | Checksum: 1cd24223e

Time (s): cpu = 00:00:23 ; elapsed = 00:00:18 . Memory (MB): peak = 3809.051 ; gain = 77.723

Phase 5 Delay and Skew Optimization

Phase 5.1 Delay CleanUp
Phase 5.1 Delay CleanUp | Checksum: 1e3765fe0

Time (s): cpu = 00:00:23 ; elapsed = 00:00:18 . Memory (MB): peak = 3809.051 ; gain = 77.723

Phase 5.2 Clock Skew Optimization
Phase 5.2 Clock Skew Optimization | Checksum: 1e3765fe0

Time (s): cpu = 00:00:23 ; elapsed = 00:00:18 . Memory (MB): peak = 3809.051 ; gain = 77.723
Phase 5 Delay and Skew Optimization | Checksum: 1e3765fe0

Time (s): cpu = 00:00:23 ; elapsed = 00:00:18 . Memory (MB): peak = 3809.051 ; gain = 77.723

Phase 6 Post Hold Fix

Phase 6.1 Hold Fix Iter

Phase 6.1.1 Update Timing
Phase 6.1.1 Update Timing | Checksum: 16eb86d90

Time (s): cpu = 00:00:23 ; elapsed = 00:00:18 . Memory (MB): peak = 3809.051 ; gain = 77.723
INFO: [Route 35-416] Intermediate Timing Summary | WNS=2.732  | TNS=0.000  | WHS=0.042  | THS=0.000  |

Phase 6.1 Hold Fix Iter | Checksum: 16eb86d90

Time (s): cpu = 00:00:23 ; elapsed = 00:00:18 . Memory (MB): peak = 3809.051 ; gain = 77.723
Phase 6 Post Hold Fix | Checksum: 16eb86d90

Time (s): cpu = 00:00:23 ; elapsed = 00:00:18 . Memory (MB): peak = 3809.051 ; gain = 77.723

Phase 7 Route finalize

Router Utilization Summary
  Global Vertical Routing Utilization    = 0.0119822 %
  Global Horizontal Routing Utilization  = 0.00413872 %
  Routable Net Status*
  *Does not include unroutable nets such as driverless and loadless.
  Run report_route_status for detailed report.
  Number of Failed Nets               = 0
    (Failed Nets is the sum of unrouted and partially routed nets)
  Number of Unrouted Nets             = 0
  Number of Partially Routed Nets     = 0
  Number of Node Overlaps             = 0

Phase 7 Route finalize | Checksum: 16eb86d90

Time (s): cpu = 00:00:24 ; elapsed = 00:00:19 . Memory (MB): peak = 3809.051 ; gain = 77.723

Phase 8 Verifying routed nets

 Verification completed successfully
Phase 8 Verifying routed nets | Checksum: 16eb86d90

Time (s): cpu = 00:00:24 ; elapsed = 00:00:19 . Memory (MB): peak = 3809.051 ; gain = 77.723

Phase 9 Depositing Routes
Phase 9 Depositing Routes | Checksum: 16eb86d90

Time (s): cpu = 00:00:24 ; elapsed = 00:00:19 . Memory (MB): peak = 3809.051 ; gain = 77.723

Phase 10 Resolve XTalk
Phase 10 Resolve XTalk | Checksum: 16eb86d90

Time (s): cpu = 00:00:24 ; elapsed = 00:00:19 . Memory (MB): peak = 3809.051 ; gain = 77.723

Phase 11 Post Router Timing
INFO: [Route 35-57] Estimated Timing Summary | WNS=2.732  | TNS=0.000  | WHS=0.042  | THS=0.000  |

INFO: [Route 35-327] The final timing numbers are based on the router estimated timing analysis. For a complete and accurate timing signoff, please run report_timing_summary.
Phase 11 Post Router Timing | Checksum: 16eb86d90

Time (s): cpu = 00:00:24 ; elapsed = 00:00:19 . Memory (MB): peak = 3809.051 ; gain = 77.723
INFO: [Route 35-16] Router Completed Successfully

Phase 12 Post-Route Event Processing
Phase 12 Post-Route Event Processing | Checksum: cf6ac757

Time (s): cpu = 00:00:24 ; elapsed = 00:00:19 . Memory (MB): peak = 3809.051 ; gain = 77.723
Ending Routing Task | Checksum: cf6ac757

Time (s): cpu = 00:00:24 ; elapsed = 00:00:19 . Memory (MB): peak = 3809.051 ; gain = 77.723

Routing Is Done.
INFO: [Common 17-83] Releasing license: Implementation
91 Infos, 0 Warnings, 0 Critical Warnings and 0 Errors encountered.
route_design completed successfully
route_design: Time (s): cpu = 00:00:31 ; elapsed = 00:00:23 . Memory (MB): peak = 3809.051 ; gain = 77.723
INFO: [runtcl-4] Executing : report_drc -file ft600_16B_loopback_drc_routed.rpt -pb ft600_16B_loopback_drc_routed.pb -rpx ft600_16B_loopback_drc_routed.rpx
Command: report_drc -file ft600_16B_loopback_drc_routed.rpt -pb ft600_16B_loopback_drc_routed.pb -rpx ft600_16B_loopback_drc_routed.rpx
INFO: [IP_Flow 19-1839] IP Catalog is up to date.
INFO: [DRC 23-27] Running DRC with 2 threads
INFO: [Vivado_Tcl 2-168] The results of DRC are in file C:/Users/micha/OneDrive/Desktop/DICE/Hardware/FPGA/FT600_Ground_Up/Project/FT600_Ground_Up.runs/impl_1/ft600_16B_loopback_drc_routed.rpt.
report_drc completed successfully
INFO: [runtcl-4] Executing : report_methodology -file ft600_16B_loopback_methodology_drc_routed.rpt -pb ft600_16B_loopback_methodology_drc_routed.pb -rpx ft600_16B_loopback_methodology_drc_routed.rpx
Command: report_methodology -file ft600_16B_loopback_methodology_drc_routed.rpt -pb ft600_16B_loopback_methodology_drc_routed.pb -rpx ft600_16B_loopback_methodology_drc_routed.rpx
INFO: [Timing 38-35] Done setting XDC timing constraints.
INFO: [DRC 23-133] Running Methodology with 2 threads
INFO: [Vivado_Tcl 2-1520] The results of Report Methodology are in file C:/Users/micha/OneDrive/Desktop/DICE/Hardware/FPGA/FT600_Ground_Up/Project/FT600_Ground_Up.runs/impl_1/ft600_16B_loopback_methodology_drc_routed.rpt.
report_methodology completed successfully
report_methodology: Time (s): cpu = 00:00:09 ; elapsed = 00:00:06 . Memory (MB): peak = 3809.051 ; gain = 0.000
INFO: [runtcl-4] Executing : report_power -file ft600_16B_loopback_power_routed.rpt -pb ft600_16B_loopback_power_summary_routed.pb -rpx ft600_16B_loopback_power_routed.rpx
Command: report_power -file ft600_16B_loopback_power_routed.rpt -pb ft600_16B_loopback_power_summary_routed.pb -rpx ft600_16B_loopback_power_routed.rpx
INFO: [Timing 38-35] Done setting XDC timing constraints.
Running Vector-less Activity Propagation...

Finished Running Vector-less Activity Propagation
101 Infos, 0 Warnings, 0 Critical Warnings and 0 Errors encountered.
report_power completed successfully
INFO: [runtcl-4] Executing : report_route_status -file ft600_16B_loopback_route_status.rpt -pb ft600_16B_loopback_route_status.pb
INFO: [runtcl-4] Executing : report_timing_summary -max_paths 10 -report_unconstrained -file ft600_16B_loopback_timing_summary_routed.rpt -pb ft600_16B_loopback_timing_summary_routed.pb -rpx ft600_16B_loopback_timing_summary_routed.rpx -warn_on_violation 
INFO: [Timing 38-91] UpdateTimingParams: Speed grade: -2, Temperature grade: I, Delay Type: min_max.
INFO: [Timing 38-191] Multithreading enabled for timing update using a maximum of 2 CPUs
INFO: [runtcl-4] Executing : report_incremental_reuse -file ft600_16B_loopback_incremental_reuse_routed.rpt
INFO: [Vivado_Tcl 4-1062] Incremental flow is disabled. No incremental reuse Info to report.
INFO: [runtcl-4] Executing : report_clock_utilization -file ft600_16B_loopback_clock_utilization_routed.rpt
INFO: [runtcl-4] Executing : report_bus_skew -warn_on_violation -file ft600_16B_loopback_bus_skew_routed.rpt -pb ft600_16B_loopback_bus_skew_routed.pb -rpx ft600_16B_loopback_bus_skew_routed.rpx
INFO: [Timing 38-91] UpdateTimingParams: Speed grade: -2, Temperature grade: I, Delay Type: min_max.
INFO: [Timing 38-191] Multithreading enabled for timing update using a maximum of 2 CPUs
INFO: [Timing 38-480] Writing timing data to binary archive.
Write ShapeDB Complete: Time (s): cpu = 00:00:00 ; elapsed = 00:00:00.033 . Memory (MB): peak = 3809.051 ; gain = 0.000
Wrote PlaceDB: Time (s): cpu = 00:00:00 ; elapsed = 00:00:00.081 . Memory (MB): peak = 3809.051 ; gain = 0.000
Wrote PulsedLatchDB: Time (s): cpu = 00:00:00 ; elapsed = 00:00:00 . Memory (MB): peak = 3809.051 ; gain = 0.000
Writing XDEF routing.
Writing XDEF routing logical nets.
Writing XDEF routing special nets.
Wrote RouteStorage: Time (s): cpu = 00:00:00 ; elapsed = 00:00:00.168 . Memory (MB): peak = 3809.051 ; gain = 0.000
Wrote Netlist Cache: Time (s): cpu = 00:00:00 ; elapsed = 00:00:00.004 . Memory (MB): peak = 3809.051 ; gain = 0.000
Wrote Device Cache: Time (s): cpu = 00:00:01 ; elapsed = 00:00:00.197 . Memory (MB): peak = 3809.051 ; gain = 0.000
Write Physdb Complete: Time (s): cpu = 00:00:01 ; elapsed = 00:00:00.505 . Memory (MB): peak = 3809.051 ; gain = 0.000
INFO: [Common 17-1381] The checkpoint 'C:/Users/micha/OneDrive/Desktop/DICE/Hardware/FPGA/FT600_Ground_Up/Project/FT600_Ground_Up.runs/impl_1/ft600_16B_loopback_routed.dcp' has been generated.
INFO: [Common 17-206] Exiting Vivado at Wed Jan  8 21:59:39 2025...

*** Running vivado
    with args -log ft600_16B_loopback.vdi -applog -m64 -product Vivado -messageDb vivado.pb -mode batch -source ft600_16B_loopback.tcl -notrace


ECHO is off.
ECHO is off.

****** Vivado v2023.2 (64-bit)
  **** SW Build 4029153 on Fri Oct 13 20:14:34 MDT 2023
  **** IP Build 4028589 on Sat Oct 14 00:45:43 MDT 2023
  **** SharedData Build 4025554 on Tue Oct 10 17:18:54 MDT 2023
    ** Copyright 1986-2022 Xilinx, Inc. All Rights Reserved.
    ** Copyright 2022-2023 Advanced Micro Devices, Inc. All Rights Reserved.

source ft600_16B_loopback.tcl -notrace
Command: open_checkpoint ft600_16B_loopback_routed.dcp
INFO: [Device 21-403] Loading part xcku3p-ffva676-2-i
Netlist sorting complete. Time (s): cpu = 00:00:00 ; elapsed = 00:00:00.003 . Memory (MB): peak = 1554.094 ; gain = 0.000
INFO: [Netlist 29-17] Analyzing 27 Unisim elements for replacement
INFO: [Netlist 29-28] Unisim Transformation completed in 1 CPU seconds
INFO: [Project 1-479] Netlist was created with Vivado 2023.2
INFO: [Project 1-570] Preparing netlist for logic optimization
Read ShapeDB Complete: Time (s): cpu = 00:00:00 ; elapsed = 00:00:00.010 . Memory (MB): peak = 1617.176 ; gain = 0.203
INFO: [Timing 38-478] Restoring timing data from binary archive.
INFO: [Timing 38-479] Binary timing data restore complete.
INFO: [Project 1-856] Restoring constraints from binary archive.
INFO: [Project 1-853] Binary constraint restore complete.
INFO: [Designutils 20-5722] Start Reading Physical Databases.
Reading placement.
Read Netlist Cache: Time (s): cpu = 00:00:00 ; elapsed = 00:00:00.001 . Memory (MB): peak = 1973.809 ; gain = 0.000
Reading placer database...
Read Device Cache: Time (s): cpu = 00:00:00 ; elapsed = 00:00:00.111 . Memory (MB): peak = 1973.809 ; gain = 0.000
Read PlaceDB: Time (s): cpu = 00:00:01 ; elapsed = 00:00:00.015 . Memory (MB): peak = 1973.809 ; gain = 0.000
Read PulsedLatchDB: Time (s): cpu = 00:00:00 ; elapsed = 00:00:00.001 . Memory (MB): peak = 1973.809 ; gain = 0.000
Reading routing.
Read RouteStorage: Time (s): cpu = 00:00:00 ; elapsed = 00:00:00.041 . Memory (MB): peak = 1973.809 ; gain = 0.000
Read Physdb Files: Time (s): cpu = 00:00:01 ; elapsed = 00:00:00.213 . Memory (MB): peak = 1973.809 ; gain = 0.000
Restored from archive | CPU: 1.000000 secs | Memory: 0.000000 MB |
Finished XDEF File Restore: Time (s): cpu = 00:00:01 ; elapsed = 00:00:00.366 . Memory (MB): peak = 1973.809 ; gain = 0.000
Netlist sorting complete. Time (s): cpu = 00:00:00 ; elapsed = 00:00:00 . Memory (MB): peak = 2345.305 ; gain = 0.000
INFO: [Project 1-111] Unisim Transformation Summary:
  A total of 24 instances were transformed.
  IBUF => IBUF (IBUFCTRL, INBUF): 4 instances
  IOBUF => IOBUF (IBUFCTRL, INBUF, OBUFT): 18 instances
  RAM32M => RAM32M (inverted pins: WCLK) (RAMD32(x6), RAMS32(x2)): 1 instance 
  RAM32M16 => RAM32M16 (inverted pins: WCLK) (RAMD32(x14), RAMS32(x2)): 1 instance 

The system cannot find the path specified.
INFO: [Project 1-604] Checkpoint was created with Vivado v2023.2 (64-bit) build 4029153
open_checkpoint: Time (s): cpu = 00:01:05 ; elapsed = 00:01:19 . Memory (MB): peak = 2345.305 ; gain = 2040.895
Command: write_bitstream -force ft600_16B_loopback.bit
Attempting to get a license for feature 'Implementation' and/or device 'xcku3p'
INFO: [Common 17-349] Got license for feature 'Implementation' and/or device 'xcku3p'
Running DRC as a precondition to command write_bitstream
INFO: [IP_Flow 19-234] Refreshing IP repositories
INFO: [IP_Flow 19-1704] No user IP repositories specified
INFO: [IP_Flow 19-2313] Loaded Vivado IP repository 'C:/Xilinx/Vivado/2023.2/data/ip'.
INFO: [DRC 23-27] Running DRC with 2 threads
INFO: [Vivado 12-3199] DRC finished with 0 Errors
INFO: [Vivado 12-3200] Please refer to the DRC report (report_drc) for more information.
INFO: [Designutils 20-2272] Running write_bitstream with 2 threads.
Loading data files...
Loading site data...
Loading route data...
Processing options...
Creating bitmap...
Creating bitstream...
Writing bitstream ./ft600_16B_loopback.bit...
INFO: [Vivado 12-1842] Bitgen Completed Successfully.
INFO: [Project 1-1876] WebTalk data collection is mandatory when using a ULT device. To see the specific WebTalk data collected for your design, open the usage_statistics_webtalk.html or usage_statistics_webtalk.xml file in the implementation directory.
INFO: [Common 17-83] Releasing license: Implementation
23 Infos, 0 Warnings, 0 Critical Warnings and 0 Errors encountered.
write_bitstream completed successfully
write_bitstream: Time (s): cpu = 00:01:03 ; elapsed = 00:00:58 . Memory (MB): peak = 2719.023 ; gain = 373.719
INFO: [Common 17-206] Exiting Vivado at Wed Jan  8 22:03:34 2025...
