
*** Running vivado
    with args -log fpga_top_ft600_loopback.vds -m64 -product Vivado -mode batch -messageDb vivado.pb -notrace -source fpga_top_ft600_loopback.tcl


ECHO is off.
ECHO is off.

****** Vivado v2023.2 (64-bit)
  **** SW Build 4029153 on Fri Oct 13 20:14:34 MDT 2023
  **** IP Build 4028589 on Sat Oct 14 00:45:43 MDT 2023
  **** SharedData Build 4025554 on Tue Oct 10 17:18:54 MDT 2023
    ** Copyright 1986-2022 Xilinx, Inc. All Rights Reserved.
    ** Copyright 2022-2023 Advanced Micro Devices, Inc. All Rights Reserved.

source fpga_top_ft600_loopback.tcl -notrace
create_project: Time (s): cpu = 00:00:03 ; elapsed = 00:00:08 . Memory (MB): peak = 485.418 ; gain = 178.621
Command: read_checkpoint -auto_incremental -incremental C:/Users/micha/OneDrive/Desktop/DICE/Hardware/FPGA/FT600_Alinx_debug/Project/FT600_Alinx_debug.srcs/utils_1/imports/synth_1/fpga_top_ft600_loopback.dcp
INFO: [Vivado 12-5825] Read reference checkpoint from C:/Users/micha/OneDrive/Desktop/DICE/Hardware/FPGA/FT600_Alinx_debug/Project/FT600_Alinx_debug.srcs/utils_1/imports/synth_1/fpga_top_ft600_loopback.dcp for incremental synthesis
INFO: [Vivado 12-7989] Please ensure there are no constraint changes
Command: synth_design -top fpga_top_ft600_loopback -part xc7a35tfgg484-1
Starting synth_design
Attempting to get a license for feature 'Synthesis' and/or device 'xc7a35t'
INFO: [Common 17-349] Got license for feature 'Synthesis' and/or device 'xc7a35t'
INFO: [Device 21-403] Loading part xc7a35tfgg484-1
INFO: [Designutils 20-5440] No compile time benefit to using incremental synthesis; A full resynthesis will be run
INFO: [Designutils 20-4379] Flow is switching to default flow due to incremental criteria not met. If you would like to alter this behaviour and have the flow terminate instead, please set the following parameter config_implementation {autoIncr.Synth.RejectBehavior Terminate}
INFO: [Synth 8-7079] Multithreading enabled for synth_design using a maximum of 2 processes.
INFO: [Synth 8-7078] Launching helper process for spawning children vivado processes
INFO: [Synth 8-7075] Helper process launched with PID 21544
---------------------------------------------------------------------------------
Starting RTL Elaboration : Time (s): cpu = 00:00:03 ; elapsed = 00:00:05 . Memory (MB): peak = 1320.219 ; gain = 440.145
---------------------------------------------------------------------------------
INFO: [Synth 8-6157] synthesizing module 'fpga_top_ft600_loopback' [C:/Users/micha/OneDrive/Desktop/DICE/Hardware/FPGA/FT600_Alinx_debug/src/fpga_ft600_example/fpga_top_ft600_loopback.v:12]
INFO: [Synth 8-6157] synthesizing module 'ftdi_245fifo_top' [C:/Users/micha/OneDrive/Desktop/DICE/Hardware/FPGA/FT600_Alinx_debug/src/ftdi_245fifo/ftdi_245fifo_top.v:11]
	Parameter TX_EW bound to: 1 - type: integer 
	Parameter TX_EA bound to: 10 - type: integer 
	Parameter RX_EW bound to: 1 - type: integer 
	Parameter RX_EA bound to: 10 - type: integer 
	Parameter CHIP_TYPE bound to: FT600 - type: string 
INFO: [Synth 8-6157] synthesizing module 'resetn_sync' [C:/Users/micha/OneDrive/Desktop/DICE/Hardware/FPGA/FT600_Alinx_debug/src/ftdi_245fifo/resetn_sync.v:10]
INFO: [Synth 8-6155] done synthesizing module 'resetn_sync' (0#1) [C:/Users/micha/OneDrive/Desktop/DICE/Hardware/FPGA/FT600_Alinx_debug/src/ftdi_245fifo/resetn_sync.v:10]
INFO: [Synth 8-6157] synthesizing module 'fifo2' [C:/Users/micha/OneDrive/Desktop/DICE/Hardware/FPGA/FT600_Alinx_debug/src/ftdi_245fifo/fifo2.v:10]
	Parameter DW bound to: 19 - type: integer 
INFO: [Synth 8-6155] done synthesizing module 'fifo2' (0#1) [C:/Users/micha/OneDrive/Desktop/DICE/Hardware/FPGA/FT600_Alinx_debug/src/ftdi_245fifo/fifo2.v:10]
INFO: [Synth 8-6157] synthesizing module 'axi_stream_packing' [C:/Users/micha/OneDrive/Desktop/DICE/Hardware/FPGA/FT600_Alinx_debug/src/ftdi_245fifo/axi_stream_packing.v:10]
	Parameter EW bound to: 1 - type: integer 
	Parameter SUBMIT_IMMEDIATE bound to: 1'b1 
INFO: [Synth 8-6155] done synthesizing module 'axi_stream_packing' (0#1) [C:/Users/micha/OneDrive/Desktop/DICE/Hardware/FPGA/FT600_Alinx_debug/src/ftdi_245fifo/axi_stream_packing.v:10]
INFO: [Synth 8-6157] synthesizing module 'axi_stream_resizing' [C:/Users/micha/OneDrive/Desktop/DICE/Hardware/FPGA/FT600_Alinx_debug/src/ftdi_245fifo/axi_stream_resizing.v:10]
	Parameter IEW bound to: 1 - type: integer 
	Parameter OEW bound to: 1 - type: integer 
INFO: [Synth 8-6155] done synthesizing module 'axi_stream_resizing' (0#1) [C:/Users/micha/OneDrive/Desktop/DICE/Hardware/FPGA/FT600_Alinx_debug/src/ftdi_245fifo/axi_stream_resizing.v:10]
INFO: [Synth 8-6157] synthesizing module 'fifo_async' [C:/Users/micha/OneDrive/Desktop/DICE/Hardware/FPGA/FT600_Alinx_debug/src/ftdi_245fifo/fifo_async.v:9]
	Parameter DW bound to: 18 - type: integer 
	Parameter EA bound to: 10 - type: integer 
INFO: [Synth 8-6155] done synthesizing module 'fifo_async' (0#1) [C:/Users/micha/OneDrive/Desktop/DICE/Hardware/FPGA/FT600_Alinx_debug/src/ftdi_245fifo/fifo_async.v:9]
INFO: [Synth 8-6157] synthesizing module 'fifo2__parameterized0' [C:/Users/micha/OneDrive/Desktop/DICE/Hardware/FPGA/FT600_Alinx_debug/src/ftdi_245fifo/fifo2.v:10]
	Parameter DW bound to: 18 - type: integer 
INFO: [Synth 8-6155] done synthesizing module 'fifo2__parameterized0' (0#1) [C:/Users/micha/OneDrive/Desktop/DICE/Hardware/FPGA/FT600_Alinx_debug/src/ftdi_245fifo/fifo2.v:10]
INFO: [Synth 8-6157] synthesizing module 'fifo_delay_submit' [C:/Users/micha/OneDrive/Desktop/DICE/Hardware/FPGA/FT600_Alinx_debug/src/ftdi_245fifo/fifo_delay_submit.v:9]
	Parameter DW bound to: 18 - type: integer 
INFO: [Synth 8-6155] done synthesizing module 'fifo_delay_submit' (0#1) [C:/Users/micha/OneDrive/Desktop/DICE/Hardware/FPGA/FT600_Alinx_debug/src/ftdi_245fifo/fifo_delay_submit.v:9]
INFO: [Synth 8-6157] synthesizing module 'ftdi_245fifo_fsm' [C:/Users/micha/OneDrive/Desktop/DICE/Hardware/FPGA/FT600_Alinx_debug/src/ftdi_245fifo/ftdi_245fifo_fsm.v:9]
	Parameter CHIP_EW bound to: 1 - type: integer 
	Parameter CHIP_DRIVE_AT_NEGEDGE bound to: 0 - type: integer 
INFO: [Synth 8-6155] done synthesizing module 'ftdi_245fifo_fsm' (0#1) [C:/Users/micha/OneDrive/Desktop/DICE/Hardware/FPGA/FT600_Alinx_debug/src/ftdi_245fifo/ftdi_245fifo_fsm.v:9]
INFO: [Synth 8-6157] synthesizing module 'fifo4' [C:/Users/micha/OneDrive/Desktop/DICE/Hardware/FPGA/FT600_Alinx_debug/src/ftdi_245fifo/fifo4.v:11]
	Parameter DW bound to: 19 - type: integer 
INFO: [Synth 8-6155] done synthesizing module 'fifo4' (0#1) [C:/Users/micha/OneDrive/Desktop/DICE/Hardware/FPGA/FT600_Alinx_debug/src/ftdi_245fifo/fifo4.v:11]
INFO: [Synth 8-6157] synthesizing module 'axi_stream_packing__parameterized0' [C:/Users/micha/OneDrive/Desktop/DICE/Hardware/FPGA/FT600_Alinx_debug/src/ftdi_245fifo/axi_stream_packing.v:10]
	Parameter EW bound to: 1 - type: integer 
INFO: [Synth 8-6155] done synthesizing module 'axi_stream_packing__parameterized0' (0#1) [C:/Users/micha/OneDrive/Desktop/DICE/Hardware/FPGA/FT600_Alinx_debug/src/ftdi_245fifo/axi_stream_packing.v:10]
INFO: [Synth 8-6157] synthesizing module 'fifo_async__parameterized0' [C:/Users/micha/OneDrive/Desktop/DICE/Hardware/FPGA/FT600_Alinx_debug/src/ftdi_245fifo/fifo_async.v:9]
	Parameter DW bound to: 19 - type: integer 
	Parameter EA bound to: 10 - type: integer 
INFO: [Synth 8-6155] done synthesizing module 'fifo_async__parameterized0' (0#1) [C:/Users/micha/OneDrive/Desktop/DICE/Hardware/FPGA/FT600_Alinx_debug/src/ftdi_245fifo/fifo_async.v:9]
INFO: [Synth 8-6155] done synthesizing module 'ftdi_245fifo_top' (0#1) [C:/Users/micha/OneDrive/Desktop/DICE/Hardware/FPGA/FT600_Alinx_debug/src/ftdi_245fifo/ftdi_245fifo_top.v:11]
INFO: [Synth 8-6157] synthesizing module 'clock_beat' [C:/Users/micha/OneDrive/Desktop/DICE/Hardware/FPGA/FT600_Alinx_debug/src/fpga_ft600_example/clock_beat.v:9]
	Parameter CLK_FREQ bound to: 100000000 - type: integer 
	Parameter BEAT_FREQ bound to: 5 - type: integer 
INFO: [Synth 8-6155] done synthesizing module 'clock_beat' (0#1) [C:/Users/micha/OneDrive/Desktop/DICE/Hardware/FPGA/FT600_Alinx_debug/src/fpga_ft600_example/clock_beat.v:9]
INFO: [Synth 8-6155] done synthesizing module 'fpga_top_ft600_loopback' (0#1) [C:/Users/micha/OneDrive/Desktop/DICE/Hardware/FPGA/FT600_Alinx_debug/src/fpga_ft600_example/fpga_top_ft600_loopback.v:12]
WARNING: [Synth 8-6014] Unused sequential element r_tlast_reg was removed.  [C:/Users/micha/OneDrive/Desktop/DICE/Hardware/FPGA/FT600_Alinx_debug/src/ftdi_245fifo/axi_stream_packing.v:91]
WARNING: [Synth 8-3917] design fpga_top_ft600_loopback has port ftdi_wakeupn driven by constant 0
WARNING: [Synth 8-7129] Port rstn in module axi_stream_resizing is either unconnected or has no load
WARNING: [Synth 8-7129] Port clk in module axi_stream_resizing is either unconnected or has no load
---------------------------------------------------------------------------------
Finished RTL Elaboration : Time (s): cpu = 00:00:05 ; elapsed = 00:00:08 . Memory (MB): peak = 1436.035 ; gain = 555.961
---------------------------------------------------------------------------------
---------------------------------------------------------------------------------
Start Handling Custom Attributes
---------------------------------------------------------------------------------
---------------------------------------------------------------------------------
Finished Handling Custom Attributes : Time (s): cpu = 00:00:05 ; elapsed = 00:00:08 . Memory (MB): peak = 1436.035 ; gain = 555.961
---------------------------------------------------------------------------------
---------------------------------------------------------------------------------
Finished RTL Optimization Phase 1 : Time (s): cpu = 00:00:05 ; elapsed = 00:00:08 . Memory (MB): peak = 1436.035 ; gain = 555.961
---------------------------------------------------------------------------------
Netlist sorting complete. Time (s): cpu = 00:00:00 ; elapsed = 00:00:00.017 . Memory (MB): peak = 1436.035 ; gain = 0.000
INFO: [Project 1-570] Preparing netlist for logic optimization

Processing XDC Constraints
Initializing timing engine
Parsing XDC File [C:/Users/micha/OneDrive/Desktop/DICE/Hardware/FPGA/FT600_Alinx_debug/src/fpga_ft600_example/constraint_ft600.xdc]
Finished Parsing XDC File [C:/Users/micha/OneDrive/Desktop/DICE/Hardware/FPGA/FT600_Alinx_debug/src/fpga_ft600_example/constraint_ft600.xdc]
INFO: [Project 1-236] Implementation specific constraints were found while reading constraint file [C:/Users/micha/OneDrive/Desktop/DICE/Hardware/FPGA/FT600_Alinx_debug/src/fpga_ft600_example/constraint_ft600.xdc]. These constraints will be ignored for synthesis but will be used in implementation. Impacted constraints are listed in the file [.Xil/fpga_top_ft600_loopback_propImpl.xdc].
Resolution: To avoid this warning, move constraints listed in [.Xil/fpga_top_ft600_loopback_propImpl.xdc] to another XDC file and exclude this new file from synthesis with the used_in_synthesis property (File Properties dialog in GUI) and re-run elaboration/synthesis.
Completed Processing XDC Constraints

Netlist sorting complete. Time (s): cpu = 00:00:00 ; elapsed = 00:00:00 . Memory (MB): peak = 1534.637 ; gain = 0.000
INFO: [Project 1-111] Unisim Transformation Summary:
No Unisim elements were transformed.

The system cannot find the path specified.
Constraint Validation Runtime : Time (s): cpu = 00:00:00 ; elapsed = 00:00:00.020 . Memory (MB): peak = 1534.637 ; gain = 0.000
INFO: [Designutils 20-5440] No compile time benefit to using incremental synthesis; A full resynthesis will be run
INFO: [Designutils 20-4379] Flow is switching to default flow due to incremental criteria not met. If you would like to alter this behaviour and have the flow terminate instead, please set the following parameter config_implementation {autoIncr.Synth.RejectBehavior Terminate}
---------------------------------------------------------------------------------
Finished Constraint Validation : Time (s): cpu = 00:00:10 ; elapsed = 00:00:18 . Memory (MB): peak = 1534.637 ; gain = 654.562
---------------------------------------------------------------------------------
---------------------------------------------------------------------------------
Start Loading Part and Timing Information
---------------------------------------------------------------------------------
Loading part: xc7a35tfgg484-1
---------------------------------------------------------------------------------
Finished Loading Part and Timing Information : Time (s): cpu = 00:00:10 ; elapsed = 00:00:18 . Memory (MB): peak = 1534.637 ; gain = 654.562
---------------------------------------------------------------------------------
---------------------------------------------------------------------------------
Start Applying 'set_property' XDC Constraints
---------------------------------------------------------------------------------
---------------------------------------------------------------------------------
Finished applying 'set_property' XDC Constraints : Time (s): cpu = 00:00:10 ; elapsed = 00:00:18 . Memory (MB): peak = 1534.637 ; gain = 654.562
---------------------------------------------------------------------------------
INFO: [Synth 8-802] inferred FSM for state register 'state_reg' in module 'ftdi_245fifo_fsm'
---------------------------------------------------------------------------------------------------
                   State |                     New Encoding |                Previous Encoding 
---------------------------------------------------------------------------------------------------
               S_RX_IDLE |                              000 |                           000011
                 S_RX_OE |                              001 |                           000010
                 S_RX_EN |                              010 |                           000000
               S_RX_WAIT |                              011 |                           000111
                S_RX_END |                              100 |                           001011
                  iSTATE |                              101 |                           010011
*
                 S_TX_EN |                              110 |                           100011
---------------------------------------------------------------------------------------------------
INFO: [Synth 8-3354] encoded FSM with state register 'state_reg' using encoding 'sequential' in module 'ftdi_245fifo_fsm'
---------------------------------------------------------------------------------
Finished RTL Optimization Phase 2 : Time (s): cpu = 00:00:11 ; elapsed = 00:00:19 . Memory (MB): peak = 1534.637 ; gain = 654.562
---------------------------------------------------------------------------------
---------------------------------------------------------------------------------
Start RTL Component Statistics 
---------------------------------------------------------------------------------
Detailed RTL Component Info : 
+---Adders : 
	   2 Input   11 Bit       Adders := 10    
	   3 Input   11 Bit       Adders := 1     
	   2 Input    3 Bit       Adders := 2     
	   2 Input    2 Bit       Adders := 4     
+---XORs : 
	   2 Input     11 Bit         XORs := 6     
+---Registers : 
	               19 Bit    Registers := 9     
	               18 Bit    Registers := 6     
	               16 Bit    Registers := 4     
	               11 Bit    Registers := 21    
	                4 Bit    Registers := 3     
	                3 Bit    Registers := 1     
	                2 Bit    Registers := 4     
	                1 Bit    Registers := 21    
+---RAMs : 
	              19K Bit	(1024 X 19 bit)          RAMs := 1     
	              18K Bit	(1024 X 18 bit)          RAMs := 2     
+---Muxes : 
	   2 Input   19 Bit        Muxes := 8     
	   2 Input   18 Bit        Muxes := 2     
	   2 Input   16 Bit        Muxes := 15    
	   2 Input   11 Bit        Muxes := 2     
	   7 Input    6 Bit        Muxes := 1     
	   7 Input    3 Bit        Muxes := 1     
	   2 Input    3 Bit        Muxes := 2     
	   2 Input    2 Bit        Muxes := 13    
	   2 Input    1 Bit        Muxes := 43    
	   3 Input    1 Bit        Muxes := 1     
	   7 Input    1 Bit        Muxes := 1     
---------------------------------------------------------------------------------
Finished RTL Component Statistics 
---------------------------------------------------------------------------------
---------------------------------------------------------------------------------
Start Part Resource Summary
---------------------------------------------------------------------------------
Part Resources:
DSPs: 90 (col length:60)
BRAMs: 100 (col length: RAMB18 60 RAMB36 30)
---------------------------------------------------------------------------------
Finished Part Resource Summary
---------------------------------------------------------------------------------
---------------------------------------------------------------------------------
Start Cross Boundary and Area Optimization
---------------------------------------------------------------------------------
WARNING: [Synth 8-7080] Parallel synthesis criteria is not met
WARNING: [Synth 8-3917] design fpga_top_ft600_loopback has port ftdi_wakeupn driven by constant 0
---------------------------------------------------------------------------------
Finished Cross Boundary and Area Optimization : Time (s): cpu = 00:00:13 ; elapsed = 00:00:23 . Memory (MB): peak = 1534.637 ; gain = 654.562
---------------------------------------------------------------------------------
---------------------------------------------------------------------------------
Start ROM, RAM, DSP, Shift Register and Retiming Reporting
---------------------------------------------------------------------------------

Block RAM: Preliminary Mapping Report (see note below)
+------------------------+------------------------------------------------------+------------------------+---+---+------------------------+---+---+------------------+--------+--------+
|Module Name             | RTL Object                                           | PORT A (Depth x Width) | W | R | PORT B (Depth x Width) | W | R | Ports driving FF | RAMB18 | RAMB36 | 
+------------------------+------------------------------------------------------+------------------------+---+---+------------------------+---+---+------------------+--------+--------+
|fpga_top_ft600_loopback | u_ftdi_245fifo_top/u_tx_fifo_async/buffer_reg        | 1 K x 18(NO_CHANGE)    | W |   | 1 K x 18(WRITE_FIRST)  |   | R | Port A and B     | 1      | 0      | 
|fpga_top_ft600_loopback | u_ftdi_245fifo_top/u_tx_fifo_delay_submit/buffer_reg | 1 K x 18(READ_FIRST)   | W |   | 1 K x 18(WRITE_FIRST)  |   | R | Port A and B     | 1      | 0      | 
|fpga_top_ft600_loopback | u_ftdi_245fifo_top/u_rx_fifo_async/buffer_reg        | 1 K x 19(NO_CHANGE)    | W |   | 1 K x 19(WRITE_FIRST)  |   | R | Port A and B     | 0      | 1      | 
+------------------------+------------------------------------------------------+------------------------+---+---+------------------------+---+---+------------------+--------+--------+

Note: The table above is a preliminary report that shows the Block RAMs at the current stage of the synthesis flow. Some Block RAMs may be reimplemented as non Block RAM primitives later in the synthesis flow. Multiple instantiated Block RAMs are reported only once. 
---------------------------------------------------------------------------------
Finished ROM, RAM, DSP, Shift Register and Retiming Reporting
---------------------------------------------------------------------------------
---------------------------------------------------------------------------------
Start Applying XDC Timing Constraints
---------------------------------------------------------------------------------
---------------------------------------------------------------------------------
Finished Applying XDC Timing Constraints : Time (s): cpu = 00:00:16 ; elapsed = 00:00:29 . Memory (MB): peak = 1534.637 ; gain = 654.562
---------------------------------------------------------------------------------
---------------------------------------------------------------------------------
Start Timing Optimization
---------------------------------------------------------------------------------
---------------------------------------------------------------------------------
Finished Timing Optimization : Time (s): cpu = 00:00:17 ; elapsed = 00:00:30 . Memory (MB): peak = 1534.637 ; gain = 654.562
---------------------------------------------------------------------------------
---------------------------------------------------------------------------------
Start ROM, RAM, DSP, Shift Register and Retiming Reporting
---------------------------------------------------------------------------------

Block RAM: Final Mapping Report
+------------------------+------------------------------------------------------+------------------------+---+---+------------------------+---+---+------------------+--------+--------+
|Module Name             | RTL Object                                           | PORT A (Depth x Width) | W | R | PORT B (Depth x Width) | W | R | Ports driving FF | RAMB18 | RAMB36 | 
+------------------------+------------------------------------------------------+------------------------+---+---+------------------------+---+---+------------------+--------+--------+
|fpga_top_ft600_loopback | u_ftdi_245fifo_top/u_tx_fifo_async/buffer_reg        | 1 K x 18(NO_CHANGE)    | W |   | 1 K x 18(WRITE_FIRST)  |   | R | Port A and B     | 1      | 0      | 
|fpga_top_ft600_loopback | u_ftdi_245fifo_top/u_tx_fifo_delay_submit/buffer_reg | 1 K x 18(READ_FIRST)   | W |   | 1 K x 18(WRITE_FIRST)  |   | R | Port A and B     | 1      | 0      | 
|fpga_top_ft600_loopback | u_ftdi_245fifo_top/u_rx_fifo_async/buffer_reg        | 1 K x 19(NO_CHANGE)    | W |   | 1 K x 19(WRITE_FIRST)  |   | R | Port A and B     | 0      | 1      | 
+------------------------+------------------------------------------------------+------------------------+---+---+------------------------+---+---+------------------+--------+--------+

---------------------------------------------------------------------------------
Finished ROM, RAM, DSP, Shift Register and Retiming Reporting
---------------------------------------------------------------------------------
---------------------------------------------------------------------------------
Start Technology Mapping
---------------------------------------------------------------------------------
INFO: [Synth 8-7052] The timing for the instance u_ftdi_245fifo_top/u_tx_fifo_async/buffer_reg (implemented as a Block RAM) might be sub-optimal as no optional output register could be merged into the ram block. Providing additional output register may help in improving timing.
INFO: [Synth 8-7052] The timing for the instance u_ftdi_245fifo_top/u_tx_fifo_delay_submit/buffer_reg (implemented as a Block RAM) might be sub-optimal as no optional output register could be merged into the ram block. Providing additional output register may help in improving timing.
INFO: [Synth 8-7052] The timing for the instance u_ftdi_245fifo_top/u_rx_fifo_async/buffer_reg (implemented as a Block RAM) might be sub-optimal as no optional output register could be merged into the ram block. Providing additional output register may help in improving timing.
---------------------------------------------------------------------------------
Finished Technology Mapping : Time (s): cpu = 00:00:17 ; elapsed = 00:00:31 . Memory (MB): peak = 1534.637 ; gain = 654.562
---------------------------------------------------------------------------------
---------------------------------------------------------------------------------
Start IO Insertion
---------------------------------------------------------------------------------
---------------------------------------------------------------------------------
Start Flattening Before IO Insertion
---------------------------------------------------------------------------------
---------------------------------------------------------------------------------
Finished Flattening Before IO Insertion
---------------------------------------------------------------------------------
---------------------------------------------------------------------------------
Start Final Netlist Cleanup
---------------------------------------------------------------------------------
---------------------------------------------------------------------------------
Finished Final Netlist Cleanup
---------------------------------------------------------------------------------
---------------------------------------------------------------------------------
Finished IO Insertion : Time (s): cpu = 00:00:19 ; elapsed = 00:00:35 . Memory (MB): peak = 1534.637 ; gain = 654.562
---------------------------------------------------------------------------------
---------------------------------------------------------------------------------
Start Renaming Generated Instances
---------------------------------------------------------------------------------
---------------------------------------------------------------------------------
Finished Renaming Generated Instances : Time (s): cpu = 00:00:19 ; elapsed = 00:00:35 . Memory (MB): peak = 1534.637 ; gain = 654.562
---------------------------------------------------------------------------------
---------------------------------------------------------------------------------
Start Rebuilding User Hierarchy
---------------------------------------------------------------------------------
---------------------------------------------------------------------------------
Finished Rebuilding User Hierarchy : Time (s): cpu = 00:00:19 ; elapsed = 00:00:35 . Memory (MB): peak = 1534.637 ; gain = 654.562
---------------------------------------------------------------------------------
---------------------------------------------------------------------------------
Start Renaming Generated Ports
---------------------------------------------------------------------------------
---------------------------------------------------------------------------------
Finished Renaming Generated Ports : Time (s): cpu = 00:00:19 ; elapsed = 00:00:35 . Memory (MB): peak = 1534.637 ; gain = 654.562
---------------------------------------------------------------------------------
---------------------------------------------------------------------------------
Start Handling Custom Attributes
---------------------------------------------------------------------------------
---------------------------------------------------------------------------------
Finished Handling Custom Attributes : Time (s): cpu = 00:00:19 ; elapsed = 00:00:36 . Memory (MB): peak = 1534.637 ; gain = 654.562
---------------------------------------------------------------------------------
---------------------------------------------------------------------------------
Start Renaming Generated Nets
---------------------------------------------------------------------------------
---------------------------------------------------------------------------------
Finished Renaming Generated Nets : Time (s): cpu = 00:00:19 ; elapsed = 00:00:36 . Memory (MB): peak = 1534.637 ; gain = 654.562
---------------------------------------------------------------------------------
---------------------------------------------------------------------------------
Start Writing Synthesis Report
---------------------------------------------------------------------------------

Report BlackBoxes: 
+-+--------------+----------+
| |BlackBox name |Instances |
+-+--------------+----------+
+-+--------------+----------+

Report Cell Usage: 
+------+---------+------+
|      |Cell     |Count |
+------+---------+------+
|1     |BUFG     |     2|
|2     |CARRY4   |    33|
|3     |LUT1     |     7|
|4     |LUT2     |    77|
|5     |LUT3     |   100|
|6     |LUT4     |    73|
|7     |LUT5     |    29|
|8     |LUT6     |   193|
|9     |RAMB18E1 |     2|
|11    |RAMB36E1 |     1|
|12    |FDCE     |   545|
|13    |FDPE     |     4|
|14    |FDRE     |    28|
|15    |IBUF     |     5|
|16    |IOBUF    |    18|
|17    |OBUF     |     9|
+------+---------+------+
---------------------------------------------------------------------------------
Finished Writing Synthesis Report : Time (s): cpu = 00:00:19 ; elapsed = 00:00:36 . Memory (MB): peak = 1534.637 ; gain = 654.562
---------------------------------------------------------------------------------
Synthesis finished with 0 errors, 0 critical warnings and 2 warnings.
Synthesis Optimization Runtime : Time (s): cpu = 00:00:14 ; elapsed = 00:00:33 . Memory (MB): peak = 1534.637 ; gain = 555.961
Synthesis Optimization Complete : Time (s): cpu = 00:00:19 ; elapsed = 00:00:36 . Memory (MB): peak = 1534.637 ; gain = 654.562
INFO: [Project 1-571] Translating synthesized netlist
Netlist sorting complete. Time (s): cpu = 00:00:00 ; elapsed = 00:00:00.022 . Memory (MB): peak = 1534.637 ; gain = 0.000
INFO: [Netlist 29-17] Analyzing 54 Unisim elements for replacement
INFO: [Netlist 29-28] Unisim Transformation completed in 0 CPU seconds
INFO: [Project 1-570] Preparing netlist for logic optimization
INFO: [Opt 31-138] Pushed 0 inverter(s) to 0 load pin(s).
Netlist sorting complete. Time (s): cpu = 00:00:00 ; elapsed = 00:00:00.001 . Memory (MB): peak = 1534.637 ; gain = 0.000
INFO: [Project 1-111] Unisim Transformation Summary:
  A total of 18 instances were transformed.
  IOBUF => IOBUF (IBUF, OBUFT): 18 instances

The system cannot find the path specified.
Synth Design complete | Checksum: c2f01e2
INFO: [Common 17-83] Releasing license: Synthesis
54 Infos, 6 Warnings, 0 Critical Warnings and 0 Errors encountered.
synth_design completed successfully
synth_design: Time (s): cpu = 00:00:21 ; elapsed = 00:00:42 . Memory (MB): peak = 1534.637 ; gain = 1045.262
Write ShapeDB Complete: Time (s): cpu = 00:00:00 ; elapsed = 00:00:00.011 . Memory (MB): peak = 1534.637 ; gain = 0.000
INFO: [Common 17-1381] The checkpoint 'C:/Users/micha/OneDrive/Desktop/DICE/Hardware/FPGA/FT600_Alinx_debug/Project/FT600_Alinx_debug.runs/synth_1/fpga_top_ft600_loopback.dcp' has been generated.
INFO: [runtcl-4] Executing : report_utilization -file fpga_top_ft600_loopback_utilization_synth.rpt -pb fpga_top_ft600_loopback_utilization_synth.pb
INFO: [Common 17-206] Exiting Vivado at Thu Dec 12 16:33:29 2024...
