
*** Running vivado
    with args -log input_pixel_hold_ram.vds -m64 -product Vivado -mode batch -messageDb vivado.pb -notrace -source input_pixel_hold_ram.tcl


ECHO is off.
ECHO is off.

****** Vivado v2023.2 (64-bit)
  **** SW Build 4029153 on Fri Oct 13 20:14:34 MDT 2023
  **** IP Build 4028589 on Sat Oct 14 00:45:43 MDT 2023
  **** SharedData Build 4025554 on Tue Oct 10 17:18:54 MDT 2023
    ** Copyright 1986-2022 Xilinx, Inc. All Rights Reserved.
    ** Copyright 2022-2023 Advanced Micro Devices, Inc. All Rights Reserved.

source input_pixel_hold_ram.tcl -notrace
create_project: Time (s): cpu = 00:00:05 ; elapsed = 00:00:06 . Memory (MB): peak = 485.215 ; gain = 177.938
INFO: [IP_Flow 19-6924] IPCACHE: Running cache check for IP inst: input_pixel_hold_ram
INFO: [IP_Flow 19-6922] IPCACHE: Exporting cached entry ba6243f3b98347d6 to dir: C:/Users/johnh/Desktop/DICE/Hardware/FPGA/DICE/dice.runs/input_pixel_hold_ram_synth_1
INFO: [IP_Flow 19-6928] IPCACHE: copied cached file c:/Users/johnh/Desktop/DICE/Hardware/FPGA/DICE/dice.cache/ip/2023.2/b/a/ba6243f3b98347d6/input_pixel_hold_ram.dcp to C:/Users/johnh/Desktop/DICE/Hardware/FPGA/DICE/dice.runs/input_pixel_hold_ram_synth_1/input_pixel_hold_ram.dcp.
INFO: [IP_Flow 19-6928] IPCACHE: copied cached file c:/Users/johnh/Desktop/DICE/Hardware/FPGA/DICE/dice.cache/ip/2023.2/b/a/ba6243f3b98347d6/input_pixel_hold_ram_sim_netlist.v to C:/Users/johnh/Desktop/DICE/Hardware/FPGA/DICE/dice.runs/input_pixel_hold_ram_synth_1/input_pixel_hold_ram_sim_netlist.v.
INFO: [IP_Flow 19-6928] IPCACHE: copied cached file c:/Users/johnh/Desktop/DICE/Hardware/FPGA/DICE/dice.cache/ip/2023.2/b/a/ba6243f3b98347d6/input_pixel_hold_ram_sim_netlist.vhdl to C:/Users/johnh/Desktop/DICE/Hardware/FPGA/DICE/dice.runs/input_pixel_hold_ram_synth_1/input_pixel_hold_ram_sim_netlist.vhdl.
INFO: [IP_Flow 19-6928] IPCACHE: copied cached file c:/Users/johnh/Desktop/DICE/Hardware/FPGA/DICE/dice.cache/ip/2023.2/b/a/ba6243f3b98347d6/input_pixel_hold_ram_stub.v to C:/Users/johnh/Desktop/DICE/Hardware/FPGA/DICE/dice.runs/input_pixel_hold_ram_synth_1/input_pixel_hold_ram_stub.v.
INFO: [IP_Flow 19-6928] IPCACHE: copied cached file c:/Users/johnh/Desktop/DICE/Hardware/FPGA/DICE/dice.cache/ip/2023.2/b/a/ba6243f3b98347d6/input_pixel_hold_ram_stub.vhdl to C:/Users/johnh/Desktop/DICE/Hardware/FPGA/DICE/dice.runs/input_pixel_hold_ram_synth_1/input_pixel_hold_ram_stub.vhdl.
INFO: [IP_Flow 19-4838] Using cached IP synthesis design for IP input_pixel_hold_ram, cache-ID = ba6243f3b98347d6.
INFO: [Common 17-206] Exiting Vivado at Fri May 30 04:39:15 2025...
