
*** Running vivado
    with args -log image_statistics_top.vdi -applog -m64 -product Vivado -messageDb vivado.pb -mode batch -source image_statistics_top.tcl -notrace


ECHO is off.
ECHO is off.

****** Vivado v2023.2 (64-bit)
  **** SW Build 4029153 on Fri Oct 13 20:14:34 MDT 2023
  **** IP Build 4028589 on Sat Oct 14 00:45:43 MDT 2023
  **** SharedData Build 4025554 on Tue Oct 10 17:18:54 MDT 2023
    ** Copyright 1986-2022 Xilinx, Inc. All Rights Reserved.
    ** Copyright 2022-2023 Advanced Micro Devices, Inc. All Rights Reserved.

source image_statistics_top.tcl -notrace
Command: link_design -top image_statistics_top -part xcku3p-ffva676-2-i
Design is defaulting to srcset: sources_1
Design is defaulting to constrset: constrs_1
INFO: [Device 21-403] Loading part xcku3p-ffva676-2-i
INFO: [Project 1-454] Reading design checkpoint 'c:/Users/johnh/Desktop/DICE/Hardware/FPGA/Image Stats/image_statistics/image_statistics.gen/sources_1/ip/dsp_macro_add_22b/dsp_macro_add_22b.dcp' for cell 'gradient_core/sobel_x_dsp1'
INFO: [Project 1-454] Reading design checkpoint 'c:/Users/johnh/Desktop/DICE/Hardware/FPGA/Image Stats/image_statistics/image_statistics.gen/sources_1/ip/dsp_macro_simd/dsp_macro_simd.dcp' for cell 'laplacian_core/dsp_add1_11b'
INFO: [Project 1-454] Reading design checkpoint 'c:/Users/johnh/Desktop/DICE/Hardware/FPGA/Image Stats/image_statistics/image_statistics.gen/sources_1/ip/dsp_acum/dsp_acum.dcp' for cell 'statistics_core_gradient/dsp_hsum_acum'
INFO: [Project 1-454] Reading design checkpoint 'c:/Users/johnh/Desktop/DICE/Hardware/FPGA/Image Stats/image_statistics/image_statistics.gen/sources_1/ip/dsp_msub/dsp_msub.dcp' for cell 'statistics_core_gradient/dsp_var_msub'
INFO: [Project 1-454] Reading design checkpoint 'c:/Users/johnh/Desktop/DICE/Hardware/FPGA/Image Stats/image_statistics/image_statistics.gen/sources_1/ip/dsp_mac/dsp_mac.dcp' for cell 'statistics_core_gradient/dsp_vsum_mac'
INFO: [Project 1-454] Reading design checkpoint 'c:/Users/johnh/Desktop/DICE/Hardware/FPGA/Image Stats/image_statistics/image_statistics.gen/sources_1/ip/sqrt_cordic/sqrt_cordic.dcp' for cell 'statistics_core_gradient/std_dev_sqrt'
Netlist sorting complete. Time (s): cpu = 00:00:00 ; elapsed = 00:00:00.089 . Memory (MB): peak = 1595.539 ; gain = 0.000
INFO: [Netlist 29-17] Analyzing 61 Unisim elements for replacement
INFO: [Netlist 29-28] Unisim Transformation completed in 0 CPU seconds
INFO: [Project 1-479] Netlist was created with Vivado 2023.2
INFO: [Project 1-570] Preparing netlist for logic optimization
Parsing XDC File [C:/Users/johnh/Desktop/DICE/Hardware/FPGA/Image Stats/image_statistics/image_statistics.srcs/constrs_1/new/constraints.xdc]
Finished Parsing XDC File [C:/Users/johnh/Desktop/DICE/Hardware/FPGA/Image Stats/image_statistics/image_statistics.srcs/constrs_1/new/constraints.xdc]
INFO: [Opt 31-138] Pushed 0 inverter(s) to 0 load pin(s).
Netlist sorting complete. Time (s): cpu = 00:00:00 ; elapsed = 00:00:00.002 . Memory (MB): peak = 1738.230 ; gain = 0.000
INFO: [Project 1-111] Unisim Transformation Summary:
  A total of 33 instances were transformed.
  DSP48E2 => DSP48E2 (DSP_ALU, DSP_A_B_DATA, DSP_C_DATA, DSP_MULTIPLIER, DSP_M_DATA, DSP_OUTPUT, DSP_PREADD, DSP_PREADD_DATA): 14 instances
  IBUF => IBUF (IBUFCTRL, INBUF): 19 instances

Access is denied.
13 Infos, 0 Warnings, 0 Critical Warnings and 0 Errors encountered.
link_design completed successfully
INFO: [Common 17-600] The following parameters have non-default value.
tcl.statsThreshold
Command: opt_design
Attempting to get a license for feature 'Implementation' and/or device 'xcku3p'
INFO: [Common 17-349] Got license for feature 'Implementation' and/or device 'xcku3p'
Running DRC as a precondition to command opt_design

Starting DRC Task
INFO: [DRC 23-27] Running DRC with 2 threads
INFO: [Project 1-461] DRC finished with 0 Errors
INFO: [Project 1-462] Please refer to the DRC report (report_drc) for more information.

Time (s): cpu = 00:00:01 ; elapsed = 00:00:01 . Memory (MB): peak = 1770.164 ; gain = 31.934

Starting Cache Timing Information Task
INFO: [Timing 38-35] Done setting XDC timing constraints.
Ending Cache Timing Information Task | Checksum: 13cfdbea7

Time (s): cpu = 00:00:04 ; elapsed = 00:00:03 . Memory (MB): peak = 2057.750 ; gain = 287.586

Starting Logic Optimization Task

Phase 1 Initialization

Phase 1.1 Core Generation And Design Setup
Phase 1.1 Core Generation And Design Setup | Checksum: 13cfdbea7

Time (s): cpu = 00:00:00 ; elapsed = 00:00:00.003 . Memory (MB): peak = 2434.848 ; gain = 0.000

Phase 1.2 Setup Constraints And Sort Netlist
Phase 1.2 Setup Constraints And Sort Netlist | Checksum: 13cfdbea7

Time (s): cpu = 00:00:00 ; elapsed = 00:00:00.006 . Memory (MB): peak = 2434.848 ; gain = 0.000
Phase 1 Initialization | Checksum: 13cfdbea7

Time (s): cpu = 00:00:00 ; elapsed = 00:00:00.007 . Memory (MB): peak = 2434.848 ; gain = 0.000

Phase 2 Timer Update And Timing Data Collection

Phase 2.1 Timer Update
Phase 2.1 Timer Update | Checksum: 13cfdbea7

Time (s): cpu = 00:00:00 ; elapsed = 00:00:00.198 . Memory (MB): peak = 2434.848 ; gain = 0.000

Phase 2.2 Timing Data Collection
Phase 2.2 Timing Data Collection | Checksum: 13cfdbea7

Time (s): cpu = 00:00:00 ; elapsed = 00:00:00.208 . Memory (MB): peak = 2434.848 ; gain = 0.000
Phase 2 Timer Update And Timing Data Collection | Checksum: 13cfdbea7

Time (s): cpu = 00:00:00 ; elapsed = 00:00:00.209 . Memory (MB): peak = 2434.848 ; gain = 0.000

Phase 3 Retarget
INFO: [Opt 31-138] Pushed 1 inverter(s) to 2 load pin(s).
INFO: [Opt 31-49] Retargeted 0 cell(s).
Phase 3 Retarget | Checksum: dc61c3a1

Time (s): cpu = 00:00:00 ; elapsed = 00:00:00.248 . Memory (MB): peak = 2434.848 ; gain = 0.000
Retarget | Checksum: dc61c3a1
INFO: [Opt 31-389] Phase Retarget created 2 cells and removed 4 cells

Phase 4 Constant propagation
INFO: [Opt 31-138] Pushed 0 inverter(s) to 0 load pin(s).
Phase 4 Constant propagation | Checksum: 16635a557

Time (s): cpu = 00:00:00 ; elapsed = 00:00:00.319 . Memory (MB): peak = 2434.848 ; gain = 0.000
Constant propagation | Checksum: 16635a557
INFO: [Opt 31-389] Phase Constant propagation created 0 cells and removed 826 cells

Phase 5 Sweep
Phase 5 Sweep | Checksum: 186046ede

Time (s): cpu = 00:00:00 ; elapsed = 00:00:00.438 . Memory (MB): peak = 2434.848 ; gain = 0.000
Sweep | Checksum: 186046ede
INFO: [Opt 31-389] Phase Sweep created 4 cells and removed 46 cells

Phase 6 BUFG optimization
INFO: [Opt 31-1077] Phase BUFG optimization inserted 0 global clock buffer(s) for CLOCK_LOW_FANOUT.
Phase 6 BUFG optimization | Checksum: 186046ede

Time (s): cpu = 00:00:01 ; elapsed = 00:00:00.521 . Memory (MB): peak = 2434.848 ; gain = 0.000
BUFG optimization | Checksum: 186046ede
INFO: [Opt 31-662] Phase BUFG optimization created 0 cells of which 0 are BUFGs and removed 0 cells.

Phase 7 Shift Register Optimization
INFO: [Opt 31-1064] SRL Remap converted 0 SRLs to 0 registers and converted 0 registers of register chains to 0 SRLs
Phase 7 Shift Register Optimization | Checksum: 186046ede

Time (s): cpu = 00:00:01 ; elapsed = 00:00:00.526 . Memory (MB): peak = 2434.848 ; gain = 0.000
Shift Register Optimization | Checksum: 186046ede
INFO: [Opt 31-389] Phase Shift Register Optimization created 0 cells and removed 0 cells

Phase 8 Post Processing Netlist
Phase 8 Post Processing Netlist | Checksum: cff6c422

Time (s): cpu = 00:00:01 ; elapsed = 00:00:00.545 . Memory (MB): peak = 2434.848 ; gain = 0.000
Post Processing Netlist | Checksum: cff6c422
INFO: [Opt 31-389] Phase Post Processing Netlist created 0 cells and removed 0 cells

Phase 9 Finalization

Phase 9.1 Finalizing Design Cores and Updating Shapes
Phase 9.1 Finalizing Design Cores and Updating Shapes | Checksum: 13b559188

Time (s): cpu = 00:00:01 ; elapsed = 00:00:00.642 . Memory (MB): peak = 2434.848 ; gain = 0.000

Phase 9.2 Verifying Netlist Connectivity

Starting Connectivity Check Task

Time (s): cpu = 00:00:00 ; elapsed = 00:00:00.002 . Memory (MB): peak = 2434.848 ; gain = 0.000
Phase 9.2 Verifying Netlist Connectivity | Checksum: 13b559188

Time (s): cpu = 00:00:01 ; elapsed = 00:00:00.645 . Memory (MB): peak = 2434.848 ; gain = 0.000
Phase 9 Finalization | Checksum: 13b559188

Time (s): cpu = 00:00:01 ; elapsed = 00:00:00.646 . Memory (MB): peak = 2434.848 ; gain = 0.000
Opt_design Change Summary
=========================


-------------------------------------------------------------------------------------------------------------------------
|  Phase                        |  #Cells created  |  #Cells Removed  |  #Constrained objects preventing optimizations  |
-------------------------------------------------------------------------------------------------------------------------
|  Retarget                     |               2  |               4  |                                              0  |
|  Constant propagation         |               0  |             826  |                                              0  |
|  Sweep                        |               4  |              46  |                                              0  |
|  BUFG optimization            |               0  |               0  |                                              0  |
|  Shift Register Optimization  |               0  |               0  |                                              0  |
|  Post Processing Netlist      |               0  |               0  |                                              0  |
-------------------------------------------------------------------------------------------------------------------------


Ending Logic Optimization Task | Checksum: 13b559188

Time (s): cpu = 00:00:01 ; elapsed = 00:00:00.648 . Memory (MB): peak = 2434.848 ; gain = 0.000
INFO: [Constraints 18-11670] Building netlist checker database with flags, 0x8
Done building netlist checker database: Time (s): cpu = 00:00:00 ; elapsed = 00:00:00.003 . Memory (MB): peak = 2434.848 ; gain = 0.000

Starting Power Optimization Task
INFO: [Pwropt 34-132] Skipping clock gating for clocks with a period < 2.00 ns.
Ending Power Optimization Task | Checksum: 13b559188

Time (s): cpu = 00:00:00 ; elapsed = 00:00:00.009 . Memory (MB): peak = 2434.848 ; gain = 0.000

Starting Final Cleanup Task
Ending Final Cleanup Task | Checksum: 13b559188

Time (s): cpu = 00:00:00 ; elapsed = 00:00:00.001 . Memory (MB): peak = 2434.848 ; gain = 0.000

Starting Netlist Obfuscation Task
Netlist sorting complete. Time (s): cpu = 00:00:00 ; elapsed = 00:00:00.002 . Memory (MB): peak = 2434.848 ; gain = 0.000
Ending Netlist Obfuscation Task | Checksum: 13b559188

Time (s): cpu = 00:00:00 ; elapsed = 00:00:00.002 . Memory (MB): peak = 2434.848 ; gain = 0.000
INFO: [Common 17-83] Releasing license: Implementation
33 Infos, 0 Warnings, 0 Critical Warnings and 0 Errors encountered.
opt_design completed successfully
INFO: [Common 17-600] The following parameters have non-default value.
tcl.statsThreshold
INFO: [runtcl-4] Executing : report_drc -file image_statistics_top_drc_opted.rpt -pb image_statistics_top_drc_opted.pb -rpx image_statistics_top_drc_opted.rpx
Command: report_drc -file image_statistics_top_drc_opted.rpt -pb image_statistics_top_drc_opted.pb -rpx image_statistics_top_drc_opted.rpx
INFO: [IP_Flow 19-1839] IP Catalog is up to date.
INFO: [DRC 23-27] Running DRC with 2 threads
INFO: [Vivado_Tcl 2-168] The results of DRC are in file C:/Users/johnh/Desktop/DICE/Hardware/FPGA/Image Stats/image_statistics/image_statistics.runs/impl_1/image_statistics_top_drc_opted.rpt.
report_drc completed successfully
INFO: [Timing 38-480] Writing timing data to binary archive.
Write ShapeDB Complete: Time (s): cpu = 00:00:00 ; elapsed = 00:00:00.007 . Memory (MB): peak = 2434.848 ; gain = 0.000
Wrote PlaceDB: Time (s): cpu = 00:00:00 ; elapsed = 00:00:00.013 . Memory (MB): peak = 2434.848 ; gain = 0.000
Wrote PulsedLatchDB: Time (s): cpu = 00:00:00 ; elapsed = 00:00:00 . Memory (MB): peak = 2434.848 ; gain = 0.000
Writing XDEF routing.
Writing XDEF routing logical nets.
Writing XDEF routing special nets.
Wrote RouteStorage: Time (s): cpu = 00:00:00 ; elapsed = 00:00:00.068 . Memory (MB): peak = 2434.848 ; gain = 0.000
Wrote Netlist Cache: Time (s): cpu = 00:00:00 ; elapsed = 00:00:00.001 . Memory (MB): peak = 2434.848 ; gain = 0.000
Wrote Device Cache: Time (s): cpu = 00:00:00 ; elapsed = 00:00:00.053 . Memory (MB): peak = 2434.848 ; gain = 0.000
Write Physdb Complete: Time (s): cpu = 00:00:00 ; elapsed = 00:00:00.155 . Memory (MB): peak = 2434.848 ; gain = 0.000
INFO: [Common 17-1381] The checkpoint 'C:/Users/johnh/Desktop/DICE/Hardware/FPGA/Image Stats/image_statistics/image_statistics.runs/impl_1/image_statistics_top_opt.dcp' has been generated.
Command: place_design
Attempting to get a license for feature 'Implementation' and/or device 'xcku3p'
INFO: [Common 17-349] Got license for feature 'Implementation' and/or device 'xcku3p'
INFO: [Common 17-83] Releasing license: Implementation
INFO: [DRC 23-27] Running DRC with 2 threads
INFO: [Vivado_Tcl 4-198] DRC finished with 0 Errors
INFO: [Vivado_Tcl 4-199] Please refer to the DRC report (report_drc) for more information.
Running DRC as a precondition to command place_design
INFO: [DRC 23-27] Running DRC with 2 threads
CRITICAL WARNING: [DRC IOSTDTYPE-1] IOStandard Type: I/O port clk_i is Single-Ended but has an IOStandard of LVDS which can only support Differential
INFO: [Vivado_Tcl 4-198] DRC finished with 0 Errors, 1 Critical Warnings
INFO: [Vivado_Tcl 4-199] Please refer to the DRC report (report_drc) for more information.
INFO: [Place 30-611] Multithreading enabled for place_design using a maximum of 2 CPUs

Starting Placer Task

Phase 1 Placer Initialization

Phase 1.1 Placer Initialization Netlist Sorting
Netlist sorting complete. Time (s): cpu = 00:00:00 ; elapsed = 00:00:00.002 . Memory (MB): peak = 2445.406 ; gain = 0.000
Phase 1.1 Placer Initialization Netlist Sorting | Checksum: be9a8fe8

Time (s): cpu = 00:00:00 ; elapsed = 00:00:00.005 . Memory (MB): peak = 2445.406 ; gain = 0.000
Netlist sorting complete. Time (s): cpu = 00:00:00 ; elapsed = 00:00:00.002 . Memory (MB): peak = 2445.406 ; gain = 0.000

Phase 1.2 IO Placement/ Clock Placement/ Build Placer Device
INFO: [Timing 38-35] Done setting XDC timing constraints.
Phase 1.2 IO Placement/ Clock Placement/ Build Placer Device | Checksum: 747fed3d

Time (s): cpu = 00:00:19 ; elapsed = 00:00:20 . Memory (MB): peak = 3823.219 ; gain = 1377.812

Phase 1.3 Build Placer Netlist Model
Phase 1.3 Build Placer Netlist Model | Checksum: b5bf2c03

Time (s): cpu = 00:00:22 ; elapsed = 00:00:22 . Memory (MB): peak = 3823.219 ; gain = 1377.812

Phase 1.4 Constrain Clocks/Macros
Phase 1.4 Constrain Clocks/Macros | Checksum: b5bf2c03

Time (s): cpu = 00:00:22 ; elapsed = 00:00:22 . Memory (MB): peak = 3823.219 ; gain = 1377.812
Phase 1 Placer Initialization | Checksum: b5bf2c03

Time (s): cpu = 00:00:22 ; elapsed = 00:00:22 . Memory (MB): peak = 3823.219 ; gain = 1377.812

Phase 2 Global Placement

Phase 2.1 Floorplanning

Phase 2.1.1 Partition Driven Placement

Phase 2.1.1.1 PBP: Partition Driven Placement
Phase 2.1.1.1 PBP: Partition Driven Placement | Checksum: 138b0a525

Time (s): cpu = 00:00:22 ; elapsed = 00:00:22 . Memory (MB): peak = 3823.219 ; gain = 1377.812

Phase 2.1.1.2 PBP: Clock Region Placement
INFO: [Place 30-3162] Check ILP status : ILP-based clock placer completed successfully.
Phase 2.1.1.2 PBP: Clock Region Placement | Checksum: 13380d440

Time (s): cpu = 00:00:22 ; elapsed = 00:00:23 . Memory (MB): peak = 3823.219 ; gain = 1377.812

Phase 2.1.1.3 PBP: Compute Congestion
Phase 2.1.1.3 PBP: Compute Congestion | Checksum: 13380d440

Time (s): cpu = 00:00:30 ; elapsed = 00:00:27 . Memory (MB): peak = 3823.219 ; gain = 1377.812

Phase 2.1.1.4 PBP: UpdateTiming
Phase 2.1.1.4 PBP: UpdateTiming | Checksum: df4a681b

Time (s): cpu = 00:00:31 ; elapsed = 00:00:27 . Memory (MB): peak = 3823.219 ; gain = 1377.812

Phase 2.1.1.5 PBP: Add part constraints
Phase 2.1.1.5 PBP: Add part constraints | Checksum: df4a681b

Time (s): cpu = 00:00:31 ; elapsed = 00:00:27 . Memory (MB): peak = 3823.219 ; gain = 1377.812
Phase 2.1.1 Partition Driven Placement | Checksum: df4a681b

Time (s): cpu = 00:00:31 ; elapsed = 00:00:27 . Memory (MB): peak = 3823.219 ; gain = 1377.812
Phase 2.1 Floorplanning | Checksum: 17abd09b5

Time (s): cpu = 00:00:31 ; elapsed = 00:00:27 . Memory (MB): peak = 3823.219 ; gain = 1377.812

Phase 2.2 Update Timing before SLR Path Opt
Phase 2.2 Update Timing before SLR Path Opt | Checksum: 17abd09b5

Time (s): cpu = 00:00:31 ; elapsed = 00:00:27 . Memory (MB): peak = 3823.219 ; gain = 1377.812

Phase 2.3 Post-Processing in Floorplanning
Phase 2.3 Post-Processing in Floorplanning | Checksum: 17abd09b5

Time (s): cpu = 00:00:31 ; elapsed = 00:00:27 . Memory (MB): peak = 3823.219 ; gain = 1377.812

Phase 2.4 Global Placement Core

Phase 2.4.1 UpdateTiming Before Physical Synthesis
Phase 2.4.1 UpdateTiming Before Physical Synthesis | Checksum: 1e99f4600

Time (s): cpu = 00:00:59 ; elapsed = 00:00:43 . Memory (MB): peak = 3823.219 ; gain = 1377.812

Phase 2.4.2 Physical Synthesis In Placer
INFO: [Physopt 32-1035] Found 0 LUTNM shape to break, 52 LUT instances to create LUTNM shape
INFO: [Physopt 32-1044] Break lutnm for timing: one critical 0, two critical 0, total 0, new lutff created 0
INFO: [Physopt 32-1138] End 1 Pass. Optimized 22 nets or LUTs. Breaked 0 LUT, combined 22 existing LUTs and moved 0 existing LUT
INFO: [Physopt 32-69] No nets found for rewiring optimization.
INFO: [Physopt 32-661] Optimized 0 net.  Re-placed 0 instance.
INFO: [Physopt 32-775] End 1 Pass. Optimized 0 net or cell. Created 0 new cell, deleted 0 existing cell and moved 0 existing cell
INFO: [Physopt 32-65] No nets found for high-fanout optimization.
INFO: [Physopt 32-232] Optimized 0 net. Created 0 new instance.
INFO: [Physopt 32-775] End 1 Pass. Optimized 0 net or cell. Created 0 new cell, deleted 0 existing cell and moved 0 existing cell
INFO: [Physopt 32-670] No setup violation found.  DSP Register Optimization was not performed.
INFO: [Physopt 32-670] No setup violation found.  Shift Register to Pipeline Optimization was not performed.
INFO: [Physopt 32-670] No setup violation found.  Shift Register Optimization was not performed.
INFO: [Physopt 32-670] No setup violation found.  BRAM Register Optimization was not performed.
INFO: [Physopt 32-670] No setup violation found.  URAM Register Optimization was not performed.
INFO: [Physopt 32-949] No candidate nets found for dynamic/static region interface net replication
INFO: [Physopt 32-775] End 1 Pass. Optimized 0 net or cell. Created 0 new cell, deleted 0 existing cell and moved 0 existing cell
Netlist sorting complete. Time (s): cpu = 00:00:00 ; elapsed = 00:00:00.002 . Memory (MB): peak = 3823.219 ; gain = 0.000

Summary of Physical Synthesis Optimizations
============================================


-----------------------------------------------------------------------------------------------------------------------------------------------------------
|  Optimization                                     |  Added Cells  |  Removed Cells  |  Optimized Cells/Nets  |  Dont Touch  |  Iterations  |  Elapsed   |
-----------------------------------------------------------------------------------------------------------------------------------------------------------
|  LUT Combining                                    |            0  |             22  |                    22  |           0  |           1  |  00:00:00  |
|  Retime                                           |            0  |              0  |                     0  |           0  |           1  |  00:00:00  |
|  Equivalent Driver Rewiring                       |            0  |              0  |                     0  |           0  |           1  |  00:00:00  |
|  Very High Fanout                                 |            0  |              0  |                     0  |           0  |           1  |  00:00:00  |
|  DSP Register                                     |            0  |              0  |                     0  |           0  |           0  |  00:00:00  |
|  Shift Register to Pipeline                       |            0  |              0  |                     0  |           0  |           0  |  00:00:00  |
|  Shift Register                                   |            0  |              0  |                     0  |           0  |           0  |  00:00:00  |
|  BRAM Register                                    |            0  |              0  |                     0  |           0  |           0  |  00:00:00  |
|  URAM Register                                    |            0  |              0  |                     0  |           0  |           0  |  00:00:00  |
|  Dynamic/Static Region Interface Net Replication  |            0  |              0  |                     0  |           0  |           1  |  00:00:00  |
|  Total                                            |            0  |             22  |                    22  |           0  |           5  |  00:00:00  |
-----------------------------------------------------------------------------------------------------------------------------------------------------------


Phase 2.4.2 Physical Synthesis In Placer | Checksum: 27224cc74

Time (s): cpu = 00:01:00 ; elapsed = 00:00:43 . Memory (MB): peak = 3823.219 ; gain = 1377.812
Phase 2.4 Global Placement Core | Checksum: 245826612

Time (s): cpu = 00:01:08 ; elapsed = 00:00:48 . Memory (MB): peak = 3823.219 ; gain = 1377.812
Phase 2 Global Placement | Checksum: 245826612

Time (s): cpu = 00:01:08 ; elapsed = 00:00:48 . Memory (MB): peak = 3823.219 ; gain = 1377.812

Phase 3 Detail Placement

Phase 3.1 Commit Multi Column Macros
Phase 3.1 Commit Multi Column Macros | Checksum: 1c5240767

Time (s): cpu = 00:01:17 ; elapsed = 00:00:52 . Memory (MB): peak = 3823.219 ; gain = 1377.812

Phase 3.2 Commit Most Macros & LUTRAMs
Phase 3.2 Commit Most Macros & LUTRAMs | Checksum: 1676bf10e

Time (s): cpu = 00:01:17 ; elapsed = 00:00:53 . Memory (MB): peak = 3823.219 ; gain = 1377.812

Phase 3.3 Small Shape DP

Phase 3.3.1 Small Shape Clustering
Phase 3.3.1 Small Shape Clustering | Checksum: 16e224615

Time (s): cpu = 00:01:35 ; elapsed = 00:01:02 . Memory (MB): peak = 3823.219 ; gain = 1377.812

Phase 3.3.2 Slice Area Swap

Phase 3.3.2.1 Slice Area Swap Initial
Phase 3.3.2.1 Slice Area Swap Initial | Checksum: 13a86ab13

Time (s): cpu = 00:01:43 ; elapsed = 00:01:06 . Memory (MB): peak = 3823.219 ; gain = 1377.812
Phase 3.3.2 Slice Area Swap | Checksum: 13a86ab13

Time (s): cpu = 00:01:43 ; elapsed = 00:01:07 . Memory (MB): peak = 3823.219 ; gain = 1377.812
Phase 3.3 Small Shape DP | Checksum: bb3eebab

Time (s): cpu = 00:02:01 ; elapsed = 00:01:16 . Memory (MB): peak = 3823.219 ; gain = 1377.812

Phase 3.4 Re-assign LUT pins
Phase 3.4 Re-assign LUT pins | Checksum: d38e292d

Time (s): cpu = 00:02:01 ; elapsed = 00:01:16 . Memory (MB): peak = 3823.219 ; gain = 1377.812

Phase 3.5 Pipeline Register Optimization
Phase 3.5 Pipeline Register Optimization | Checksum: 18317a1f6

Time (s): cpu = 00:02:01 ; elapsed = 00:01:16 . Memory (MB): peak = 3823.219 ; gain = 1377.812
Phase 3 Detail Placement | Checksum: 18317a1f6

Time (s): cpu = 00:02:01 ; elapsed = 00:01:16 . Memory (MB): peak = 3823.219 ; gain = 1377.812

Phase 4 Post Placement Optimization and Clean-Up

Phase 4.1 Post Commit Optimization
INFO: [Timing 38-35] Done setting XDC timing constraints.

Phase 4.1.1 Post Placement Optimization
Post Placement Optimization Initialization | Checksum: 1ed0c0a4c

Phase 4.1.1.1 BUFG Insertion

Starting Physical Synthesis Task

Phase 1 Physical Synthesis Initialization
INFO: [Physopt 32-721] Multithreading enabled for phys_opt_design using a maximum of 2 CPUs
INFO: [Physopt 32-619] Estimated Timing Summary | WNS=3.023 | TNS=0.000 |
Phase 1 Physical Synthesis Initialization | Checksum: 1cfbc53ef

Time (s): cpu = 00:00:00 ; elapsed = 00:00:00.138 . Memory (MB): peak = 3823.219 ; gain = 0.000
INFO: [Place 46-56] BUFG insertion identified 0 candidate nets. Inserted BUFG: 0, Replicated BUFG Driver: 0, Skipped due to Placement/Routing Conflicts: 0, Skipped due to Timing Degradation: 0, Skipped due to netlist editing failed: 0.
Ending Physical Synthesis Task | Checksum: 1cfbc53ef

Time (s): cpu = 00:00:00 ; elapsed = 00:00:00.167 . Memory (MB): peak = 3823.219 ; gain = 0.000
Phase 4.1.1.1 BUFG Insertion | Checksum: 1ed0c0a4c

Time (s): cpu = 00:02:13 ; elapsed = 00:01:23 . Memory (MB): peak = 3823.219 ; gain = 1377.812

Phase 4.1.1.2 Post Placement Timing Optimization
INFO: [Place 30-746] Post Placement Timing Summary WNS=3.023. For the most accurate timing information please run report_timing.
Phase 4.1.1.2 Post Placement Timing Optimization | Checksum: 1be8a8b59

Time (s): cpu = 00:02:13 ; elapsed = 00:01:23 . Memory (MB): peak = 3823.219 ; gain = 1377.812

Time (s): cpu = 00:02:13 ; elapsed = 00:01:23 . Memory (MB): peak = 3823.219 ; gain = 1377.812
Phase 4.1 Post Commit Optimization | Checksum: 1be8a8b59

Time (s): cpu = 00:02:13 ; elapsed = 00:01:23 . Memory (MB): peak = 3823.219 ; gain = 1377.812
Netlist sorting complete. Time (s): cpu = 00:00:00 ; elapsed = 00:00:00.002 . Memory (MB): peak = 3829.492 ; gain = 0.000

Phase 4.2 Post Placement Cleanup
Phase 4.2 Post Placement Cleanup | Checksum: 269aa1afe

Time (s): cpu = 00:02:25 ; elapsed = 00:01:31 . Memory (MB): peak = 3829.492 ; gain = 1384.086

Phase 4.3 Placer Reporting

Phase 4.3.1 Print Estimated Congestion
INFO: [Place 30-612] Post-Placement Estimated Congestion 
 ________________________________________________________________________
|           | Global Congestion | Long Congestion   | Short Congestion  |
| Direction | Region Size       | Region Size       | Region Size       |
|___________|___________________|___________________|___________________|
|      North|                1x1|                1x1|                1x1|
|___________|___________________|___________________|___________________|
|      South|                1x1|                1x1|                1x1|
|___________|___________________|___________________|___________________|
|       East|                1x1|                1x1|                1x1|
|___________|___________________|___________________|___________________|
|       West|                1x1|                1x1|                1x1|
|___________|___________________|___________________|___________________|

Phase 4.3.1 Print Estimated Congestion | Checksum: 269aa1afe

Time (s): cpu = 00:02:25 ; elapsed = 00:01:31 . Memory (MB): peak = 3829.492 ; gain = 1384.086
Phase 4.3 Placer Reporting | Checksum: 269aa1afe

Time (s): cpu = 00:02:25 ; elapsed = 00:01:31 . Memory (MB): peak = 3829.492 ; gain = 1384.086

Phase 4.4 Final Placement Cleanup
Netlist sorting complete. Time (s): cpu = 00:00:00 ; elapsed = 00:00:00.002 . Memory (MB): peak = 3829.492 ; gain = 0.000

Time (s): cpu = 00:02:25 ; elapsed = 00:01:31 . Memory (MB): peak = 3829.492 ; gain = 1384.086
Phase 4 Post Placement Optimization and Clean-Up | Checksum: 21bed76c1

Time (s): cpu = 00:02:25 ; elapsed = 00:01:31 . Memory (MB): peak = 3829.492 ; gain = 1384.086
Ending Placer Task | Checksum: 1b0643db7

Time (s): cpu = 00:02:25 ; elapsed = 00:01:31 . Memory (MB): peak = 3829.492 ; gain = 1384.086
73 Infos, 0 Warnings, 1 Critical Warnings and 0 Errors encountered.
place_design completed successfully
INFO: [Common 17-600] The following parameters have non-default value.
tcl.statsThreshold
INFO: [runtcl-4] Executing : report_io -file image_statistics_top_io_placed.rpt
report_io: Time (s): cpu = 00:00:00 ; elapsed = 00:00:00.108 . Memory (MB): peak = 3829.492 ; gain = 0.000
INFO: [runtcl-4] Executing : report_utilization -file image_statistics_top_utilization_placed.rpt -pb image_statistics_top_utilization_placed.pb
INFO: [runtcl-4] Executing : report_control_sets -verbose -file image_statistics_top_control_sets_placed.rpt
report_control_sets: Time (s): cpu = 00:00:00 ; elapsed = 00:00:00.006 . Memory (MB): peak = 3829.492 ; gain = 0.000
INFO: [Timing 38-480] Writing timing data to binary archive.
Write ShapeDB Complete: Time (s): cpu = 00:00:00 ; elapsed = 00:00:00.008 . Memory (MB): peak = 3829.492 ; gain = 0.000
Wrote PlaceDB: Time (s): cpu = 00:00:01 ; elapsed = 00:00:00.159 . Memory (MB): peak = 3829.492 ; gain = 0.000
Wrote PulsedLatchDB: Time (s): cpu = 00:00:00 ; elapsed = 00:00:00 . Memory (MB): peak = 3829.492 ; gain = 0.000
Writing XDEF routing.
Writing XDEF routing logical nets.
Writing XDEF routing special nets.
Wrote RouteStorage: Time (s): cpu = 00:00:00 ; elapsed = 00:00:00.060 . Memory (MB): peak = 3829.492 ; gain = 0.000
Wrote Netlist Cache: Time (s): cpu = 00:00:00 ; elapsed = 00:00:00.007 . Memory (MB): peak = 3829.492 ; gain = 0.000
Wrote Device Cache: Time (s): cpu = 00:00:00 ; elapsed = 00:00:00.046 . Memory (MB): peak = 3829.492 ; gain = 0.000
Write Physdb Complete: Time (s): cpu = 00:00:01 ; elapsed = 00:00:00.289 . Memory (MB): peak = 3829.492 ; gain = 0.000
INFO: [Common 17-1381] The checkpoint 'C:/Users/johnh/Desktop/DICE/Hardware/FPGA/Image Stats/image_statistics/image_statistics.runs/impl_1/image_statistics_top_placed.dcp' has been generated.
Command: phys_opt_design
Attempting to get a license for feature 'Implementation' and/or device 'xcku3p'
INFO: [Common 17-349] Got license for feature 'Implementation' and/or device 'xcku3p'

Starting Initial Update Timing Task

Time (s): cpu = 00:00:02 ; elapsed = 00:00:00.826 . Memory (MB): peak = 3829.492 ; gain = 0.000
INFO: [Vivado_Tcl 4-383] Design worst setup slack (WNS) is greater than or equal to 0.000 ns. Skipping all physical synthesis optimizations.
INFO: [Vivado_Tcl 4-232] No setup violation found. The netlist was not modified.
INFO: [Common 17-83] Releasing license: Implementation
83 Infos, 0 Warnings, 1 Critical Warnings and 0 Errors encountered.
phys_opt_design completed successfully
INFO: [Common 17-600] The following parameters have non-default value.
tcl.statsThreshold
INFO: [Timing 38-480] Writing timing data to binary archive.
Write ShapeDB Complete: Time (s): cpu = 00:00:00 ; elapsed = 00:00:00.008 . Memory (MB): peak = 3845.336 ; gain = 8.930
Wrote PlaceDB: Time (s): cpu = 00:00:00 ; elapsed = 00:00:00.158 . Memory (MB): peak = 3845.336 ; gain = 8.930
Wrote PulsedLatchDB: Time (s): cpu = 00:00:00 ; elapsed = 00:00:00 . Memory (MB): peak = 3845.336 ; gain = 0.000
Writing XDEF routing.
Writing XDEF routing logical nets.
Writing XDEF routing special nets.
Wrote RouteStorage: Time (s): cpu = 00:00:00 ; elapsed = 00:00:00.056 . Memory (MB): peak = 3845.336 ; gain = 0.000
Wrote Netlist Cache: Time (s): cpu = 00:00:00 ; elapsed = 00:00:00.007 . Memory (MB): peak = 3845.336 ; gain = 0.000
Wrote Device Cache: Time (s): cpu = 00:00:00 ; elapsed = 00:00:00.040 . Memory (MB): peak = 3845.336 ; gain = 0.000
Write Physdb Complete: Time (s): cpu = 00:00:00 ; elapsed = 00:00:00.278 . Memory (MB): peak = 3845.336 ; gain = 8.930
INFO: [Common 17-1381] The checkpoint 'C:/Users/johnh/Desktop/DICE/Hardware/FPGA/Image Stats/image_statistics/image_statistics.runs/impl_1/image_statistics_top_physopt.dcp' has been generated.
Command: route_design
Attempting to get a license for feature 'Implementation' and/or device 'xcku3p'
INFO: [Common 17-349] Got license for feature 'Implementation' and/or device 'xcku3p'
Running DRC as a precondition to command route_design
INFO: [DRC 23-27] Running DRC with 2 threads
CRITICAL WARNING: [DRC IOSTDTYPE-1] IOStandard Type: I/O port clk_i is Single-Ended but has an IOStandard of LVDS which can only support Differential
INFO: [Vivado_Tcl 4-198] DRC finished with 0 Errors, 1 Critical Warnings, 2 Warnings
INFO: [Vivado_Tcl 4-199] Please refer to the DRC report (report_drc) for more information.


Starting Routing Task
INFO: [Route 35-254] Multithreading enabled for route_design using a maximum of 8 CPUs

Phase 1 Build RT Design
Checksum: PlaceDB: 883feb55 ConstDB: 0 ShapeSum: 7d04c2bd RouteDB: ab1f8fa5
Nodegraph reading from file.  Time (s): cpu = 00:00:01 ; elapsed = 00:00:00.795 . Memory (MB): peak = 3856.637 ; gain = 0.000
Post Restoration Checksum: NetGraph: 2d4de253 | NumContArr: 3507e0a2 | Constraints: 15de4e1f | Timing: c2a8fa9d
Phase 1 Build RT Design | Checksum: 13add0bb1

Time (s): cpu = 00:00:04 ; elapsed = 00:00:04 . Memory (MB): peak = 3856.637 ; gain = 0.000

Phase 2 Router Initialization

Phase 2.1 Fix Topology Constraints
Phase 2.1 Fix Topology Constraints | Checksum: 13add0bb1

Time (s): cpu = 00:00:04 ; elapsed = 00:00:04 . Memory (MB): peak = 3856.637 ; gain = 0.000

Phase 2.2 Pre Route Cleanup
Phase 2.2 Pre Route Cleanup | Checksum: 13add0bb1

Time (s): cpu = 00:00:04 ; elapsed = 00:00:04 . Memory (MB): peak = 3856.637 ; gain = 0.000

Phase 2.3 Global Clock Net Routing
 Number of Nodes with overlaps = 0
Phase 2.3 Global Clock Net Routing | Checksum: 1b90e6e44

Time (s): cpu = 00:00:06 ; elapsed = 00:00:05 . Memory (MB): peak = 3926.879 ; gain = 70.242

Phase 2.4 Update Timing
Phase 2.4 Update Timing | Checksum: 1a485c521

Time (s): cpu = 00:00:06 ; elapsed = 00:00:05 . Memory (MB): peak = 3926.879 ; gain = 70.242
INFO: [Route 35-416] Intermediate Timing Summary | WNS=3.092  | TNS=0.000  | WHS=-0.001 | THS=-0.001 |


Router Utilization Summary
  Global Vertical Routing Utilization    = 1.31097e-05 %
  Global Horizontal Routing Utilization  = 0 %
  Routable Net Status*
  *Does not include unroutable nets such as driverless and loadless.
  Run report_route_status for detailed report.
  Number of Failed Nets               = 2096
    (Failed Nets is the sum of unrouted and partially routed nets)
  Number of Unrouted Nets             = 2058
  Number of Partially Routed Nets     = 38
  Number of Node Overlaps             = 4

Phase 2 Router Initialization | Checksum: 122ae887a

Time (s): cpu = 00:00:09 ; elapsed = 00:00:06 . Memory (MB): peak = 3927.883 ; gain = 71.246

Phase 3 Initial Routing

Phase 3.1 Global Routing
Phase 3.1 Global Routing | Checksum: 122ae887a

Time (s): cpu = 00:00:09 ; elapsed = 00:00:06 . Memory (MB): peak = 3927.883 ; gain = 71.246

Phase 3.2 Initial Net Routing
Phase 3.2 Initial Net Routing | Checksum: 971e4678

Time (s): cpu = 00:00:10 ; elapsed = 00:00:07 . Memory (MB): peak = 3927.883 ; gain = 71.246
Phase 3 Initial Routing | Checksum: bfddc35e

Time (s): cpu = 00:00:10 ; elapsed = 00:00:07 . Memory (MB): peak = 3927.883 ; gain = 71.246

Phase 4 Rip-up And Reroute

Phase 4.1 Global Iteration 0
 Number of Nodes with overlaps = 73
 Number of Nodes with overlaps = 1
 Number of Nodes with overlaps = 0
INFO: [Route 35-416] Intermediate Timing Summary | WNS=2.956  | TNS=0.000  | WHS=-0.001 | THS=-0.001 |

Phase 4.1 Global Iteration 0 | Checksum: 17c7d2f69

Time (s): cpu = 00:00:12 ; elapsed = 00:00:07 . Memory (MB): peak = 3927.883 ; gain = 71.246

Phase 4.2 Additional Iteration for Hold
Phase 4.2 Additional Iteration for Hold | Checksum: 17e55e4fe

Time (s): cpu = 00:00:12 ; elapsed = 00:00:07 . Memory (MB): peak = 3927.883 ; gain = 71.246
Phase 4 Rip-up And Reroute | Checksum: 17e55e4fe

Time (s): cpu = 00:00:12 ; elapsed = 00:00:07 . Memory (MB): peak = 3927.883 ; gain = 71.246

Phase 5 Delay and Skew Optimization

Phase 5.1 Delay CleanUp

Phase 5.1.1 Update Timing
Phase 5.1.1 Update Timing | Checksum: 174ed5936

Time (s): cpu = 00:00:13 ; elapsed = 00:00:08 . Memory (MB): peak = 3927.883 ; gain = 71.246
INFO: [Route 35-416] Intermediate Timing Summary | WNS=2.956  | TNS=0.000  | WHS=0.020  | THS=0.000  |


Phase 5.1.2 Update Timing
Phase 5.1.2 Update Timing | Checksum: 152c0d480

Time (s): cpu = 00:00:13 ; elapsed = 00:00:08 . Memory (MB): peak = 3927.883 ; gain = 71.246
INFO: [Route 35-416] Intermediate Timing Summary | WNS=2.956  | TNS=0.000  | WHS=0.020  | THS=0.000  |

Phase 5.1 Delay CleanUp | Checksum: 152c0d480

Time (s): cpu = 00:00:13 ; elapsed = 00:00:08 . Memory (MB): peak = 3927.883 ; gain = 71.246

Phase 5.2 Clock Skew Optimization
Phase 5.2 Clock Skew Optimization | Checksum: 152c0d480

Time (s): cpu = 00:00:13 ; elapsed = 00:00:08 . Memory (MB): peak = 3927.883 ; gain = 71.246
Phase 5 Delay and Skew Optimization | Checksum: 152c0d480

Time (s): cpu = 00:00:13 ; elapsed = 00:00:08 . Memory (MB): peak = 3927.883 ; gain = 71.246

Phase 6 Post Hold Fix

Phase 6.1 Hold Fix Iter

Phase 6.1.1 Update Timing
Phase 6.1.1 Update Timing | Checksum: 14212c328

Time (s): cpu = 00:00:14 ; elapsed = 00:00:08 . Memory (MB): peak = 3927.883 ; gain = 71.246
INFO: [Route 35-416] Intermediate Timing Summary | WNS=2.956  | TNS=0.000  | WHS=0.020  | THS=0.000  |

Phase 6.1 Hold Fix Iter | Checksum: 157737200

Time (s): cpu = 00:00:14 ; elapsed = 00:00:08 . Memory (MB): peak = 3927.883 ; gain = 71.246
Phase 6 Post Hold Fix | Checksum: 157737200

Time (s): cpu = 00:00:14 ; elapsed = 00:00:08 . Memory (MB): peak = 3927.883 ; gain = 71.246

Phase 7 Route finalize

Router Utilization Summary
  Global Vertical Routing Utilization    = 0.156674 %
  Global Horizontal Routing Utilization  = 0.113761 %
  Routable Net Status*
  *Does not include unroutable nets such as driverless and loadless.
  Run report_route_status for detailed report.
  Number of Failed Nets               = 0
    (Failed Nets is the sum of unrouted and partially routed nets)
  Number of Unrouted Nets             = 0
  Number of Partially Routed Nets     = 0
  Number of Node Overlaps             = 0

Phase 7 Route finalize | Checksum: 157737200

Time (s): cpu = 00:00:14 ; elapsed = 00:00:08 . Memory (MB): peak = 3927.883 ; gain = 71.246

Phase 8 Verifying routed nets

 Verification completed successfully
Phase 8 Verifying routed nets | Checksum: 157737200

Time (s): cpu = 00:00:14 ; elapsed = 00:00:08 . Memory (MB): peak = 3927.883 ; gain = 71.246

Phase 9 Depositing Routes
Phase 9 Depositing Routes | Checksum: 157737200

Time (s): cpu = 00:00:14 ; elapsed = 00:00:08 . Memory (MB): peak = 3927.883 ; gain = 71.246

Phase 10 Resolve XTalk
Phase 10 Resolve XTalk | Checksum: 157737200

Time (s): cpu = 00:00:14 ; elapsed = 00:00:08 . Memory (MB): peak = 3927.883 ; gain = 71.246

Phase 11 Post Router Timing
INFO: [Route 35-57] Estimated Timing Summary | WNS=2.956  | TNS=0.000  | WHS=0.020  | THS=0.000  |

INFO: [Route 35-327] The final timing numbers are based on the router estimated timing analysis. For a complete and accurate timing signoff, please run report_timing_summary.
Phase 11 Post Router Timing | Checksum: 157737200

Time (s): cpu = 00:00:14 ; elapsed = 00:00:08 . Memory (MB): peak = 3927.883 ; gain = 71.246
INFO: [Route 35-16] Router Completed Successfully

Phase 12 Post-Route Event Processing
Phase 12 Post-Route Event Processing | Checksum: 19f7c50f6

Time (s): cpu = 00:00:14 ; elapsed = 00:00:08 . Memory (MB): peak = 3927.883 ; gain = 71.246
Ending Routing Task | Checksum: 19f7c50f6

Time (s): cpu = 00:00:14 ; elapsed = 00:00:08 . Memory (MB): peak = 3927.883 ; gain = 71.246

Routing Is Done.
INFO: [Common 17-83] Releasing license: Implementation
100 Infos, 0 Warnings, 2 Critical Warnings and 0 Errors encountered.
route_design completed successfully
INFO: [Common 17-600] The following parameters have non-default value.
tcl.statsThreshold
INFO: [runtcl-4] Executing : report_drc -file image_statistics_top_drc_routed.rpt -pb image_statistics_top_drc_routed.pb -rpx image_statistics_top_drc_routed.rpx
Command: report_drc -file image_statistics_top_drc_routed.rpt -pb image_statistics_top_drc_routed.pb -rpx image_statistics_top_drc_routed.rpx
INFO: [IP_Flow 19-1839] IP Catalog is up to date.
INFO: [DRC 23-27] Running DRC with 2 threads
INFO: [Vivado_Tcl 2-168] The results of DRC are in file C:/Users/johnh/Desktop/DICE/Hardware/FPGA/Image Stats/image_statistics/image_statistics.runs/impl_1/image_statistics_top_drc_routed.rpt.
report_drc completed successfully
INFO: [runtcl-4] Executing : report_methodology -file image_statistics_top_methodology_drc_routed.rpt -pb image_statistics_top_methodology_drc_routed.pb -rpx image_statistics_top_methodology_drc_routed.rpx
Command: report_methodology -file image_statistics_top_methodology_drc_routed.rpt -pb image_statistics_top_methodology_drc_routed.pb -rpx image_statistics_top_methodology_drc_routed.rpx
INFO: [Timing 38-35] Done setting XDC timing constraints.
INFO: [DRC 23-133] Running Methodology with 2 threads
INFO: [Vivado_Tcl 2-1520] The results of Report Methodology are in file C:/Users/johnh/Desktop/DICE/Hardware/FPGA/Image Stats/image_statistics/image_statistics.runs/impl_1/image_statistics_top_methodology_drc_routed.rpt.
report_methodology completed successfully
INFO: [runtcl-4] Executing : report_power -file image_statistics_top_power_routed.rpt -pb image_statistics_top_power_summary_routed.pb -rpx image_statistics_top_power_routed.rpx
Command: report_power -file image_statistics_top_power_routed.rpt -pb image_statistics_top_power_summary_routed.pb -rpx image_statistics_top_power_routed.rpx
INFO: [Timing 38-35] Done setting XDC timing constraints.
Running Vector-less Activity Propagation...

Finished Running Vector-less Activity Propagation
111 Infos, 0 Warnings, 2 Critical Warnings and 0 Errors encountered.
report_power completed successfully
INFO: [runtcl-4] Executing : report_route_status -file image_statistics_top_route_status.rpt -pb image_statistics_top_route_status.pb
INFO: [runtcl-4] Executing : report_timing_summary -max_paths 10 -report_unconstrained -file image_statistics_top_timing_summary_routed.rpt -pb image_statistics_top_timing_summary_routed.pb -rpx image_statistics_top_timing_summary_routed.rpx -warn_on_violation 
INFO: [Timing 38-91] UpdateTimingParams: Speed grade: -2, Temperature grade: I, Delay Type: min_max.
INFO: [Timing 38-191] Multithreading enabled for timing update using a maximum of 2 CPUs
INFO: [runtcl-4] Executing : report_incremental_reuse -file image_statistics_top_incremental_reuse_routed.rpt
INFO: [Vivado_Tcl 4-1062] Incremental flow is disabled. No incremental reuse Info to report.
INFO: [runtcl-4] Executing : report_clock_utilization -file image_statistics_top_clock_utilization_routed.rpt
INFO: [runtcl-4] Executing : report_bus_skew -warn_on_violation -file image_statistics_top_bus_skew_routed.rpt -pb image_statistics_top_bus_skew_routed.pb -rpx image_statistics_top_bus_skew_routed.rpx
INFO: [Timing 38-91] UpdateTimingParams: Speed grade: -2, Temperature grade: I, Delay Type: min_max.
INFO: [Timing 38-191] Multithreading enabled for timing update using a maximum of 2 CPUs
INFO: [Timing 38-480] Writing timing data to binary archive.
Write ShapeDB Complete: Time (s): cpu = 00:00:01 ; elapsed = 00:00:00.007 . Memory (MB): peak = 3927.883 ; gain = 0.000
Wrote PlaceDB: Time (s): cpu = 00:00:01 ; elapsed = 00:00:00.160 . Memory (MB): peak = 3927.883 ; gain = 0.000
Wrote PulsedLatchDB: Time (s): cpu = 00:00:00 ; elapsed = 00:00:00 . Memory (MB): peak = 3927.883 ; gain = 0.000
Writing XDEF routing.
Writing XDEF routing logical nets.
Writing XDEF routing special nets.
Wrote RouteStorage: Time (s): cpu = 00:00:00 ; elapsed = 00:00:00.076 . Memory (MB): peak = 3927.883 ; gain = 0.000
Wrote Netlist Cache: Time (s): cpu = 00:00:00 ; elapsed = 00:00:00.007 . Memory (MB): peak = 3927.883 ; gain = 0.000
Wrote Device Cache: Time (s): cpu = 00:00:00 ; elapsed = 00:00:00.042 . Memory (MB): peak = 3927.883 ; gain = 0.000
Write Physdb Complete: Time (s): cpu = 00:00:01 ; elapsed = 00:00:00.302 . Memory (MB): peak = 3927.883 ; gain = 0.000
INFO: [Common 17-1381] The checkpoint 'C:/Users/johnh/Desktop/DICE/Hardware/FPGA/Image Stats/image_statistics/image_statistics.runs/impl_1/image_statistics_top_routed.dcp' has been generated.
INFO: [Common 17-206] Exiting Vivado at Mon Jan 13 22:10:15 2025...
