
*** Running vivado
    with args -log image_statistics_top.vds -m64 -product Vivado -mode batch -messageDb vivado.pb -notrace -source image_statistics_top.tcl


ECHO is off.
ECHO is off.

****** Vivado v2023.2 (64-bit)
  **** SW Build 4029153 on Fri Oct 13 20:14:34 MDT 2023
  **** IP Build 4028589 on Sat Oct 14 00:45:43 MDT 2023
  **** SharedData Build 4025554 on Tue Oct 10 17:18:54 MDT 2023
    ** Copyright 1986-2022 Xilinx, Inc. All Rights Reserved.
    ** Copyright 2022-2023 Advanced Micro Devices, Inc. All Rights Reserved.

source image_statistics_top.tcl -notrace
Command: read_checkpoint -auto_incremental -incremental {C:/Users/johnh/Desktop/DICE/Hardware/FPGA/Image Stats/image_statistics/image_statistics.srcs/utils_1/imports/synth_1/laplacian_core.dcp}
INFO: [Vivado 12-5825] Read reference checkpoint from C:/Users/johnh/Desktop/DICE/Hardware/FPGA/Image Stats/image_statistics/image_statistics.srcs/utils_1/imports/synth_1/laplacian_core.dcp for incremental synthesis
INFO: [Vivado 12-7989] Please ensure there are no constraint changes
Command: synth_design -top image_statistics_top -part xcku3p-ffva676-2-i
Starting synth_design
Attempting to get a license for feature 'Synthesis' and/or device 'xcku3p'
INFO: [Common 17-349] Got license for feature 'Synthesis' and/or device 'xcku3p'
INFO: [Device 21-403] Loading part xcku3p-ffva676-2-i
INFO: [Designutils 20-5440] No compile time benefit to using incremental synthesis; A full resynthesis will be run
INFO: [Designutils 20-4379] Flow is switching to default flow due to incremental criteria not met. If you would like to alter this behaviour and have the flow terminate instead, please set the following parameter config_implementation {autoIncr.Synth.RejectBehavior Terminate}
INFO: [Synth 8-7079] Multithreading enabled for synth_design using a maximum of 2 processes.
INFO: [Synth 8-7078] Launching helper process for spawning children vivado processes
INFO: [Synth 8-7075] Helper process launched with PID 18784
---------------------------------------------------------------------------------
Starting RTL Elaboration : Time (s): cpu = 00:00:04 ; elapsed = 00:00:04 . Memory (MB): peak = 1992.754 ; gain = 420.262
---------------------------------------------------------------------------------
INFO: [Synth 8-638] synthesizing module 'image_statistics_top' [C:/Users/johnh/Desktop/DICE/Hardware/FPGA/Image Stats/image_statistics/image_statistics.srcs/sources_1/new/image_statistics_top.vhd:55]
INFO: [Synth 8-638] synthesizing module 'rgb_to_gray' [C:/Users/johnh/Desktop/DICE/Hardware/FPGA/Image Stats/image_statistics/image_statistics.srcs/sources_1/imports/FPGA/Laplacian Core/laplacian_core/laplacian_core.srcs/sources_1/new/rgb_to_grayscale.vhd:28]
	Parameter INIT bound to: 16'b0000000000000000 
	Parameter IS_CLK_INVERTED bound to: 1'b0 
INFO: [Synth 8-113] binding component instance 'SRL16E_inst' to cell 'SRL16E' [C:/Users/johnh/Desktop/DICE/Hardware/FPGA/Image Stats/image_statistics/image_statistics.srcs/sources_1/imports/FPGA/Laplacian Core/laplacian_core/laplacian_core.srcs/sources_1/new/rgb_to_grayscale.vhd:81]
INFO: [Synth 8-3491] module 'dsp_macro_simd' declared at 'C:/Users/johnh/Desktop/DICE/Hardware/FPGA/Image Stats/image_statistics/image_statistics.runs/synth_1/.Xil/Vivado-24128-DESKTOP-U9NB2CD/realtime/dsp_macro_simd_stub.vhdl:6' bound to instance 'dsp_pre_add' of component 'dsp_macro_simd' [C:/Users/johnh/Desktop/DICE/Hardware/FPGA/Image Stats/image_statistics/image_statistics.srcs/sources_1/imports/FPGA/Laplacian Core/laplacian_core/laplacian_core.srcs/sources_1/new/rgb_to_grayscale.vhd:158]
INFO: [Synth 8-638] synthesizing module 'dsp_macro_simd' [C:/Users/johnh/Desktop/DICE/Hardware/FPGA/Image Stats/image_statistics/image_statistics.runs/synth_1/.Xil/Vivado-24128-DESKTOP-U9NB2CD/realtime/dsp_macro_simd_stub.vhdl:19]
INFO: [Synth 8-3491] module 'dsp_macro_simd' declared at 'C:/Users/johnh/Desktop/DICE/Hardware/FPGA/Image Stats/image_statistics/image_statistics.runs/synth_1/.Xil/Vivado-24128-DESKTOP-U9NB2CD/realtime/dsp_macro_simd_stub.vhdl:6' bound to instance 'dsp_final_add' of component 'dsp_macro_simd' [C:/Users/johnh/Desktop/DICE/Hardware/FPGA/Image Stats/image_statistics/image_statistics.srcs/sources_1/imports/FPGA/Laplacian Core/laplacian_core/laplacian_core.srcs/sources_1/new/rgb_to_grayscale.vhd:174]
INFO: [Synth 8-256] done synthesizing module 'rgb_to_gray' (0#1) [C:/Users/johnh/Desktop/DICE/Hardware/FPGA/Image Stats/image_statistics/image_statistics.srcs/sources_1/imports/FPGA/Laplacian Core/laplacian_core/laplacian_core.srcs/sources_1/new/rgb_to_grayscale.vhd:28]
INFO: [Synth 8-638] synthesizing module 'sipo_reg' [C:/Users/johnh/Desktop/DICE/Hardware/FPGA/Image Stats/image_statistics/image_statistics.srcs/sources_1/imports/new/sipo_reg.vhd:53]
	Parameter IN_WIDTH bound to: 8 - type: integer 
	Parameter OUT_TAPS bound to: 9 - type: integer 
	Parameter TAP_END bound to: 0 - type: integer 
	Parameter DEPTH bound to: 9 - type: integer 
INFO: [Synth 8-256] done synthesizing module 'sipo_reg' (0#1) [C:/Users/johnh/Desktop/DICE/Hardware/FPGA/Image Stats/image_statistics/image_statistics.srcs/sources_1/imports/new/sipo_reg.vhd:53]
INFO: [Synth 8-638] synthesizing module 'laplacian_core' [C:/Users/johnh/Desktop/DICE/Hardware/FPGA/Image Stats/image_statistics/image_statistics.srcs/sources_1/imports/FPGA/Laplacian Core/laplacian_core/laplacian_core.srcs/sources_1/new/laplacian_core.vhd:32]
	Parameter INIT bound to: 32'b00000000000000000000000000000000 
	Parameter IS_CLK_INVERTED bound to: 1'b0 
INFO: [Synth 8-113] binding component instance 'SRLC32E_inst' to cell 'SRLC32E' [C:/Users/johnh/Desktop/DICE/Hardware/FPGA/Image Stats/image_statistics/image_statistics.srcs/sources_1/imports/FPGA/Laplacian Core/laplacian_core/laplacian_core.srcs/sources_1/new/laplacian_core.vhd:63]
INFO: [Synth 8-638] synthesizing module 'data_delay_reg' [C:/Users/johnh/Desktop/DICE/Hardware/FPGA/Image Stats/image_statistics/image_statistics.srcs/sources_1/imports/FPGA/Gradient Core/gradient_core/gradient_core.srcs/sources_1/imports/new/data_delay_reg.vhd:48]
	Parameter SHIFT_DEPTH bound to: 4 - type: integer 
	Parameter DATA_WIDTH bound to: 8 - type: integer 
INFO: [Synth 8-256] done synthesizing module 'data_delay_reg' (0#1) [C:/Users/johnh/Desktop/DICE/Hardware/FPGA/Image Stats/image_statistics/image_statistics.srcs/sources_1/imports/FPGA/Gradient Core/gradient_core/gradient_core.srcs/sources_1/imports/new/data_delay_reg.vhd:48]
INFO: [Synth 8-3491] module 'dsp_macro_simd' declared at 'C:/Users/johnh/Desktop/DICE/Hardware/FPGA/Image Stats/image_statistics/image_statistics.runs/synth_1/.Xil/Vivado-24128-DESKTOP-U9NB2CD/realtime/dsp_macro_simd_stub.vhdl:6' bound to instance 'dsp_add1_11b' of component 'dsp_macro_simd' [C:/Users/johnh/Desktop/DICE/Hardware/FPGA/Image Stats/image_statistics/image_statistics.srcs/sources_1/imports/FPGA/Laplacian Core/laplacian_core/laplacian_core.srcs/sources_1/new/laplacian_core.vhd:149]
INFO: [Synth 8-3491] module 'dsp_macro_simd' declared at 'C:/Users/johnh/Desktop/DICE/Hardware/FPGA/Image Stats/image_statistics/image_statistics.runs/synth_1/.Xil/Vivado-24128-DESKTOP-U9NB2CD/realtime/dsp_macro_simd_stub.vhdl:6' bound to instance 'dsp_add2_11b' of component 'dsp_macro_simd' [C:/Users/johnh/Desktop/DICE/Hardware/FPGA/Image Stats/image_statistics/image_statistics.srcs/sources_1/imports/FPGA/Laplacian Core/laplacian_core/laplacian_core.srcs/sources_1/new/laplacian_core.vhd:160]
INFO: [Synth 8-256] done synthesizing module 'laplacian_core' (0#1) [C:/Users/johnh/Desktop/DICE/Hardware/FPGA/Image Stats/image_statistics/image_statistics.srcs/sources_1/imports/FPGA/Laplacian Core/laplacian_core/laplacian_core.srcs/sources_1/new/laplacian_core.vhd:32]
INFO: [Synth 8-638] synthesizing module 'gradient_calc' [C:/Users/johnh/Desktop/DICE/Hardware/FPGA/Image Stats/image_statistics/image_statistics.srcs/sources_1/imports/FPGA/Gradient Core/gradient_core/gradient_core.srcs/sources_1/new/gradient_calc.vhd:51]
	Parameter INIT bound to: 32'b00000000000000000000000000000000 
	Parameter IS_CLK_INVERTED bound to: 1'b0 
INFO: [Synth 8-113] binding component instance 'SRLC32E_inst' to cell 'SRLC32E' [C:/Users/johnh/Desktop/DICE/Hardware/FPGA/Image Stats/image_statistics/image_statistics.srcs/sources_1/imports/FPGA/Gradient Core/gradient_core/gradient_core.srcs/sources_1/new/gradient_calc.vhd:110]
INFO: [Synth 8-3491] module 'dsp_macro_add_22b' declared at 'C:/Users/johnh/Desktop/DICE/Hardware/FPGA/Image Stats/image_statistics/image_statistics.runs/synth_1/.Xil/Vivado-24128-DESKTOP-U9NB2CD/realtime/dsp_macro_add_22b_stub.vhdl:6' bound to instance 'sobel_x_dsp1' of component 'dsp_macro_add_22b' [C:/Users/johnh/Desktop/DICE/Hardware/FPGA/Image Stats/image_statistics/image_statistics.srcs/sources_1/imports/FPGA/Gradient Core/gradient_core/gradient_core.srcs/sources_1/new/gradient_calc.vhd:200]
INFO: [Synth 8-638] synthesizing module 'dsp_macro_add_22b' [C:/Users/johnh/Desktop/DICE/Hardware/FPGA/Image Stats/image_statistics/image_statistics.runs/synth_1/.Xil/Vivado-24128-DESKTOP-U9NB2CD/realtime/dsp_macro_add_22b_stub.vhdl:19]
INFO: [Synth 8-3491] module 'dsp_macro_add_22b' declared at 'C:/Users/johnh/Desktop/DICE/Hardware/FPGA/Image Stats/image_statistics/image_statistics.runs/synth_1/.Xil/Vivado-24128-DESKTOP-U9NB2CD/realtime/dsp_macro_add_22b_stub.vhdl:6' bound to instance 'sobel_x_dsp2' of component 'dsp_macro_add_22b' [C:/Users/johnh/Desktop/DICE/Hardware/FPGA/Image Stats/image_statistics/image_statistics.srcs/sources_1/imports/FPGA/Gradient Core/gradient_core/gradient_core.srcs/sources_1/new/gradient_calc.vhd:211]
INFO: [Synth 8-3491] module 'dsp_macro_add_22b' declared at 'C:/Users/johnh/Desktop/DICE/Hardware/FPGA/Image Stats/image_statistics/image_statistics.runs/synth_1/.Xil/Vivado-24128-DESKTOP-U9NB2CD/realtime/dsp_macro_add_22b_stub.vhdl:6' bound to instance 'sobel_y_dsp1' of component 'dsp_macro_add_22b' [C:/Users/johnh/Desktop/DICE/Hardware/FPGA/Image Stats/image_statistics/image_statistics.srcs/sources_1/imports/FPGA/Gradient Core/gradient_core/gradient_core.srcs/sources_1/new/gradient_calc.vhd:222]
INFO: [Synth 8-3491] module 'dsp_macro_add_22b' declared at 'C:/Users/johnh/Desktop/DICE/Hardware/FPGA/Image Stats/image_statistics/image_statistics.runs/synth_1/.Xil/Vivado-24128-DESKTOP-U9NB2CD/realtime/dsp_macro_add_22b_stub.vhdl:6' bound to instance 'sobel_y_dsp2' of component 'dsp_macro_add_22b' [C:/Users/johnh/Desktop/DICE/Hardware/FPGA/Image Stats/image_statistics/image_statistics.srcs/sources_1/imports/FPGA/Gradient Core/gradient_core/gradient_core.srcs/sources_1/new/gradient_calc.vhd:233]
INFO: [Synth 8-256] done synthesizing module 'gradient_calc' (0#1) [C:/Users/johnh/Desktop/DICE/Hardware/FPGA/Image Stats/image_statistics/image_statistics.srcs/sources_1/imports/FPGA/Gradient Core/gradient_core/gradient_core.srcs/sources_1/new/gradient_calc.vhd:51]
INFO: [Synth 8-638] synthesizing module 'statistics_core' [C:/Users/johnh/Desktop/DICE/Hardware/FPGA/Image Stats/image_statistics/image_statistics.srcs/sources_1/imports/FPGA/Gradient Core/gradient_core/gradient_core.srcs/sources_1/new/statistics_core.vhd:37]
	Parameter variance_depth bound to: 16 - type: integer 
	Parameter data_width bound to: 11 - type: integer 
INFO: [Synth 8-3491] module 'dsp_mac' declared at 'C:/Users/johnh/Desktop/DICE/Hardware/FPGA/Image Stats/image_statistics/image_statistics.runs/synth_1/.Xil/Vivado-24128-DESKTOP-U9NB2CD/realtime/dsp_mac_stub.vhdl:6' bound to instance 'dsp_vsum_mac' of component 'dsp_mac' [C:/Users/johnh/Desktop/DICE/Hardware/FPGA/Image Stats/image_statistics/image_statistics.srcs/sources_1/imports/FPGA/Gradient Core/gradient_core/gradient_core.srcs/sources_1/new/statistics_core.vhd:122]
INFO: [Synth 8-638] synthesizing module 'dsp_mac' [C:/Users/johnh/Desktop/DICE/Hardware/FPGA/Image Stats/image_statistics/image_statistics.runs/synth_1/.Xil/Vivado-24128-DESKTOP-U9NB2CD/realtime/dsp_mac_stub.vhdl:17]
INFO: [Synth 8-3491] module 'dsp_acum' declared at 'C:/Users/johnh/Desktop/DICE/Hardware/FPGA/Image Stats/image_statistics/image_statistics.runs/synth_1/.Xil/Vivado-24128-DESKTOP-U9NB2CD/realtime/dsp_acum_stub.vhdl:6' bound to instance 'dsp_hsum_acum' of component 'dsp_acum' [C:/Users/johnh/Desktop/DICE/Hardware/FPGA/Image Stats/image_statistics/image_statistics.srcs/sources_1/imports/FPGA/Gradient Core/gradient_core/gradient_core.srcs/sources_1/new/statistics_core.vhd:132]
INFO: [Synth 8-638] synthesizing module 'dsp_acum' [C:/Users/johnh/Desktop/DICE/Hardware/FPGA/Image Stats/image_statistics/image_statistics.runs/synth_1/.Xil/Vivado-24128-DESKTOP-U9NB2CD/realtime/dsp_acum_stub.vhdl:17]
INFO: [Synth 8-3491] module 'dsp_msub' declared at 'C:/Users/johnh/Desktop/DICE/Hardware/FPGA/Image Stats/image_statistics/image_statistics.runs/synth_1/.Xil/Vivado-24128-DESKTOP-U9NB2CD/realtime/dsp_msub_stub.vhdl:6' bound to instance 'dsp_var_msub' of component 'dsp_msub' [C:/Users/johnh/Desktop/DICE/Hardware/FPGA/Image Stats/image_statistics/image_statistics.srcs/sources_1/imports/FPGA/Gradient Core/gradient_core/gradient_core.srcs/sources_1/new/statistics_core.vhd:185]
INFO: [Synth 8-638] synthesizing module 'dsp_msub' [C:/Users/johnh/Desktop/DICE/Hardware/FPGA/Image Stats/image_statistics/image_statistics.runs/synth_1/.Xil/Vivado-24128-DESKTOP-U9NB2CD/realtime/dsp_msub_stub.vhdl:18]
INFO: [Synth 8-638] synthesizing module 'data_delay_reg__parameterized0' [C:/Users/johnh/Desktop/DICE/Hardware/FPGA/Image Stats/image_statistics/image_statistics.srcs/sources_1/imports/FPGA/Gradient Core/gradient_core/gradient_core.srcs/sources_1/imports/new/data_delay_reg.vhd:48]
	Parameter SHIFT_DEPTH bound to: 9 - type: integer 
	Parameter DATA_WIDTH bound to: 16 - type: integer 
INFO: [Synth 8-256] done synthesizing module 'data_delay_reg__parameterized0' (0#1) [C:/Users/johnh/Desktop/DICE/Hardware/FPGA/Image Stats/image_statistics/image_statistics.srcs/sources_1/imports/FPGA/Gradient Core/gradient_core/gradient_core.srcs/sources_1/imports/new/data_delay_reg.vhd:48]
INFO: [Synth 8-638] synthesizing module 'data_delay_reg__parameterized1' [C:/Users/johnh/Desktop/DICE/Hardware/FPGA/Image Stats/image_statistics/image_statistics.srcs/sources_1/imports/FPGA/Gradient Core/gradient_core/gradient_core.srcs/sources_1/imports/new/data_delay_reg.vhd:48]
	Parameter SHIFT_DEPTH bound to: 5 - type: integer 
	Parameter DATA_WIDTH bound to: 16 - type: integer 
INFO: [Synth 8-256] done synthesizing module 'data_delay_reg__parameterized1' (0#1) [C:/Users/johnh/Desktop/DICE/Hardware/FPGA/Image Stats/image_statistics/image_statistics.srcs/sources_1/imports/FPGA/Gradient Core/gradient_core/gradient_core.srcs/sources_1/imports/new/data_delay_reg.vhd:48]
INFO: [Synth 8-3491] module 'sqrt_cordic' declared at 'C:/Users/johnh/Desktop/DICE/Hardware/FPGA/Image Stats/image_statistics/image_statistics.runs/synth_1/.Xil/Vivado-24128-DESKTOP-U9NB2CD/realtime/sqrt_cordic_stub.vhdl:6' bound to instance 'std_dev_sqrt' of component 'sqrt_cordic' [C:/Users/johnh/Desktop/DICE/Hardware/FPGA/Image Stats/image_statistics/image_statistics.srcs/sources_1/imports/FPGA/Gradient Core/gradient_core/gradient_core.srcs/sources_1/new/statistics_core.vhd:221]
INFO: [Synth 8-638] synthesizing module 'sqrt_cordic' [C:/Users/johnh/Desktop/DICE/Hardware/FPGA/Image Stats/image_statistics/image_statistics.runs/synth_1/.Xil/Vivado-24128-DESKTOP-U9NB2CD/realtime/sqrt_cordic_stub.vhdl:19]
INFO: [Synth 8-256] done synthesizing module 'statistics_core' (0#1) [C:/Users/johnh/Desktop/DICE/Hardware/FPGA/Image Stats/image_statistics/image_statistics.srcs/sources_1/imports/FPGA/Gradient Core/gradient_core/gradient_core.srcs/sources_1/new/statistics_core.vhd:37]
INFO: [Synth 8-256] done synthesizing module 'image_statistics_top' (0#1) [C:/Users/johnh/Desktop/DICE/Hardware/FPGA/Image Stats/image_statistics/image_statistics.srcs/sources_1/new/image_statistics_top.vhd:55]
WARNING: [Synth 8-6014] Unused sequential element vaid_counter_x_reg was removed.  [C:/Users/johnh/Desktop/DICE/Hardware/FPGA/Image Stats/image_statistics/image_statistics.srcs/sources_1/imports/new/sipo_reg.vhd:98]
---------------------------------------------------------------------------------
Finished RTL Elaboration : Time (s): cpu = 00:00:05 ; elapsed = 00:00:06 . Memory (MB): peak = 2112.805 ; gain = 540.312
---------------------------------------------------------------------------------
---------------------------------------------------------------------------------
Start Handling Custom Attributes
---------------------------------------------------------------------------------
---------------------------------------------------------------------------------
Finished Handling Custom Attributes : Time (s): cpu = 00:00:06 ; elapsed = 00:00:06 . Memory (MB): peak = 2112.805 ; gain = 540.312
---------------------------------------------------------------------------------
---------------------------------------------------------------------------------
Finished RTL Optimization Phase 1 : Time (s): cpu = 00:00:06 ; elapsed = 00:00:06 . Memory (MB): peak = 2112.805 ; gain = 540.312
---------------------------------------------------------------------------------
Netlist sorting complete. Time (s): cpu = 00:00:00 ; elapsed = 00:00:00.021 . Memory (MB): peak = 2112.805 ; gain = 0.000
INFO: [Project 1-570] Preparing netlist for logic optimization

Processing XDC Constraints
Initializing timing engine
Parsing XDC File [c:/Users/johnh/Desktop/DICE/Hardware/FPGA/Image Stats/image_statistics/image_statistics.gen/sources_1/ip/dsp_macro_add_22b/dsp_macro_add_22b/dsp_macro_add_22b_in_context.xdc] for cell 'gradient_core/sobel_x_dsp1'
Finished Parsing XDC File [c:/Users/johnh/Desktop/DICE/Hardware/FPGA/Image Stats/image_statistics/image_statistics.gen/sources_1/ip/dsp_macro_add_22b/dsp_macro_add_22b/dsp_macro_add_22b_in_context.xdc] for cell 'gradient_core/sobel_x_dsp1'
Parsing XDC File [c:/Users/johnh/Desktop/DICE/Hardware/FPGA/Image Stats/image_statistics/image_statistics.gen/sources_1/ip/dsp_macro_add_22b/dsp_macro_add_22b/dsp_macro_add_22b_in_context.xdc] for cell 'gradient_core/sobel_x_dsp2'
Finished Parsing XDC File [c:/Users/johnh/Desktop/DICE/Hardware/FPGA/Image Stats/image_statistics/image_statistics.gen/sources_1/ip/dsp_macro_add_22b/dsp_macro_add_22b/dsp_macro_add_22b_in_context.xdc] for cell 'gradient_core/sobel_x_dsp2'
Parsing XDC File [c:/Users/johnh/Desktop/DICE/Hardware/FPGA/Image Stats/image_statistics/image_statistics.gen/sources_1/ip/dsp_macro_add_22b/dsp_macro_add_22b/dsp_macro_add_22b_in_context.xdc] for cell 'gradient_core/sobel_y_dsp1'
Finished Parsing XDC File [c:/Users/johnh/Desktop/DICE/Hardware/FPGA/Image Stats/image_statistics/image_statistics.gen/sources_1/ip/dsp_macro_add_22b/dsp_macro_add_22b/dsp_macro_add_22b_in_context.xdc] for cell 'gradient_core/sobel_y_dsp1'
Parsing XDC File [c:/Users/johnh/Desktop/DICE/Hardware/FPGA/Image Stats/image_statistics/image_statistics.gen/sources_1/ip/dsp_macro_add_22b/dsp_macro_add_22b/dsp_macro_add_22b_in_context.xdc] for cell 'gradient_core/sobel_y_dsp2'
Finished Parsing XDC File [c:/Users/johnh/Desktop/DICE/Hardware/FPGA/Image Stats/image_statistics/image_statistics.gen/sources_1/ip/dsp_macro_add_22b/dsp_macro_add_22b/dsp_macro_add_22b_in_context.xdc] for cell 'gradient_core/sobel_y_dsp2'
Parsing XDC File [c:/Users/johnh/Desktop/DICE/Hardware/FPGA/Image Stats/image_statistics/image_statistics.gen/sources_1/ip/sqrt_cordic/sqrt_cordic/sqrt_cordic_in_context.xdc] for cell 'statistics_core_laplacian/std_dev_sqrt'
Finished Parsing XDC File [c:/Users/johnh/Desktop/DICE/Hardware/FPGA/Image Stats/image_statistics/image_statistics.gen/sources_1/ip/sqrt_cordic/sqrt_cordic/sqrt_cordic_in_context.xdc] for cell 'statistics_core_laplacian/std_dev_sqrt'
Parsing XDC File [c:/Users/johnh/Desktop/DICE/Hardware/FPGA/Image Stats/image_statistics/image_statistics.gen/sources_1/ip/sqrt_cordic/sqrt_cordic/sqrt_cordic_in_context.xdc] for cell 'statistics_core_gradient/std_dev_sqrt'
Finished Parsing XDC File [c:/Users/johnh/Desktop/DICE/Hardware/FPGA/Image Stats/image_statistics/image_statistics.gen/sources_1/ip/sqrt_cordic/sqrt_cordic/sqrt_cordic_in_context.xdc] for cell 'statistics_core_gradient/std_dev_sqrt'
Parsing XDC File [c:/Users/johnh/Desktop/DICE/Hardware/FPGA/Image Stats/image_statistics/image_statistics.gen/sources_1/ip/dsp_acum/dsp_acum/dsp_acum_in_context.xdc] for cell 'statistics_core_laplacian/dsp_hsum_acum'
Finished Parsing XDC File [c:/Users/johnh/Desktop/DICE/Hardware/FPGA/Image Stats/image_statistics/image_statistics.gen/sources_1/ip/dsp_acum/dsp_acum/dsp_acum_in_context.xdc] for cell 'statistics_core_laplacian/dsp_hsum_acum'
Parsing XDC File [c:/Users/johnh/Desktop/DICE/Hardware/FPGA/Image Stats/image_statistics/image_statistics.gen/sources_1/ip/dsp_acum/dsp_acum/dsp_acum_in_context.xdc] for cell 'statistics_core_gradient/dsp_hsum_acum'
Finished Parsing XDC File [c:/Users/johnh/Desktop/DICE/Hardware/FPGA/Image Stats/image_statistics/image_statistics.gen/sources_1/ip/dsp_acum/dsp_acum/dsp_acum_in_context.xdc] for cell 'statistics_core_gradient/dsp_hsum_acum'
Parsing XDC File [c:/Users/johnh/Desktop/DICE/Hardware/FPGA/Image Stats/image_statistics/image_statistics.gen/sources_1/ip/dsp_mac/dsp_mac/dsp_mac_in_context.xdc] for cell 'statistics_core_laplacian/dsp_vsum_mac'
Finished Parsing XDC File [c:/Users/johnh/Desktop/DICE/Hardware/FPGA/Image Stats/image_statistics/image_statistics.gen/sources_1/ip/dsp_mac/dsp_mac/dsp_mac_in_context.xdc] for cell 'statistics_core_laplacian/dsp_vsum_mac'
Parsing XDC File [c:/Users/johnh/Desktop/DICE/Hardware/FPGA/Image Stats/image_statistics/image_statistics.gen/sources_1/ip/dsp_mac/dsp_mac/dsp_mac_in_context.xdc] for cell 'statistics_core_gradient/dsp_vsum_mac'
Finished Parsing XDC File [c:/Users/johnh/Desktop/DICE/Hardware/FPGA/Image Stats/image_statistics/image_statistics.gen/sources_1/ip/dsp_mac/dsp_mac/dsp_mac_in_context.xdc] for cell 'statistics_core_gradient/dsp_vsum_mac'
Parsing XDC File [c:/Users/johnh/Desktop/DICE/Hardware/FPGA/Image Stats/image_statistics/image_statistics.gen/sources_1/ip/dsp_macro_simd/dsp_macro_simd/dsp_macro_simd_in_context.xdc] for cell 'rgb_to_gray/dsp_pre_add'
Finished Parsing XDC File [c:/Users/johnh/Desktop/DICE/Hardware/FPGA/Image Stats/image_statistics/image_statistics.gen/sources_1/ip/dsp_macro_simd/dsp_macro_simd/dsp_macro_simd_in_context.xdc] for cell 'rgb_to_gray/dsp_pre_add'
Parsing XDC File [c:/Users/johnh/Desktop/DICE/Hardware/FPGA/Image Stats/image_statistics/image_statistics.gen/sources_1/ip/dsp_macro_simd/dsp_macro_simd/dsp_macro_simd_in_context.xdc] for cell 'rgb_to_gray/dsp_final_add'
Finished Parsing XDC File [c:/Users/johnh/Desktop/DICE/Hardware/FPGA/Image Stats/image_statistics/image_statistics.gen/sources_1/ip/dsp_macro_simd/dsp_macro_simd/dsp_macro_simd_in_context.xdc] for cell 'rgb_to_gray/dsp_final_add'
Parsing XDC File [c:/Users/johnh/Desktop/DICE/Hardware/FPGA/Image Stats/image_statistics/image_statistics.gen/sources_1/ip/dsp_macro_simd/dsp_macro_simd/dsp_macro_simd_in_context.xdc] for cell 'laplacian_core/dsp_add1_11b'
Finished Parsing XDC File [c:/Users/johnh/Desktop/DICE/Hardware/FPGA/Image Stats/image_statistics/image_statistics.gen/sources_1/ip/dsp_macro_simd/dsp_macro_simd/dsp_macro_simd_in_context.xdc] for cell 'laplacian_core/dsp_add1_11b'
Parsing XDC File [c:/Users/johnh/Desktop/DICE/Hardware/FPGA/Image Stats/image_statistics/image_statistics.gen/sources_1/ip/dsp_macro_simd/dsp_macro_simd/dsp_macro_simd_in_context.xdc] for cell 'laplacian_core/dsp_add2_11b'
Finished Parsing XDC File [c:/Users/johnh/Desktop/DICE/Hardware/FPGA/Image Stats/image_statistics/image_statistics.gen/sources_1/ip/dsp_macro_simd/dsp_macro_simd/dsp_macro_simd_in_context.xdc] for cell 'laplacian_core/dsp_add2_11b'
Parsing XDC File [c:/Users/johnh/Desktop/DICE/Hardware/FPGA/Image Stats/image_statistics/image_statistics.gen/sources_1/ip/dsp_msub/dsp_msub/dsp_msub_in_context.xdc] for cell 'statistics_core_laplacian/dsp_var_msub'
Finished Parsing XDC File [c:/Users/johnh/Desktop/DICE/Hardware/FPGA/Image Stats/image_statistics/image_statistics.gen/sources_1/ip/dsp_msub/dsp_msub/dsp_msub_in_context.xdc] for cell 'statistics_core_laplacian/dsp_var_msub'
Parsing XDC File [c:/Users/johnh/Desktop/DICE/Hardware/FPGA/Image Stats/image_statistics/image_statistics.gen/sources_1/ip/dsp_msub/dsp_msub/dsp_msub_in_context.xdc] for cell 'statistics_core_gradient/dsp_var_msub'
Finished Parsing XDC File [c:/Users/johnh/Desktop/DICE/Hardware/FPGA/Image Stats/image_statistics/image_statistics.gen/sources_1/ip/dsp_msub/dsp_msub/dsp_msub_in_context.xdc] for cell 'statistics_core_gradient/dsp_var_msub'
Parsing XDC File [C:/Users/johnh/Desktop/DICE/Hardware/FPGA/Image Stats/image_statistics/image_statistics.srcs/constrs_1/new/constraints.xdc]
Finished Parsing XDC File [C:/Users/johnh/Desktop/DICE/Hardware/FPGA/Image Stats/image_statistics/image_statistics.srcs/constrs_1/new/constraints.xdc]
INFO: [Project 1-236] Implementation specific constraints were found while reading constraint file [C:/Users/johnh/Desktop/DICE/Hardware/FPGA/Image Stats/image_statistics/image_statistics.srcs/constrs_1/new/constraints.xdc]. These constraints will be ignored for synthesis but will be used in implementation. Impacted constraints are listed in the file [.Xil/image_statistics_top_propImpl.xdc].
Resolution: To avoid this warning, move constraints listed in [.Xil/image_statistics_top_propImpl.xdc] to another XDC file and exclude this new file from synthesis with the used_in_synthesis property (File Properties dialog in GUI) and re-run elaboration/synthesis.
Parsing XDC File [C:/Users/johnh/Desktop/DICE/Hardware/FPGA/Image Stats/image_statistics/image_statistics.runs/synth_1/dont_touch.xdc]
Finished Parsing XDC File [C:/Users/johnh/Desktop/DICE/Hardware/FPGA/Image Stats/image_statistics/image_statistics.runs/synth_1/dont_touch.xdc]
Completed Processing XDC Constraints

Netlist sorting complete. Time (s): cpu = 00:00:00 ; elapsed = 00:00:00.001 . Memory (MB): peak = 2218.609 ; gain = 0.000
INFO: [Project 1-111] Unisim Transformation Summary:
No Unisim elements were transformed.

Access is denied.
Constraint Validation Runtime : Time (s): cpu = 00:00:00 ; elapsed = 00:00:00.010 . Memory (MB): peak = 2218.609 ; gain = 0.000
WARNING: [Timing 38-316] Clock period '10.000' specified during out-of-context synthesis of instance 'gradient_core/sobel_x_dsp1' at clock pin 'CLK' is different from the actual clock period '5.000', this can lead to different synthesis results.
WARNING: [Timing 38-316] Clock period '10.000' specified during out-of-context synthesis of instance 'gradient_core/sobel_x_dsp2' at clock pin 'CLK' is different from the actual clock period '5.000', this can lead to different synthesis results.
WARNING: [Timing 38-316] Clock period '10.000' specified during out-of-context synthesis of instance 'gradient_core/sobel_y_dsp1' at clock pin 'CLK' is different from the actual clock period '5.000', this can lead to different synthesis results.
WARNING: [Timing 38-316] Clock period '10.000' specified during out-of-context synthesis of instance 'gradient_core/sobel_y_dsp2' at clock pin 'CLK' is different from the actual clock period '5.000', this can lead to different synthesis results.
WARNING: [Timing 38-316] Clock period '10.000' specified during out-of-context synthesis of instance 'laplacian_core/dsp_add1_11b' at clock pin 'CLK' is different from the actual clock period '5.000', this can lead to different synthesis results.
WARNING: [Timing 38-316] Clock period '10.000' specified during out-of-context synthesis of instance 'laplacian_core/dsp_add2_11b' at clock pin 'CLK' is different from the actual clock period '5.000', this can lead to different synthesis results.
WARNING: [Timing 38-316] Clock period '10.000' specified during out-of-context synthesis of instance 'rgb_to_gray/dsp_final_add' at clock pin 'CLK' is different from the actual clock period '5.000', this can lead to different synthesis results.
WARNING: [Timing 38-316] Clock period '10.000' specified during out-of-context synthesis of instance 'rgb_to_gray/dsp_pre_add' at clock pin 'CLK' is different from the actual clock period '5.000', this can lead to different synthesis results.
WARNING: [Timing 38-316] Clock period '10.000' specified during out-of-context synthesis of instance 'statistics_core_gradient/dsp_hsum_acum' at clock pin 'CLK' is different from the actual clock period '5.000', this can lead to different synthesis results.
WARNING: [Timing 38-316] Clock period '10.000' specified during out-of-context synthesis of instance 'statistics_core_gradient/dsp_var_msub' at clock pin 'CLK' is different from the actual clock period '5.000', this can lead to different synthesis results.
WARNING: [Timing 38-316] Clock period '10.000' specified during out-of-context synthesis of instance 'statistics_core_gradient/dsp_vsum_mac' at clock pin 'CLK' is different from the actual clock period '5.000', this can lead to different synthesis results.
WARNING: [Timing 38-316] Clock period '1000.000' specified during out-of-context synthesis of instance 'statistics_core_gradient/std_dev_sqrt' at clock pin 'aclk' is different from the actual clock period '5.000', this can lead to different synthesis results.
WARNING: [Timing 38-316] Clock period '10.000' specified during out-of-context synthesis of instance 'statistics_core_laplacian/dsp_hsum_acum' at clock pin 'CLK' is different from the actual clock period '5.000', this can lead to different synthesis results.
WARNING: [Timing 38-316] Clock period '10.000' specified during out-of-context synthesis of instance 'statistics_core_laplacian/dsp_var_msub' at clock pin 'CLK' is different from the actual clock period '5.000', this can lead to different synthesis results.
WARNING: [Timing 38-316] Clock period '10.000' specified during out-of-context synthesis of instance 'statistics_core_laplacian/dsp_vsum_mac' at clock pin 'CLK' is different from the actual clock period '5.000', this can lead to different synthesis results.
WARNING: [Timing 38-316] Clock period '1000.000' specified during out-of-context synthesis of instance 'statistics_core_laplacian/std_dev_sqrt' at clock pin 'aclk' is different from the actual clock period '5.000', this can lead to different synthesis results.
INFO: [Designutils 20-5440] No compile time benefit to using incremental synthesis; A full resynthesis will be run
INFO: [Designutils 20-4379] Flow is switching to default flow due to incremental criteria not met. If you would like to alter this behaviour and have the flow terminate instead, please set the following parameter config_implementation {autoIncr.Synth.RejectBehavior Terminate}
---------------------------------------------------------------------------------
Finished Constraint Validation : Time (s): cpu = 00:00:14 ; elapsed = 00:00:15 . Memory (MB): peak = 2218.609 ; gain = 646.117
---------------------------------------------------------------------------------
---------------------------------------------------------------------------------
Start Loading Part and Timing Information
---------------------------------------------------------------------------------
Loading part: xcku3p-ffva676-2-i
INFO: [Synth 8-6742] Reading net delay rules and data
---------------------------------------------------------------------------------
Finished Loading Part and Timing Information : Time (s): cpu = 00:00:14 ; elapsed = 00:00:15 . Memory (MB): peak = 2218.609 ; gain = 646.117
---------------------------------------------------------------------------------
---------------------------------------------------------------------------------
Start Applying 'set_property' XDC Constraints
---------------------------------------------------------------------------------
Applied set_property KEEP_HIERARCHY = SOFT for gradient_core/sobel_x_dsp1. (constraint file  auto generated constraint).
Applied set_property KEEP_HIERARCHY = SOFT for gradient_core/sobel_x_dsp2. (constraint file  auto generated constraint).
Applied set_property KEEP_HIERARCHY = SOFT for gradient_core/sobel_y_dsp1. (constraint file  auto generated constraint).
Applied set_property KEEP_HIERARCHY = SOFT for gradient_core/sobel_y_dsp2. (constraint file  auto generated constraint).
Applied set_property KEEP_HIERARCHY = SOFT for statistics_core_laplacian/std_dev_sqrt. (constraint file  auto generated constraint).
Applied set_property KEEP_HIERARCHY = SOFT for statistics_core_gradient/std_dev_sqrt. (constraint file  auto generated constraint).
Applied set_property KEEP_HIERARCHY = SOFT for statistics_core_laplacian/dsp_hsum_acum. (constraint file  auto generated constraint).
Applied set_property KEEP_HIERARCHY = SOFT for statistics_core_gradient/dsp_hsum_acum. (constraint file  auto generated constraint).
Applied set_property KEEP_HIERARCHY = SOFT for statistics_core_laplacian/dsp_vsum_mac. (constraint file  auto generated constraint).
Applied set_property KEEP_HIERARCHY = SOFT for statistics_core_gradient/dsp_vsum_mac. (constraint file  auto generated constraint).
Applied set_property KEEP_HIERARCHY = SOFT for laplacian_core/dsp_add1_11b. (constraint file  auto generated constraint).
Applied set_property KEEP_HIERARCHY = SOFT for laplacian_core/dsp_add2_11b. (constraint file  auto generated constraint).
Applied set_property KEEP_HIERARCHY = SOFT for rgb_to_gray/dsp_final_add. (constraint file  auto generated constraint).
Applied set_property KEEP_HIERARCHY = SOFT for rgb_to_gray/dsp_pre_add. (constraint file  auto generated constraint).
Applied set_property KEEP_HIERARCHY = SOFT for statistics_core_laplacian/dsp_var_msub. (constraint file  auto generated constraint).
Applied set_property KEEP_HIERARCHY = SOFT for statistics_core_gradient/dsp_var_msub. (constraint file  auto generated constraint).
---------------------------------------------------------------------------------
Finished applying 'set_property' XDC Constraints : Time (s): cpu = 00:00:14 ; elapsed = 00:00:15 . Memory (MB): peak = 2218.609 ; gain = 646.117
---------------------------------------------------------------------------------
WARNING: [Synth 8-327] inferring latch for variable 'data_o_reg' [C:/Users/johnh/Desktop/DICE/Hardware/FPGA/Image Stats/image_statistics/image_statistics.srcs/sources_1/imports/new/sipo_reg.vhd:114]
WARNING: [Synth 8-327] inferring latch for variable 'valid_o_reg' [C:/Users/johnh/Desktop/DICE/Hardware/FPGA/Image Stats/image_statistics/image_statistics.srcs/sources_1/imports/new/sipo_reg.vhd:118]
---------------------------------------------------------------------------------
Finished RTL Optimization Phase 2 : Time (s): cpu = 00:00:14 ; elapsed = 00:00:15 . Memory (MB): peak = 2218.609 ; gain = 646.117
---------------------------------------------------------------------------------
---------------------------------------------------------------------------------
Start RTL Component Statistics 
---------------------------------------------------------------------------------
Detailed RTL Component Info : 
+---Adders : 
	   2 Input   16 Bit       Adders := 3     
	   2 Input   14 Bit       Adders := 3     
	   2 Input    4 Bit       Adders := 2     
+---Registers : 
	               72 Bit    Registers := 3     
	               48 Bit    Registers := 2     
	               24 Bit    Registers := 2     
	               18 Bit    Registers := 2     
	               16 Bit    Registers := 9     
	               14 Bit    Registers := 7     
	               12 Bit    Registers := 10    
	               11 Bit    Registers := 5     
	                9 Bit    Registers := 32    
	                8 Bit    Registers := 10    
	                5 Bit    Registers := 32    
	                4 Bit    Registers := 18    
	                1 Bit    Registers := 9     
+---Muxes : 
	   2 Input   16 Bit        Muxes := 6     
	   2 Input   11 Bit        Muxes := 2     
	   2 Input    4 Bit        Muxes := 2     
	   2 Input    1 Bit        Muxes := 3     
---------------------------------------------------------------------------------
Finished RTL Component Statistics 
---------------------------------------------------------------------------------
---------------------------------------------------------------------------------
Start Part Resource Summary
---------------------------------------------------------------------------------
Part Resources:
DSPs: 1368 (col length:96)
BRAMs: 720 (col length: RAMB18 96 RAMB36 48)
---------------------------------------------------------------------------------
Finished Part Resource Summary
---------------------------------------------------------------------------------
---------------------------------------------------------------------------------
Start Cross Boundary and Area Optimization
---------------------------------------------------------------------------------
WARNING: [Synth 8-7080] Parallel synthesis criteria is not met
---------------------------------------------------------------------------------
Finished Cross Boundary and Area Optimization : Time (s): cpu = 00:00:16 ; elapsed = 00:00:17 . Memory (MB): peak = 2218.609 ; gain = 646.117
---------------------------------------------------------------------------------
---------------------------------------------------------------------------------
Start Applying XDC Timing Constraints
---------------------------------------------------------------------------------
---------------------------------------------------------------------------------
Finished Applying XDC Timing Constraints : Time (s): cpu = 00:00:23 ; elapsed = 00:00:24 . Memory (MB): peak = 2558.617 ; gain = 986.125
---------------------------------------------------------------------------------
---------------------------------------------------------------------------------
Start Timing Optimization
---------------------------------------------------------------------------------
---------------------------------------------------------------------------------
Finished Timing Optimization : Time (s): cpu = 00:00:23 ; elapsed = 00:00:24 . Memory (MB): peak = 2579.617 ; gain = 1007.125
---------------------------------------------------------------------------------
---------------------------------------------------------------------------------
Start Technology Mapping
---------------------------------------------------------------------------------
---------------------------------------------------------------------------------
Finished Technology Mapping : Time (s): cpu = 00:00:23 ; elapsed = 00:00:25 . Memory (MB): peak = 2579.617 ; gain = 1007.125
---------------------------------------------------------------------------------
---------------------------------------------------------------------------------
Start IO Insertion
---------------------------------------------------------------------------------
---------------------------------------------------------------------------------
Start Flattening Before IO Insertion
---------------------------------------------------------------------------------
---------------------------------------------------------------------------------
Finished Flattening Before IO Insertion
---------------------------------------------------------------------------------
---------------------------------------------------------------------------------
Start Final Netlist Cleanup
---------------------------------------------------------------------------------
---------------------------------------------------------------------------------
Finished Final Netlist Cleanup
---------------------------------------------------------------------------------
---------------------------------------------------------------------------------
Finished IO Insertion : Time (s): cpu = 00:00:26 ; elapsed = 00:00:28 . Memory (MB): peak = 2587.828 ; gain = 1015.336
---------------------------------------------------------------------------------
---------------------------------------------------------------------------------
Start Renaming Generated Instances
---------------------------------------------------------------------------------
---------------------------------------------------------------------------------
Finished Renaming Generated Instances : Time (s): cpu = 00:00:26 ; elapsed = 00:00:28 . Memory (MB): peak = 2587.828 ; gain = 1015.336
---------------------------------------------------------------------------------
---------------------------------------------------------------------------------
Start Rebuilding User Hierarchy
---------------------------------------------------------------------------------
---------------------------------------------------------------------------------
Finished Rebuilding User Hierarchy : Time (s): cpu = 00:00:26 ; elapsed = 00:00:28 . Memory (MB): peak = 2587.828 ; gain = 1015.336
---------------------------------------------------------------------------------
---------------------------------------------------------------------------------
Start Renaming Generated Ports
---------------------------------------------------------------------------------
---------------------------------------------------------------------------------
Finished Renaming Generated Ports : Time (s): cpu = 00:00:26 ; elapsed = 00:00:28 . Memory (MB): peak = 2587.828 ; gain = 1015.336
---------------------------------------------------------------------------------
---------------------------------------------------------------------------------
Start Handling Custom Attributes
---------------------------------------------------------------------------------
---------------------------------------------------------------------------------
Finished Handling Custom Attributes : Time (s): cpu = 00:00:26 ; elapsed = 00:00:28 . Memory (MB): peak = 2587.828 ; gain = 1015.336
---------------------------------------------------------------------------------
---------------------------------------------------------------------------------
Start Renaming Generated Nets
---------------------------------------------------------------------------------
---------------------------------------------------------------------------------
Finished Renaming Generated Nets : Time (s): cpu = 00:00:26 ; elapsed = 00:00:28 . Memory (MB): peak = 2587.828 ; gain = 1015.336
---------------------------------------------------------------------------------
---------------------------------------------------------------------------------
Start ROM, RAM, DSP, Shift Register and Retiming Reporting
---------------------------------------------------------------------------------

Static Shift Register Report:
+---------------------+------------------------------------------------------+--------+-------+--------------+--------------------+-------------------+--------+---------+
|Module Name          | RTL Name                                             | Length | Width | Reset Signal | Pull out first Reg | Pull out last Reg | SRL16E | SRLC32E | 
+---------------------+------------------------------------------------------+--------+-------+--------------+--------------------+-------------------+--------+---------+
|image_statistics_top | laplacian_core/pixel_7_shift_reg/shift_reg_reg[0][3] | 4      | 8     | YES          | NO                 | YES               | 8      | 0       | 
|image_statistics_top | laplacian_core/pixel_5_shift_reg/shift_reg_reg[0][3] | 4      | 8     | YES          | NO                 | YES               | 8      | 0       | 
+---------------------+------------------------------------------------------+--------+-------+--------------+--------------------+-------------------+--------+---------+

---------------------------------------------------------------------------------
Finished ROM, RAM, DSP, Shift Register and Retiming Reporting
---------------------------------------------------------------------------------
---------------------------------------------------------------------------------
Start Writing Synthesis Report
---------------------------------------------------------------------------------

Report BlackBoxes: 
+------+------------------+----------+
|      |BlackBox name     |Instances |
+------+------------------+----------+
|1     |dsp_macro_add_22b |         4|
|2     |dsp_macro_simd    |         4|
|3     |dsp_mac           |         2|
|4     |dsp_acum          |         2|
|5     |dsp_msub          |         2|
|6     |sqrt_cordic       |         2|
+------+------------------+----------+

Report Cell Usage: 
+------+-----------------------+------+
|      |Cell                   |Count |
+------+-----------------------+------+
|1     |dsp_acum_bbox          |     1|
|2     |dsp_acum_bbox_12       |     1|
|3     |dsp_mac_bbox           |     1|
|4     |dsp_mac_bbox_11        |     1|
|5     |dsp_macro_add_22b_bbox |     4|
|9     |dsp_macro_simd_bbox    |     4|
|13    |dsp_msub_bbox          |     1|
|14    |dsp_msub_bbox_13       |     1|
|15    |sqrt_cordic_bbox       |     1|
|16    |sqrt_cordic_bbox_14    |     1|
|17    |BUFG                   |     2|
|18    |CARRY8                 |     6|
|19    |LUT1                   |     1|
|20    |LUT2                   |    98|
|21    |LUT3                   |    26|
|22    |LUT4                   |    13|
|23    |LUT5                   |    10|
|24    |LUT6                   |    20|
|25    |SRL16E                 |    17|
|26    |SRLC32E                |     2|
|27    |FDCE                   |   513|
|28    |FDRE                   |    17|
|29    |LD                     |    73|
|30    |IBUF                   |    20|
|31    |OBUF                   |    98|
+------+-----------------------+------+
---------------------------------------------------------------------------------
Finished Writing Synthesis Report : Time (s): cpu = 00:00:26 ; elapsed = 00:00:28 . Memory (MB): peak = 2587.828 ; gain = 1015.336
---------------------------------------------------------------------------------
Synthesis finished with 0 errors, 0 critical warnings and 3 warnings.
Synthesis Optimization Runtime : Time (s): cpu = 00:00:16 ; elapsed = 00:00:23 . Memory (MB): peak = 2587.828 ; gain = 909.531
Synthesis Optimization Complete : Time (s): cpu = 00:00:26 ; elapsed = 00:00:28 . Memory (MB): peak = 2587.828 ; gain = 1015.336
INFO: [Project 1-571] Translating synthesized netlist
Netlist sorting complete. Time (s): cpu = 00:00:00 ; elapsed = 00:00:00.012 . Memory (MB): peak = 2595.902 ; gain = 0.000
INFO: [Netlist 29-17] Analyzing 101 Unisim elements for replacement
INFO: [Netlist 29-28] Unisim Transformation completed in 0 CPU seconds
INFO: [Project 1-570] Preparing netlist for logic optimization
INFO: [Opt 31-138] Pushed 0 inverter(s) to 0 load pin(s).
Netlist sorting complete. Time (s): cpu = 00:00:00 ; elapsed = 00:00:00 . Memory (MB): peak = 2625.504 ; gain = 0.000
INFO: [Project 1-111] Unisim Transformation Summary:
  A total of 95 instances were transformed.
  BUFG => BUFGCE: 2 instances
  IBUF => IBUF (IBUFCTRL, INBUF): 20 instances
  LD => LDCE: 73 instances

Access is denied.
Synth Design complete | Checksum: fc22ad1d
INFO: [Common 17-83] Releasing license: Synthesis
61 Infos, 20 Warnings, 0 Critical Warnings and 0 Errors encountered.
synth_design completed successfully
INFO: [Common 17-600] The following parameters have non-default value.
tcl.statsThreshold
Write ShapeDB Complete: Time (s): cpu = 00:00:00 ; elapsed = 00:00:00.003 . Memory (MB): peak = 2625.504 ; gain = 0.000
INFO: [Common 17-1381] The checkpoint 'C:/Users/johnh/Desktop/DICE/Hardware/FPGA/Image Stats/image_statistics/image_statistics.runs/synth_1/image_statistics_top.dcp' has been generated.
INFO: [runtcl-4] Executing : report_utilization -file image_statistics_top_utilization_synth.rpt -pb image_statistics_top_utilization_synth.pb
INFO: [Common 17-206] Exiting Vivado at Thu Jan 23 16:13:58 2025...
