Copyright 1986-2022 Xilinx, Inc. All Rights Reserved. Copyright 2022-2023 Advanced Micro Devices, Inc. All Rights Reserved.
--------------------------------------------------------------------------------------------------------------------------------------------------------------------------------------
| Tool Version      : Vivado v.2023.2 (win64) Build 4029153 Fri Oct 13 20:14:34 MDT 2023
| Date              : Fri May 30 02:01:13 2025
| Host              : DESKTOP-U9NB2CD running 64-bit major release  (build 9200)
| Command           : report_bus_skew -warn_on_violation -file top_bus_skew_postroute_physopted.rpt -pb top_bus_skew_postroute_physopted.pb -rpx top_bus_skew_postroute_physopted.rpx
| Design            : top
| Device            : xcku3p-ffva676
| Speed File        : -2  PRODUCTION 1.29 05-01-2022
| Design State      : Physopt postRoute
| Temperature Grade : I
--------------------------------------------------------------------------------------------------------------------------------------------------------------------------------------

Bus Skew Report

Table of Contents
-----------------
1. Bus Skew Report Summary
2. Bus Skew Report Per Constraint

1. Bus Skew Report Summary
--------------------------

Id  Position  From                            To                              Corner  Requirement(ns)  Actual(ns)  Slack(ns)
--  --------  ------------------------------  ------------------------------  ------  ---------------  ----------  ---------
1   11        [get_cells [list {input_memory_fifo/input_cdc_fifo/U0/inst_fifo_gen/gconvfifo.rf/grf.rf/gntv_or_sync_fifo.gcx.clkx/wr_pntr_cdc_inst/src_gray_ff_reg[9]} {input_memory_fifo/input_cdc_fifo/U0/inst_fifo_gen/gconvfifo.rf/grf.rf/gntv_or_sync_fifo.gcx.clkx/wr_pntr_cdc_inst/src_gray_ff_reg[10]} {input_memory_fifo/input_cdc_fifo/U0/inst_fifo_gen/gconvfifo.rf/grf.rf/gntv_or_sync_fifo.gcx.clkx/wr_pntr_cdc_inst/src_gray_ff_reg[1]} {input_memory_fifo/input_cdc_fifo/U0/inst_fifo_gen/gconvfifo.rf/grf.rf/gntv_or_sync_fifo.gcx.clkx/wr_pntr_cdc_inst/src_gray_ff_reg[2]} {input_memory_fifo/input_cdc_fifo/U0/inst_fifo_gen/gconvfifo.rf/grf.rf/gntv_or_sync_fifo.gcx.clkx/wr_pntr_cdc_inst/src_gray_ff_reg[3]} {input_memory_fifo/input_cdc_fifo/U0/inst_fifo_gen/gconvfifo.rf/grf.rf/gntv_or_sync_fifo.gcx.clkx/wr_pntr_cdc_inst/src_gray_ff_reg[4]} {input_memory_fifo/input_cdc_fifo/U0/inst_fifo_gen/gconvfifo.rf/grf.rf/gntv_or_sync_fifo.gcx.clkx/wr_pntr_cdc_inst/src_gray_ff_reg[5]} {input_memory_fifo/input_cdc_fifo/U0/inst_fifo_gen/gconvfifo.rf/grf.rf/gntv_or_sync_fifo.gcx.clkx/wr_pntr_cdc_inst/src_gray_ff_reg[6]} {input_memory_fifo/input_cdc_fifo/U0/inst_fifo_gen/gconvfifo.rf/grf.rf/gntv_or_sync_fifo.gcx.clkx/wr_pntr_cdc_inst/src_gray_ff_reg[7]} {input_memory_fifo/input_cdc_fifo/U0/inst_fifo_gen/gconvfifo.rf/grf.rf/gntv_or_sync_fifo.gcx.clkx/wr_pntr_cdc_inst/src_gray_ff_reg[8]}]]
                                              [get_cells [list {input_memory_fifo/input_cdc_fifo/U0/inst_fifo_gen/gconvfifo.rf/grf.rf/gntv_or_sync_fifo.gcx.clkx/wr_pntr_cdc_inst/dest_graysync_ff_reg[0][9]} {input_memory_fifo/input_cdc_fifo/U0/inst_fifo_gen/gconvfifo.rf/grf.rf/gntv_or_sync_fifo.gcx.clkx/wr_pntr_cdc_inst/dest_graysync_ff_reg[0][10]} {input_memory_fifo/input_cdc_fifo/U0/inst_fifo_gen/gconvfifo.rf/grf.rf/gntv_or_sync_fifo.gcx.clkx/wr_pntr_cdc_inst/dest_graysync_ff_reg[0][1]} {input_memory_fifo/input_cdc_fifo/U0/inst_fifo_gen/gconvfifo.rf/grf.rf/gntv_or_sync_fifo.gcx.clkx/wr_pntr_cdc_inst/dest_graysync_ff_reg[0][2]} {input_memory_fifo/input_cdc_fifo/U0/inst_fifo_gen/gconvfifo.rf/grf.rf/gntv_or_sync_fifo.gcx.clkx/wr_pntr_cdc_inst/dest_graysync_ff_reg[0][3]} {input_memory_fifo/input_cdc_fifo/U0/inst_fifo_gen/gconvfifo.rf/grf.rf/gntv_or_sync_fifo.gcx.clkx/wr_pntr_cdc_inst/dest_graysync_ff_reg[0][4]} {input_memory_fifo/input_cdc_fifo/U0/inst_fifo_gen/gconvfifo.rf/grf.rf/gntv_or_sync_fifo.gcx.clkx/wr_pntr_cdc_inst/dest_graysync_ff_reg[0][5]} {input_memory_fifo/input_cdc_fifo/U0/inst_fifo_gen/gconvfifo.rf/grf.rf/gntv_or_sync_fifo.gcx.clkx/wr_pntr_cdc_inst/dest_graysync_ff_reg[0][6]} {input_memory_fifo/input_cdc_fifo/U0/inst_fifo_gen/gconvfifo.rf/grf.rf/gntv_or_sync_fifo.gcx.clkx/wr_pntr_cdc_inst/dest_graysync_ff_reg[0][7]} {input_memory_fifo/input_cdc_fifo/U0/inst_fifo_gen/gconvfifo.rf/grf.rf/gntv_or_sync_fifo.gcx.clkx/wr_pntr_cdc_inst/dest_graysync_ff_reg[0][8]}]]
                                                                              Slow              2.000       0.526      1.474
2   13        [get_cells [list {input_memory_fifo/input_cdc_fifo/U0/inst_fifo_gen/gconvfifo.rf/grf.rf/gntv_or_sync_fifo.gcx.clkx/rd_pntr_cdc_inst/src_gray_ff_reg[0]} {input_memory_fifo/input_cdc_fifo/U0/inst_fifo_gen/gconvfifo.rf/grf.rf/gntv_or_sync_fifo.gcx.clkx/rd_pntr_cdc_inst/src_gray_ff_reg[1]} {input_memory_fifo/input_cdc_fifo/U0/inst_fifo_gen/gconvfifo.rf/grf.rf/gntv_or_sync_fifo.gcx.clkx/rd_pntr_cdc_inst/src_gray_ff_reg[2]} {input_memory_fifo/input_cdc_fifo/U0/inst_fifo_gen/gconvfifo.rf/grf.rf/gntv_or_sync_fifo.gcx.clkx/rd_pntr_cdc_inst/src_gray_ff_reg[3]} {input_memory_fifo/input_cdc_fifo/U0/inst_fifo_gen/gconvfifo.rf/grf.rf/gntv_or_sync_fifo.gcx.clkx/rd_pntr_cdc_inst/src_gray_ff_reg[4]} {input_memory_fifo/input_cdc_fifo/U0/inst_fifo_gen/gconvfifo.rf/grf.rf/gntv_or_sync_fifo.gcx.clkx/rd_pntr_cdc_inst/src_gray_ff_reg[5]} {input_memory_fifo/input_cdc_fifo/U0/inst_fifo_gen/gconvfifo.rf/grf.rf/gntv_or_sync_fifo.gcx.clkx/rd_pntr_cdc_inst/src_gray_ff_reg[6]} {input_memory_fifo/input_cdc_fifo/U0/inst_fifo_gen/gconvfifo.rf/grf.rf/gntv_or_sync_fifo.gcx.clkx/rd_pntr_cdc_inst/src_gray_ff_reg[7]} {input_memory_fifo/input_cdc_fifo/U0/inst_fifo_gen/gconvfifo.rf/grf.rf/gntv_or_sync_fifo.gcx.clkx/rd_pntr_cdc_inst/src_gray_ff_reg[8]} {input_memory_fifo/input_cdc_fifo/U0/inst_fifo_gen/gconvfifo.rf/grf.rf/gntv_or_sync_fifo.gcx.clkx/rd_pntr_cdc_inst/src_gray_ff_reg[9]}]]
                                              [get_cells [list {input_memory_fifo/input_cdc_fifo/U0/inst_fifo_gen/gconvfifo.rf/grf.rf/gntv_or_sync_fifo.gcx.clkx/rd_pntr_cdc_inst/dest_graysync_ff_reg[0][0]} {input_memory_fifo/input_cdc_fifo/U0/inst_fifo_gen/gconvfifo.rf/grf.rf/gntv_or_sync_fifo.gcx.clkx/rd_pntr_cdc_inst/dest_graysync_ff_reg[0][1]} {input_memory_fifo/input_cdc_fifo/U0/inst_fifo_gen/gconvfifo.rf/grf.rf/gntv_or_sync_fifo.gcx.clkx/rd_pntr_cdc_inst/dest_graysync_ff_reg[0][2]} {input_memory_fifo/input_cdc_fifo/U0/inst_fifo_gen/gconvfifo.rf/grf.rf/gntv_or_sync_fifo.gcx.clkx/rd_pntr_cdc_inst/dest_graysync_ff_reg[0][3]} {input_memory_fifo/input_cdc_fifo/U0/inst_fifo_gen/gconvfifo.rf/grf.rf/gntv_or_sync_fifo.gcx.clkx/rd_pntr_cdc_inst/dest_graysync_ff_reg[0][4]} {input_memory_fifo/input_cdc_fifo/U0/inst_fifo_gen/gconvfifo.rf/grf.rf/gntv_or_sync_fifo.gcx.clkx/rd_pntr_cdc_inst/dest_graysync_ff_reg[0][5]} {input_memory_fifo/input_cdc_fifo/U0/inst_fifo_gen/gconvfifo.rf/grf.rf/gntv_or_sync_fifo.gcx.clkx/rd_pntr_cdc_inst/dest_graysync_ff_reg[0][6]} {input_memory_fifo/input_cdc_fifo/U0/inst_fifo_gen/gconvfifo.rf/grf.rf/gntv_or_sync_fifo.gcx.clkx/rd_pntr_cdc_inst/dest_graysync_ff_reg[0][7]} {input_memory_fifo/input_cdc_fifo/U0/inst_fifo_gen/gconvfifo.rf/grf.rf/gntv_or_sync_fifo.gcx.clkx/rd_pntr_cdc_inst/dest_graysync_ff_reg[0][8]} {input_memory_fifo/input_cdc_fifo/U0/inst_fifo_gen/gconvfifo.rf/grf.rf/gntv_or_sync_fifo.gcx.clkx/rd_pntr_cdc_inst/dest_graysync_ff_reg[0][9]}]]
                                                                              Slow              2.000       0.466      1.534


2. Bus Skew Report Per Constraint
---------------------------------

Id: 1
set_bus_skew -from [get_cells [list {input_memory_fifo/input_cdc_fifo/U0/inst_fifo_gen/gconvfifo.rf/grf.rf/gntv_or_sync_fifo.gcx.clkx/wr_pntr_cdc_inst/src_gray_ff_reg[9]} {input_memory_fifo/input_cdc_fifo/U0/inst_fifo_gen/gconvfifo.rf/grf.rf/gntv_or_sync_fifo.gcx.clkx/wr_pntr_cdc_inst/src_gray_ff_reg[10]} {input_memory_fifo/input_cdc_fifo/U0/inst_fifo_gen/gconvfifo.rf/grf.rf/gntv_or_sync_fifo.gcx.clkx/wr_pntr_cdc_inst/src_gray_ff_reg[1]} {input_memory_fifo/input_cdc_fifo/U0/inst_fifo_gen/gconvfifo.rf/grf.rf/gntv_or_sync_fifo.gcx.clkx/wr_pntr_cdc_inst/src_gray_ff_reg[2]} {input_memory_fifo/input_cdc_fifo/U0/inst_fifo_gen/gconvfifo.rf/grf.rf/gntv_or_sync_fifo.gcx.clkx/wr_pntr_cdc_inst/src_gray_ff_reg[3]} {input_memory_fifo/input_cdc_fifo/U0/inst_fifo_gen/gconvfifo.rf/grf.rf/gntv_or_sync_fifo.gcx.clkx/wr_pntr_cdc_inst/src_gray_ff_reg[4]} {input_memory_fifo/input_cdc_fifo/U0/inst_fifo_gen/gconvfifo.rf/grf.rf/gntv_or_sync_fifo.gcx.clkx/wr_pntr_cdc_inst/src_gray_ff_reg[5]} {input_memory_fifo/input_cdc_fifo/U0/inst_fifo_gen/gconvfifo.rf/grf.rf/gntv_or_sync_fifo.gcx.clkx/wr_pntr_cdc_inst/src_gray_ff_reg[6]} {input_memory_fifo/input_cdc_fifo/U0/inst_fifo_gen/gconvfifo.rf/grf.rf/gntv_or_sync_fifo.gcx.clkx/wr_pntr_cdc_inst/src_gray_ff_reg[7]} {input_memory_fifo/input_cdc_fifo/U0/inst_fifo_gen/gconvfifo.rf/grf.rf/gntv_or_sync_fifo.gcx.clkx/wr_pntr_cdc_inst/src_gray_ff_reg[8]}]] -to [get_cells [list {input_memory_fifo/input_cdc_fifo/U0/inst_fifo_gen/gconvfifo.rf/grf.rf/gntv_or_sync_fifo.gcx.clkx/wr_pntr_cdc_inst/dest_graysync_ff_reg[0][9]} {input_memory_fifo/input_cdc_fifo/U0/inst_fifo_gen/gconvfifo.rf/grf.rf/gntv_or_sync_fifo.gcx.clkx/wr_pntr_cdc_inst/dest_graysync_ff_reg[0][10]} {input_memory_fifo/input_cdc_fifo/U0/inst_fifo_gen/gconvfifo.rf/grf.rf/gntv_or_sync_fifo.gcx.clkx/wr_pntr_cdc_inst/dest_graysync_ff_reg[0][1]} {input_memory_fifo/input_cdc_fifo/U0/inst_fifo_gen/gconvfifo.rf/grf.rf/gntv_or_sync_fifo.gcx.clkx/wr_pntr_cdc_inst/dest_graysync_ff_reg[0][2]} {input_memory_fifo/input_cdc_fifo/U0/inst_fifo_gen/gconvfifo.rf/grf.rf/gntv_or_sync_fifo.gcx.clkx/wr_pntr_cdc_inst/dest_graysync_ff_reg[0][3]} {input_memory_fifo/input_cdc_fifo/U0/inst_fifo_gen/gconvfifo.rf/grf.rf/gntv_or_sync_fifo.gcx.clkx/wr_pntr_cdc_inst/dest_graysync_ff_reg[0][4]} {input_memory_fifo/input_cdc_fifo/U0/inst_fifo_gen/gconvfifo.rf/grf.rf/gntv_or_sync_fifo.gcx.clkx/wr_pntr_cdc_inst/dest_graysync_ff_reg[0][5]} {input_memory_fifo/input_cdc_fifo/U0/inst_fifo_gen/gconvfifo.rf/grf.rf/gntv_or_sync_fifo.gcx.clkx/wr_pntr_cdc_inst/dest_graysync_ff_reg[0][6]} {input_memory_fifo/input_cdc_fifo/U0/inst_fifo_gen/gconvfifo.rf/grf.rf/gntv_or_sync_fifo.gcx.clkx/wr_pntr_cdc_inst/dest_graysync_ff_reg[0][7]} {input_memory_fifo/input_cdc_fifo/U0/inst_fifo_gen/gconvfifo.rf/grf.rf/gntv_or_sync_fifo.gcx.clkx/wr_pntr_cdc_inst/dest_graysync_ff_reg[0][8]}]] 2.000
Requirement: 2.000ns
Endpoints: 10

From Clock            To Clock              Endpoint Pin                    Reference Pin                   Corner  Actual(ns)  Slack(ns)
--------------------  --------------------  ------------------------------  ------------------------------  ------  ----------  ---------
ftdi_clk              clk_out1_sys_clk_mmcm
                                            input_memory_fifo/input_cdc_fifo/U0/inst_fifo_gen/gconvfifo.rf/grf.rf/gntv_or_sync_fifo.gcx.clkx/wr_pntr_cdc_inst/dest_graysync_ff_reg[0][1]/D
                                                                            input_memory_fifo/input_cdc_fifo/U0/inst_fifo_gen/gconvfifo.rf/grf.rf/gntv_or_sync_fifo.gcx.clkx/wr_pntr_cdc_inst/dest_graysync_ff_reg[0][4]/D
                                                                                                            Slow         0.526      1.474


Slack (MET) :             1.474ns  (requirement - actual skew)
  Endpoint Source:        input_memory_fifo/input_cdc_fifo/U0/inst_fifo_gen/gconvfifo.rf/grf.rf/gntv_or_sync_fifo.gcx.clkx/wr_pntr_cdc_inst/src_gray_ff_reg[1]/C
                            (rising edge-triggered cell FDRE clocked by ftdi_clk)
  Endpoint Destination:   input_memory_fifo/input_cdc_fifo/U0/inst_fifo_gen/gconvfifo.rf/grf.rf/gntv_or_sync_fifo.gcx.clkx/wr_pntr_cdc_inst/dest_graysync_ff_reg[0][1]/D
                            (rising edge-triggered cell FDRE clocked by clk_out1_sys_clk_mmcm)
  Reference Source:       input_memory_fifo/input_cdc_fifo/U0/inst_fifo_gen/gconvfifo.rf/grf.rf/gntv_or_sync_fifo.gcx.clkx/wr_pntr_cdc_inst/src_gray_ff_reg[4]/C
                            (rising edge-triggered cell FDRE clocked by ftdi_clk)
  Reference Destination:  input_memory_fifo/input_cdc_fifo/U0/inst_fifo_gen/gconvfifo.rf/grf.rf/gntv_or_sync_fifo.gcx.clkx/wr_pntr_cdc_inst/dest_graysync_ff_reg[0][4]/D
                            (rising edge-triggered cell FDRE clocked by clk_out1_sys_clk_mmcm)
  Path Type:              Bus Skew (Max at Slow Process Corner)
  Requirement:            2.000ns
  Endpoint Relative Delay:   -1.149ns
  Reference Relative Delay:  -1.670ns
  Relative CRPR:             -0.004ns
  Actual Bus Skew:            0.526ns  (Endpoint Relative Delay - Reference Relative Delay - Relative CRPR)

Endpoint path:
    Location             Delay type                Incr(ns)  Path(ns)    Netlist Resource(s)
  -------------------------------------------------------------------    -------------------
                         (clock ftdi_clk rise edge)
                                                      0.000     0.000 r  
    E13                                               0.000     0.000 r  ftdi_clk_i (IN)
                         net (fo=0)                   0.000     0.000    ftdi_clk_i_IBUF_inst/I
    E13                  INBUF (Prop_INBUF_HPIOB_M_PAD_O)
                                                      0.552     0.552 r  ftdi_clk_i_IBUF_inst/INBUF_INST/O
                         net (fo=1, routed)           0.000     0.552    ftdi_clk_i_IBUF_inst/OUT
    E13                  IBUFCTRL (Prop_IBUFCTRL_HPIOB_M_I_O)
                                                      0.000     0.552 r  ftdi_clk_i_IBUF_inst/IBUFCTRL_INST/O
                         net (fo=1, routed)           0.336     0.888    ftdi_clk_i_IBUF
    BUFGCE_X0Y62         BUFGCE (Prop_BUFCE_BUFGCE_I_O)
                                                      0.028     0.916 r  ftdi_clk_i_IBUF_BUFG_inst/O
    X0Y2 (CLOCK_ROOT)    net (fo=272, routed)         0.768     1.685    input_memory_fifo/input_cdc_fifo/U0/inst_fifo_gen/gconvfifo.rf/grf.rf/gntv_or_sync_fifo.gcx.clkx/wr_pntr_cdc_inst/src_clk
    SLICE_X3Y126         FDRE                                         r  input_memory_fifo/input_cdc_fifo/U0/inst_fifo_gen/gconvfifo.rf/grf.rf/gntv_or_sync_fifo.gcx.clkx/wr_pntr_cdc_inst/src_gray_ff_reg[1]/C
  -------------------------------------------------------------------    -------------------
    SLICE_X3Y126         FDRE (Prop_BFF2_SLICEL_C_Q)
                                                      0.080     1.765 r  input_memory_fifo/input_cdc_fifo/U0/inst_fifo_gen/gconvfifo.rf/grf.rf/gntv_or_sync_fifo.gcx.clkx/wr_pntr_cdc_inst/src_gray_ff_reg[1]/Q
                         net (fo=1, routed)           0.500     2.265    input_memory_fifo/input_cdc_fifo/U0/inst_fifo_gen/gconvfifo.rf/grf.rf/gntv_or_sync_fifo.gcx.clkx/wr_pntr_cdc_inst/async_path[1]
    SLICE_X3Y126         FDRE                                         r  input_memory_fifo/input_cdc_fifo/U0/inst_fifo_gen/gconvfifo.rf/grf.rf/gntv_or_sync_fifo.gcx.clkx/wr_pntr_cdc_inst/dest_graysync_ff_reg[0][1]/D
  -------------------------------------------------------------------    -------------------

                         (clock clk_out1_sys_clk_mmcm rise edge)
                                                      0.000     0.000 r  
    D19                                               0.000     0.000 r  sysclk_p (IN)
                         net (fo=0)                   0.079     0.079    clocking_gen.sys_clk/inst/clkin1_ibufds/I
    HPIOBDIFFINBUF_X0Y84 DIFFINBUF (Prop_DIFFINBUF_HPIOBDIFFINBUF_DIFF_IN_P_O)
                                                      0.528     0.607 r  clocking_gen.sys_clk/inst/clkin1_ibufds/DIFFINBUF_INST/O
                         net (fo=1, routed)           0.040     0.647    clocking_gen.sys_clk/inst/clkin1_ibufds/OUT
    D19                  IBUFCTRL (Prop_IBUFCTRL_HPIOB_M_I_O)
                                                      0.000     0.647 r  clocking_gen.sys_clk/inst/clkin1_ibufds/IBUFCTRL_INST/O
                         net (fo=1, routed)           0.333     0.980    clocking_gen.sys_clk/inst/clk_in1_sys_clk_mmcm
    MMCM_X0Y3            MMCME4_ADV (Prop_MMCM_CLKIN1_CLKOUT0)
                                                      0.630     1.610 r  clocking_gen.sys_clk/inst/mmcme4_adv_inst/CLKOUT0
                         net (fo=1, routed)           0.215     1.825    clocking_gen.sys_clk/inst/clk_out1_sys_clk_mmcm
    BUFGCE_X0Y81         BUFGCE (Prop_BUFCE_BUFGCE_I_O)
                                                      0.024     1.849 r  clocking_gen.sys_clk/inst/clkout1_buf/O
    X0Y2 (CLOCK_ROOT)    net (fo=11491, routed)       1.540     3.388    input_memory_fifo/input_cdc_fifo/U0/inst_fifo_gen/gconvfifo.rf/grf.rf/gntv_or_sync_fifo.gcx.clkx/wr_pntr_cdc_inst/dest_clk
    SLICE_X3Y126         FDRE                                         r  input_memory_fifo/input_cdc_fifo/U0/inst_fifo_gen/gconvfifo.rf/grf.rf/gntv_or_sync_fifo.gcx.clkx/wr_pntr_cdc_inst/dest_graysync_ff_reg[0][1]/C
                         clock pessimism              0.000     3.388    
    SLICE_X3Y126         FDRE (Setup_EFF2_SLICEL_C_D)
                                                      0.025     3.413    input_memory_fifo/input_cdc_fifo/U0/inst_fifo_gen/gconvfifo.rf/grf.rf/gntv_or_sync_fifo.gcx.clkx/wr_pntr_cdc_inst/dest_graysync_ff_reg[0][1]
  -------------------------------------------------------------------
                         data arrival                           2.265    
                         clock arrival                          3.413    
  -------------------------------------------------------------------
                         relative delay                        -1.149    

Reference path:
    Location             Delay type                Incr(ns)  Path(ns)    Netlist Resource(s)
  -------------------------------------------------------------------    -------------------
                         (clock ftdi_clk rise edge)
                                                      0.000     0.000 r  
    E13                                               0.000     0.000 r  ftdi_clk_i (IN)
                         net (fo=0)                   0.000     0.000    ftdi_clk_i_IBUF_inst/I
    E13                  INBUF (Prop_INBUF_HPIOB_M_PAD_O)
                                                      0.302     0.302 r  ftdi_clk_i_IBUF_inst/INBUF_INST/O
                         net (fo=1, routed)           0.000     0.302    ftdi_clk_i_IBUF_inst/OUT
    E13                  IBUFCTRL (Prop_IBUFCTRL_HPIOB_M_I_O)
                                                      0.000     0.302 r  ftdi_clk_i_IBUF_inst/IBUFCTRL_INST/O
                         net (fo=1, routed)           0.298     0.600    ftdi_clk_i_IBUF
    BUFGCE_X0Y62         BUFGCE (Prop_BUFCE_BUFGCE_I_O)
                                                      0.024     0.624 r  ftdi_clk_i_IBUF_BUFG_inst/O
    X0Y2 (CLOCK_ROOT)    net (fo=272, routed)         0.667     1.291    input_memory_fifo/input_cdc_fifo/U0/inst_fifo_gen/gconvfifo.rf/grf.rf/gntv_or_sync_fifo.gcx.clkx/wr_pntr_cdc_inst/src_clk
    SLICE_X3Y128         FDRE                                         r  input_memory_fifo/input_cdc_fifo/U0/inst_fifo_gen/gconvfifo.rf/grf.rf/gntv_or_sync_fifo.gcx.clkx/wr_pntr_cdc_inst/src_gray_ff_reg[4]/C
  -------------------------------------------------------------------    -------------------
    SLICE_X3Y128         FDRE (Prop_DFF_SLICEL_C_Q)
                                                      0.059     1.350 r  input_memory_fifo/input_cdc_fifo/U0/inst_fifo_gen/gconvfifo.rf/grf.rf/gntv_or_sync_fifo.gcx.clkx/wr_pntr_cdc_inst/src_gray_ff_reg[4]/Q
                         net (fo=1, routed)           0.099     1.449    input_memory_fifo/input_cdc_fifo/U0/inst_fifo_gen/gconvfifo.rf/grf.rf/gntv_or_sync_fifo.gcx.clkx/wr_pntr_cdc_inst/async_path[4]
    SLICE_X3Y128         FDRE                                         r  input_memory_fifo/input_cdc_fifo/U0/inst_fifo_gen/gconvfifo.rf/grf.rf/gntv_or_sync_fifo.gcx.clkx/wr_pntr_cdc_inst/dest_graysync_ff_reg[0][4]/D
  -------------------------------------------------------------------    -------------------

                         (clock clk_out1_sys_clk_mmcm rise edge)
                                                      0.000     0.000 r  
    D19                                               0.000     0.000 r  sysclk_p (IN)
                         net (fo=0)                   0.100     0.100    clocking_gen.sys_clk/inst/clkin1_ibufds/I
    HPIOBDIFFINBUF_X0Y84 DIFFINBUF (Prop_DIFFINBUF_HPIOBDIFFINBUF_DIFF_IN_P_O)
                                                      0.638     0.738 r  clocking_gen.sys_clk/inst/clkin1_ibufds/DIFFINBUF_INST/O
                         net (fo=1, routed)           0.050     0.788    clocking_gen.sys_clk/inst/clkin1_ibufds/OUT
    D19                  IBUFCTRL (Prop_IBUFCTRL_HPIOB_M_I_O)
                                                      0.000     0.788 r  clocking_gen.sys_clk/inst/clkin1_ibufds/IBUFCTRL_INST/O
                         net (fo=1, routed)           0.384     1.172    clocking_gen.sys_clk/inst/clk_in1_sys_clk_mmcm
    MMCM_X0Y3            MMCME4_ADV (Prop_MMCM_CLKIN1_CLKOUT0)
                                                     -0.127     1.045 r  clocking_gen.sys_clk/inst/mmcme4_adv_inst/CLKOUT0
                         net (fo=1, routed)           0.245     1.290    clocking_gen.sys_clk/inst/clk_out1_sys_clk_mmcm
    BUFGCE_X0Y81         BUFGCE (Prop_BUFCE_BUFGCE_I_O)
                                                      0.028     1.318 r  clocking_gen.sys_clk/inst/clkout1_buf/O
    X0Y2 (CLOCK_ROOT)    net (fo=11491, routed)       1.739     3.057    input_memory_fifo/input_cdc_fifo/U0/inst_fifo_gen/gconvfifo.rf/grf.rf/gntv_or_sync_fifo.gcx.clkx/wr_pntr_cdc_inst/dest_clk
    SLICE_X3Y128         FDRE                                         r  input_memory_fifo/input_cdc_fifo/U0/inst_fifo_gen/gconvfifo.rf/grf.rf/gntv_or_sync_fifo.gcx.clkx/wr_pntr_cdc_inst/dest_graysync_ff_reg[0][4]/C
                         clock pessimism              0.000     3.057    
    SLICE_X3Y128         FDRE (Hold_HFF2_SLICEL_C_D)
                                                      0.062     3.119    input_memory_fifo/input_cdc_fifo/U0/inst_fifo_gen/gconvfifo.rf/grf.rf/gntv_or_sync_fifo.gcx.clkx/wr_pntr_cdc_inst/dest_graysync_ff_reg[0][4]
  -------------------------------------------------------------------
                         data arrival                           1.449    
                         clock arrival                          3.119    
  -------------------------------------------------------------------
                         relative delay                        -1.670    



Id: 2
set_bus_skew -from [get_cells [list {input_memory_fifo/input_cdc_fifo/U0/inst_fifo_gen/gconvfifo.rf/grf.rf/gntv_or_sync_fifo.gcx.clkx/rd_pntr_cdc_inst/src_gray_ff_reg[0]} {input_memory_fifo/input_cdc_fifo/U0/inst_fifo_gen/gconvfifo.rf/grf.rf/gntv_or_sync_fifo.gcx.clkx/rd_pntr_cdc_inst/src_gray_ff_reg[1]} {input_memory_fifo/input_cdc_fifo/U0/inst_fifo_gen/gconvfifo.rf/grf.rf/gntv_or_sync_fifo.gcx.clkx/rd_pntr_cdc_inst/src_gray_ff_reg[2]} {input_memory_fifo/input_cdc_fifo/U0/inst_fifo_gen/gconvfifo.rf/grf.rf/gntv_or_sync_fifo.gcx.clkx/rd_pntr_cdc_inst/src_gray_ff_reg[3]} {input_memory_fifo/input_cdc_fifo/U0/inst_fifo_gen/gconvfifo.rf/grf.rf/gntv_or_sync_fifo.gcx.clkx/rd_pntr_cdc_inst/src_gray_ff_reg[4]} {input_memory_fifo/input_cdc_fifo/U0/inst_fifo_gen/gconvfifo.rf/grf.rf/gntv_or_sync_fifo.gcx.clkx/rd_pntr_cdc_inst/src_gray_ff_reg[5]} {input_memory_fifo/input_cdc_fifo/U0/inst_fifo_gen/gconvfifo.rf/grf.rf/gntv_or_sync_fifo.gcx.clkx/rd_pntr_cdc_inst/src_gray_ff_reg[6]} {input_memory_fifo/input_cdc_fifo/U0/inst_fifo_gen/gconvfifo.rf/grf.rf/gntv_or_sync_fifo.gcx.clkx/rd_pntr_cdc_inst/src_gray_ff_reg[7]} {input_memory_fifo/input_cdc_fifo/U0/inst_fifo_gen/gconvfifo.rf/grf.rf/gntv_or_sync_fifo.gcx.clkx/rd_pntr_cdc_inst/src_gray_ff_reg[8]} {input_memory_fifo/input_cdc_fifo/U0/inst_fifo_gen/gconvfifo.rf/grf.rf/gntv_or_sync_fifo.gcx.clkx/rd_pntr_cdc_inst/src_gray_ff_reg[9]}]] -to [get_cells [list {input_memory_fifo/input_cdc_fifo/U0/inst_fifo_gen/gconvfifo.rf/grf.rf/gntv_or_sync_fifo.gcx.clkx/rd_pntr_cdc_inst/dest_graysync_ff_reg[0][0]} {input_memory_fifo/input_cdc_fifo/U0/inst_fifo_gen/gconvfifo.rf/grf.rf/gntv_or_sync_fifo.gcx.clkx/rd_pntr_cdc_inst/dest_graysync_ff_reg[0][1]} {input_memory_fifo/input_cdc_fifo/U0/inst_fifo_gen/gconvfifo.rf/grf.rf/gntv_or_sync_fifo.gcx.clkx/rd_pntr_cdc_inst/dest_graysync_ff_reg[0][2]} {input_memory_fifo/input_cdc_fifo/U0/inst_fifo_gen/gconvfifo.rf/grf.rf/gntv_or_sync_fifo.gcx.clkx/rd_pntr_cdc_inst/dest_graysync_ff_reg[0][3]} {input_memory_fifo/input_cdc_fifo/U0/inst_fifo_gen/gconvfifo.rf/grf.rf/gntv_or_sync_fifo.gcx.clkx/rd_pntr_cdc_inst/dest_graysync_ff_reg[0][4]} {input_memory_fifo/input_cdc_fifo/U0/inst_fifo_gen/gconvfifo.rf/grf.rf/gntv_or_sync_fifo.gcx.clkx/rd_pntr_cdc_inst/dest_graysync_ff_reg[0][5]} {input_memory_fifo/input_cdc_fifo/U0/inst_fifo_gen/gconvfifo.rf/grf.rf/gntv_or_sync_fifo.gcx.clkx/rd_pntr_cdc_inst/dest_graysync_ff_reg[0][6]} {input_memory_fifo/input_cdc_fifo/U0/inst_fifo_gen/gconvfifo.rf/grf.rf/gntv_or_sync_fifo.gcx.clkx/rd_pntr_cdc_inst/dest_graysync_ff_reg[0][7]} {input_memory_fifo/input_cdc_fifo/U0/inst_fifo_gen/gconvfifo.rf/grf.rf/gntv_or_sync_fifo.gcx.clkx/rd_pntr_cdc_inst/dest_graysync_ff_reg[0][8]} {input_memory_fifo/input_cdc_fifo/U0/inst_fifo_gen/gconvfifo.rf/grf.rf/gntv_or_sync_fifo.gcx.clkx/rd_pntr_cdc_inst/dest_graysync_ff_reg[0][9]}]] 2.000
Requirement: 2.000ns
Endpoints: 10

From Clock            To Clock              Endpoint Pin                    Reference Pin                   Corner  Actual(ns)  Slack(ns)
--------------------  --------------------  ------------------------------  ------------------------------  ------  ----------  ---------
clk_out1_sys_clk_mmcm
                      ftdi_clk              input_memory_fifo/input_cdc_fifo/U0/inst_fifo_gen/gconvfifo.rf/grf.rf/gntv_or_sync_fifo.gcx.clkx/rd_pntr_cdc_inst/dest_graysync_ff_reg[0][6]/D
                                                                            input_memory_fifo/input_cdc_fifo/U0/inst_fifo_gen/gconvfifo.rf/grf.rf/gntv_or_sync_fifo.gcx.clkx/rd_pntr_cdc_inst/dest_graysync_ff_reg[0][8]/D
                                                                                                            Slow         0.466      1.534


Slack (MET) :             1.534ns  (requirement - actual skew)
  Endpoint Source:        input_memory_fifo/input_cdc_fifo/U0/inst_fifo_gen/gconvfifo.rf/grf.rf/gntv_or_sync_fifo.gcx.clkx/rd_pntr_cdc_inst/src_gray_ff_reg[6]/C
                            (rising edge-triggered cell FDRE clocked by clk_out1_sys_clk_mmcm)
  Endpoint Destination:   input_memory_fifo/input_cdc_fifo/U0/inst_fifo_gen/gconvfifo.rf/grf.rf/gntv_or_sync_fifo.gcx.clkx/rd_pntr_cdc_inst/dest_graysync_ff_reg[0][6]/D
                            (rising edge-triggered cell FDRE clocked by ftdi_clk)
  Reference Source:       input_memory_fifo/input_cdc_fifo/U0/inst_fifo_gen/gconvfifo.rf/grf.rf/gntv_or_sync_fifo.gcx.clkx/rd_pntr_cdc_inst/src_gray_ff_reg[8]/C
                            (rising edge-triggered cell FDRE clocked by clk_out1_sys_clk_mmcm)
  Reference Destination:  input_memory_fifo/input_cdc_fifo/U0/inst_fifo_gen/gconvfifo.rf/grf.rf/gntv_or_sync_fifo.gcx.clkx/rd_pntr_cdc_inst/dest_graysync_ff_reg[0][8]/D
                            (rising edge-triggered cell FDRE clocked by ftdi_clk)
  Path Type:              Bus Skew (Max at Slow Process Corner)
  Requirement:            2.000ns
  Endpoint Relative Delay:    2.259ns
  Reference Relative Delay:   1.777ns
  Relative CRPR:              0.015ns
  Actual Bus Skew:            0.466ns  (Endpoint Relative Delay - Reference Relative Delay - Relative CRPR)

Endpoint path:
    Location             Delay type                Incr(ns)  Path(ns)    Netlist Resource(s)
  -------------------------------------------------------------------    -------------------
                         (clock clk_out1_sys_clk_mmcm rise edge)
                                                      0.000     0.000 r  
    D19                                               0.000     0.000 r  sysclk_p (IN)
                         net (fo=0)                   0.100     0.100    clocking_gen.sys_clk/inst/clkin1_ibufds/I
    HPIOBDIFFINBUF_X0Y84 DIFFINBUF (Prop_DIFFINBUF_HPIOBDIFFINBUF_DIFF_IN_P_O)
                                                      0.638     0.738 r  clocking_gen.sys_clk/inst/clkin1_ibufds/DIFFINBUF_INST/O
                         net (fo=1, routed)           0.050     0.788    clocking_gen.sys_clk/inst/clkin1_ibufds/OUT
    D19                  IBUFCTRL (Prop_IBUFCTRL_HPIOB_M_I_O)
                                                      0.000     0.788 r  clocking_gen.sys_clk/inst/clkin1_ibufds/IBUFCTRL_INST/O
                         net (fo=1, routed)           0.384     1.172    clocking_gen.sys_clk/inst/clk_in1_sys_clk_mmcm
    MMCM_X0Y3            MMCME4_ADV (Prop_MMCM_CLKIN1_CLKOUT0)
                                                     -0.127     1.045 r  clocking_gen.sys_clk/inst/mmcme4_adv_inst/CLKOUT0
                         net (fo=1, routed)           0.245     1.290    clocking_gen.sys_clk/inst/clk_out1_sys_clk_mmcm
    BUFGCE_X0Y81         BUFGCE (Prop_BUFCE_BUFGCE_I_O)
                                                      0.028     1.318 r  clocking_gen.sys_clk/inst/clkout1_buf/O
    X0Y2 (CLOCK_ROOT)    net (fo=11491, routed)       1.728     3.046    input_memory_fifo/input_cdc_fifo/U0/inst_fifo_gen/gconvfifo.rf/grf.rf/gntv_or_sync_fifo.gcx.clkx/rd_pntr_cdc_inst/src_clk
    SLICE_X3Y129         FDRE                                         r  input_memory_fifo/input_cdc_fifo/U0/inst_fifo_gen/gconvfifo.rf/grf.rf/gntv_or_sync_fifo.gcx.clkx/rd_pntr_cdc_inst/src_gray_ff_reg[6]/C
  -------------------------------------------------------------------    -------------------
    SLICE_X3Y129         FDRE (Prop_HFF_SLICEL_C_Q)
                                                      0.079     3.125 r  input_memory_fifo/input_cdc_fifo/U0/inst_fifo_gen/gconvfifo.rf/grf.rf/gntv_or_sync_fifo.gcx.clkx/rd_pntr_cdc_inst/src_gray_ff_reg[6]/Q
                         net (fo=1, routed)           0.445     3.570    input_memory_fifo/input_cdc_fifo/U0/inst_fifo_gen/gconvfifo.rf/grf.rf/gntv_or_sync_fifo.gcx.clkx/rd_pntr_cdc_inst/async_path[6]
    SLICE_X3Y129         FDRE                                         r  input_memory_fifo/input_cdc_fifo/U0/inst_fifo_gen/gconvfifo.rf/grf.rf/gntv_or_sync_fifo.gcx.clkx/rd_pntr_cdc_inst/dest_graysync_ff_reg[0][6]/D
  -------------------------------------------------------------------    -------------------

                         (clock ftdi_clk rise edge)
                                                      0.000     0.000 r  
    E13                                               0.000     0.000 r  ftdi_clk_i (IN)
                         net (fo=0)                   0.000     0.000    ftdi_clk_i_IBUF_inst/I
    E13                  INBUF (Prop_INBUF_HPIOB_M_PAD_O)
                                                      0.302     0.302 r  ftdi_clk_i_IBUF_inst/INBUF_INST/O
                         net (fo=1, routed)           0.000     0.302    ftdi_clk_i_IBUF_inst/OUT
    E13                  IBUFCTRL (Prop_IBUFCTRL_HPIOB_M_I_O)
                                                      0.000     0.302 r  ftdi_clk_i_IBUF_inst/IBUFCTRL_INST/O
                         net (fo=1, routed)           0.298     0.600    ftdi_clk_i_IBUF
    BUFGCE_X0Y62         BUFGCE (Prop_BUFCE_BUFGCE_I_O)
                                                      0.024     0.624 r  ftdi_clk_i_IBUF_BUFG_inst/O
    X0Y2 (CLOCK_ROOT)    net (fo=272, routed)         0.662     1.286    input_memory_fifo/input_cdc_fifo/U0/inst_fifo_gen/gconvfifo.rf/grf.rf/gntv_or_sync_fifo.gcx.clkx/rd_pntr_cdc_inst/dest_clk
    SLICE_X3Y129         FDRE                                         r  input_memory_fifo/input_cdc_fifo/U0/inst_fifo_gen/gconvfifo.rf/grf.rf/gntv_or_sync_fifo.gcx.clkx/rd_pntr_cdc_inst/dest_graysync_ff_reg[0][6]/C
                         clock pessimism              0.000     1.286    
    SLICE_X3Y129         FDRE (Setup_DFF2_SLICEL_C_D)
                                                      0.025     1.311    input_memory_fifo/input_cdc_fifo/U0/inst_fifo_gen/gconvfifo.rf/grf.rf/gntv_or_sync_fifo.gcx.clkx/rd_pntr_cdc_inst/dest_graysync_ff_reg[0][6]
  -------------------------------------------------------------------
                         data arrival                           3.570    
                         clock arrival                          1.311    
  -------------------------------------------------------------------
                         relative delay                         2.259    

Reference path:
    Location             Delay type                Incr(ns)  Path(ns)    Netlist Resource(s)
  -------------------------------------------------------------------    -------------------
                         (clock clk_out1_sys_clk_mmcm rise edge)
                                                      0.000     0.000 r  
    D19                                               0.000     0.000 r  sysclk_p (IN)
                         net (fo=0)                   0.079     0.079    clocking_gen.sys_clk/inst/clkin1_ibufds/I
    HPIOBDIFFINBUF_X0Y84 DIFFINBUF (Prop_DIFFINBUF_HPIOBDIFFINBUF_DIFF_IN_P_O)
                                                      0.528     0.607 r  clocking_gen.sys_clk/inst/clkin1_ibufds/DIFFINBUF_INST/O
                         net (fo=1, routed)           0.040     0.647    clocking_gen.sys_clk/inst/clkin1_ibufds/OUT
    D19                  IBUFCTRL (Prop_IBUFCTRL_HPIOB_M_I_O)
                                                      0.000     0.647 r  clocking_gen.sys_clk/inst/clkin1_ibufds/IBUFCTRL_INST/O
                         net (fo=1, routed)           0.333     0.980    clocking_gen.sys_clk/inst/clk_in1_sys_clk_mmcm
    MMCM_X0Y3            MMCME4_ADV (Prop_MMCM_CLKIN1_CLKOUT0)
                                                      0.630     1.610 r  clocking_gen.sys_clk/inst/mmcme4_adv_inst/CLKOUT0
                         net (fo=1, routed)           0.215     1.825    clocking_gen.sys_clk/inst/clk_out1_sys_clk_mmcm
    BUFGCE_X0Y81         BUFGCE (Prop_BUFCE_BUFGCE_I_O)
                                                      0.024     1.849 r  clocking_gen.sys_clk/inst/clkout1_buf/O
    X0Y2 (CLOCK_ROOT)    net (fo=11491, routed)       1.534     3.383    input_memory_fifo/input_cdc_fifo/U0/inst_fifo_gen/gconvfifo.rf/grf.rf/gntv_or_sync_fifo.gcx.clkx/rd_pntr_cdc_inst/src_clk
    SLICE_X3Y129         FDRE                                         r  input_memory_fifo/input_cdc_fifo/U0/inst_fifo_gen/gconvfifo.rf/grf.rf/gntv_or_sync_fifo.gcx.clkx/rd_pntr_cdc_inst/src_gray_ff_reg[8]/C
  -------------------------------------------------------------------    -------------------
    SLICE_X3Y129         FDRE (Prop_GFF2_SLICEL_C_Q)
                                                      0.060     3.443 r  input_memory_fifo/input_cdc_fifo/U0/inst_fifo_gen/gconvfifo.rf/grf.rf/gntv_or_sync_fifo.gcx.clkx/rd_pntr_cdc_inst/src_gray_ff_reg[8]/Q
                         net (fo=1, routed)           0.068     3.511    input_memory_fifo/input_cdc_fifo/U0/inst_fifo_gen/gconvfifo.rf/grf.rf/gntv_or_sync_fifo.gcx.clkx/rd_pntr_cdc_inst/async_path[8]
    SLICE_X3Y130         FDRE                                         r  input_memory_fifo/input_cdc_fifo/U0/inst_fifo_gen/gconvfifo.rf/grf.rf/gntv_or_sync_fifo.gcx.clkx/rd_pntr_cdc_inst/dest_graysync_ff_reg[0][8]/D
  -------------------------------------------------------------------    -------------------

                         (clock ftdi_clk rise edge)
                                                      0.000     0.000 r  
    E13                                               0.000     0.000 r  ftdi_clk_i (IN)
                         net (fo=0)                   0.000     0.000    ftdi_clk_i_IBUF_inst/I
    E13                  INBUF (Prop_INBUF_HPIOB_M_PAD_O)
                                                      0.552     0.552 r  ftdi_clk_i_IBUF_inst/INBUF_INST/O
                         net (fo=1, routed)           0.000     0.552    ftdi_clk_i_IBUF_inst/OUT
    E13                  IBUFCTRL (Prop_IBUFCTRL_HPIOB_M_I_O)
                                                      0.000     0.552 r  ftdi_clk_i_IBUF_inst/IBUFCTRL_INST/O
                         net (fo=1, routed)           0.336     0.888    ftdi_clk_i_IBUF
    BUFGCE_X0Y62         BUFGCE (Prop_BUFCE_BUFGCE_I_O)
                                                      0.028     0.916 r  ftdi_clk_i_IBUF_BUFG_inst/O
    X0Y2 (CLOCK_ROOT)    net (fo=272, routed)         0.755     1.671    input_memory_fifo/input_cdc_fifo/U0/inst_fifo_gen/gconvfifo.rf/grf.rf/gntv_or_sync_fifo.gcx.clkx/rd_pntr_cdc_inst/dest_clk
    SLICE_X3Y130         FDRE                                         r  input_memory_fifo/input_cdc_fifo/U0/inst_fifo_gen/gconvfifo.rf/grf.rf/gntv_or_sync_fifo.gcx.clkx/rd_pntr_cdc_inst/dest_graysync_ff_reg[0][8]/C
                         clock pessimism              0.000     1.671    
    SLICE_X3Y130         FDRE (Hold_DFF2_SLICEL_C_D)
                                                      0.062     1.733    input_memory_fifo/input_cdc_fifo/U0/inst_fifo_gen/gconvfifo.rf/grf.rf/gntv_or_sync_fifo.gcx.clkx/rd_pntr_cdc_inst/dest_graysync_ff_reg[0][8]
  -------------------------------------------------------------------
                         data arrival                           3.511    
                         clock arrival                          1.733    
  -------------------------------------------------------------------
                         relative delay                         1.777    



