
*** Running vivado
    with args -log dsp_macro_simd.vds -m64 -product Vivado -mode batch -messageDb vivado.pb -notrace -source dsp_macro_simd.tcl


ECHO is off.
ECHO is off.

****** Vivado v2023.2 (64-bit)
  **** SW Build 4029153 on Fri Oct 13 20:14:34 MDT 2023
  **** IP Build 4028589 on Sat Oct 14 00:45:43 MDT 2023
  **** SharedData Build 4025554 on Tue Oct 10 17:18:54 MDT 2023
    ** Copyright 1986-2022 Xilinx, Inc. All Rights Reserved.
    ** Copyright 2022-2023 Advanced Micro Devices, Inc. All Rights Reserved.

source dsp_macro_simd.tcl -notrace
create_project: Time (s): cpu = 00:00:05 ; elapsed = 00:00:06 . Memory (MB): peak = 484.547 ; gain = 180.137
INFO: [IP_Flow 19-6924] IPCACHE: Running cache check for IP inst: dsp_macro_simd
INFO: [IP_Flow 19-6922] IPCACHE: Exporting cached entry 4c57b4719f894a08 to dir: C:/Users/johnh/Desktop/DICE/Hardware/FPGA/DICE/dice.runs/dsp_macro_simd_synth_1
INFO: [IP_Flow 19-6928] IPCACHE: copied cached file c:/Users/johnh/Desktop/DICE/Hardware/FPGA/DICE/dice.cache/ip/2023.2/4/c/4c57b4719f894a08/dsp_macro_simd.dcp to C:/Users/johnh/Desktop/DICE/Hardware/FPGA/DICE/dice.runs/dsp_macro_simd_synth_1/dsp_macro_simd.dcp.
INFO: [IP_Flow 19-6928] IPCACHE: copied cached file c:/Users/johnh/Desktop/DICE/Hardware/FPGA/DICE/dice.cache/ip/2023.2/4/c/4c57b4719f894a08/dsp_macro_simd_sim_netlist.v to C:/Users/johnh/Desktop/DICE/Hardware/FPGA/DICE/dice.runs/dsp_macro_simd_synth_1/dsp_macro_simd_sim_netlist.v.
INFO: [IP_Flow 19-6928] IPCACHE: copied cached file c:/Users/johnh/Desktop/DICE/Hardware/FPGA/DICE/dice.cache/ip/2023.2/4/c/4c57b4719f894a08/dsp_macro_simd_sim_netlist.vhdl to C:/Users/johnh/Desktop/DICE/Hardware/FPGA/DICE/dice.runs/dsp_macro_simd_synth_1/dsp_macro_simd_sim_netlist.vhdl.
INFO: [IP_Flow 19-6928] IPCACHE: copied cached file c:/Users/johnh/Desktop/DICE/Hardware/FPGA/DICE/dice.cache/ip/2023.2/4/c/4c57b4719f894a08/dsp_macro_simd_stub.v to C:/Users/johnh/Desktop/DICE/Hardware/FPGA/DICE/dice.runs/dsp_macro_simd_synth_1/dsp_macro_simd_stub.v.
INFO: [IP_Flow 19-6928] IPCACHE: copied cached file c:/Users/johnh/Desktop/DICE/Hardware/FPGA/DICE/dice.cache/ip/2023.2/4/c/4c57b4719f894a08/dsp_macro_simd_stub.vhdl to C:/Users/johnh/Desktop/DICE/Hardware/FPGA/DICE/dice.runs/dsp_macro_simd_synth_1/dsp_macro_simd_stub.vhdl.
INFO: [IP_Flow 19-4838] Using cached IP synthesis design for IP dsp_macro_simd, cache-ID = 4c57b4719f894a08.
INFO: [Common 17-206] Exiting Vivado at Fri May 30 04:37:40 2025...
