Copyright 1986-2022 Xilinx, Inc. All Rights Reserved. Copyright 2022-2023 Advanced Micro Devices, Inc. All Rights Reserved.
--------------------------------------------------------------------------------------------------------------------------------------------------
| Tool Version      : Vivado v.2023.2 (win64) Build 4029153 Fri Oct 13 20:14:34 MDT 2023
| Date              : Mon Jun  9 21:39:58 2025
| Host              : DESKTOP-U9NB2CD running 64-bit major release  (build 9200)
| Command           : report_bus_skew -warn_on_violation -file top_bus_skew_routed.rpt -pb top_bus_skew_routed.pb -rpx top_bus_skew_routed.rpx
| Design            : top
| Device            : xcku3p-ffva676
| Speed File        : -2  PRODUCTION 1.29 05-01-2022
| Design State      : Routed
| Temperature Grade : I
--------------------------------------------------------------------------------------------------------------------------------------------------

Bus Skew Report

Table of Contents
-----------------
1. Bus Skew Report Summary
2. Bus Skew Report Per Constraint

1. Bus Skew Report Summary
--------------------------

Id  Position  From                            To                              Corner  Requirement(ns)  Actual(ns)  Slack(ns)
--  --------  ------------------------------  ------------------------------  ------  ---------------  ----------  ---------
1   11        [get_cells [list {input_memory_fifo/input_cdc_fifo/U0/inst_fifo_gen/gconvfifo.rf/grf.rf/gntv_or_sync_fifo.gcx.clkx/wr_pntr_cdc_inst/src_gray_ff_reg[9]} {input_memory_fifo/input_cdc_fifo/U0/inst_fifo_gen/gconvfifo.rf/grf.rf/gntv_or_sync_fifo.gcx.clkx/wr_pntr_cdc_inst/src_gray_ff_reg[10]} {input_memory_fifo/input_cdc_fifo/U0/inst_fifo_gen/gconvfifo.rf/grf.rf/gntv_or_sync_fifo.gcx.clkx/wr_pntr_cdc_inst/src_gray_ff_reg[1]} {input_memory_fifo/input_cdc_fifo/U0/inst_fifo_gen/gconvfifo.rf/grf.rf/gntv_or_sync_fifo.gcx.clkx/wr_pntr_cdc_inst/src_gray_ff_reg[2]} {input_memory_fifo/input_cdc_fifo/U0/inst_fifo_gen/gconvfifo.rf/grf.rf/gntv_or_sync_fifo.gcx.clkx/wr_pntr_cdc_inst/src_gray_ff_reg[3]} {input_memory_fifo/input_cdc_fifo/U0/inst_fifo_gen/gconvfifo.rf/grf.rf/gntv_or_sync_fifo.gcx.clkx/wr_pntr_cdc_inst/src_gray_ff_reg[4]} {input_memory_fifo/input_cdc_fifo/U0/inst_fifo_gen/gconvfifo.rf/grf.rf/gntv_or_sync_fifo.gcx.clkx/wr_pntr_cdc_inst/src_gray_ff_reg[5]} {input_memory_fifo/input_cdc_fifo/U0/inst_fifo_gen/gconvfifo.rf/grf.rf/gntv_or_sync_fifo.gcx.clkx/wr_pntr_cdc_inst/src_gray_ff_reg[6]} {input_memory_fifo/input_cdc_fifo/U0/inst_fifo_gen/gconvfifo.rf/grf.rf/gntv_or_sync_fifo.gcx.clkx/wr_pntr_cdc_inst/src_gray_ff_reg[7]} {input_memory_fifo/input_cdc_fifo/U0/inst_fifo_gen/gconvfifo.rf/grf.rf/gntv_or_sync_fifo.gcx.clkx/wr_pntr_cdc_inst/src_gray_ff_reg[8]}]]
                                              [get_cells [list {input_memory_fifo/input_cdc_fifo/U0/inst_fifo_gen/gconvfifo.rf/grf.rf/gntv_or_sync_fifo.gcx.clkx/wr_pntr_cdc_inst/dest_graysync_ff_reg[0][9]} {input_memory_fifo/input_cdc_fifo/U0/inst_fifo_gen/gconvfifo.rf/grf.rf/gntv_or_sync_fifo.gcx.clkx/wr_pntr_cdc_inst/dest_graysync_ff_reg[0][10]} {input_memory_fifo/input_cdc_fifo/U0/inst_fifo_gen/gconvfifo.rf/grf.rf/gntv_or_sync_fifo.gcx.clkx/wr_pntr_cdc_inst/dest_graysync_ff_reg[0][1]} {input_memory_fifo/input_cdc_fifo/U0/inst_fifo_gen/gconvfifo.rf/grf.rf/gntv_or_sync_fifo.gcx.clkx/wr_pntr_cdc_inst/dest_graysync_ff_reg[0][2]} {input_memory_fifo/input_cdc_fifo/U0/inst_fifo_gen/gconvfifo.rf/grf.rf/gntv_or_sync_fifo.gcx.clkx/wr_pntr_cdc_inst/dest_graysync_ff_reg[0][3]} {input_memory_fifo/input_cdc_fifo/U0/inst_fifo_gen/gconvfifo.rf/grf.rf/gntv_or_sync_fifo.gcx.clkx/wr_pntr_cdc_inst/dest_graysync_ff_reg[0][4]} {input_memory_fifo/input_cdc_fifo/U0/inst_fifo_gen/gconvfifo.rf/grf.rf/gntv_or_sync_fifo.gcx.clkx/wr_pntr_cdc_inst/dest_graysync_ff_reg[0][5]} {input_memory_fifo/input_cdc_fifo/U0/inst_fifo_gen/gconvfifo.rf/grf.rf/gntv_or_sync_fifo.gcx.clkx/wr_pntr_cdc_inst/dest_graysync_ff_reg[0][6]} {input_memory_fifo/input_cdc_fifo/U0/inst_fifo_gen/gconvfifo.rf/grf.rf/gntv_or_sync_fifo.gcx.clkx/wr_pntr_cdc_inst/dest_graysync_ff_reg[0][7]} {input_memory_fifo/input_cdc_fifo/U0/inst_fifo_gen/gconvfifo.rf/grf.rf/gntv_or_sync_fifo.gcx.clkx/wr_pntr_cdc_inst/dest_graysync_ff_reg[0][8]}]]
                                                                              Slow              2.000       0.376      1.624
2   13        [get_cells [list {input_memory_fifo/input_cdc_fifo/U0/inst_fifo_gen/gconvfifo.rf/grf.rf/gntv_or_sync_fifo.gcx.clkx/rd_pntr_cdc_inst/src_gray_ff_reg[0]} {input_memory_fifo/input_cdc_fifo/U0/inst_fifo_gen/gconvfifo.rf/grf.rf/gntv_or_sync_fifo.gcx.clkx/rd_pntr_cdc_inst/src_gray_ff_reg[1]} {input_memory_fifo/input_cdc_fifo/U0/inst_fifo_gen/gconvfifo.rf/grf.rf/gntv_or_sync_fifo.gcx.clkx/rd_pntr_cdc_inst/src_gray_ff_reg[2]} {input_memory_fifo/input_cdc_fifo/U0/inst_fifo_gen/gconvfifo.rf/grf.rf/gntv_or_sync_fifo.gcx.clkx/rd_pntr_cdc_inst/src_gray_ff_reg[3]} {input_memory_fifo/input_cdc_fifo/U0/inst_fifo_gen/gconvfifo.rf/grf.rf/gntv_or_sync_fifo.gcx.clkx/rd_pntr_cdc_inst/src_gray_ff_reg[4]} {input_memory_fifo/input_cdc_fifo/U0/inst_fifo_gen/gconvfifo.rf/grf.rf/gntv_or_sync_fifo.gcx.clkx/rd_pntr_cdc_inst/src_gray_ff_reg[5]} {input_memory_fifo/input_cdc_fifo/U0/inst_fifo_gen/gconvfifo.rf/grf.rf/gntv_or_sync_fifo.gcx.clkx/rd_pntr_cdc_inst/src_gray_ff_reg[6]} {input_memory_fifo/input_cdc_fifo/U0/inst_fifo_gen/gconvfifo.rf/grf.rf/gntv_or_sync_fifo.gcx.clkx/rd_pntr_cdc_inst/src_gray_ff_reg[7]} {input_memory_fifo/input_cdc_fifo/U0/inst_fifo_gen/gconvfifo.rf/grf.rf/gntv_or_sync_fifo.gcx.clkx/rd_pntr_cdc_inst/src_gray_ff_reg[8]} {input_memory_fifo/input_cdc_fifo/U0/inst_fifo_gen/gconvfifo.rf/grf.rf/gntv_or_sync_fifo.gcx.clkx/rd_pntr_cdc_inst/src_gray_ff_reg[9]}]]
                                              [get_cells [list {input_memory_fifo/input_cdc_fifo/U0/inst_fifo_gen/gconvfifo.rf/grf.rf/gntv_or_sync_fifo.gcx.clkx/rd_pntr_cdc_inst/dest_graysync_ff_reg[0][0]} {input_memory_fifo/input_cdc_fifo/U0/inst_fifo_gen/gconvfifo.rf/grf.rf/gntv_or_sync_fifo.gcx.clkx/rd_pntr_cdc_inst/dest_graysync_ff_reg[0][1]} {input_memory_fifo/input_cdc_fifo/U0/inst_fifo_gen/gconvfifo.rf/grf.rf/gntv_or_sync_fifo.gcx.clkx/rd_pntr_cdc_inst/dest_graysync_ff_reg[0][2]} {input_memory_fifo/input_cdc_fifo/U0/inst_fifo_gen/gconvfifo.rf/grf.rf/gntv_or_sync_fifo.gcx.clkx/rd_pntr_cdc_inst/dest_graysync_ff_reg[0][3]} {input_memory_fifo/input_cdc_fifo/U0/inst_fifo_gen/gconvfifo.rf/grf.rf/gntv_or_sync_fifo.gcx.clkx/rd_pntr_cdc_inst/dest_graysync_ff_reg[0][4]} {input_memory_fifo/input_cdc_fifo/U0/inst_fifo_gen/gconvfifo.rf/grf.rf/gntv_or_sync_fifo.gcx.clkx/rd_pntr_cdc_inst/dest_graysync_ff_reg[0][5]} {input_memory_fifo/input_cdc_fifo/U0/inst_fifo_gen/gconvfifo.rf/grf.rf/gntv_or_sync_fifo.gcx.clkx/rd_pntr_cdc_inst/dest_graysync_ff_reg[0][6]} {input_memory_fifo/input_cdc_fifo/U0/inst_fifo_gen/gconvfifo.rf/grf.rf/gntv_or_sync_fifo.gcx.clkx/rd_pntr_cdc_inst/dest_graysync_ff_reg[0][7]} {input_memory_fifo/input_cdc_fifo/U0/inst_fifo_gen/gconvfifo.rf/grf.rf/gntv_or_sync_fifo.gcx.clkx/rd_pntr_cdc_inst/dest_graysync_ff_reg[0][8]} {input_memory_fifo/input_cdc_fifo/U0/inst_fifo_gen/gconvfifo.rf/grf.rf/gntv_or_sync_fifo.gcx.clkx/rd_pntr_cdc_inst/dest_graysync_ff_reg[0][9]}]]
                                                                              Slow              2.000       0.519      1.481


2. Bus Skew Report Per Constraint
---------------------------------

Id: 1
set_bus_skew -from [get_cells [list {input_memory_fifo/input_cdc_fifo/U0/inst_fifo_gen/gconvfifo.rf/grf.rf/gntv_or_sync_fifo.gcx.clkx/wr_pntr_cdc_inst/src_gray_ff_reg[9]} {input_memory_fifo/input_cdc_fifo/U0/inst_fifo_gen/gconvfifo.rf/grf.rf/gntv_or_sync_fifo.gcx.clkx/wr_pntr_cdc_inst/src_gray_ff_reg[10]} {input_memory_fifo/input_cdc_fifo/U0/inst_fifo_gen/gconvfifo.rf/grf.rf/gntv_or_sync_fifo.gcx.clkx/wr_pntr_cdc_inst/src_gray_ff_reg[1]} {input_memory_fifo/input_cdc_fifo/U0/inst_fifo_gen/gconvfifo.rf/grf.rf/gntv_or_sync_fifo.gcx.clkx/wr_pntr_cdc_inst/src_gray_ff_reg[2]} {input_memory_fifo/input_cdc_fifo/U0/inst_fifo_gen/gconvfifo.rf/grf.rf/gntv_or_sync_fifo.gcx.clkx/wr_pntr_cdc_inst/src_gray_ff_reg[3]} {input_memory_fifo/input_cdc_fifo/U0/inst_fifo_gen/gconvfifo.rf/grf.rf/gntv_or_sync_fifo.gcx.clkx/wr_pntr_cdc_inst/src_gray_ff_reg[4]} {input_memory_fifo/input_cdc_fifo/U0/inst_fifo_gen/gconvfifo.rf/grf.rf/gntv_or_sync_fifo.gcx.clkx/wr_pntr_cdc_inst/src_gray_ff_reg[5]} {input_memory_fifo/input_cdc_fifo/U0/inst_fifo_gen/gconvfifo.rf/grf.rf/gntv_or_sync_fifo.gcx.clkx/wr_pntr_cdc_inst/src_gray_ff_reg[6]} {input_memory_fifo/input_cdc_fifo/U0/inst_fifo_gen/gconvfifo.rf/grf.rf/gntv_or_sync_fifo.gcx.clkx/wr_pntr_cdc_inst/src_gray_ff_reg[7]} {input_memory_fifo/input_cdc_fifo/U0/inst_fifo_gen/gconvfifo.rf/grf.rf/gntv_or_sync_fifo.gcx.clkx/wr_pntr_cdc_inst/src_gray_ff_reg[8]}]] -to [get_cells [list {input_memory_fifo/input_cdc_fifo/U0/inst_fifo_gen/gconvfifo.rf/grf.rf/gntv_or_sync_fifo.gcx.clkx/wr_pntr_cdc_inst/dest_graysync_ff_reg[0][9]} {input_memory_fifo/input_cdc_fifo/U0/inst_fifo_gen/gconvfifo.rf/grf.rf/gntv_or_sync_fifo.gcx.clkx/wr_pntr_cdc_inst/dest_graysync_ff_reg[0][10]} {input_memory_fifo/input_cdc_fifo/U0/inst_fifo_gen/gconvfifo.rf/grf.rf/gntv_or_sync_fifo.gcx.clkx/wr_pntr_cdc_inst/dest_graysync_ff_reg[0][1]} {input_memory_fifo/input_cdc_fifo/U0/inst_fifo_gen/gconvfifo.rf/grf.rf/gntv_or_sync_fifo.gcx.clkx/wr_pntr_cdc_inst/dest_graysync_ff_reg[0][2]} {input_memory_fifo/input_cdc_fifo/U0/inst_fifo_gen/gconvfifo.rf/grf.rf/gntv_or_sync_fifo.gcx.clkx/wr_pntr_cdc_inst/dest_graysync_ff_reg[0][3]} {input_memory_fifo/input_cdc_fifo/U0/inst_fifo_gen/gconvfifo.rf/grf.rf/gntv_or_sync_fifo.gcx.clkx/wr_pntr_cdc_inst/dest_graysync_ff_reg[0][4]} {input_memory_fifo/input_cdc_fifo/U0/inst_fifo_gen/gconvfifo.rf/grf.rf/gntv_or_sync_fifo.gcx.clkx/wr_pntr_cdc_inst/dest_graysync_ff_reg[0][5]} {input_memory_fifo/input_cdc_fifo/U0/inst_fifo_gen/gconvfifo.rf/grf.rf/gntv_or_sync_fifo.gcx.clkx/wr_pntr_cdc_inst/dest_graysync_ff_reg[0][6]} {input_memory_fifo/input_cdc_fifo/U0/inst_fifo_gen/gconvfifo.rf/grf.rf/gntv_or_sync_fifo.gcx.clkx/wr_pntr_cdc_inst/dest_graysync_ff_reg[0][7]} {input_memory_fifo/input_cdc_fifo/U0/inst_fifo_gen/gconvfifo.rf/grf.rf/gntv_or_sync_fifo.gcx.clkx/wr_pntr_cdc_inst/dest_graysync_ff_reg[0][8]}]] 2.000
Requirement: 2.000ns
Endpoints: 10

From Clock            To Clock              Endpoint Pin                    Reference Pin                   Corner  Actual(ns)  Slack(ns)
--------------------  --------------------  ------------------------------  ------------------------------  ------  ----------  ---------
ftdi_clk              clk_out1_sys_clk_mmcm
                                            input_memory_fifo/input_cdc_fifo/U0/inst_fifo_gen/gconvfifo.rf/grf.rf/gntv_or_sync_fifo.gcx.clkx/wr_pntr_cdc_inst/dest_graysync_ff_reg[0][9]/D
                                                                            input_memory_fifo/input_cdc_fifo/U0/inst_fifo_gen/gconvfifo.rf/grf.rf/gntv_or_sync_fifo.gcx.clkx/wr_pntr_cdc_inst/dest_graysync_ff_reg[0][1]/D
                                                                                                            Slow         0.376      1.624


Slack (MET) :             1.624ns  (requirement - actual skew)
  Endpoint Source:        input_memory_fifo/input_cdc_fifo/U0/inst_fifo_gen/gconvfifo.rf/grf.rf/gntv_or_sync_fifo.gcx.clkx/wr_pntr_cdc_inst/src_gray_ff_reg[9]/C
                            (rising edge-triggered cell FDRE clocked by ftdi_clk)
  Endpoint Destination:   input_memory_fifo/input_cdc_fifo/U0/inst_fifo_gen/gconvfifo.rf/grf.rf/gntv_or_sync_fifo.gcx.clkx/wr_pntr_cdc_inst/dest_graysync_ff_reg[0][9]/D
                            (rising edge-triggered cell FDRE clocked by clk_out1_sys_clk_mmcm)
  Reference Source:       input_memory_fifo/input_cdc_fifo/U0/inst_fifo_gen/gconvfifo.rf/grf.rf/gntv_or_sync_fifo.gcx.clkx/wr_pntr_cdc_inst/src_gray_ff_reg[1]/C
                            (rising edge-triggered cell FDRE clocked by ftdi_clk)
  Reference Destination:  input_memory_fifo/input_cdc_fifo/U0/inst_fifo_gen/gconvfifo.rf/grf.rf/gntv_or_sync_fifo.gcx.clkx/wr_pntr_cdc_inst/dest_graysync_ff_reg[0][1]/D
                            (rising edge-triggered cell FDRE clocked by clk_out1_sys_clk_mmcm)
  Path Type:              Bus Skew (Max at Slow Process Corner)
  Requirement:            2.000ns
  Endpoint Relative Delay:   -0.771ns
  Reference Relative Delay:  -1.099ns
  Relative CRPR:             -0.049ns
  Actual Bus Skew:            0.376ns  (Endpoint Relative Delay - Reference Relative Delay - Relative CRPR)

Endpoint path:
    Location             Delay type                Incr(ns)  Path(ns)    Netlist Resource(s)
  -------------------------------------------------------------------    -------------------
                         (clock ftdi_clk rise edge)
                                                      0.000     0.000 r  
    E13                                               0.000     0.000 r  ftdi_clk_i (IN)
                         net (fo=0)                   0.000     0.000    ftdi_clk_i_IBUF_inst/I
    E13                  INBUF (Prop_INBUF_HPIOB_M_PAD_O)
                                                      0.552     0.552 r  ftdi_clk_i_IBUF_inst/INBUF_INST/O
                         net (fo=1, routed)           0.000     0.552    ftdi_clk_i_IBUF_inst/OUT
    E13                  IBUFCTRL (Prop_IBUFCTRL_HPIOB_M_I_O)
                                                      0.000     0.552 r  ftdi_clk_i_IBUF_inst/IBUFCTRL_INST/O
                         net (fo=1, routed)           0.336     0.888    ftdi_clk_i_IBUF
    BUFGCE_X0Y62         BUFGCE (Prop_BUFCE_BUFGCE_I_O)
                                                      0.028     0.916 r  ftdi_clk_i_IBUF_BUFG_inst/O
    X0Y2 (CLOCK_ROOT)    net (fo=272, routed)         0.743     1.659    input_memory_fifo/input_cdc_fifo/U0/inst_fifo_gen/gconvfifo.rf/grf.rf/gntv_or_sync_fifo.gcx.clkx/wr_pntr_cdc_inst/src_clk
    SLICE_X3Y147         FDRE                                         r  input_memory_fifo/input_cdc_fifo/U0/inst_fifo_gen/gconvfifo.rf/grf.rf/gntv_or_sync_fifo.gcx.clkx/wr_pntr_cdc_inst/src_gray_ff_reg[9]/C
  -------------------------------------------------------------------    -------------------
    SLICE_X3Y147         FDRE (Prop_GFF2_SLICEL_C_Q)
                                                      0.081     1.740 r  input_memory_fifo/input_cdc_fifo/U0/inst_fifo_gen/gconvfifo.rf/grf.rf/gntv_or_sync_fifo.gcx.clkx/wr_pntr_cdc_inst/src_gray_ff_reg[9]/Q
                         net (fo=1, routed)           0.373     2.113    input_memory_fifo/input_cdc_fifo/U0/inst_fifo_gen/gconvfifo.rf/grf.rf/gntv_or_sync_fifo.gcx.clkx/wr_pntr_cdc_inst/async_path[9]
    SLICE_X3Y147         FDRE                                         r  input_memory_fifo/input_cdc_fifo/U0/inst_fifo_gen/gconvfifo.rf/grf.rf/gntv_or_sync_fifo.gcx.clkx/wr_pntr_cdc_inst/dest_graysync_ff_reg[0][9]/D
  -------------------------------------------------------------------    -------------------

                         (clock clk_out1_sys_clk_mmcm rise edge)
                                                      0.000     0.000 r  
    D19                                               0.000     0.000 r  sysclk_p (IN)
                         net (fo=0)                   0.079     0.079    clocking_gen.sys_clk/inst/clkin1_ibufds/I
    HPIOBDIFFINBUF_X0Y84 DIFFINBUF (Prop_DIFFINBUF_HPIOBDIFFINBUF_DIFF_IN_P_O)
                                                      0.528     0.607 r  clocking_gen.sys_clk/inst/clkin1_ibufds/DIFFINBUF_INST/O
                         net (fo=1, routed)           0.040     0.647    clocking_gen.sys_clk/inst/clkin1_ibufds/OUT
    D19                  IBUFCTRL (Prop_IBUFCTRL_HPIOB_M_I_O)
                                                      0.000     0.647 r  clocking_gen.sys_clk/inst/clkin1_ibufds/IBUFCTRL_INST/O
                         net (fo=1, routed)           0.333     0.980    clocking_gen.sys_clk/inst/clk_in1_sys_clk_mmcm
    MMCM_X0Y3            MMCME4_ADV (Prop_MMCM_CLKIN1_CLKOUT0)
                                                      0.630     1.610 r  clocking_gen.sys_clk/inst/mmcme4_adv_inst/CLKOUT0
                         net (fo=1, routed)           0.215     1.825    clocking_gen.sys_clk/inst/clk_out1_sys_clk_mmcm
    BUFGCE_X0Y81         BUFGCE (Prop_BUFCE_BUFGCE_I_O)
                                                      0.024     1.849 r  clocking_gen.sys_clk/inst/clkout1_buf/O
    X0Y3 (CLOCK_ROOT)    net (fo=14173, routed)       1.011     2.860    input_memory_fifo/input_cdc_fifo/U0/inst_fifo_gen/gconvfifo.rf/grf.rf/gntv_or_sync_fifo.gcx.clkx/wr_pntr_cdc_inst/dest_clk
    SLICE_X3Y147         FDRE                                         r  input_memory_fifo/input_cdc_fifo/U0/inst_fifo_gen/gconvfifo.rf/grf.rf/gntv_or_sync_fifo.gcx.clkx/wr_pntr_cdc_inst/dest_graysync_ff_reg[0][9]/C
                         clock pessimism              0.000     2.860    
    SLICE_X3Y147         FDRE (Setup_BFF2_SLICEL_C_D)
                                                      0.025     2.885    input_memory_fifo/input_cdc_fifo/U0/inst_fifo_gen/gconvfifo.rf/grf.rf/gntv_or_sync_fifo.gcx.clkx/wr_pntr_cdc_inst/dest_graysync_ff_reg[0][9]
  -------------------------------------------------------------------
                         data arrival                           2.113    
                         clock arrival                          2.885    
  -------------------------------------------------------------------
                         relative delay                        -0.771    

Reference path:
    Location             Delay type                Incr(ns)  Path(ns)    Netlist Resource(s)
  -------------------------------------------------------------------    -------------------
                         (clock ftdi_clk rise edge)
                                                      0.000     0.000 r  
    E13                                               0.000     0.000 r  ftdi_clk_i (IN)
                         net (fo=0)                   0.000     0.000    ftdi_clk_i_IBUF_inst/I
    E13                  INBUF (Prop_INBUF_HPIOB_M_PAD_O)
                                                      0.302     0.302 r  ftdi_clk_i_IBUF_inst/INBUF_INST/O
                         net (fo=1, routed)           0.000     0.302    ftdi_clk_i_IBUF_inst/OUT
    E13                  IBUFCTRL (Prop_IBUFCTRL_HPIOB_M_I_O)
                                                      0.000     0.302 r  ftdi_clk_i_IBUF_inst/IBUFCTRL_INST/O
                         net (fo=1, routed)           0.298     0.600    ftdi_clk_i_IBUF
    BUFGCE_X0Y62         BUFGCE (Prop_BUFCE_BUFGCE_I_O)
                                                      0.024     0.624 r  ftdi_clk_i_IBUF_BUFG_inst/O
    X0Y2 (CLOCK_ROOT)    net (fo=272, routed)         0.651     1.275    input_memory_fifo/input_cdc_fifo/U0/inst_fifo_gen/gconvfifo.rf/grf.rf/gntv_or_sync_fifo.gcx.clkx/wr_pntr_cdc_inst/src_clk
    SLICE_X3Y144         FDRE                                         r  input_memory_fifo/input_cdc_fifo/U0/inst_fifo_gen/gconvfifo.rf/grf.rf/gntv_or_sync_fifo.gcx.clkx/wr_pntr_cdc_inst/src_gray_ff_reg[1]/C
  -------------------------------------------------------------------    -------------------
    SLICE_X3Y144         FDRE (Prop_HFF2_SLICEL_C_Q)
                                                      0.059     1.334 r  input_memory_fifo/input_cdc_fifo/U0/inst_fifo_gen/gconvfifo.rf/grf.rf/gntv_or_sync_fifo.gcx.clkx/wr_pntr_cdc_inst/src_gray_ff_reg[1]/Q
                         net (fo=1, routed)           0.104     1.438    input_memory_fifo/input_cdc_fifo/U0/inst_fifo_gen/gconvfifo.rf/grf.rf/gntv_or_sync_fifo.gcx.clkx/wr_pntr_cdc_inst/async_path[1]
    SLICE_X3Y144         FDRE                                         r  input_memory_fifo/input_cdc_fifo/U0/inst_fifo_gen/gconvfifo.rf/grf.rf/gntv_or_sync_fifo.gcx.clkx/wr_pntr_cdc_inst/dest_graysync_ff_reg[0][1]/D
  -------------------------------------------------------------------    -------------------

                         (clock clk_out1_sys_clk_mmcm rise edge)
                                                      0.000     0.000 r  
    D19                                               0.000     0.000 r  sysclk_p (IN)
                         net (fo=0)                   0.100     0.100    clocking_gen.sys_clk/inst/clkin1_ibufds/I
    HPIOBDIFFINBUF_X0Y84 DIFFINBUF (Prop_DIFFINBUF_HPIOBDIFFINBUF_DIFF_IN_P_O)
                                                      0.638     0.738 r  clocking_gen.sys_clk/inst/clkin1_ibufds/DIFFINBUF_INST/O
                         net (fo=1, routed)           0.050     0.788    clocking_gen.sys_clk/inst/clkin1_ibufds/OUT
    D19                  IBUFCTRL (Prop_IBUFCTRL_HPIOB_M_I_O)
                                                      0.000     0.788 r  clocking_gen.sys_clk/inst/clkin1_ibufds/IBUFCTRL_INST/O
                         net (fo=1, routed)           0.384     1.172    clocking_gen.sys_clk/inst/clk_in1_sys_clk_mmcm
    MMCM_X0Y3            MMCME4_ADV (Prop_MMCM_CLKIN1_CLKOUT0)
                                                     -0.127     1.045 r  clocking_gen.sys_clk/inst/mmcme4_adv_inst/CLKOUT0
                         net (fo=1, routed)           0.245     1.290    clocking_gen.sys_clk/inst/clk_out1_sys_clk_mmcm
    BUFGCE_X0Y81         BUFGCE (Prop_BUFCE_BUFGCE_I_O)
                                                      0.028     1.318 r  clocking_gen.sys_clk/inst/clkout1_buf/O
    X0Y3 (CLOCK_ROOT)    net (fo=14173, routed)       1.159     2.477    input_memory_fifo/input_cdc_fifo/U0/inst_fifo_gen/gconvfifo.rf/grf.rf/gntv_or_sync_fifo.gcx.clkx/wr_pntr_cdc_inst/dest_clk
    SLICE_X3Y144         FDRE                                         r  input_memory_fifo/input_cdc_fifo/U0/inst_fifo_gen/gconvfifo.rf/grf.rf/gntv_or_sync_fifo.gcx.clkx/wr_pntr_cdc_inst/dest_graysync_ff_reg[0][1]/C
                         clock pessimism              0.000     2.477    
    SLICE_X3Y144         FDRE (Hold_CFF_SLICEL_C_D)
                                                      0.060     2.537    input_memory_fifo/input_cdc_fifo/U0/inst_fifo_gen/gconvfifo.rf/grf.rf/gntv_or_sync_fifo.gcx.clkx/wr_pntr_cdc_inst/dest_graysync_ff_reg[0][1]
  -------------------------------------------------------------------
                         data arrival                           1.438    
                         clock arrival                          2.537    
  -------------------------------------------------------------------
                         relative delay                        -1.099    



Id: 2
set_bus_skew -from [get_cells [list {input_memory_fifo/input_cdc_fifo/U0/inst_fifo_gen/gconvfifo.rf/grf.rf/gntv_or_sync_fifo.gcx.clkx/rd_pntr_cdc_inst/src_gray_ff_reg[0]} {input_memory_fifo/input_cdc_fifo/U0/inst_fifo_gen/gconvfifo.rf/grf.rf/gntv_or_sync_fifo.gcx.clkx/rd_pntr_cdc_inst/src_gray_ff_reg[1]} {input_memory_fifo/input_cdc_fifo/U0/inst_fifo_gen/gconvfifo.rf/grf.rf/gntv_or_sync_fifo.gcx.clkx/rd_pntr_cdc_inst/src_gray_ff_reg[2]} {input_memory_fifo/input_cdc_fifo/U0/inst_fifo_gen/gconvfifo.rf/grf.rf/gntv_or_sync_fifo.gcx.clkx/rd_pntr_cdc_inst/src_gray_ff_reg[3]} {input_memory_fifo/input_cdc_fifo/U0/inst_fifo_gen/gconvfifo.rf/grf.rf/gntv_or_sync_fifo.gcx.clkx/rd_pntr_cdc_inst/src_gray_ff_reg[4]} {input_memory_fifo/input_cdc_fifo/U0/inst_fifo_gen/gconvfifo.rf/grf.rf/gntv_or_sync_fifo.gcx.clkx/rd_pntr_cdc_inst/src_gray_ff_reg[5]} {input_memory_fifo/input_cdc_fifo/U0/inst_fifo_gen/gconvfifo.rf/grf.rf/gntv_or_sync_fifo.gcx.clkx/rd_pntr_cdc_inst/src_gray_ff_reg[6]} {input_memory_fifo/input_cdc_fifo/U0/inst_fifo_gen/gconvfifo.rf/grf.rf/gntv_or_sync_fifo.gcx.clkx/rd_pntr_cdc_inst/src_gray_ff_reg[7]} {input_memory_fifo/input_cdc_fifo/U0/inst_fifo_gen/gconvfifo.rf/grf.rf/gntv_or_sync_fifo.gcx.clkx/rd_pntr_cdc_inst/src_gray_ff_reg[8]} {input_memory_fifo/input_cdc_fifo/U0/inst_fifo_gen/gconvfifo.rf/grf.rf/gntv_or_sync_fifo.gcx.clkx/rd_pntr_cdc_inst/src_gray_ff_reg[9]}]] -to [get_cells [list {input_memory_fifo/input_cdc_fifo/U0/inst_fifo_gen/gconvfifo.rf/grf.rf/gntv_or_sync_fifo.gcx.clkx/rd_pntr_cdc_inst/dest_graysync_ff_reg[0][0]} {input_memory_fifo/input_cdc_fifo/U0/inst_fifo_gen/gconvfifo.rf/grf.rf/gntv_or_sync_fifo.gcx.clkx/rd_pntr_cdc_inst/dest_graysync_ff_reg[0][1]} {input_memory_fifo/input_cdc_fifo/U0/inst_fifo_gen/gconvfifo.rf/grf.rf/gntv_or_sync_fifo.gcx.clkx/rd_pntr_cdc_inst/dest_graysync_ff_reg[0][2]} {input_memory_fifo/input_cdc_fifo/U0/inst_fifo_gen/gconvfifo.rf/grf.rf/gntv_or_sync_fifo.gcx.clkx/rd_pntr_cdc_inst/dest_graysync_ff_reg[0][3]} {input_memory_fifo/input_cdc_fifo/U0/inst_fifo_gen/gconvfifo.rf/grf.rf/gntv_or_sync_fifo.gcx.clkx/rd_pntr_cdc_inst/dest_graysync_ff_reg[0][4]} {input_memory_fifo/input_cdc_fifo/U0/inst_fifo_gen/gconvfifo.rf/grf.rf/gntv_or_sync_fifo.gcx.clkx/rd_pntr_cdc_inst/dest_graysync_ff_reg[0][5]} {input_memory_fifo/input_cdc_fifo/U0/inst_fifo_gen/gconvfifo.rf/grf.rf/gntv_or_sync_fifo.gcx.clkx/rd_pntr_cdc_inst/dest_graysync_ff_reg[0][6]} {input_memory_fifo/input_cdc_fifo/U0/inst_fifo_gen/gconvfifo.rf/grf.rf/gntv_or_sync_fifo.gcx.clkx/rd_pntr_cdc_inst/dest_graysync_ff_reg[0][7]} {input_memory_fifo/input_cdc_fifo/U0/inst_fifo_gen/gconvfifo.rf/grf.rf/gntv_or_sync_fifo.gcx.clkx/rd_pntr_cdc_inst/dest_graysync_ff_reg[0][8]} {input_memory_fifo/input_cdc_fifo/U0/inst_fifo_gen/gconvfifo.rf/grf.rf/gntv_or_sync_fifo.gcx.clkx/rd_pntr_cdc_inst/dest_graysync_ff_reg[0][9]}]] 2.000
Requirement: 2.000ns
Endpoints: 10

From Clock            To Clock              Endpoint Pin                    Reference Pin                   Corner  Actual(ns)  Slack(ns)
--------------------  --------------------  ------------------------------  ------------------------------  ------  ----------  ---------
clk_out1_sys_clk_mmcm
                      ftdi_clk              input_memory_fifo/input_cdc_fifo/U0/inst_fifo_gen/gconvfifo.rf/grf.rf/gntv_or_sync_fifo.gcx.clkx/rd_pntr_cdc_inst/dest_graysync_ff_reg[0][1]/D
                                                                            input_memory_fifo/input_cdc_fifo/U0/inst_fifo_gen/gconvfifo.rf/grf.rf/gntv_or_sync_fifo.gcx.clkx/rd_pntr_cdc_inst/dest_graysync_ff_reg[0][2]/D
                                                                                                            Slow         0.519      1.481


Slack (MET) :             1.481ns  (requirement - actual skew)
  Endpoint Source:        input_memory_fifo/input_cdc_fifo/U0/inst_fifo_gen/gconvfifo.rf/grf.rf/gntv_or_sync_fifo.gcx.clkx/rd_pntr_cdc_inst/src_gray_ff_reg[1]/C
                            (rising edge-triggered cell FDRE clocked by clk_out1_sys_clk_mmcm)
  Endpoint Destination:   input_memory_fifo/input_cdc_fifo/U0/inst_fifo_gen/gconvfifo.rf/grf.rf/gntv_or_sync_fifo.gcx.clkx/rd_pntr_cdc_inst/dest_graysync_ff_reg[0][1]/D
                            (rising edge-triggered cell FDRE clocked by ftdi_clk)
  Reference Source:       input_memory_fifo/input_cdc_fifo/U0/inst_fifo_gen/gconvfifo.rf/grf.rf/gntv_or_sync_fifo.gcx.clkx/rd_pntr_cdc_inst/src_gray_ff_reg[2]/C
                            (rising edge-triggered cell FDRE clocked by clk_out1_sys_clk_mmcm)
  Reference Destination:  input_memory_fifo/input_cdc_fifo/U0/inst_fifo_gen/gconvfifo.rf/grf.rf/gntv_or_sync_fifo.gcx.clkx/rd_pntr_cdc_inst/dest_graysync_ff_reg[0][2]/D
                            (rising edge-triggered cell FDRE clocked by ftdi_clk)
  Path Type:              Bus Skew (Max at Slow Process Corner)
  Requirement:            2.000ns
  Endpoint Relative Delay:    1.818ns
  Reference Relative Delay:   1.331ns
  Relative CRPR:             -0.032ns
  Actual Bus Skew:            0.519ns  (Endpoint Relative Delay - Reference Relative Delay - Relative CRPR)

Endpoint path:
    Location             Delay type                Incr(ns)  Path(ns)    Netlist Resource(s)
  -------------------------------------------------------------------    -------------------
                         (clock clk_out1_sys_clk_mmcm rise edge)
                                                      0.000     0.000 r  
    D19                                               0.000     0.000 r  sysclk_p (IN)
                         net (fo=0)                   0.100     0.100    clocking_gen.sys_clk/inst/clkin1_ibufds/I
    HPIOBDIFFINBUF_X0Y84 DIFFINBUF (Prop_DIFFINBUF_HPIOBDIFFINBUF_DIFF_IN_P_O)
                                                      0.638     0.738 r  clocking_gen.sys_clk/inst/clkin1_ibufds/DIFFINBUF_INST/O
                         net (fo=1, routed)           0.050     0.788    clocking_gen.sys_clk/inst/clkin1_ibufds/OUT
    D19                  IBUFCTRL (Prop_IBUFCTRL_HPIOB_M_I_O)
                                                      0.000     0.788 r  clocking_gen.sys_clk/inst/clkin1_ibufds/IBUFCTRL_INST/O
                         net (fo=1, routed)           0.384     1.172    clocking_gen.sys_clk/inst/clk_in1_sys_clk_mmcm
    MMCM_X0Y3            MMCME4_ADV (Prop_MMCM_CLKIN1_CLKOUT0)
                                                     -0.127     1.045 r  clocking_gen.sys_clk/inst/mmcme4_adv_inst/CLKOUT0
                         net (fo=1, routed)           0.245     1.290    clocking_gen.sys_clk/inst/clk_out1_sys_clk_mmcm
    BUFGCE_X0Y81         BUFGCE (Prop_BUFCE_BUFGCE_I_O)
                                                      0.028     1.318 r  clocking_gen.sys_clk/inst/clkout1_buf/O
    X0Y3 (CLOCK_ROOT)    net (fo=14173, routed)       1.161     2.479    input_memory_fifo/input_cdc_fifo/U0/inst_fifo_gen/gconvfifo.rf/grf.rf/gntv_or_sync_fifo.gcx.clkx/rd_pntr_cdc_inst/src_clk
    SLICE_X3Y146         FDRE                                         r  input_memory_fifo/input_cdc_fifo/U0/inst_fifo_gen/gconvfifo.rf/grf.rf/gntv_or_sync_fifo.gcx.clkx/rd_pntr_cdc_inst/src_gray_ff_reg[1]/C
  -------------------------------------------------------------------    -------------------
    SLICE_X3Y146         FDRE (Prop_HFF2_SLICEL_C_Q)
                                                      0.080     2.559 r  input_memory_fifo/input_cdc_fifo/U0/inst_fifo_gen/gconvfifo.rf/grf.rf/gntv_or_sync_fifo.gcx.clkx/rd_pntr_cdc_inst/src_gray_ff_reg[1]/Q
                         net (fo=1, routed)           0.565     3.124    input_memory_fifo/input_cdc_fifo/U0/inst_fifo_gen/gconvfifo.rf/grf.rf/gntv_or_sync_fifo.gcx.clkx/rd_pntr_cdc_inst/async_path[1]
    SLICE_X3Y146         FDRE                                         r  input_memory_fifo/input_cdc_fifo/U0/inst_fifo_gen/gconvfifo.rf/grf.rf/gntv_or_sync_fifo.gcx.clkx/rd_pntr_cdc_inst/dest_graysync_ff_reg[0][1]/D
  -------------------------------------------------------------------    -------------------

                         (clock ftdi_clk rise edge)
                                                      0.000     0.000 r  
    E13                                               0.000     0.000 r  ftdi_clk_i (IN)
                         net (fo=0)                   0.000     0.000    ftdi_clk_i_IBUF_inst/I
    E13                  INBUF (Prop_INBUF_HPIOB_M_PAD_O)
                                                      0.302     0.302 r  ftdi_clk_i_IBUF_inst/INBUF_INST/O
                         net (fo=1, routed)           0.000     0.302    ftdi_clk_i_IBUF_inst/OUT
    E13                  IBUFCTRL (Prop_IBUFCTRL_HPIOB_M_I_O)
                                                      0.000     0.302 r  ftdi_clk_i_IBUF_inst/IBUFCTRL_INST/O
                         net (fo=1, routed)           0.298     0.600    ftdi_clk_i_IBUF
    BUFGCE_X0Y62         BUFGCE (Prop_BUFCE_BUFGCE_I_O)
                                                      0.024     0.624 r  ftdi_clk_i_IBUF_BUFG_inst/O
    X0Y2 (CLOCK_ROOT)    net (fo=272, routed)         0.656     1.280    input_memory_fifo/input_cdc_fifo/U0/inst_fifo_gen/gconvfifo.rf/grf.rf/gntv_or_sync_fifo.gcx.clkx/rd_pntr_cdc_inst/dest_clk
    SLICE_X3Y146         FDRE                                         r  input_memory_fifo/input_cdc_fifo/U0/inst_fifo_gen/gconvfifo.rf/grf.rf/gntv_or_sync_fifo.gcx.clkx/rd_pntr_cdc_inst/dest_graysync_ff_reg[0][1]/C
                         clock pessimism              0.000     1.280    
    SLICE_X3Y146         FDRE (Setup_DFF_SLICEL_C_D)
                                                      0.025     1.305    input_memory_fifo/input_cdc_fifo/U0/inst_fifo_gen/gconvfifo.rf/grf.rf/gntv_or_sync_fifo.gcx.clkx/rd_pntr_cdc_inst/dest_graysync_ff_reg[0][1]
  -------------------------------------------------------------------
                         data arrival                           3.124    
                         clock arrival                          1.305    
  -------------------------------------------------------------------
                         relative delay                         1.818    

Reference path:
    Location             Delay type                Incr(ns)  Path(ns)    Netlist Resource(s)
  -------------------------------------------------------------------    -------------------
                         (clock clk_out1_sys_clk_mmcm rise edge)
                                                      0.000     0.000 r  
    D19                                               0.000     0.000 r  sysclk_p (IN)
                         net (fo=0)                   0.079     0.079    clocking_gen.sys_clk/inst/clkin1_ibufds/I
    HPIOBDIFFINBUF_X0Y84 DIFFINBUF (Prop_DIFFINBUF_HPIOBDIFFINBUF_DIFF_IN_P_O)
                                                      0.528     0.607 r  clocking_gen.sys_clk/inst/clkin1_ibufds/DIFFINBUF_INST/O
                         net (fo=1, routed)           0.040     0.647    clocking_gen.sys_clk/inst/clkin1_ibufds/OUT
    D19                  IBUFCTRL (Prop_IBUFCTRL_HPIOB_M_I_O)
                                                      0.000     0.647 r  clocking_gen.sys_clk/inst/clkin1_ibufds/IBUFCTRL_INST/O
                         net (fo=1, routed)           0.333     0.980    clocking_gen.sys_clk/inst/clk_in1_sys_clk_mmcm
    MMCM_X0Y3            MMCME4_ADV (Prop_MMCM_CLKIN1_CLKOUT0)
                                                      0.630     1.610 r  clocking_gen.sys_clk/inst/mmcme4_adv_inst/CLKOUT0
                         net (fo=1, routed)           0.215     1.825    clocking_gen.sys_clk/inst/clk_out1_sys_clk_mmcm
    BUFGCE_X0Y81         BUFGCE (Prop_BUFCE_BUFGCE_I_O)
                                                      0.024     1.849 r  clocking_gen.sys_clk/inst/clkout1_buf/O
    X0Y3 (CLOCK_ROOT)    net (fo=14173, routed)       1.015     2.864    input_memory_fifo/input_cdc_fifo/U0/inst_fifo_gen/gconvfifo.rf/grf.rf/gntv_or_sync_fifo.gcx.clkx/rd_pntr_cdc_inst/src_clk
    SLICE_X3Y146         FDRE                                         r  input_memory_fifo/input_cdc_fifo/U0/inst_fifo_gen/gconvfifo.rf/grf.rf/gntv_or_sync_fifo.gcx.clkx/rd_pntr_cdc_inst/src_gray_ff_reg[2]/C
  -------------------------------------------------------------------    -------------------
    SLICE_X3Y146         FDRE (Prop_GFF_SLICEL_C_Q)
                                                      0.059     2.923 r  input_memory_fifo/input_cdc_fifo/U0/inst_fifo_gen/gconvfifo.rf/grf.rf/gntv_or_sync_fifo.gcx.clkx/rd_pntr_cdc_inst/src_gray_ff_reg[2]/Q
                         net (fo=1, routed)           0.130     3.053    input_memory_fifo/input_cdc_fifo/U0/inst_fifo_gen/gconvfifo.rf/grf.rf/gntv_or_sync_fifo.gcx.clkx/rd_pntr_cdc_inst/async_path[2]
    SLICE_X3Y147         FDRE                                         r  input_memory_fifo/input_cdc_fifo/U0/inst_fifo_gen/gconvfifo.rf/grf.rf/gntv_or_sync_fifo.gcx.clkx/rd_pntr_cdc_inst/dest_graysync_ff_reg[0][2]/D
  -------------------------------------------------------------------    -------------------

                         (clock ftdi_clk rise edge)
                                                      0.000     0.000 r  
    E13                                               0.000     0.000 r  ftdi_clk_i (IN)
                         net (fo=0)                   0.000     0.000    ftdi_clk_i_IBUF_inst/I
    E13                  INBUF (Prop_INBUF_HPIOB_M_PAD_O)
                                                      0.552     0.552 r  ftdi_clk_i_IBUF_inst/INBUF_INST/O
                         net (fo=1, routed)           0.000     0.552    ftdi_clk_i_IBUF_inst/OUT
    E13                  IBUFCTRL (Prop_IBUFCTRL_HPIOB_M_I_O)
                                                      0.000     0.552 r  ftdi_clk_i_IBUF_inst/IBUFCTRL_INST/O
                         net (fo=1, routed)           0.336     0.888    ftdi_clk_i_IBUF
    BUFGCE_X0Y62         BUFGCE (Prop_BUFCE_BUFGCE_I_O)
                                                      0.028     0.916 r  ftdi_clk_i_IBUF_BUFG_inst/O
    X0Y2 (CLOCK_ROOT)    net (fo=272, routed)         0.743     1.659    input_memory_fifo/input_cdc_fifo/U0/inst_fifo_gen/gconvfifo.rf/grf.rf/gntv_or_sync_fifo.gcx.clkx/rd_pntr_cdc_inst/dest_clk
    SLICE_X3Y147         FDRE                                         r  input_memory_fifo/input_cdc_fifo/U0/inst_fifo_gen/gconvfifo.rf/grf.rf/gntv_or_sync_fifo.gcx.clkx/rd_pntr_cdc_inst/dest_graysync_ff_reg[0][2]/C
                         clock pessimism              0.000     1.659    
    SLICE_X3Y147         FDRE (Hold_HFF2_SLICEL_C_D)
                                                      0.062     1.721    input_memory_fifo/input_cdc_fifo/U0/inst_fifo_gen/gconvfifo.rf/grf.rf/gntv_or_sync_fifo.gcx.clkx/rd_pntr_cdc_inst/dest_graysync_ff_reg[0][2]
  -------------------------------------------------------------------
                         data arrival                           3.053    
                         clock arrival                          1.721    
  -------------------------------------------------------------------
                         relative delay                         1.331    



