Copyright 1986-2022 Xilinx, Inc. All Rights Reserved. Copyright 2022-2023 Advanced Micro Devices, Inc. All Rights Reserved.
-------------------------------------------------------------------------------------------------------------------------------------------------
| Tool Version     : Vivado v.2023.2 (win64) Build 4029153 Fri Oct 13 20:14:34 MDT 2023
| Date             : Fri Jun  6 13:13:14 2025
| Host             : DESKTOP-U9NB2CD running 64-bit major release  (build 9200)
| Command          : report_power -file top_power_routed.rpt -pb top_power_summary_routed.pb -rpx top_power_routed.rpx
| Design           : top
| Device           : xcku3p-ffva676-2-i
| Design State     : routed
| Grade            : industrial
| Process          : typical
| Characterization : Production
-------------------------------------------------------------------------------------------------------------------------------------------------

Power Report

Table of Contents
-----------------
1. Summary
1.1 On-Chip Components
1.2 Power Supply Summary
1.3 Confidence Level
2. Settings
2.1 Environment
2.2 Clock Constraints
3. Detailed Reports
3.1 By Hierarchy

1. Summary
----------

+--------------------------+--------------+
| Total On-Chip Power (W)  | 0.779        |
| Design Power Budget (W)  | Unspecified* |
| Power Budget Margin (W)  | NA           |
| Dynamic (W)              | 0.326        |
| Device Static (W)        | 0.453        |
| Effective TJA (C/W)      | 1.7          |
| Max Ambient (C)          | 98.7         |
| Junction Temperature (C) | 26.3         |
| Confidence Level         | Low          |
| Setting File             | ---          |
| Simulation Activity File | ---          |
| Design Nets Matched      | NA           |
+--------------------------+--------------+
* Specify Design Power Budget using, set_operating_conditions -design_power_budget <value in Watts>


1.1 On-Chip Components
----------------------

+--------------------------+-----------+----------+-----------+-----------------+
| On-Chip                  | Power (W) | Used     | Available | Utilization (%) |
+--------------------------+-----------+----------+-----------+-----------------+
| Clocks                   |     0.056 |        5 |       --- |             --- |
| CLB Logic                |     0.059 |    20299 |       --- |             --- |
|   LUT as Logic           |     0.051 |     8269 |    162720 |            5.08 |
|   Register               |     0.006 |    10904 |    325440 |            3.35 |
|   CARRY8                 |     0.001 |      186 |     27120 |            0.69 |
|   LUT as Shift Register  |    <0.001 |       40 |     99840 |            0.04 |
|   BUFG                   |    <0.001 |        2 |        32 |            6.25 |
|   LUT as Distributed RAM |    <0.001 |       24 |     99840 |            0.02 |
|   Others                 |     0.000 |      308 |       --- |             --- |
| Signals                  |     0.054 |    15915 |       --- |             --- |
| Block RAM                |     0.008 |        7 |       360 |            1.94 |
| MMCM                     |     0.116 |        0 |       --- |             --- |
| DSPs                     |     0.022 |       39 |      1368 |            2.85 |
| I/O                      |     0.011 |       33 |       256 |           12.89 |
| Static Power             |     0.453 |          |           |                 |
| Total                    |     0.779 |          |           |                 |
+--------------------------+-----------+----------+-----------+-----------------+


1.2 Power Supply Summary
------------------------

+------------+-------------+-----------+-------------+------------+-------------+-------------+------------+
| Source     | Voltage (V) | Total (A) | Dynamic (A) | Static (A) | Powerup (A) | Budget (A)  | Margin (A) |
+------------+-------------+-----------+-------------+------------+-------------+-------------+------------+
| Vccint     |       0.850 |     0.375 |       0.235 |      0.140 |       NA    | Unspecified | NA         |
| Vccint_io  |       0.850 |     0.036 |       0.001 |      0.035 |       NA    | Unspecified | NA         |
| Vccbram    |       0.850 |     0.003 |       0.001 |      0.002 |       NA    | Unspecified | NA         |
| Vccaux     |       1.800 |     0.193 |       0.064 |      0.128 |       NA    | Unspecified | NA         |
| Vccaux_io  |       1.800 |     0.036 |       0.004 |      0.031 |       NA    | Unspecified | NA         |
| Vcco33     |       3.300 |     0.000 |       0.000 |      0.000 |       NA    | Unspecified | NA         |
| Vcco25     |       2.500 |     0.000 |       0.000 |      0.000 |       NA    | Unspecified | NA         |
| Vcco18     |       1.800 |     0.001 |       0.001 |      0.000 |       NA    | Unspecified | NA         |
| Vcco15     |       1.500 |     0.000 |       0.000 |      0.000 |       NA    | Unspecified | NA         |
| Vcco135    |       1.350 |     0.000 |       0.000 |      0.000 |       NA    | Unspecified | NA         |
| Vcco12     |       1.200 |     0.000 |       0.000 |      0.000 |       NA    | Unspecified | NA         |
| Vcco10     |       1.000 |     0.000 |       0.000 |      0.000 |       NA    | Unspecified | NA         |
| Vccadc     |       1.800 |     0.008 |       0.000 |      0.008 |       NA    | Unspecified | NA         |
| MGTYAVcc   |       0.900 |     0.000 |       0.000 |      0.000 |       NA    | Unspecified | NA         |
| MGTYAVtt   |       1.200 |     0.000 |       0.000 |      0.000 |       NA    | Unspecified | NA         |
| MGTYVccaux |       1.800 |     0.000 |       0.000 |      0.000 |       NA    | Unspecified | NA         |
+------------+-------------+-----------+-------------+------------+-------------+-------------+------------+


1.3 Confidence Level
--------------------

+-----------------------------+------------+--------------------------------------------------------+------------------------------------------------------------------------------------------------------------+
| User Input Data             | Confidence | Details                                                | Action                                                                                                     |
+-----------------------------+------------+--------------------------------------------------------+------------------------------------------------------------------------------------------------------------+
| Design implementation state | High       | Design is routed                                       |                                                                                                            |
| Clock nodes activity        | High       | User specified more than 95% of clocks                 |                                                                                                            |
| I/O nodes activity          | Low        | More than 75% of inputs are missing user specification | Provide missing input activity with simulation results or by editing the "By Resource Type -> I/Os" view   |
| Internal nodes activity     | Medium     | User specified less than 25% of internal nodes         | Provide missing internal nodes activity with simulation results or by editing the "By Resource Type" views |
| Device models               | High       | Device models are Production                           |                                                                                                            |
|                             |            |                                                        |                                                                                                            |
| Overall confidence level    | Low        |                                                        |                                                                                                            |
+-----------------------------+------------+--------------------------------------------------------+------------------------------------------------------------------------------------------------------------+


2. Settings
-----------

2.1 Environment
---------------

+-----------------------+--------------------------+
| Ambient Temp (C)      | 25.0                     |
| ThetaJA (C/W)         | 1.7                      |
| Airflow (LFM)         | 250                      |
| Heat Sink             | medium (Medium Profile)  |
| ThetaSA (C/W)         | 2.8                      |
| Board Selection       | medium (10"x10")         |
| # of Board Layers     | 12to15 (12 to 15 Layers) |
| Board Temperature (C) | 25.0                     |
+-----------------------+--------------------------+


2.2 Clock Constraints
---------------------

+-----------------------+-------------------------------------------------+-----------------+
| Clock                 | Domain                                          | Constraint (ns) |
+-----------------------+-------------------------------------------------+-----------------+
| clk_out1_sys_clk_mmcm | clocking_gen.sys_clk/inst/clk_out1_sys_clk_mmcm |             5.0 |
| ftdi_clk              | ftdi_clk_i                                      |            10.0 |
| sysclk_p              | sysclk_p                                        |             5.0 |
+-----------------------+-------------------------------------------------+-----------------+


3. Detailed Reports
-------------------

3.1 By Hierarchy
----------------

+----------------------------------------------+-----------+
| Name                                         | Power (W) |
+----------------------------------------------+-----------+
| top                                          |     0.326 |
|   clocking_gen.sys_clk                       |     0.118 |
|     inst                                     |     0.118 |
|       clkin1_ibufds                          |     0.002 |
|   gen_image_statistics.image_statistics_core |     0.051 |
|     gradient_core                            |     0.009 |
|       sobel_x_dsp1                           |     0.002 |
|       sobel_x_dsp2                           |     0.001 |
|       sobel_y_dsp1                           |     0.002 |
|       sobel_y_dsp2                           |     0.001 |
|     input_sipo                               |     0.001 |
|     laplacian_core                           |     0.005 |
|       dsp_add1_11b                           |     0.002 |
|       dsp_add2_11b                           |     0.002 |
|     statistics_core_gradient                 |     0.018 |
|       dsp_var_msub                           |     0.003 |
|       dsp_vsum_mac                           |     0.006 |
|       hsum_acum_i                            |     0.008 |
|     statistics_core_laplacian                |     0.017 |
|       dsp_var_msub                           |     0.003 |
|       dsp_vsum_mac                           |     0.005 |
|       hsum_acum_i                            |     0.007 |
|   input_memory_fifo                          |     0.008 |
|     input_cdc_fifo                           |     0.004 |
|       U0                                     |     0.004 |
|     pixel_hold_ram                           |     0.003 |
|       U0                                     |     0.003 |
|   lossy_comp_core                            |     0.128 |
|     core_0                                   |     0.043 |
|       col_dct                                |     0.004 |
|       gen_subsample.input_sipo_reg           |     0.001 |
|       pixel_divider                          |     0.003 |
|       pixel_transpose                        |     0.030 |
|       quantizer                              |     0.003 |
|       row_dct                                |     0.002 |
|     core_1                                   |     0.043 |
|       col_dct                                |     0.004 |
|       gen_subsample.input_sipo_reg           |     0.001 |
|       pixel_divider                          |     0.003 |
|       pixel_transpose                        |     0.030 |
|       quantizer                              |     0.003 |
|       row_dct                                |     0.002 |
|     core_2                                   |     0.043 |
|       col_dct                                |     0.004 |
|       gen_subsample.input_sipo_reg           |     0.001 |
|       pixel_divider                          |     0.003 |
|       pixel_transpose                        |     0.030 |
|       quantizer                              |     0.003 |
|       row_dct                                |     0.002 |
|   output_memory                              |     0.004 |
|     output_memory                            |     0.003 |
|       U0                                     |     0.003 |
|   rgb_to_ycrcb                               |     0.008 |
|     dsp_b_madd                               |     0.002 |
|     dsp_cb_presub_mult                       |     0.001 |
|     dsp_cr_presub_mult                       |     0.001 |
|     dsp_r_madd                               |     0.002 |
+----------------------------------------------+-----------+


