
*** Running vivado
    with args -log ft600_stream_top.vds -m64 -product Vivado -mode batch -messageDb vivado.pb -notrace -source ft600_stream_top.tcl


ECHO is off.
ECHO is off.

****** Vivado v2023.2 (64-bit)
  **** SW Build 4029153 on Fri Oct 13 20:14:34 MDT 2023
  **** IP Build 4028589 on Sat Oct 14 00:45:43 MDT 2023
  **** SharedData Build 4025554 on Tue Oct 10 17:18:54 MDT 2023
    ** Copyright 1986-2022 Xilinx, Inc. All Rights Reserved.
    ** Copyright 2022-2023 Advanced Micro Devices, Inc. All Rights Reserved.

source ft600_stream_top.tcl -notrace
create_project: Time (s): cpu = 00:00:03 ; elapsed = 00:00:09 . Memory (MB): peak = 486.109 ; gain = 181.270
Command: read_checkpoint -auto_incremental -incremental C:/Users/micha/OneDrive/Desktop/DICE/Hardware/FPGA/FT600_Ground_Up/Project/FT600_Ground_Up.srcs/utils_1/imports/synth_1/ft600_stream_top.dcp
INFO: [Vivado 12-5825] Read reference checkpoint from C:/Users/micha/OneDrive/Desktop/DICE/Hardware/FPGA/FT600_Ground_Up/Project/FT600_Ground_Up.srcs/utils_1/imports/synth_1/ft600_stream_top.dcp for incremental synthesis
INFO: [Vivado 12-7989] Please ensure there are no constraint changes
Command: synth_design -top ft600_stream_top -part xcku3p-ffva676-2-i
Starting synth_design
Attempting to get a license for feature 'Synthesis' and/or device 'xcku3p'
INFO: [Common 17-349] Got license for feature 'Synthesis' and/or device 'xcku3p'
INFO: [Device 21-403] Loading part xcku3p-ffva676-2-i
INFO: [Designutils 20-5440] No compile time benefit to using incremental synthesis; A full resynthesis will be run
INFO: [Designutils 20-4379] Flow is switching to default flow due to incremental criteria not met. If you would like to alter this behaviour and have the flow terminate instead, please set the following parameter config_implementation {autoIncr.Synth.RejectBehavior Terminate}
INFO: [Synth 8-7079] Multithreading enabled for synth_design using a maximum of 2 processes.
INFO: [Synth 8-7078] Launching helper process for spawning children vivado processes
INFO: [Synth 8-7075] Helper process launched with PID 33160
---------------------------------------------------------------------------------
Starting RTL Elaboration : Time (s): cpu = 00:00:02 ; elapsed = 00:00:06 . Memory (MB): peak = 1973.254 ; gain = 419.555
---------------------------------------------------------------------------------
INFO: [Synth 8-6157] synthesizing module 'ft600_stream_top' [C:/Users/micha/OneDrive/Desktop/DICE/Hardware/FPGA/FT600_Ground_Up/stream_top.sv:3]
INFO: [Synth 8-226] default block is never used [C:/Users/micha/OneDrive/Desktop/DICE/Hardware/FPGA/FT600_Ground_Up/stream_top.sv:72]
INFO: [Synth 8-6157] synthesizing module 'clock_beat' [C:/Users/micha/OneDrive/Desktop/DICE/Hardware/FPGA/FT600_Ground_Up/clock_beat.v:9]
	Parameter CLK_FREQ bound to: 66000000 - type: integer 
	Parameter BEAT_FREQ bound to: 5 - type: integer 
INFO: [Synth 8-6155] done synthesizing module 'clock_beat' (0#1) [C:/Users/micha/OneDrive/Desktop/DICE/Hardware/FPGA/FT600_Ground_Up/clock_beat.v:9]
INFO: [Synth 8-6155] done synthesizing module 'ft600_stream_top' (0#1) [C:/Users/micha/OneDrive/Desktop/DICE/Hardware/FPGA/FT600_Ground_Up/stream_top.sv:3]
WARNING: [Synth 8-7137] Register reg_ftdi_wr_n_reg in module ft600_stream_top has both Set and reset with same priority. This may cause simulation mismatches. Consider rewriting code  [C:/Users/micha/OneDrive/Desktop/DICE/Hardware/FPGA/FT600_Ground_Up/stream_top.sv:44]
WARNING: [Synth 8-7137] Register reg_ftdi_be_reg in module ft600_stream_top has both Set and reset with same priority. This may cause simulation mismatches. Consider rewriting code  [C:/Users/micha/OneDrive/Desktop/DICE/Hardware/FPGA/FT600_Ground_Up/stream_top.sv:50]
WARNING: [Synth 8-7137] Register reg_ftdi_data_reg in module ft600_stream_top has both Set and reset with same priority. This may cause simulation mismatches. Consider rewriting code  [C:/Users/micha/OneDrive/Desktop/DICE/Hardware/FPGA/FT600_Ground_Up/stream_top.sv:47]
WARNING: [Synth 8-3917] design ft600_stream_top has port ftdi_wakeupn driven by constant 0
WARNING: [Synth 8-3917] design ft600_stream_top has port ftdi_oe_n driven by constant 1
WARNING: [Synth 8-3917] design ft600_stream_top has port ftdi_rd_n driven by constant 1
WARNING: [Synth 8-7129] Port ftdi_rxf_n in module ft600_stream_top is either unconnected or has no load
---------------------------------------------------------------------------------
Finished RTL Elaboration : Time (s): cpu = 00:00:02 ; elapsed = 00:00:08 . Memory (MB): peak = 2080.523 ; gain = 526.824
---------------------------------------------------------------------------------
---------------------------------------------------------------------------------
Start Handling Custom Attributes
---------------------------------------------------------------------------------
---------------------------------------------------------------------------------
Finished Handling Custom Attributes : Time (s): cpu = 00:00:02 ; elapsed = 00:00:08 . Memory (MB): peak = 2080.523 ; gain = 526.824
---------------------------------------------------------------------------------
---------------------------------------------------------------------------------
Finished RTL Optimization Phase 1 : Time (s): cpu = 00:00:02 ; elapsed = 00:00:08 . Memory (MB): peak = 2080.523 ; gain = 526.824
---------------------------------------------------------------------------------
Netlist sorting complete. Time (s): cpu = 00:00:00 ; elapsed = 00:00:00.002 . Memory (MB): peak = 2080.523 ; gain = 0.000
INFO: [Project 1-570] Preparing netlist for logic optimization

Processing XDC Constraints
Initializing timing engine
Parsing XDC File [C:/Users/micha/OneDrive/Desktop/DICE/Hardware/FPGA/FT600_Ground_Up/Project/FT600_Ground_Up.srcs/constrs_1/new/total_constraints.xdc]
Finished Parsing XDC File [C:/Users/micha/OneDrive/Desktop/DICE/Hardware/FPGA/FT600_Ground_Up/Project/FT600_Ground_Up.srcs/constrs_1/new/total_constraints.xdc]
INFO: [Project 1-236] Implementation specific constraints were found while reading constraint file [C:/Users/micha/OneDrive/Desktop/DICE/Hardware/FPGA/FT600_Ground_Up/Project/FT600_Ground_Up.srcs/constrs_1/new/total_constraints.xdc]. These constraints will be ignored for synthesis but will be used in implementation. Impacted constraints are listed in the file [.Xil/ft600_stream_top_propImpl.xdc].
Resolution: To avoid this warning, move constraints listed in [.Xil/ft600_stream_top_propImpl.xdc] to another XDC file and exclude this new file from synthesis with the used_in_synthesis property (File Properties dialog in GUI) and re-run elaboration/synthesis.
Completed Processing XDC Constraints

Netlist sorting complete. Time (s): cpu = 00:00:00 ; elapsed = 00:00:00 . Memory (MB): peak = 2181.191 ; gain = 0.000
INFO: [Project 1-111] Unisim Transformation Summary:
No Unisim elements were transformed.

The system cannot find the path specified.
Constraint Validation Runtime : Time (s): cpu = 00:00:00 ; elapsed = 00:00:00.015 . Memory (MB): peak = 2181.191 ; gain = 0.000
INFO: [Designutils 20-5440] No compile time benefit to using incremental synthesis; A full resynthesis will be run
INFO: [Designutils 20-4379] Flow is switching to default flow due to incremental criteria not met. If you would like to alter this behaviour and have the flow terminate instead, please set the following parameter config_implementation {autoIncr.Synth.RejectBehavior Terminate}
---------------------------------------------------------------------------------
Finished Constraint Validation : Time (s): cpu = 00:00:06 ; elapsed = 00:00:25 . Memory (MB): peak = 2181.191 ; gain = 627.492
---------------------------------------------------------------------------------
---------------------------------------------------------------------------------
Start Loading Part and Timing Information
---------------------------------------------------------------------------------
Loading part: xcku3p-ffva676-2-i
INFO: [Synth 8-6742] Reading net delay rules and data
---------------------------------------------------------------------------------
Finished Loading Part and Timing Information : Time (s): cpu = 00:00:06 ; elapsed = 00:00:25 . Memory (MB): peak = 2181.191 ; gain = 627.492
---------------------------------------------------------------------------------
---------------------------------------------------------------------------------
Start Applying 'set_property' XDC Constraints
---------------------------------------------------------------------------------
---------------------------------------------------------------------------------
Finished applying 'set_property' XDC Constraints : Time (s): cpu = 00:00:06 ; elapsed = 00:00:25 . Memory (MB): peak = 2181.191 ; gain = 627.492
---------------------------------------------------------------------------------
---------------------------------------------------------------------------------
Finished RTL Optimization Phase 2 : Time (s): cpu = 00:00:06 ; elapsed = 00:00:25 . Memory (MB): peak = 2181.191 ; gain = 627.492
---------------------------------------------------------------------------------
---------------------------------------------------------------------------------
Start RTL Component Statistics 
---------------------------------------------------------------------------------
Detailed RTL Component Info : 
+---Adders : 
	   2 Input    3 Bit       Adders := 1     
+---Registers : 
	               16 Bit    Registers := 1     
	                3 Bit    Registers := 3     
	                1 Bit    Registers := 2     
+---Muxes : 
	   8 Input   15 Bit        Muxes := 1     
	   2 Input    3 Bit        Muxes := 1     
	   8 Input    3 Bit        Muxes := 1     
	   2 Input    2 Bit        Muxes := 1     
	   2 Input    1 Bit        Muxes := 1     
---------------------------------------------------------------------------------
Finished RTL Component Statistics 
---------------------------------------------------------------------------------
---------------------------------------------------------------------------------
Start Part Resource Summary
---------------------------------------------------------------------------------
Part Resources:
DSPs: 1368 (col length:96)
BRAMs: 720 (col length: RAMB18 96 RAMB36 48)
---------------------------------------------------------------------------------
Finished Part Resource Summary
---------------------------------------------------------------------------------
---------------------------------------------------------------------------------
Start Cross Boundary and Area Optimization
---------------------------------------------------------------------------------
WARNING: [Synth 8-7080] Parallel synthesis criteria is not met
WARNING: [Synth 8-3917] design ft600_stream_top has port ftdi_wakeupn driven by constant 0
WARNING: [Synth 8-3917] design ft600_stream_top has port ftdi_oe_n driven by constant 1
WARNING: [Synth 8-3917] design ft600_stream_top has port ftdi_rd_n driven by constant 1
WARNING: [Synth 8-7129] Port ftdi_rxf_n in module ft600_stream_top is either unconnected or has no load
---------------------------------------------------------------------------------
Finished Cross Boundary and Area Optimization : Time (s): cpu = 00:00:07 ; elapsed = 00:00:28 . Memory (MB): peak = 2181.191 ; gain = 627.492
---------------------------------------------------------------------------------
---------------------------------------------------------------------------------
Start Applying XDC Timing Constraints
---------------------------------------------------------------------------------
---------------------------------------------------------------------------------
Finished Applying XDC Timing Constraints : Time (s): cpu = 00:00:12 ; elapsed = 00:00:46 . Memory (MB): peak = 2532.988 ; gain = 979.289
---------------------------------------------------------------------------------
---------------------------------------------------------------------------------
Start Timing Optimization
---------------------------------------------------------------------------------
---------------------------------------------------------------------------------
Finished Timing Optimization : Time (s): cpu = 00:00:12 ; elapsed = 00:00:47 . Memory (MB): peak = 2562.012 ; gain = 1008.312
---------------------------------------------------------------------------------
---------------------------------------------------------------------------------
Start Technology Mapping
---------------------------------------------------------------------------------
---------------------------------------------------------------------------------
Finished Technology Mapping : Time (s): cpu = 00:00:12 ; elapsed = 00:00:47 . Memory (MB): peak = 2562.012 ; gain = 1008.312
---------------------------------------------------------------------------------
---------------------------------------------------------------------------------
Start IO Insertion
---------------------------------------------------------------------------------
---------------------------------------------------------------------------------
Start Flattening Before IO Insertion
---------------------------------------------------------------------------------
---------------------------------------------------------------------------------
Finished Flattening Before IO Insertion
---------------------------------------------------------------------------------
---------------------------------------------------------------------------------
Start Final Netlist Cleanup
---------------------------------------------------------------------------------
---------------------------------------------------------------------------------
Finished Final Netlist Cleanup
---------------------------------------------------------------------------------
---------------------------------------------------------------------------------
Finished IO Insertion : Time (s): cpu = 00:00:14 ; elapsed = 00:00:53 . Memory (MB): peak = 2562.012 ; gain = 1008.312
---------------------------------------------------------------------------------
---------------------------------------------------------------------------------
Start Renaming Generated Instances
---------------------------------------------------------------------------------
---------------------------------------------------------------------------------
Finished Renaming Generated Instances : Time (s): cpu = 00:00:14 ; elapsed = 00:00:53 . Memory (MB): peak = 2562.012 ; gain = 1008.312
---------------------------------------------------------------------------------
---------------------------------------------------------------------------------
Start Rebuilding User Hierarchy
---------------------------------------------------------------------------------
---------------------------------------------------------------------------------
Finished Rebuilding User Hierarchy : Time (s): cpu = 00:00:14 ; elapsed = 00:00:53 . Memory (MB): peak = 2562.012 ; gain = 1008.312
---------------------------------------------------------------------------------
---------------------------------------------------------------------------------
Start Renaming Generated Ports
---------------------------------------------------------------------------------
---------------------------------------------------------------------------------
Finished Renaming Generated Ports : Time (s): cpu = 00:00:14 ; elapsed = 00:00:53 . Memory (MB): peak = 2562.012 ; gain = 1008.312
---------------------------------------------------------------------------------
---------------------------------------------------------------------------------
Start Handling Custom Attributes
---------------------------------------------------------------------------------
---------------------------------------------------------------------------------
Finished Handling Custom Attributes : Time (s): cpu = 00:00:14 ; elapsed = 00:00:53 . Memory (MB): peak = 2562.012 ; gain = 1008.312
---------------------------------------------------------------------------------
---------------------------------------------------------------------------------
Start Renaming Generated Nets
---------------------------------------------------------------------------------
---------------------------------------------------------------------------------
Finished Renaming Generated Nets : Time (s): cpu = 00:00:14 ; elapsed = 00:00:53 . Memory (MB): peak = 2562.012 ; gain = 1008.312
---------------------------------------------------------------------------------
---------------------------------------------------------------------------------
Start Writing Synthesis Report
---------------------------------------------------------------------------------

Report BlackBoxes: 
+-+--------------+----------+
| |BlackBox name |Instances |
+-+--------------+----------+
+-+--------------+----------+

Report Cell Usage: 
+------+-------+------+
|      |Cell   |Count |
+------+-------+------+
|1     |BUFG   |     1|
|2     |CARRY8 |     3|
|3     |LUT1   |     3|
|4     |LUT2   |     6|
|5     |LUT3   |     6|
|6     |LUT4   |     1|
|7     |LUT6   |     6|
|8     |FDCE   |     6|
|9     |FDRE   |    43|
|10    |IBUF   |     3|
|11    |OBUF   |    27|
+------+-------+------+
---------------------------------------------------------------------------------
Finished Writing Synthesis Report : Time (s): cpu = 00:00:14 ; elapsed = 00:00:53 . Memory (MB): peak = 2562.012 ; gain = 1008.312
---------------------------------------------------------------------------------
Synthesis finished with 0 errors, 0 critical warnings and 5 warnings.
Synthesis Optimization Runtime : Time (s): cpu = 00:00:10 ; elapsed = 00:00:46 . Memory (MB): peak = 2562.012 ; gain = 907.645
Synthesis Optimization Complete : Time (s): cpu = 00:00:14 ; elapsed = 00:00:53 . Memory (MB): peak = 2562.012 ; gain = 1008.312
INFO: [Project 1-571] Translating synthesized netlist
Netlist sorting complete. Time (s): cpu = 00:00:00 ; elapsed = 00:00:00.001 . Memory (MB): peak = 2572.113 ; gain = 0.000
INFO: [Netlist 29-17] Analyzing 7 Unisim elements for replacement
INFO: [Netlist 29-28] Unisim Transformation completed in 0 CPU seconds
INFO: [Project 1-570] Preparing netlist for logic optimization
INFO: [Opt 31-138] Pushed 0 inverter(s) to 0 load pin(s).
Netlist sorting complete. Time (s): cpu = 00:00:00 ; elapsed = 00:00:00 . Memory (MB): peak = 2597.480 ; gain = 0.000
INFO: [Project 1-111] Unisim Transformation Summary:
  A total of 4 instances were transformed.
  BUFG => BUFGCE: 1 instance 
  IBUF => IBUF (IBUFCTRL, INBUF): 3 instances

The system cannot find the path specified.
Synth Design complete | Checksum: 4e2cdfa2
INFO: [Common 17-83] Releasing license: Synthesis
27 Infos, 12 Warnings, 0 Critical Warnings and 0 Errors encountered.
synth_design completed successfully
synth_design: Time (s): cpu = 00:00:17 ; elapsed = 00:01:05 . Memory (MB): peak = 2597.480 ; gain = 2107.359
Write ShapeDB Complete: Time (s): cpu = 00:00:00 ; elapsed = 00:00:00.003 . Memory (MB): peak = 2597.480 ; gain = 0.000
INFO: [Common 17-1381] The checkpoint 'C:/Users/micha/OneDrive/Desktop/DICE/Hardware/FPGA/FT600_Ground_Up/Project/FT600_Ground_Up.runs/synth_1/ft600_stream_top.dcp' has been generated.
INFO: [runtcl-4] Executing : report_utilization -file ft600_stream_top_utilization_synth.rpt -pb ft600_stream_top_utilization_synth.pb
INFO: [Common 17-206] Exiting Vivado at Tue Dec 17 00:29:09 2024...
