Copyright 1986-2022 Xilinx, Inc. All Rights Reserved. Copyright 2022-2023 Advanced Micro Devices, Inc. All Rights Reserved.
---------------------------------------------------------------------------------------------------------------------------------------------
| Tool Version : Vivado v.2023.2 (win64) Build 4029153 Fri Oct 13 20:14:34 MDT 2023
| Date         : Tue Dec 17 18:43:35 2024
| Host         : M_Laptop running 64-bit major release  (build 9200)
| Command      : report_utilization -file ft600_stream_recieve_top_utilization_placed.rpt -pb ft600_stream_recieve_top_utilization_placed.pb
| Design       : ft600_stream_recieve_top
| Device       : xcku3p-ffva676-2-i
| Speed File   : -2
| Design State : Fully Placed
---------------------------------------------------------------------------------------------------------------------------------------------

Utilization Design Information

Table of Contents
-----------------
1. CLB Logic
1.1 Summary of Registers by Type
2. CLB Logic Distribution
3. BLOCKRAM
4. ARITHMETIC
5. I/O
6. CLOCK
7. ADVANCED
8. CONFIGURATION
9. Primitives
10. Black Boxes
11. Instantiated Netlists

1. CLB Logic
------------

+----------------------------+------+-------+------------+-----------+-------+
|          Site Type         | Used | Fixed | Prohibited | Available | Util% |
+----------------------------+------+-------+------------+-----------+-------+
| CLB LUTs                   | 1588 |     0 |          0 |    162720 |  0.98 |
|   LUT as Logic             | 1395 |     0 |          0 |    162720 |  0.86 |
|   LUT as Memory            |  193 |     0 |          0 |     99840 |  0.19 |
|     LUT as Distributed RAM |   20 |     0 |            |           |       |
|     LUT as Shift Register  |  173 |     0 |            |           |       |
| CLB Registers              | 2564 |     0 |          0 |    325440 |  0.79 |
|   Register as Flip Flop    | 2564 |     0 |          0 |    325440 |  0.79 |
|   Register as Latch        |    0 |     0 |          0 |    325440 |  0.00 |
| CARRY8                     |   25 |     0 |          0 |     27120 |  0.09 |
| F7 Muxes                   |    3 |     0 |          0 |    108480 | <0.01 |
| F8 Muxes                   |    0 |     0 |          0 |     54240 |  0.00 |
| F9 Muxes                   |    0 |     0 |          0 |     27120 |  0.00 |
+----------------------------+------+-------+------------+-----------+-------+
* Warning! LUT value is adjusted to account for LUT combining.


1.1 Summary of Registers by Type
--------------------------------

+-------+--------------+-------------+--------------+
| Total | Clock Enable | Synchronous | Asynchronous |
+-------+--------------+-------------+--------------+
| 0     |            _ |           - |            - |
| 0     |            _ |           - |          Set |
| 0     |            _ |           - |        Reset |
| 0     |            _ |         Set |            - |
| 0     |            _ |       Reset |            - |
| 0     |          Yes |           - |            - |
| 43    |          Yes |           - |          Set |
| 184   |          Yes |           - |        Reset |
| 20    |          Yes |         Set |            - |
| 2317  |          Yes |       Reset |            - |
+-------+--------------+-------------+--------------+


2. CLB Logic Distribution
-------------------------

+--------------------------------------------+------+-------+------------+-----------+-------+
|                  Site Type                 | Used | Fixed | Prohibited | Available | Util% |
+--------------------------------------------+------+-------+------------+-----------+-------+
| CLB                                        |  417 |     0 |          0 |     27120 |  1.54 |
|   CLBL                                     |  243 |     0 |            |           |       |
|   CLBM                                     |  174 |     0 |            |           |       |
| LUT as Logic                               | 1395 |     0 |          0 |    162720 |  0.86 |
|   using O5 output only                     |   56 |       |            |           |       |
|   using O6 output only                     | 1101 |       |            |           |       |
|   using O5 and O6                          |  238 |       |            |           |       |
| LUT as Memory                              |  193 |     0 |          0 |     99840 |  0.19 |
|   LUT as Distributed RAM                   |   20 |     0 |            |           |       |
|     using O5 output only                   |    0 |       |            |           |       |
|     using O6 output only                   |    0 |       |            |           |       |
|     using O5 and O6                        |   20 |       |            |           |       |
|   LUT as Shift Register                    |  173 |     0 |            |           |       |
|     using O5 output only                   |    0 |       |            |           |       |
|     using O6 output only                   |   41 |       |            |           |       |
|     using O5 and O6                        |  132 |       |            |           |       |
| CLB Registers                              | 2564 |     0 |          0 |    325440 |  0.79 |
|   Register driven from within the CLB      | 1263 |       |            |           |       |
|   Register driven from outside the CLB     | 1301 |       |            |           |       |
|     LUT in front of the register is unused |  953 |       |            |           |       |
|     LUT in front of the register is used   |  348 |       |            |           |       |
| Unique Control Sets                        |  132 |       |          0 |     54240 |  0.24 |
+--------------------------------------------+------+-------+------------+-----------+-------+
* * Note: Available Control Sets calculated as Slices * 2, Review the Control Sets Report for more information regarding control sets.


3. BLOCKRAM
-----------

+-------------------+------+-------+------------+-----------+-------+
|     Site Type     | Used | Fixed | Prohibited | Available | Util% |
+-------------------+------+-------+------------+-----------+-------+
| Block RAM Tile    |  4.5 |     0 |          0 |       360 |  1.25 |
|   RAMB36/FIFO*    |    4 |     0 |          0 |       360 |  1.11 |
|     RAMB36E2 only |    4 |       |            |           |       |
|   RAMB18          |    1 |     0 |          0 |       720 |  0.14 |
|     RAMB18E2 only |    1 |       |            |           |       |
| URAM              |    0 |     0 |          0 |        48 |  0.00 |
+-------------------+------+-------+------------+-----------+-------+
* Note: Each Block RAM Tile only has one FIFO logic available and therefore can accommodate only one FIFO36E2 or one FIFO18E2. However, if a FIFO18E2 occupies a Block RAM Tile, that tile can still accommodate a RAMB18E2


4. ARITHMETIC
-------------

+-----------+------+-------+------------+-----------+-------+
| Site Type | Used | Fixed | Prohibited | Available | Util% |
+-----------+------+-------+------------+-----------+-------+
| DSPs      |    0 |     0 |          0 |      1368 |  0.00 |
+-----------+------+-------+------------+-----------+-------+


5. I/O
------

+------------------+------+-------+------------+-----------+-------+
|     Site Type    | Used | Fixed | Prohibited | Available | Util% |
+------------------+------+-------+------------+-----------+-------+
| Bonded IOB       |   32 |    32 |          0 |       256 | 12.50 |
| HPIOB_M          |   15 |    15 |          0 |        96 | 15.63 |
|   INPUT          |    3 |       |            |           |       |
|   OUTPUT         |    6 |       |            |           |       |
|   BIDIR          |    6 |       |            |           |       |
| HPIOB_S          |   13 |    13 |          0 |        96 | 13.54 |
|   INPUT          |    1 |       |            |           |       |
|   OUTPUT         |    3 |       |            |           |       |
|   BIDIR          |    9 |       |            |           |       |
| HDIOB_M          |    0 |     0 |          0 |        24 |  0.00 |
| HDIOB_S          |    0 |     0 |          0 |        24 |  0.00 |
| HPIOB_SNGL       |    4 |     4 |          0 |        16 | 25.00 |
|   INPUT          |    1 |       |            |           |       |
|   OUTPUT         |    0 |       |            |           |       |
|   BIDIR          |    3 |       |            |           |       |
| HPIOBDIFFINBUF   |    1 |     1 |          0 |        96 |  1.04 |
|   DIFFINBUF      |    1 |     1 |            |           |       |
| HPIOBDIFFOUTBUF  |    0 |     0 |          0 |        96 |  0.00 |
| HDIOBDIFFINBUF   |    0 |     0 |          0 |        48 |  0.00 |
| BITSLICE_CONTROL |    0 |     0 |          0 |        32 |  0.00 |
| BITSLICE_RX_TX   |    0 |     0 |          0 |      1248 |  0.00 |
| BITSLICE_TX      |    0 |     0 |          0 |        32 |  0.00 |
| RIU_OR           |    0 |     0 |          0 |        16 |  0.00 |
+------------------+------+-------+------------+-----------+-------+


6. CLOCK
--------

+----------------------+------+-------+------------+-----------+-------+
|       Site Type      | Used | Fixed | Prohibited | Available | Util% |
+----------------------+------+-------+------------+-----------+-------+
| GLOBAL CLOCK BUFFERs |    3 |     0 |          0 |       256 |  1.17 |
|   BUFGCE             |    3 |     0 |          0 |       112 |  2.68 |
|   BUFGCE_DIV         |    0 |     0 |          0 |        16 |  0.00 |
|   BUFG_GT            |    0 |     0 |          0 |        96 |  0.00 |
|   BUFGCTRL*          |    0 |     0 |          0 |        32 |  0.00 |
| PLL                  |    0 |     0 |          0 |         8 |  0.00 |
| MMCM                 |    1 |     0 |          0 |         4 | 25.00 |
+----------------------+------+-------+------------+-----------+-------+
* Note: Each used BUFGCTRL counts as two GLOBAL CLOCK BUFFERs. This table does not include global clocking resources, only buffer cell usage. See the Clock Utilization Report (report_clock_utilization) for detailed accounting of global clocking resource availability.


7. ADVANCED
-----------

+-----------------+------+-------+------------+-----------+-------+
|    Site Type    | Used | Fixed | Prohibited | Available | Util% |
+-----------------+------+-------+------------+-----------+-------+
| CMACE4          |    0 |     0 |          0 |         1 |  0.00 |
| GTYE4_CHANNEL   |    0 |     0 |          0 |        16 |  0.00 |
| GTYE4_COMMON    |    0 |     0 |          0 |         4 |  0.00 |
| OBUFDS_GTE4     |    0 |     0 |          0 |         8 |  0.00 |
| OBUFDS_GTE4_ADV |    0 |     0 |          0 |         8 |  0.00 |
| PCIE40E4        |    0 |     0 |          0 |         1 |  0.00 |
| SYSMONE4        |    0 |     0 |          0 |         1 |  0.00 |
+-----------------+------+-------+------------+-----------+-------+


8. CONFIGURATION
----------------

+-------------+------+-------+------------+-----------+-------+
|  Site Type  | Used | Fixed | Prohibited | Available | Util% |
+-------------+------+-------+------------+-----------+-------+
| BSCANE2     |    1 |     0 |          0 |         4 | 25.00 |
| DNA_PORTE2  |    0 |     0 |          0 |         1 |  0.00 |
| EFUSE_USR   |    0 |     0 |          0 |         1 |  0.00 |
| FRAME_ECCE4 |    0 |     0 |          0 |         1 |  0.00 |
| ICAPE3      |    0 |     0 |          0 |         2 |  0.00 |
| MASTER_JTAG |    0 |     0 |          0 |         1 |  0.00 |
| STARTUPE3   |    0 |     0 |          0 |         1 |  0.00 |
+-------------+------+-------+------------+-----------+-------+


9. Primitives
-------------

+------------+------+---------------------+
|  Ref Name  | Used | Functional Category |
+------------+------+---------------------+
| FDRE       | 2317 |            Register |
| LUT6       |  651 |                 CLB |
| LUT5       |  303 |                 CLB |
| LUT4       |  278 |                 CLB |
| LUT3       |  216 |                 CLB |
| SRL16E     |  214 |                 CLB |
| FDCE       |  184 |            Register |
| LUT2       |  146 |                 CLB |
| SRLC32E    |   89 |                 CLB |
| FDPE       |   43 |            Register |
| LUT1       |   39 |                 CLB |
| RAMD32     |   36 |                 CLB |
| CARRY8     |   25 |                 CLB |
| IBUFCTRL   |   22 |              Others |
| INBUF      |   21 |                 I/O |
| FDSE       |   20 |            Register |
| OBUF       |    9 |                 I/O |
| RAMS32     |    4 |                 CLB |
| RAMB36E2   |    4 |            BLOCKRAM |
| MUXF7      |    3 |                 CLB |
| BUFGCE     |    3 |               Clock |
| SRLC16E    |    2 |                 CLB |
| RAMB18E2   |    1 |            BLOCKRAM |
| MMCME4_ADV |    1 |               Clock |
| DIFFINBUF  |    1 |                 I/O |
| BSCANE2    |    1 |       Configuration |
+------------+------+---------------------+


10. Black Boxes
---------------

+----------+------+
| Ref Name | Used |
+----------+------+


11. Instantiated Netlists
-------------------------

+----------+------+
| Ref Name | Used |
+----------+------+
| dbg_hub  |    1 |
+----------+------+


