Copyright 1986-2022 Xilinx, Inc. All Rights Reserved. Copyright 2022-2023 Advanced Micro Devices, Inc. All Rights Reserved.
---------------------------------------------------------------------------------------------------------------------------------------------
| Tool Version : Vivado v.2023.2 (win64) Build 4029153 Fri Oct 13 20:14:34 MDT 2023
| Date         : Tue Dec  3 20:19:45 2024
| Host         : M_Laptop running 64-bit major release  (build 9200)
| Command      : report_utilization -file fpga_top_ft600_loopback_utilization_placed.rpt -pb fpga_top_ft600_loopback_utilization_placed.pb
| Design       : fpga_top_ft600_loopback
| Device       : xcku3p-ffva676-2-e
| Speed File   : -2
| Design State : Fully Placed
---------------------------------------------------------------------------------------------------------------------------------------------

Utilization Design Information

Table of Contents
-----------------
1. CLB Logic
1.1 Summary of Registers by Type
2. CLB Logic Distribution
3. BLOCKRAM
4. ARITHMETIC
5. I/O
6. CLOCK
7. ADVANCED
8. CONFIGURATION
9. Primitives
10. Black Boxes
11. Instantiated Netlists

1. CLB Logic
------------

+----------------------------+------+-------+------------+-----------+-------+
|          Site Type         | Used | Fixed | Prohibited | Available | Util% |
+----------------------------+------+-------+------------+-----------+-------+
| CLB LUTs                   | 4490 |     0 |          0 |    162720 |  2.76 |
|   LUT as Logic             | 3741 |     0 |          0 |    162720 |  2.30 |
|   LUT as Memory            |  749 |     0 |          0 |     99840 |  0.75 |
|     LUT as Distributed RAM |  132 |     0 |            |           |       |
|     LUT as Shift Register  |  617 |     0 |            |           |       |
| CLB Registers              | 6659 |     0 |          0 |    325440 |  2.05 |
|   Register as Flip Flop    | 6659 |     0 |          0 |    325440 |  2.05 |
|   Register as Latch        |    0 |     0 |          0 |    325440 |  0.00 |
| CARRY8                     |  120 |     0 |          0 |     27120 |  0.44 |
| F7 Muxes                   |  125 |     0 |          0 |    108480 |  0.12 |
| F8 Muxes                   |   18 |     0 |          0 |     54240 |  0.03 |
| F9 Muxes                   |    0 |     0 |          0 |     27120 |  0.00 |
+----------------------------+------+-------+------------+-----------+-------+
* Warning! LUT value is adjusted to account for LUT combining.


1.1 Summary of Registers by Type
--------------------------------

+-------+--------------+-------------+--------------+
| Total | Clock Enable | Synchronous | Asynchronous |
+-------+--------------+-------------+--------------+
| 0     |            _ |           - |            - |
| 0     |            _ |           - |          Set |
| 0     |            _ |           - |        Reset |
| 0     |            _ |         Set |            - |
| 0     |            _ |       Reset |            - |
| 0     |          Yes |           - |            - |
| 45    |          Yes |           - |          Set |
| 744   |          Yes |           - |        Reset |
| 22    |          Yes |         Set |            - |
| 5848  |          Yes |       Reset |            - |
+-------+--------------+-------------+--------------+


2. CLB Logic Distribution
-------------------------

+--------------------------------------------+------+-------+------------+-----------+-------+
|                  Site Type                 | Used | Fixed | Prohibited | Available | Util% |
+--------------------------------------------+------+-------+------------+-----------+-------+
| CLB                                        | 1111 |     0 |          0 |     27120 |  4.10 |
|   CLBL                                     |  662 |     0 |            |           |       |
|   CLBM                                     |  449 |     0 |            |           |       |
| LUT as Logic                               | 3741 |     0 |          0 |    162720 |  2.30 |
|   using O5 output only                     |   98 |       |            |           |       |
|   using O6 output only                     | 2879 |       |            |           |       |
|   using O5 and O6                          |  764 |       |            |           |       |
| LUT as Memory                              |  749 |     0 |          0 |     99840 |  0.75 |
|   LUT as Distributed RAM                   |  132 |     0 |            |           |       |
|     using O5 output only                   |    0 |       |            |           |       |
|     using O6 output only                   |  112 |       |            |           |       |
|     using O5 and O6                        |   20 |       |            |           |       |
|   LUT as Shift Register                    |  617 |     0 |            |           |       |
|     using O5 output only                   |    0 |       |            |           |       |
|     using O6 output only                   |   90 |       |            |           |       |
|     using O5 and O6                        |  527 |       |            |           |       |
| CLB Registers                              | 6659 |     0 |          0 |    325440 |  2.05 |
|   Register driven from within the CLB      | 3163 |       |            |           |       |
|   Register driven from outside the CLB     | 3496 |       |            |           |       |
|     LUT in front of the register is unused | 2537 |       |            |           |       |
|     LUT in front of the register is used   |  959 |       |            |           |       |
| Unique Control Sets                        |  287 |       |          0 |     54240 |  0.53 |
+--------------------------------------------+------+-------+------------+-----------+-------+
* * Note: Available Control Sets calculated as Slices * 2, Review the Control Sets Report for more information regarding control sets.


3. BLOCKRAM
-----------

+-------------------+------+-------+------------+-----------+-------+
|     Site Type     | Used | Fixed | Prohibited | Available | Util% |
+-------------------+------+-------+------------+-----------+-------+
| Block RAM Tile    |  5.5 |     0 |          0 |       360 |  1.53 |
|   RAMB36/FIFO*    |    4 |     0 |          0 |       360 |  1.11 |
|     RAMB36E2 only |    4 |       |            |           |       |
|   RAMB18          |    3 |     0 |          0 |       720 |  0.42 |
|     RAMB18E2 only |    3 |       |            |           |       |
| URAM              |    0 |     0 |          0 |        48 |  0.00 |
+-------------------+------+-------+------------+-----------+-------+
* Note: Each Block RAM Tile only has one FIFO logic available and therefore can accommodate only one FIFO36E2 or one FIFO18E2. However, if a FIFO18E2 occupies a Block RAM Tile, that tile can still accommodate a RAMB18E2


4. ARITHMETIC
-------------

+-----------+------+-------+------------+-----------+-------+
| Site Type | Used | Fixed | Prohibited | Available | Util% |
+-----------+------+-------+------------+-----------+-------+
| DSPs      |    0 |     0 |          0 |      1368 |  0.00 |
+-----------+------+-------+------------+-----------+-------+


5. I/O
------

+------------------+------+-------+------------+-----------+-------+
|     Site Type    | Used | Fixed | Prohibited | Available | Util% |
+------------------+------+-------+------------+-----------+-------+
| Bonded IOB       |   33 |    33 |          0 |       256 | 12.89 |
| HPIOB_M          |   15 |    15 |          0 |        96 | 15.63 |
|   INPUT          |    3 |       |            |           |       |
|   OUTPUT         |    6 |       |            |           |       |
|   BIDIR          |    6 |       |            |           |       |
| HPIOB_S          |   14 |    14 |          0 |        96 | 14.58 |
|   INPUT          |    2 |       |            |           |       |
|   OUTPUT         |    3 |       |            |           |       |
|   BIDIR          |    9 |       |            |           |       |
| HDIOB_M          |    0 |     0 |          0 |        24 |  0.00 |
| HDIOB_S          |    0 |     0 |          0 |        24 |  0.00 |
| HPIOB_SNGL       |    4 |     4 |          0 |        16 | 25.00 |
|   INPUT          |    1 |       |            |           |       |
|   OUTPUT         |    0 |       |            |           |       |
|   BIDIR          |    3 |       |            |           |       |
| HPIOBDIFFINBUF   |    1 |     1 |          0 |        96 |  1.04 |
|   DIFFINBUF      |    1 |     1 |            |           |       |
| HPIOBDIFFOUTBUF  |    0 |     0 |          0 |        96 |  0.00 |
| HDIOBDIFFINBUF   |    0 |     0 |          0 |        48 |  0.00 |
| BITSLICE_CONTROL |    0 |     0 |          0 |        32 |  0.00 |
| BITSLICE_RX_TX   |    0 |     0 |          0 |      1248 |  0.00 |
| BITSLICE_TX      |    0 |     0 |          0 |        32 |  0.00 |
| RIU_OR           |    0 |     0 |          0 |        16 |  0.00 |
+------------------+------+-------+------------+-----------+-------+


6. CLOCK
--------

+----------------------+------+-------+------------+-----------+-------+
|       Site Type      | Used | Fixed | Prohibited | Available | Util% |
+----------------------+------+-------+------------+-----------+-------+
| GLOBAL CLOCK BUFFERs |    4 |     0 |          0 |       256 |  1.56 |
|   BUFGCE             |    4 |     0 |          0 |       112 |  3.57 |
|   BUFGCE_DIV         |    0 |     0 |          0 |        16 |  0.00 |
|   BUFG_GT            |    0 |     0 |          0 |        96 |  0.00 |
|   BUFGCTRL*          |    0 |     0 |          0 |        32 |  0.00 |
| PLL                  |    0 |     0 |          0 |         8 |  0.00 |
| MMCM                 |    1 |     0 |          0 |         4 | 25.00 |
+----------------------+------+-------+------------+-----------+-------+
* Note: Each used BUFGCTRL counts as two GLOBAL CLOCK BUFFERs. This table does not include global clocking resources, only buffer cell usage. See the Clock Utilization Report (report_clock_utilization) for detailed accounting of global clocking resource availability.


7. ADVANCED
-----------

+-----------------+------+-------+------------+-----------+-------+
|    Site Type    | Used | Fixed | Prohibited | Available | Util% |
+-----------------+------+-------+------------+-----------+-------+
| CMACE4          |    0 |     0 |          0 |         1 |  0.00 |
| GTYE4_CHANNEL   |    0 |     0 |          0 |        16 |  0.00 |
| GTYE4_COMMON    |    0 |     0 |          0 |         4 |  0.00 |
| OBUFDS_GTE4     |    0 |     0 |          0 |         8 |  0.00 |
| OBUFDS_GTE4_ADV |    0 |     0 |          0 |         8 |  0.00 |
| PCIE40E4        |    0 |     0 |          0 |         1 |  0.00 |
| SYSMONE4        |    0 |     0 |          0 |         1 |  0.00 |
+-----------------+------+-------+------------+-----------+-------+


8. CONFIGURATION
----------------

+-------------+------+-------+------------+-----------+-------+
|  Site Type  | Used | Fixed | Prohibited | Available | Util% |
+-------------+------+-------+------------+-----------+-------+
| BSCANE2     |    1 |     0 |          0 |         4 | 25.00 |
| DNA_PORTE2  |    0 |     0 |          0 |         1 |  0.00 |
| EFUSE_USR   |    0 |     0 |          0 |         1 |  0.00 |
| FRAME_ECCE4 |    0 |     0 |          0 |         1 |  0.00 |
| ICAPE3      |    0 |     0 |          0 |         2 |  0.00 |
| MASTER_JTAG |    0 |     0 |          0 |         1 |  0.00 |
| STARTUPE3   |    0 |     0 |          0 |         1 |  0.00 |
+-------------+------+-------+------------+-----------+-------+


9. Primitives
-------------

+------------+------+---------------------+
|  Ref Name  | Used | Functional Category |
+------------+------+---------------------+
| FDRE       | 5848 |            Register |
| LUT6       | 2056 |                 CLB |
| LUT4       |  874 |                 CLB |
| FDCE       |  744 |            Register |
| LUT3       |  604 |                 CLB |
| SRLC32E    |  591 |                 CLB |
| SRL16E     |  551 |                 CLB |
| LUT5       |  526 |                 CLB |
| LUT2       |  347 |                 CLB |
| MUXF7      |  125 |                 CLB |
| CARRY8     |  120 |                 CLB |
| RAMD64E    |  112 |                 CLB |
| LUT1       |   98 |                 CLB |
| FDPE       |   45 |            Register |
| RAMD32     |   36 |                 CLB |
| OBUF       |   27 |                 I/O |
| FDSE       |   22 |            Register |
| MUXF8      |   18 |                 CLB |
| IBUFCTRL   |    5 |              Others |
| RAMS32     |    4 |                 CLB |
| RAMB36E2   |    4 |            BLOCKRAM |
| INBUF      |    4 |                 I/O |
| BUFGCE     |    4 |               Clock |
| RAMB18E2   |    3 |            BLOCKRAM |
| SRLC16E    |    2 |                 CLB |
| MMCME4_ADV |    1 |               Clock |
| DIFFINBUF  |    1 |                 I/O |
| BSCANE2    |    1 |       Configuration |
+------------+------+---------------------+


10. Black Boxes
---------------

+----------+------+
| Ref Name | Used |
+----------+------+


11. Instantiated Netlists
-------------------------

+----------+------+
| Ref Name | Used |
+----------+------+
| vio_0    |    1 |
| ila_0    |    1 |
| dbg_hub  |    1 |
+----------+------+


