Copyright 1986-2022 Xilinx, Inc. All Rights Reserved. Copyright 2022-2023 Advanced Micro Devices, Inc. All Rights Reserved.
-------------------------------------------------------------------------------------------------------------------------------------------------------------------------------------------
| Tool Version     : Vivado v.2023.2 (win64) Build 4029153 Fri Oct 13 20:14:34 MDT 2023
| Date             : Tue Dec  3 20:53:49 2024
| Host             : M_Laptop running 64-bit major release  (build 9200)
| Command          : report_power -file fpga_top_ft600_loopback_power_routed.rpt -pb fpga_top_ft600_loopback_power_summary_routed.pb -rpx fpga_top_ft600_loopback_power_routed.rpx
| Design           : fpga_top_ft600_loopback
| Device           : xcku3p-ffva676-2-e
| Design State     : routed
| Grade            : extended
| Process          : typical
| Characterization : Production
-------------------------------------------------------------------------------------------------------------------------------------------------------------------------------------------

Power Report

Table of Contents
-----------------
1. Summary
1.1 On-Chip Components
1.2 Power Supply Summary
1.3 Confidence Level
2. Settings
2.1 Environment
2.2 Clock Constraints
3. Detailed Reports
3.1 By Hierarchy

1. Summary
----------

+--------------------------+--------------+
| Total On-Chip Power (W)  | 0.582        |
| Design Power Budget (W)  | Unspecified* |
| Power Budget Margin (W)  | NA           |
| Dynamic (W)              | 0.131        |
| Device Static (W)        | 0.451        |
| Effective TJA (C/W)      | 1.7          |
| Max Ambient (C)          | 99.0         |
| Junction Temperature (C) | 26.0         |
| Confidence Level         | Medium       |
| Setting File             | ---          |
| Simulation Activity File | ---          |
| Design Nets Matched      | NA           |
+--------------------------+--------------+
* Specify Design Power Budget using, set_operating_conditions -design_power_budget <value in Watts>


1.1 On-Chip Components
----------------------

+--------------------------+-----------+----------+-----------+-----------------+
| On-Chip                  | Power (W) | Used     | Available | Utilization (%) |
+--------------------------+-----------+----------+-----------+-----------------+
| Clocks                   |     0.020 |        7 |       --- |             --- |
| CLB Logic                |     0.004 |    13586 |       --- |             --- |
|   LUT as Logic           |     0.002 |     3741 |    162720 |            2.30 |
|   LUT as Shift Register  |    <0.001 |      617 |     99840 |            0.62 |
|   LUT as Distributed RAM |    <0.001 |      132 |     99840 |            0.13 |
|   Register               |    <0.001 |     6659 |    325440 |            2.05 |
|   CARRY8                 |    <0.001 |      120 |     27120 |            0.44 |
|   Others                 |     0.000 |      863 |       --- |             --- |
|   F7/F8 Muxes            |     0.000 |      143 |    216960 |            0.07 |
| Signals                  |     0.003 |     9469 |       --- |             --- |
| Block RAM                |     0.004 |      5.5 |       360 |            1.53 |
| MMCM                     |     0.085 |        0 |       --- |             --- |
| I/O                      |     0.015 |       33 |       256 |           12.89 |
| Static Power             |     0.451 |          |           |                 |
| Total                    |     0.582 |          |           |                 |
+--------------------------+-----------+----------+-----------+-----------------+


1.2 Power Supply Summary
------------------------

+------------+-------------+-----------+-------------+------------+-------------+-------------+------------+
| Source     | Voltage (V) | Total (A) | Dynamic (A) | Static (A) | Powerup (A) | Budget (A)  | Margin (A) |
+------------+-------------+-----------+-------------+------------+-------------+-------------+------------+
| Vccint     |       0.850 |     0.175 |       0.036 |      0.138 |       NA    | Unspecified | NA         |
| Vccint_io  |       0.850 |     0.036 |       0.001 |      0.035 |       NA    | Unspecified | NA         |
| Vccbram    |       0.850 |     0.003 |       0.001 |      0.002 |       NA    | Unspecified | NA         |
| Vccaux     |       1.800 |     0.175 |       0.047 |      0.128 |       NA    | Unspecified | NA         |
| Vccaux_io  |       1.800 |     0.037 |       0.006 |      0.031 |       NA    | Unspecified | NA         |
| Vcco33     |       3.300 |     0.000 |       0.000 |      0.000 |       NA    | Unspecified | NA         |
| Vcco25     |       2.500 |     0.000 |       0.000 |      0.000 |       NA    | Unspecified | NA         |
| Vcco18     |       1.800 |     0.002 |       0.002 |      0.000 |       NA    | Unspecified | NA         |
| Vcco15     |       1.500 |     0.000 |       0.000 |      0.000 |       NA    | Unspecified | NA         |
| Vcco135    |       1.350 |     0.000 |       0.000 |      0.000 |       NA    | Unspecified | NA         |
| Vcco12     |       1.200 |     0.000 |       0.000 |      0.000 |       NA    | Unspecified | NA         |
| Vcco10     |       1.000 |     0.000 |       0.000 |      0.000 |       NA    | Unspecified | NA         |
| Vccadc     |       1.800 |     0.008 |       0.000 |      0.008 |       NA    | Unspecified | NA         |
| MGTYAVcc   |       0.900 |     0.000 |       0.000 |      0.000 |       NA    | Unspecified | NA         |
| MGTYAVtt   |       1.200 |     0.000 |       0.000 |      0.000 |       NA    | Unspecified | NA         |
| MGTYVccaux |       1.800 |     0.000 |       0.000 |      0.000 |       NA    | Unspecified | NA         |
+------------+-------------+-----------+-------------+------------+-------------+-------------+------------+


1.3 Confidence Level
--------------------

+-----------------------------+------------+-------------------------------------------------------+------------------------------------------------------------------------------------------------------------+
| User Input Data             | Confidence | Details                                               | Action                                                                                                     |
+-----------------------------+------------+-------------------------------------------------------+------------------------------------------------------------------------------------------------------------+
| Design implementation state | High       | Design is routed                                      |                                                                                                            |
| Clock nodes activity        | High       | User specified more than 95% of clocks                |                                                                                                            |
| I/O nodes activity          | Medium     | More than 5% of inputs are missing user specification | Provide missing input activity with simulation results or by editing the "By Resource Type -> I/Os" view   |
| Internal nodes activity     | Medium     | User specified less than 25% of internal nodes        | Provide missing internal nodes activity with simulation results or by editing the "By Resource Type" views |
| Device models               | High       | Device models are Production                          |                                                                                                            |
|                             |            |                                                       |                                                                                                            |
| Overall confidence level    | Medium     |                                                       |                                                                                                            |
+-----------------------------+------------+-------------------------------------------------------+------------------------------------------------------------------------------------------------------------+


2. Settings
-----------

2.1 Environment
---------------

+-----------------------+--------------------------+
| Ambient Temp (C)      | 25.0                     |
| ThetaJA (C/W)         | 1.7                      |
| Airflow (LFM)         | 250                      |
| Heat Sink             | medium (Medium Profile)  |
| ThetaSA (C/W)         | 2.8                      |
| Board Selection       | medium (10"x10")         |
| # of Board Layers     | 12to15 (12 to 15 Layers) |
| Board Temperature (C) | 25.0                     |
+-----------------------+--------------------------+


2.2 Clock Constraints
---------------------

+-----------------------------------------------------------------------------------------------------+--------------------------------------------------------------------+-----------------+
| Clock                                                                                               | Domain                                                             | Constraint (ns) |
+-----------------------------------------------------------------------------------------------------+--------------------------------------------------------------------+-----------------+
| clk_out1_clk_wiz_0                                                                                  | clk_wiz_sysclk/inst/clk_out1_clk_wiz_0                             |            20.0 |
| clk_out2_clk_wiz_0                                                                                  | clk_wiz_sysclk/inst/clk_out2_clk_wiz_0                             |             7.5 |
| dbg_hub/inst/BSCANID.u_xsdbm_id/SWITCH_N_EXT_BSCAN.bscan_inst/SERIES7_BSCAN.bscan_inst/INTERNAL_TCK | dbg_hub/inst/BSCANID.u_xsdbm_id/SWITCH_N_EXT_BSCAN.bscan_inst/DRCK |            50.0 |
| ftdi_clk                                                                                            | ftdi_clk                                                           |            15.2 |
| sysclk_p                                                                                            | sysclk_p                                                           |             5.0 |
+-----------------------------------------------------------------------------------------------------+--------------------------------------------------------------------+-----------------+


3. Detailed Reports
-------------------

3.1 By Hierarchy
----------------

+----------------------------+-----------+
| Name                       | Power (W) |
+----------------------------+-----------+
| fpga_top_ft600_loopback    |     0.131 |
|   clk_wiz_sysclk           |     0.087 |
|     inst                   |     0.087 |
|       clkin1_ibufds        |     0.002 |
|   dbg_hub                  |     0.002 |
|     inst                   |     0.002 |
|       BSCANID.u_xsdbm_id   |     0.002 |
|   ftdi_ila                 |     0.022 |
|     inst                   |     0.022 |
|       ila_core_inst        |     0.022 |
|   u_ftdi_245fifo_top       |     0.006 |
|     u_rx_fifo_async        |     0.001 |
|     u_tx_fifo_async        |     0.001 |
|     u_tx_fifo_delay_submit |     0.001 |
+----------------------------+-----------+


